Command: torchrun --nproc_per_node=8 train_tw.py --seed=456 --num_iterations=500 --val_loss_every=125 --tw_enabled --tw_function=linear --tw_clamp_min=0.5 --tw_clamp_max=2.0 --tw_schedule=constant --tw_warmup_steps=1000 --tw_anneal_final=0.3 --tw_cyclical_period=500 --tw_focal_gamma=2.0 --tw_log_every=50 --tw_log_weights
Started: 2025-12-09T21:13:13.861675
============================================================

W1209 21:13:15.001000 58295 torch/distributed/run.py:774] 
W1209 21:13:15.001000 58295 torch/distributed/run.py:774] *****************************************
W1209 21:13:15.001000 58295 torch/distributed/run.py:774] Setting OMP_NUM_THREADS environment variable for each process to be 1 in default, to avoid your system being overloaded, please further tune the variable for optimal performance in your application as needed. 
W1209 21:13:15.001000 58295 torch/distributed/run.py:774] *****************************************
/root/ese-3060-project/tw_nano_experiments/train_tw.py:218: SyntaxWarning: invalid escape sequence '\s'
  """
/root/ese-3060-project/tw_nano_experiments/train_tw.py:218: SyntaxWarning: invalid escape sequence '\s'
  """
/root/ese-3060-project/tw_nano_experiments/train_tw.py/root/ese-3060-project/tw_nano_experiments/train_tw.py:218: SyntaxWarning: invalid escape sequence '\s'
:218: SyntaxWarning: invalid escape sequence '\s'
    """
"""
/root/ese-3060-project/tw_nano_experiments/train_tw.py:218: SyntaxWarning: invalid escape sequence '\s'
  """
/root/ese-3060-project/tw_nano_experiments/train_tw.py:218: SyntaxWarning: invalid escape sequence '\s'
  """
/root/ese-3060-project/tw_nano_experiments/train_tw.py:218: SyntaxWarning: invalid escape sequence '\s'
  """
/root/ese-3060-project/tw_nano_experiments/train_tw.py:218: SyntaxWarning: invalid escape sequence '\s'
  """
using device: cuda:5
using device: cuda:6
using device: cuda:2
using device: cuda:3
using device: cuda:0
Random seed set to 456 (deterministic=False)
using device: cuda:7
using device: cuda:1
using device: cuda:4
Training DataLoader: total number of tokens: 900000000 across 9 files
Validation DataLoader: total number of tokens: 100000000 across 1 files
Token Weighting: ENABLED
  function=linear, clamp=[0.5, 2.0], schedule=constant
step:0/500 val_loss:16.0011 train_time:284ms step_avg:nanms
step:1/500 train_loss:15.9963 train_time:61526ms step_avg:nanms w_mean:1.000 w_std:0.041 w_min:0.500 w_max:1.173
step:2/500 train_loss:9.3794 train_time:61798ms step_avg:nanms
step:3/500 train_loss:9.0266 train_time:62063ms step_avg:nanms
step:4/500 train_loss:8.7459 train_time:62330ms step_avg:nanms
step:5/500 train_loss:8.2197 train_time:62602ms step_avg:nanms
step:6/500 train_loss:7.7201 train_time:62871ms step_avg:nanms
step:7/500 train_loss:7.4747 train_time:63141ms step_avg:nanms
step:8/500 train_loss:7.5925 train_time:63408ms step_avg:nanms
step:9/500 train_loss:7.3602 train_time:63679ms step_avg:nanms
step:10/500 train_loss:7.1009 train_time:63948ms step_avg:nanms
step:11/500 train_loss:7.0948 train_time:271ms step_avg:nanms
step:12/500 train_loss:7.0103 train_time:539ms step_avg:nanms
step:13/500 train_loss:6.8883 train_time:811ms step_avg:270.25ms
step:14/500 train_loss:6.8443 train_time:1082ms step_avg:270.38ms
step:15/500 train_loss:6.8641 train_time:1350ms step_avg:270.03ms
step:16/500 train_loss:6.7513 train_time:1618ms step_avg:269.66ms
step:17/500 train_loss:6.8044 train_time:1889ms step_avg:269.82ms
step:18/500 train_loss:6.7804 train_time:2161ms step_avg:270.09ms
step:19/500 train_loss:6.6517 train_time:2432ms step_avg:270.28ms
step:20/500 train_loss:6.6346 train_time:2703ms step_avg:270.29ms
step:21/500 train_loss:6.3130 train_time:2973ms step_avg:270.26ms
step:22/500 train_loss:6.6970 train_time:3243ms step_avg:270.21ms
step:23/500 train_loss:6.9092 train_time:3513ms step_avg:270.20ms
step:24/500 train_loss:6.5769 train_time:3786ms step_avg:270.42ms
step:25/500 train_loss:6.6573 train_time:4054ms step_avg:270.27ms
step:26/500 train_loss:6.4275 train_time:4325ms step_avg:270.30ms
step:27/500 train_loss:6.3176 train_time:4594ms step_avg:270.23ms
step:28/500 train_loss:6.5247 train_time:4869ms step_avg:270.49ms
step:29/500 train_loss:6.1509 train_time:5139ms step_avg:270.45ms
step:30/500 train_loss:6.4469 train_time:5410ms step_avg:270.51ms
step:31/500 train_loss:6.2872 train_time:5680ms step_avg:270.48ms
step:32/500 train_loss:6.2498 train_time:5950ms step_avg:270.46ms
step:33/500 train_loss:6.0803 train_time:6222ms step_avg:270.51ms
step:34/500 train_loss:6.4028 train_time:6492ms step_avg:270.49ms
step:35/500 train_loss:6.3074 train_time:6768ms step_avg:270.73ms
step:36/500 train_loss:6.4427 train_time:7036ms step_avg:270.60ms
step:37/500 train_loss:6.3969 train_time:7313ms step_avg:270.84ms
step:38/500 train_loss:6.2631 train_time:7586ms step_avg:270.94ms
step:39/500 train_loss:6.1726 train_time:7857ms step_avg:270.92ms
step:40/500 train_loss:6.2362 train_time:8130ms step_avg:270.98ms
step:41/500 train_loss:6.1211 train_time:8399ms step_avg:270.95ms
step:42/500 train_loss:6.1715 train_time:8673ms step_avg:271.02ms
step:43/500 train_loss:6.0292 train_time:8944ms step_avg:271.04ms
step:44/500 train_loss:6.1303 train_time:9217ms step_avg:271.10ms
step:45/500 train_loss:6.1019 train_time:9489ms step_avg:271.13ms
step:46/500 train_loss:6.2853 train_time:9760ms step_avg:271.12ms
step:47/500 train_loss:6.0985 train_time:10032ms step_avg:271.14ms
step:48/500 train_loss:5.9425 train_time:10308ms step_avg:271.27ms
step:49/500 train_loss:6.1805 train_time:10579ms step_avg:271.26ms
step:50/500 train_loss:6.0481 train_time:10850ms step_avg:271.24ms
step:51/500 train_loss:6.1857 train_time:11121ms step_avg:271.25ms w_mean:1.000 w_std:0.425 w_min:0.487 w_max:1.949
step:52/500 train_loss:6.0661 train_time:11392ms step_avg:271.24ms
step:53/500 train_loss:5.9228 train_time:11664ms step_avg:271.25ms
step:54/500 train_loss:6.0350 train_time:11933ms step_avg:271.21ms
step:55/500 train_loss:5.9752 train_time:12204ms step_avg:271.19ms
step:56/500 train_loss:6.2441 train_time:12477ms step_avg:271.23ms
step:57/500 train_loss:5.9823 train_time:12747ms step_avg:271.21ms
step:58/500 train_loss:5.8275 train_time:13018ms step_avg:271.21ms
step:59/500 train_loss:6.0190 train_time:13287ms step_avg:271.17ms
step:60/500 train_loss:5.9203 train_time:13560ms step_avg:271.20ms
step:61/500 train_loss:6.0471 train_time:13831ms step_avg:271.19ms
step:62/500 train_loss:5.8198 train_time:14102ms step_avg:271.20ms
step:63/500 train_loss:5.9463 train_time:14373ms step_avg:271.18ms
step:64/500 train_loss:5.8854 train_time:14645ms step_avg:271.20ms
step:65/500 train_loss:5.8715 train_time:14916ms step_avg:271.19ms
step:66/500 train_loss:5.7247 train_time:15187ms step_avg:271.19ms
step:67/500 train_loss:5.9185 train_time:15460ms step_avg:271.23ms
step:68/500 train_loss:5.7544 train_time:15731ms step_avg:271.22ms
step:69/500 train_loss:6.0078 train_time:16003ms step_avg:271.24ms
step:70/500 train_loss:5.6768 train_time:16273ms step_avg:271.22ms
step:71/500 train_loss:5.7092 train_time:16547ms step_avg:271.26ms
step:72/500 train_loss:5.8908 train_time:16819ms step_avg:271.28ms
step:73/500 train_loss:5.8530 train_time:17091ms step_avg:271.28ms
step:74/500 train_loss:5.7357 train_time:17363ms step_avg:271.29ms
step:75/500 train_loss:5.8533 train_time:17638ms step_avg:271.35ms
step:76/500 train_loss:5.8106 train_time:17907ms step_avg:271.32ms
step:77/500 train_loss:5.7768 train_time:18182ms step_avg:271.37ms
step:78/500 train_loss:5.8676 train_time:18453ms step_avg:271.37ms
step:79/500 train_loss:5.8565 train_time:18724ms step_avg:271.37ms
step:80/500 train_loss:5.7709 train_time:18994ms step_avg:271.35ms
step:81/500 train_loss:5.7964 train_time:19271ms step_avg:271.42ms
step:82/500 train_loss:5.6375 train_time:19541ms step_avg:271.40ms
step:83/500 train_loss:5.7602 train_time:19812ms step_avg:271.40ms
step:84/500 train_loss:5.7595 train_time:20085ms step_avg:271.41ms
step:85/500 train_loss:5.7009 train_time:20361ms step_avg:271.49ms
step:86/500 train_loss:5.5798 train_time:20632ms step_avg:271.48ms
step:87/500 train_loss:5.7786 train_time:20904ms step_avg:271.48ms
step:88/500 train_loss:5.6820 train_time:21175ms step_avg:271.48ms
step:89/500 train_loss:5.7418 train_time:21448ms step_avg:271.50ms
step:90/500 train_loss:5.7244 train_time:21721ms step_avg:271.51ms
step:91/500 train_loss:5.6381 train_time:21991ms step_avg:271.49ms
step:92/500 train_loss:5.6481 train_time:22264ms step_avg:271.51ms
step:93/500 train_loss:5.7389 train_time:22533ms step_avg:271.48ms
step:94/500 train_loss:5.5875 train_time:22804ms step_avg:271.48ms
step:95/500 train_loss:5.5878 train_time:23075ms step_avg:271.47ms
step:96/500 train_loss:5.5865 train_time:23348ms step_avg:271.49ms
step:97/500 train_loss:5.5490 train_time:23620ms step_avg:271.49ms
step:98/500 train_loss:5.5802 train_time:23890ms step_avg:271.48ms
step:99/500 train_loss:5.5393 train_time:24162ms step_avg:271.49ms
step:100/500 train_loss:5.6158 train_time:24433ms step_avg:271.48ms
step:101/500 train_loss:5.6210 train_time:24705ms step_avg:271.48ms w_mean:1.000 w_std:0.440 w_min:0.487 w_max:1.948
step:102/500 train_loss:5.4921 train_time:24977ms step_avg:271.49ms
step:103/500 train_loss:5.6246 train_time:25247ms step_avg:271.47ms
step:104/500 train_loss:5.5652 train_time:25521ms step_avg:271.50ms
step:105/500 train_loss:5.4203 train_time:25792ms step_avg:271.50ms
step:106/500 train_loss:5.5247 train_time:26065ms step_avg:271.52ms
step:107/500 train_loss:5.6805 train_time:26336ms step_avg:271.51ms
step:108/500 train_loss:5.5360 train_time:26609ms step_avg:271.52ms
step:109/500 train_loss:5.2517 train_time:26881ms step_avg:271.53ms
step:110/500 train_loss:5.5012 train_time:27153ms step_avg:271.53ms
step:111/500 train_loss:5.4253 train_time:27423ms step_avg:271.51ms
step:112/500 train_loss:5.4382 train_time:27696ms step_avg:271.53ms
step:113/500 train_loss:5.4967 train_time:27969ms step_avg:271.54ms
step:114/500 train_loss:5.4589 train_time:28240ms step_avg:271.53ms
step:115/500 train_loss:5.2969 train_time:28510ms step_avg:271.53ms
step:116/500 train_loss:5.4877 train_time:28786ms step_avg:271.56ms
step:117/500 train_loss:5.3201 train_time:29060ms step_avg:271.59ms
step:118/500 train_loss:5.3566 train_time:29329ms step_avg:271.57ms
step:119/500 train_loss:5.4187 train_time:29600ms step_avg:271.56ms
step:120/500 train_loss:5.4512 train_time:29873ms step_avg:271.57ms
step:121/500 train_loss:5.3472 train_time:30148ms step_avg:271.60ms
step:122/500 train_loss:5.2794 train_time:30420ms step_avg:271.60ms
step:123/500 train_loss:5.3286 train_time:30689ms step_avg:271.58ms
step:124/500 train_loss:5.2476 train_time:30963ms step_avg:271.60ms
step:125/500 train_loss:5.4940 train_time:31233ms step_avg:271.59ms
step:125/500 val_loss:5.3679 train_time:31234ms step_avg:271.60ms
step:126/500 train_loss:5.3838 train_time:31510ms step_avg:271.64ms
step:127/500 train_loss:5.3336 train_time:31786ms step_avg:271.67ms
step:128/500 train_loss:5.4302 train_time:32061ms step_avg:271.70ms
step:129/500 train_loss:5.2581 train_time:32330ms step_avg:271.68ms
step:130/500 train_loss:5.5436 train_time:32600ms step_avg:271.67ms
step:131/500 train_loss:5.3144 train_time:32874ms step_avg:271.69ms
step:132/500 train_loss:5.3399 train_time:33146ms step_avg:271.69ms
step:133/500 train_loss:5.2545 train_time:33415ms step_avg:271.67ms
step:134/500 train_loss:5.3208 train_time:33685ms step_avg:271.65ms
step:135/500 train_loss:5.2393 train_time:33959ms step_avg:271.67ms
step:136/500 train_loss:5.3146 train_time:34232ms step_avg:271.68ms
step:137/500 train_loss:5.1275 train_time:34503ms step_avg:271.67ms
step:138/500 train_loss:5.2500 train_time:34774ms step_avg:271.67ms
step:139/500 train_loss:5.2493 train_time:35050ms step_avg:271.71ms
step:140/500 train_loss:5.2254 train_time:35321ms step_avg:271.70ms
step:141/500 train_loss:5.2941 train_time:35592ms step_avg:271.69ms
step:142/500 train_loss:5.1876 train_time:35862ms step_avg:271.68ms
step:143/500 train_loss:5.2829 train_time:36136ms step_avg:271.70ms
step:144/500 train_loss:5.1031 train_time:36407ms step_avg:271.69ms
step:145/500 train_loss:5.2523 train_time:36679ms step_avg:271.69ms
step:146/500 train_loss:5.1756 train_time:36951ms step_avg:271.70ms
step:147/500 train_loss:5.1073 train_time:37222ms step_avg:271.70ms
step:148/500 train_loss:5.2007 train_time:37495ms step_avg:271.71ms
step:149/500 train_loss:5.1964 train_time:37768ms step_avg:271.71ms
step:150/500 train_loss:5.2345 train_time:38041ms step_avg:271.72ms
step:151/500 train_loss:5.2661 train_time:38312ms step_avg:271.71ms w_mean:1.000 w_std:0.459 w_min:0.486 w_max:1.945
step:152/500 train_loss:5.1854 train_time:38584ms step_avg:271.71ms
step:153/500 train_loss:5.1564 train_time:38857ms step_avg:271.73ms
step:154/500 train_loss:5.2358 train_time:39128ms step_avg:271.72ms
step:155/500 train_loss:5.1636 train_time:39399ms step_avg:271.72ms
step:156/500 train_loss:5.1716 train_time:39669ms step_avg:271.71ms
step:157/500 train_loss:5.1530 train_time:39944ms step_avg:271.73ms
step:158/500 train_loss:5.3069 train_time:40215ms step_avg:271.72ms
step:159/500 train_loss:5.0721 train_time:40485ms step_avg:271.71ms
step:160/500 train_loss:5.1504 train_time:40758ms step_avg:271.72ms
step:161/500 train_loss:4.9929 train_time:41030ms step_avg:271.72ms
step:162/500 train_loss:5.1568 train_time:41303ms step_avg:271.73ms
step:163/500 train_loss:5.1789 train_time:41573ms step_avg:271.72ms
step:164/500 train_loss:5.1663 train_time:41846ms step_avg:271.73ms
step:165/500 train_loss:5.0195 train_time:42118ms step_avg:271.73ms
step:166/500 train_loss:5.0932 train_time:42388ms step_avg:271.72ms
step:167/500 train_loss:5.2720 train_time:42663ms step_avg:271.74ms
step:168/500 train_loss:5.0403 train_time:42935ms step_avg:271.74ms
step:169/500 train_loss:5.1324 train_time:43206ms step_avg:271.74ms
step:170/500 train_loss:4.9945 train_time:43479ms step_avg:271.74ms
step:171/500 train_loss:4.9544 train_time:43752ms step_avg:271.75ms
step:172/500 train_loss:5.0510 train_time:44023ms step_avg:271.74ms
step:173/500 train_loss:5.0058 train_time:44294ms step_avg:271.74ms
step:174/500 train_loss:5.0996 train_time:44566ms step_avg:271.75ms
step:175/500 train_loss:5.1902 train_time:44840ms step_avg:271.76ms
step:176/500 train_loss:5.1206 train_time:45112ms step_avg:271.76ms
step:177/500 train_loss:4.9375 train_time:45383ms step_avg:271.76ms
step:178/500 train_loss:4.9363 train_time:45656ms step_avg:271.76ms
step:179/500 train_loss:4.9497 train_time:45927ms step_avg:271.76ms
step:180/500 train_loss:5.0050 train_time:46202ms step_avg:271.77ms
step:181/500 train_loss:4.9883 train_time:46473ms step_avg:271.77ms
step:182/500 train_loss:5.1034 train_time:46743ms step_avg:271.76ms
step:183/500 train_loss:4.9857 train_time:47016ms step_avg:271.77ms
step:184/500 train_loss:4.9365 train_time:47287ms step_avg:271.76ms
step:185/500 train_loss:4.9411 train_time:47560ms step_avg:271.77ms
step:186/500 train_loss:5.0912 train_time:47831ms step_avg:271.77ms
step:187/500 train_loss:4.9442 train_time:48102ms step_avg:271.76ms
step:188/500 train_loss:5.1962 train_time:48373ms step_avg:271.76ms
step:189/500 train_loss:4.9912 train_time:48910ms step_avg:273.24ms
step:190/500 train_loss:4.9215 train_time:49453ms step_avg:274.74ms
step:191/500 train_loss:5.0612 train_time:49722ms step_avg:274.71ms
step:192/500 train_loss:4.9196 train_time:49995ms step_avg:274.70ms
step:193/500 train_loss:4.8200 train_time:50263ms step_avg:274.66ms
step:194/500 train_loss:5.0443 train_time:50546ms step_avg:274.71ms
step:195/500 train_loss:4.9612 train_time:50818ms step_avg:274.69ms
step:196/500 train_loss:5.1602 train_time:51087ms step_avg:274.66ms
step:197/500 train_loss:5.0327 train_time:51357ms step_avg:274.64ms
step:198/500 train_loss:4.9085 train_time:51628ms step_avg:274.62ms
step:199/500 train_loss:4.9171 train_time:51901ms step_avg:274.61ms
step:200/500 train_loss:4.8487 train_time:52172ms step_avg:274.59ms
step:201/500 train_loss:4.8956 train_time:52443ms step_avg:274.57ms w_mean:1.000 w_std:0.475 w_min:0.485 w_max:1.941
step:202/500 train_loss:4.8526 train_time:52714ms step_avg:274.55ms
step:203/500 train_loss:5.0305 train_time:52986ms step_avg:274.54ms
step:204/500 train_loss:4.9821 train_time:53257ms step_avg:274.52ms
step:205/500 train_loss:4.9057 train_time:53526ms step_avg:274.49ms
step:206/500 train_loss:5.0928 train_time:53799ms step_avg:274.49ms
step:207/500 train_loss:4.7620 train_time:54074ms step_avg:274.49ms
step:208/500 train_loss:4.9165 train_time:54344ms step_avg:274.47ms
step:209/500 train_loss:4.8595 train_time:54613ms step_avg:274.44ms
step:210/500 train_loss:5.0282 train_time:54886ms step_avg:274.43ms
step:211/500 train_loss:4.9565 train_time:55158ms step_avg:274.42ms
step:212/500 train_loss:4.8382 train_time:55428ms step_avg:274.40ms
step:213/500 train_loss:4.9706 train_time:55698ms step_avg:274.38ms
step:214/500 train_loss:4.8140 train_time:55969ms step_avg:274.36ms
step:215/500 train_loss:4.8968 train_time:56243ms step_avg:274.36ms
step:216/500 train_loss:4.7857 train_time:56514ms step_avg:274.34ms
step:217/500 train_loss:4.8811 train_time:56785ms step_avg:274.32ms
step:218/500 train_loss:4.8763 train_time:57059ms step_avg:274.32ms
step:219/500 train_loss:4.8182 train_time:57328ms step_avg:274.30ms
step:220/500 train_loss:4.8640 train_time:57601ms step_avg:274.29ms
step:221/500 train_loss:4.8613 train_time:57873ms step_avg:274.28ms
step:222/500 train_loss:4.9125 train_time:58146ms step_avg:274.27ms
step:223/500 train_loss:4.8485 train_time:58415ms step_avg:274.25ms
step:224/500 train_loss:4.8504 train_time:58686ms step_avg:274.24ms
step:225/500 train_loss:4.9725 train_time:58958ms step_avg:274.22ms
step:226/500 train_loss:4.7101 train_time:59233ms step_avg:274.23ms
step:227/500 train_loss:4.7666 train_time:59504ms step_avg:274.21ms
step:228/500 train_loss:4.7355 train_time:59773ms step_avg:274.19ms
step:229/500 train_loss:4.9110 train_time:60046ms step_avg:274.18ms
step:230/500 train_loss:4.7415 train_time:60318ms step_avg:274.17ms
step:231/500 train_loss:4.8873 train_time:60589ms step_avg:274.16ms
step:232/500 train_loss:4.7506 train_time:60862ms step_avg:274.15ms
step:233/500 train_loss:4.7166 train_time:61134ms step_avg:274.15ms
step:234/500 train_loss:4.9117 train_time:61406ms step_avg:274.14ms
step:235/500 train_loss:4.7543 train_time:61678ms step_avg:274.13ms
step:236/500 train_loss:4.7057 train_time:61948ms step_avg:274.11ms
step:237/500 train_loss:4.9345 train_time:62220ms step_avg:274.10ms
step:238/500 train_loss:4.8296 train_time:62493ms step_avg:274.09ms
step:239/500 train_loss:4.7376 train_time:62766ms step_avg:274.09ms
step:240/500 train_loss:4.8856 train_time:63037ms step_avg:274.07ms
step:241/500 train_loss:4.8511 train_time:63307ms step_avg:274.05ms
step:242/500 train_loss:4.7824 train_time:63581ms step_avg:274.06ms
step:243/500 train_loss:4.9125 train_time:63854ms step_avg:274.05ms
step:244/500 train_loss:4.7629 train_time:64126ms step_avg:274.04ms
step:245/500 train_loss:4.7733 train_time:64396ms step_avg:274.03ms
step:246/500 train_loss:4.8406 train_time:64668ms step_avg:274.02ms
step:247/500 train_loss:4.7931 train_time:64943ms step_avg:274.02ms
step:248/500 train_loss:4.7645 train_time:65214ms step_avg:274.01ms
step:249/500 train_loss:4.9064 train_time:65483ms step_avg:273.99ms
step:250/500 train_loss:4.6782 train_time:65758ms step_avg:273.99ms
step:250/500 val_loss:4.7518 train_time:65759ms step_avg:273.99ms
step:251/500 train_loss:4.6895 train_time:66031ms step_avg:273.99ms w_mean:1.000 w_std:0.483 w_min:0.485 w_max:1.940
step:252/500 train_loss:4.8460 train_time:66313ms step_avg:274.02ms
step:253/500 train_loss:4.8103 train_time:66589ms step_avg:274.03ms
step:254/500 train_loss:4.7227 train_time:66859ms step_avg:274.01ms
step:255/500 train_loss:4.7203 train_time:67129ms step_avg:274.00ms
step:256/500 train_loss:4.8489 train_time:67404ms step_avg:274.00ms
step:257/500 train_loss:4.7942 train_time:67679ms step_avg:274.00ms
step:258/500 train_loss:4.7767 train_time:67950ms step_avg:273.99ms
step:259/500 train_loss:4.7082 train_time:68224ms step_avg:273.99ms
step:260/500 train_loss:4.7139 train_time:68497ms step_avg:273.99ms
step:261/500 train_loss:4.7904 train_time:68770ms step_avg:273.98ms
step:262/500 train_loss:4.7828 train_time:69043ms step_avg:273.98ms
step:263/500 train_loss:4.7080 train_time:69317ms step_avg:273.98ms
step:264/500 train_loss:4.6432 train_time:69588ms step_avg:273.97ms
step:265/500 train_loss:4.7124 train_time:69858ms step_avg:273.95ms
step:266/500 train_loss:4.5617 train_time:70131ms step_avg:273.95ms
step:267/500 train_loss:4.6190 train_time:70401ms step_avg:273.93ms
step:268/500 train_loss:4.6652 train_time:70677ms step_avg:273.94ms
step:269/500 train_loss:4.6161 train_time:70949ms step_avg:273.93ms
step:270/500 train_loss:4.5988 train_time:71222ms step_avg:273.93ms
step:271/500 train_loss:4.7964 train_time:71492ms step_avg:273.91ms
step:272/500 train_loss:4.7426 train_time:71766ms step_avg:273.92ms
step:273/500 train_loss:4.6112 train_time:72039ms step_avg:273.91ms
step:274/500 train_loss:4.6437 train_time:72311ms step_avg:273.90ms
step:275/500 train_loss:4.7725 train_time:72580ms step_avg:273.89ms
step:276/500 train_loss:4.7618 train_time:72854ms step_avg:273.89ms
step:277/500 train_loss:4.9742 train_time:73123ms step_avg:273.87ms
step:278/500 train_loss:4.7189 train_time:73394ms step_avg:273.86ms
step:279/500 train_loss:4.8623 train_time:73664ms step_avg:273.84ms
step:280/500 train_loss:4.6939 train_time:73938ms step_avg:273.85ms
step:281/500 train_loss:4.7561 train_time:74210ms step_avg:273.84ms
step:282/500 train_loss:4.6608 train_time:74479ms step_avg:273.82ms
step:283/500 train_loss:4.7766 train_time:74752ms step_avg:273.82ms
step:284/500 train_loss:4.6030 train_time:75021ms step_avg:273.80ms
step:285/500 train_loss:4.7523 train_time:75293ms step_avg:273.79ms
step:286/500 train_loss:4.7620 train_time:75562ms step_avg:273.77ms
step:287/500 train_loss:4.7623 train_time:75836ms step_avg:273.78ms
step:288/500 train_loss:4.6617 train_time:76108ms step_avg:273.77ms
step:289/500 train_loss:4.6929 train_time:76381ms step_avg:273.77ms
step:290/500 train_loss:4.5814 train_time:76652ms step_avg:273.76ms
step:291/500 train_loss:4.5631 train_time:76925ms step_avg:273.75ms
step:292/500 train_loss:4.7104 train_time:77195ms step_avg:273.74ms
step:293/500 train_loss:4.5836 train_time:77465ms step_avg:273.73ms
step:294/500 train_loss:4.6434 train_time:77740ms step_avg:273.73ms
step:295/500 train_loss:4.6532 train_time:78016ms step_avg:273.74ms
step:296/500 train_loss:4.5336 train_time:78285ms step_avg:273.73ms
step:297/500 train_loss:4.5206 train_time:78558ms step_avg:273.72ms
step:298/500 train_loss:4.5471 train_time:78831ms step_avg:273.72ms
step:299/500 train_loss:4.6390 train_time:79103ms step_avg:273.71ms
step:300/500 train_loss:4.5385 train_time:79374ms step_avg:273.70ms
step:301/500 train_loss:4.7043 train_time:79645ms step_avg:273.69ms w_mean:1.000 w_std:0.481 w_min:0.485 w_max:1.942
step:302/500 train_loss:4.6832 train_time:79920ms step_avg:273.70ms
step:303/500 train_loss:4.6014 train_time:80190ms step_avg:273.69ms
step:304/500 train_loss:4.6677 train_time:80461ms step_avg:273.68ms
step:305/500 train_loss:4.6579 train_time:80735ms step_avg:273.68ms
step:306/500 train_loss:5.1043 train_time:81007ms step_avg:273.67ms
step:307/500 train_loss:4.6192 train_time:81278ms step_avg:273.66ms
step:308/500 train_loss:4.5076 train_time:81549ms step_avg:273.65ms
step:309/500 train_loss:4.7060 train_time:81824ms step_avg:273.66ms
step:310/500 train_loss:4.5090 train_time:82095ms step_avg:273.65ms
step:311/500 train_loss:4.7278 train_time:82365ms step_avg:273.64ms
step:312/500 train_loss:4.6614 train_time:82637ms step_avg:273.63ms
step:313/500 train_loss:4.5540 train_time:82911ms step_avg:273.63ms
step:314/500 train_loss:4.6906 train_time:83182ms step_avg:273.62ms
step:315/500 train_loss:4.8125 train_time:83455ms step_avg:273.62ms
step:316/500 train_loss:4.6616 train_time:83725ms step_avg:273.61ms
step:317/500 train_loss:4.5459 train_time:83997ms step_avg:273.61ms
step:318/500 train_loss:4.5678 train_time:84269ms step_avg:273.60ms
step:319/500 train_loss:4.5751 train_time:84540ms step_avg:273.59ms
step:320/500 train_loss:4.5286 train_time:84811ms step_avg:273.58ms
step:321/500 train_loss:4.6167 train_time:85081ms step_avg:273.57ms
step:322/500 train_loss:4.6306 train_time:85355ms step_avg:273.57ms
step:323/500 train_loss:4.5885 train_time:85628ms step_avg:273.57ms
step:324/500 train_loss:4.6643 train_time:85900ms step_avg:273.57ms
step:325/500 train_loss:4.6463 train_time:86173ms step_avg:273.56ms
step:326/500 train_loss:4.7290 train_time:86444ms step_avg:273.56ms
step:327/500 train_loss:4.5641 train_time:86718ms step_avg:273.56ms
step:328/500 train_loss:5.0171 train_time:86989ms step_avg:273.55ms
step:329/500 train_loss:4.7234 train_time:87261ms step_avg:273.54ms
step:330/500 train_loss:4.5314 train_time:87534ms step_avg:273.54ms
step:331/500 train_loss:4.4945 train_time:87803ms step_avg:273.53ms
step:332/500 train_loss:4.6271 train_time:88076ms step_avg:273.53ms
step:333/500 train_loss:4.5714 train_time:88349ms step_avg:273.53ms
step:334/500 train_loss:4.5415 train_time:88623ms step_avg:273.53ms
step:335/500 train_loss:4.5252 train_time:88893ms step_avg:273.52ms
step:336/500 train_loss:4.6960 train_time:89162ms step_avg:273.50ms
step:337/500 train_loss:4.6439 train_time:89435ms step_avg:273.50ms
step:338/500 train_loss:5.1514 train_time:89709ms step_avg:273.50ms
step:339/500 train_loss:4.6160 train_time:89980ms step_avg:273.49ms
step:340/500 train_loss:4.5769 train_time:90251ms step_avg:273.49ms
step:341/500 train_loss:4.5628 train_time:90527ms step_avg:273.50ms
step:342/500 train_loss:4.5051 train_time:90798ms step_avg:273.49ms
step:343/500 train_loss:4.4867 train_time:91068ms step_avg:273.48ms
step:344/500 train_loss:4.5475 train_time:91340ms step_avg:273.47ms
step:345/500 train_loss:4.6297 train_time:91614ms step_avg:273.48ms
step:346/500 train_loss:4.5274 train_time:91883ms step_avg:273.46ms
step:347/500 train_loss:4.4838 train_time:92154ms step_avg:273.45ms
step:348/500 train_loss:4.5450 train_time:92424ms step_avg:273.44ms
step:349/500 train_loss:4.5263 train_time:92697ms step_avg:273.44ms
step:350/500 train_loss:4.4545 train_time:92969ms step_avg:273.44ms
step:351/500 train_loss:4.1608 train_time:93242ms step_avg:273.44ms w_mean:1.000 w_std:0.491 w_min:0.490 w_max:1.959
step:352/500 train_loss:4.4320 train_time:93516ms step_avg:273.44ms
step:353/500 train_loss:4.7686 train_time:93786ms step_avg:273.43ms
step:354/500 train_loss:4.3302 train_time:94058ms step_avg:273.43ms
step:355/500 train_loss:4.5515 train_time:94331ms step_avg:273.42ms
step:356/500 train_loss:4.4782 train_time:94602ms step_avg:273.41ms
step:357/500 train_loss:4.5622 train_time:94874ms step_avg:273.41ms
step:358/500 train_loss:4.5850 train_time:95143ms step_avg:273.40ms
step:359/500 train_loss:4.4731 train_time:95417ms step_avg:273.40ms
step:360/500 train_loss:4.8091 train_time:95687ms step_avg:273.39ms
step:361/500 train_loss:4.2257 train_time:95960ms step_avg:273.39ms
step:362/500 train_loss:4.6889 train_time:96230ms step_avg:273.38ms
step:363/500 train_loss:4.5940 train_time:96501ms step_avg:273.37ms
step:364/500 train_loss:4.4759 train_time:96774ms step_avg:273.37ms
step:365/500 train_loss:4.4162 train_time:97044ms step_avg:273.36ms
step:366/500 train_loss:4.5704 train_time:97318ms step_avg:273.36ms
step:367/500 train_loss:4.4959 train_time:97589ms step_avg:273.36ms
step:368/500 train_loss:4.4829 train_time:97861ms step_avg:273.36ms
step:369/500 train_loss:4.4887 train_time:98136ms step_avg:273.36ms
step:370/500 train_loss:4.3880 train_time:98408ms step_avg:273.35ms
step:371/500 train_loss:4.5174 train_time:98679ms step_avg:273.35ms
step:372/500 train_loss:4.4800 train_time:98951ms step_avg:273.35ms
step:373/500 train_loss:4.3477 train_time:99222ms step_avg:273.34ms
step:374/500 train_loss:4.5259 train_time:99492ms step_avg:273.33ms
step:375/500 train_loss:4.4694 train_time:99766ms step_avg:273.33ms
step:375/500 val_loss:4.4851 train_time:99767ms step_avg:273.33ms
step:376/500 train_loss:4.4641 train_time:100040ms step_avg:273.33ms
step:377/500 train_loss:4.5287 train_time:100319ms step_avg:273.35ms
step:378/500 train_loss:4.4199 train_time:100852ms step_avg:274.05ms
step:379/500 train_loss:4.4613 train_time:101118ms step_avg:274.03ms
step:380/500 train_loss:4.5555 train_time:101650ms step_avg:274.73ms
step:381/500 train_loss:4.5690 train_time:101919ms step_avg:274.71ms
step:382/500 train_loss:4.5245 train_time:102186ms step_avg:274.69ms
step:383/500 train_loss:4.5096 train_time:102452ms step_avg:274.67ms
step:384/500 train_loss:4.4033 train_time:102730ms step_avg:274.68ms
step:385/500 train_loss:4.4986 train_time:103002ms step_avg:274.67ms
step:386/500 train_loss:4.4185 train_time:103271ms step_avg:274.66ms
step:387/500 train_loss:4.5473 train_time:103541ms step_avg:274.65ms
step:388/500 train_loss:4.7377 train_time:103815ms step_avg:274.64ms
step:389/500 train_loss:4.4363 train_time:104088ms step_avg:274.64ms
step:390/500 train_loss:4.3943 train_time:104357ms step_avg:274.62ms
step:391/500 train_loss:4.5203 train_time:104629ms step_avg:274.62ms
step:392/500 train_loss:4.4527 train_time:104902ms step_avg:274.61ms
step:393/500 train_loss:4.5475 train_time:105171ms step_avg:274.60ms
step:394/500 train_loss:4.3865 train_time:105442ms step_avg:274.59ms
step:395/500 train_loss:4.5054 train_time:105713ms step_avg:274.58ms
step:396/500 train_loss:4.2953 train_time:105986ms step_avg:274.57ms
step:397/500 train_loss:4.4543 train_time:106257ms step_avg:274.56ms
step:398/500 train_loss:4.5599 train_time:106530ms step_avg:274.56ms
step:399/500 train_loss:4.4975 train_time:106803ms step_avg:274.56ms
step:400/500 train_loss:4.4247 train_time:107073ms step_avg:274.55ms
step:401/500 train_loss:4.5010 train_time:107345ms step_avg:274.54ms w_mean:1.000 w_std:0.488 w_min:0.486 w_max:1.944
step:402/500 train_loss:4.5208 train_time:107617ms step_avg:274.53ms
step:403/500 train_loss:4.4960 train_time:107891ms step_avg:274.53ms
step:404/500 train_loss:4.5810 train_time:108163ms step_avg:274.53ms
step:405/500 train_loss:4.3865 train_time:108434ms step_avg:274.52ms
step:406/500 train_loss:4.4203 train_time:108709ms step_avg:274.52ms
step:407/500 train_loss:4.6828 train_time:108979ms step_avg:274.51ms
step:408/500 train_loss:4.4556 train_time:109250ms step_avg:274.50ms
step:409/500 train_loss:4.4384 train_time:109523ms step_avg:274.49ms
step:410/500 train_loss:4.4921 train_time:109795ms step_avg:274.49ms
step:411/500 train_loss:4.3887 train_time:110068ms step_avg:274.48ms
step:412/500 train_loss:4.4005 train_time:110337ms step_avg:274.47ms
step:413/500 train_loss:4.8143 train_time:110608ms step_avg:274.46ms
step:414/500 train_loss:4.2772 train_time:110880ms step_avg:274.45ms
step:415/500 train_loss:4.6196 train_time:111151ms step_avg:274.45ms
step:416/500 train_loss:4.4105 train_time:111426ms step_avg:274.45ms
step:417/500 train_loss:4.3968 train_time:111697ms step_avg:274.44ms
step:418/500 train_loss:4.5689 train_time:111969ms step_avg:274.43ms
step:419/500 train_loss:4.3178 train_time:112240ms step_avg:274.43ms
step:420/500 train_loss:4.4121 train_time:112519ms step_avg:274.44ms
step:421/500 train_loss:4.4036 train_time:112791ms step_avg:274.43ms
step:422/500 train_loss:4.2806 train_time:113063ms step_avg:274.42ms
step:423/500 train_loss:4.3806 train_time:113334ms step_avg:274.42ms
step:424/500 train_loss:4.4900 train_time:113608ms step_avg:274.42ms
step:425/500 train_loss:4.3226 train_time:113879ms step_avg:274.41ms
step:426/500 train_loss:4.4787 train_time:114149ms step_avg:274.40ms
step:427/500 train_loss:4.3472 train_time:114423ms step_avg:274.40ms
step:428/500 train_loss:4.5177 train_time:114695ms step_avg:274.39ms
step:429/500 train_loss:4.4797 train_time:114967ms step_avg:274.39ms
step:430/500 train_loss:4.3816 train_time:115237ms step_avg:274.37ms
step:431/500 train_loss:4.3651 train_time:115508ms step_avg:274.37ms
step:432/500 train_loss:4.3216 train_time:115780ms step_avg:274.36ms
step:433/500 train_loss:4.3973 train_time:116050ms step_avg:274.35ms
step:434/500 train_loss:4.4785 train_time:116324ms step_avg:274.35ms
step:435/500 train_loss:4.4075 train_time:116595ms step_avg:274.34ms
step:436/500 train_loss:4.4432 train_time:116867ms step_avg:274.34ms
step:437/500 train_loss:4.4579 train_time:117139ms step_avg:274.33ms
step:438/500 train_loss:4.3532 train_time:117420ms step_avg:274.35ms
step:439/500 train_loss:4.3636 train_time:117692ms step_avg:274.34ms
step:440/500 train_loss:4.3137 train_time:117964ms step_avg:274.33ms
step:441/500 train_loss:4.5151 train_time:118235ms step_avg:274.33ms
step:442/500 train_loss:4.4234 train_time:118509ms step_avg:274.33ms
step:443/500 train_loss:4.3881 train_time:118779ms step_avg:274.32ms
step:444/500 train_loss:4.2903 train_time:119051ms step_avg:274.31ms
step:445/500 train_loss:4.5324 train_time:119322ms step_avg:274.30ms
step:446/500 train_loss:4.4570 train_time:119592ms step_avg:274.29ms
step:447/500 train_loss:4.4562 train_time:119865ms step_avg:274.29ms
step:448/500 train_loss:4.3868 train_time:120138ms step_avg:274.29ms
step:449/500 train_loss:4.4603 train_time:120410ms step_avg:274.28ms
step:450/500 train_loss:4.3038 train_time:120679ms step_avg:274.27ms
step:451/500 train_loss:4.3482 train_time:120951ms step_avg:274.26ms w_mean:1.000 w_std:0.493 w_min:0.487 w_max:1.947
step:452/500 train_loss:4.2406 train_time:121224ms step_avg:274.26ms
step:453/500 train_loss:4.3393 train_time:121495ms step_avg:274.25ms
step:454/500 train_loss:4.3036 train_time:121766ms step_avg:274.25ms
step:455/500 train_loss:4.2944 train_time:122038ms step_avg:274.24ms
step:456/500 train_loss:4.4840 train_time:122312ms step_avg:274.24ms
step:457/500 train_loss:4.3399 train_time:122583ms step_avg:274.23ms
step:458/500 train_loss:4.4374 train_time:122851ms step_avg:274.22ms
step:459/500 train_loss:4.4685 train_time:123125ms step_avg:274.22ms
step:460/500 train_loss:4.2768 train_time:123397ms step_avg:274.22ms
step:461/500 train_loss:4.4397 train_time:123669ms step_avg:274.21ms
step:462/500 train_loss:4.3561 train_time:123937ms step_avg:274.20ms
step:463/500 train_loss:4.3229 train_time:124209ms step_avg:274.19ms
step:464/500 train_loss:4.4196 train_time:124481ms step_avg:274.19ms
step:465/500 train_loss:4.3494 train_time:124754ms step_avg:274.19ms
step:466/500 train_loss:4.3542 train_time:125025ms step_avg:274.18ms
step:467/500 train_loss:4.4846 train_time:125296ms step_avg:274.17ms
step:468/500 train_loss:4.4921 train_time:125568ms step_avg:274.17ms
step:469/500 train_loss:4.4388 train_time:125838ms step_avg:274.16ms
step:470/500 train_loss:4.3586 train_time:126111ms step_avg:274.15ms
step:471/500 train_loss:4.4485 train_time:126380ms step_avg:274.14ms
step:472/500 train_loss:4.4881 train_time:126654ms step_avg:274.14ms
step:473/500 train_loss:4.3934 train_time:126925ms step_avg:274.14ms
step:474/500 train_loss:4.3670 train_time:127197ms step_avg:274.13ms
step:475/500 train_loss:4.2448 train_time:127469ms step_avg:274.13ms
step:476/500 train_loss:4.6698 train_time:127742ms step_avg:274.13ms
step:477/500 train_loss:4.4186 train_time:128013ms step_avg:274.12ms
step:478/500 train_loss:4.2336 train_time:128284ms step_avg:274.11ms
step:479/500 train_loss:4.4170 train_time:128555ms step_avg:274.10ms
step:480/500 train_loss:4.4084 train_time:128830ms step_avg:274.11ms
step:481/500 train_loss:4.5267 train_time:129102ms step_avg:274.10ms
step:482/500 train_loss:4.3713 train_time:129371ms step_avg:274.09ms
step:483/500 train_loss:4.1969 train_time:129645ms step_avg:274.09ms
step:484/500 train_loss:4.4604 train_time:129917ms step_avg:274.09ms
step:485/500 train_loss:4.3155 train_time:130188ms step_avg:274.08ms
step:486/500 train_loss:4.3395 train_time:130459ms step_avg:274.07ms
step:487/500 train_loss:4.2969 train_time:130730ms step_avg:274.07ms
step:488/500 train_loss:4.3001 train_time:131007ms step_avg:274.07ms
step:489/500 train_loss:4.5128 train_time:131277ms step_avg:274.06ms
step:490/500 train_loss:4.3718 train_time:131549ms step_avg:274.06ms
step:491/500 train_loss:4.2766 train_time:131820ms step_avg:274.05ms
step:492/500 train_loss:4.2800 train_time:132092ms step_avg:274.05ms
step:493/500 train_loss:4.3908 train_time:132366ms step_avg:274.05ms
step:494/500 train_loss:4.2353 train_time:132638ms step_avg:274.05ms
step:495/500 train_loss:4.3801 train_time:132911ms step_avg:274.04ms
step:496/500 train_loss:4.3060 train_time:133180ms step_avg:274.03ms
step:497/500 train_loss:4.2675 train_time:133450ms step_avg:274.03ms
step:498/500 train_loss:4.3886 train_time:133723ms step_avg:274.02ms
step:499/500 train_loss:4.4742 train_time:133996ms step_avg:274.02ms
step:500/500 train_loss:4.5273 train_time:134265ms step_avg:274.01ms
step:500/500 val_loss:4.3751 train_time:134266ms step_avg:274.01ms
peak memory consumption: 30603 MiB
