Command: torchrun --nproc_per_node=8 train_tw.py --seed=42 --num_iterations=500 --val_loss_every=125 --tw_enabled --tw_function=focal --tw_clamp_min=0.6 --tw_clamp_max=1.5 --tw_schedule=constant --tw_warmup_steps=1000 --tw_anneal_final=0.3 --tw_cyclical_period=500 --tw_focal_gamma=2.0 --tw_log_every=50 --tw_log_weights
Started: 2025-12-09T22:45:38.862664
============================================================

W1209 22:45:39.997000 79073 torch/distributed/run.py:774] 
W1209 22:45:39.997000 79073 torch/distributed/run.py:774] *****************************************
W1209 22:45:39.997000 79073 torch/distributed/run.py:774] Setting OMP_NUM_THREADS environment variable for each process to be 1 in default, to avoid your system being overloaded, please further tune the variable for optimal performance in your application as needed. 
W1209 22:45:39.997000 79073 torch/distributed/run.py:774] *****************************************
/root/ese-3060-project/tw_nano_experiments/train_tw.py:218: SyntaxWarning: invalid escape sequence '\s'
  """
/root/ese-3060-project/tw_nano_experiments/train_tw.py:218: SyntaxWarning: invalid escape sequence '\s'
  """
/root/ese-3060-project/tw_nano_experiments/train_tw.py/root/ese-3060-project/tw_nano_experiments/train_tw.py:218: SyntaxWarning: invalid escape sequence '\s'
:218: SyntaxWarning: invalid escape sequence '\s'
    """
"""
/root/ese-3060-project/tw_nano_experiments/train_tw.py/root/ese-3060-project/tw_nano_experiments/train_tw.py:218: SyntaxWarning: invalid escape sequence '\s'
:218: SyntaxWarning/root/ese-3060-project/tw_nano_experiments/train_tw.py: invalid escape sequence '\s':218: 
SyntaxWarning: invalid escape sequence '\s'
  """
  """
  """
/root/ese-3060-project/tw_nano_experiments/train_tw.py:218: SyntaxWarning: invalid escape sequence '\s'
  """
using device: cuda:0
Random seed set to 42 (deterministic=False)
using device: cuda:6
using device: cuda:3
using device: cuda:2
using device: cuda:7
using device: cuda:5
using device: cuda:4
using device: cuda:1
Training DataLoader: total number of tokens: 900000000 across 9 files
Validation DataLoader: total number of tokens: 100000000 across 1 files
Token Weighting: ENABLED
  function=focal, clamp=[0.6, 1.5], schedule=constant
step:0/500 val_loss:15.9787 train_time:286ms step_avg:nanms
step:1/500 train_loss:15.9775 train_time:66142ms step_avg:nanms w_mean:1.000 w_std:0.078 w_min:0.801 w_max:1.334
step:2/500 train_loss:9.3668 train_time:66410ms step_avg:nanms
step:3/500 train_loss:8.9192 train_time:66679ms step_avg:nanms
step:4/500 train_loss:8.7386 train_time:66948ms step_avg:nanms
step:5/500 train_loss:8.2524 train_time:67217ms step_avg:nanms
step:6/500 train_loss:7.7378 train_time:67487ms step_avg:nanms
step:7/500 train_loss:7.3286 train_time:67755ms step_avg:nanms
step:8/500 train_loss:7.5213 train_time:68024ms step_avg:nanms
step:9/500 train_loss:7.2874 train_time:68293ms step_avg:nanms
step:10/500 train_loss:7.1267 train_time:68564ms step_avg:nanms
step:11/500 train_loss:7.1089 train_time:268ms step_avg:nanms
step:12/500 train_loss:7.0191 train_time:537ms step_avg:nanms
step:13/500 train_loss:6.8326 train_time:806ms step_avg:268.58ms
step:14/500 train_loss:6.8279 train_time:1074ms step_avg:268.61ms
step:15/500 train_loss:6.8074 train_time:1344ms step_avg:268.75ms
step:16/500 train_loss:6.7240 train_time:1614ms step_avg:268.97ms
step:17/500 train_loss:6.7296 train_time:1882ms step_avg:268.88ms
step:18/500 train_loss:6.7522 train_time:2151ms step_avg:268.91ms
step:19/500 train_loss:6.5807 train_time:2421ms step_avg:269.03ms
step:20/500 train_loss:6.5849 train_time:2691ms step_avg:269.14ms
step:21/500 train_loss:6.2553 train_time:2964ms step_avg:269.43ms
step:22/500 train_loss:6.6474 train_time:3233ms step_avg:269.40ms
step:23/500 train_loss:6.8867 train_time:3503ms step_avg:269.50ms
step:24/500 train_loss:6.5204 train_time:3774ms step_avg:269.57ms
step:25/500 train_loss:6.6379 train_time:4046ms step_avg:269.71ms
step:26/500 train_loss:6.3571 train_time:4315ms step_avg:269.69ms
step:27/500 train_loss:6.2762 train_time:4585ms step_avg:269.71ms
step:28/500 train_loss:6.4507 train_time:4854ms step_avg:269.69ms
step:29/500 train_loss:6.1019 train_time:5127ms step_avg:269.86ms
step:30/500 train_loss:6.3854 train_time:5399ms step_avg:269.94ms
step:31/500 train_loss:6.2267 train_time:5668ms step_avg:269.89ms
step:32/500 train_loss:6.1932 train_time:5939ms step_avg:269.97ms
step:33/500 train_loss:6.0081 train_time:6209ms step_avg:269.96ms
step:34/500 train_loss:6.3471 train_time:6481ms step_avg:270.05ms
step:35/500 train_loss:6.2542 train_time:6752ms step_avg:270.09ms
step:36/500 train_loss:6.4249 train_time:7024ms step_avg:270.15ms
step:37/500 train_loss:6.3325 train_time:7294ms step_avg:270.15ms
step:38/500 train_loss:6.2269 train_time:7565ms step_avg:270.19ms
step:39/500 train_loss:6.1202 train_time:7836ms step_avg:270.20ms
step:40/500 train_loss:6.1770 train_time:8107ms step_avg:270.22ms
step:41/500 train_loss:6.0748 train_time:8377ms step_avg:270.22ms
step:42/500 train_loss:6.1166 train_time:8646ms step_avg:270.20ms
step:43/500 train_loss:5.9870 train_time:8917ms step_avg:270.23ms
step:44/500 train_loss:6.0667 train_time:9187ms step_avg:270.22ms
step:45/500 train_loss:6.0592 train_time:9459ms step_avg:270.25ms
step:46/500 train_loss:6.2421 train_time:9729ms step_avg:270.25ms
step:47/500 train_loss:6.0425 train_time:10000ms step_avg:270.26ms
step:48/500 train_loss:5.8855 train_time:10269ms step_avg:270.23ms
step:49/500 train_loss:6.1345 train_time:10540ms step_avg:270.27ms
step:50/500 train_loss:6.0035 train_time:10814ms step_avg:270.35ms
step:51/500 train_loss:6.1660 train_time:11085ms step_avg:270.37ms w_mean:1.000 w_std:0.016 w_min:0.999 w_max:1.665
step:52/500 train_loss:6.0161 train_time:11356ms step_avg:270.39ms
step:53/500 train_loss:5.8670 train_time:11628ms step_avg:270.41ms
step:54/500 train_loss:5.9893 train_time:11900ms step_avg:270.45ms
step:55/500 train_loss:5.9098 train_time:12170ms step_avg:270.44ms
step:56/500 train_loss:6.2190 train_time:12442ms step_avg:270.47ms
step:57/500 train_loss:5.8999 train_time:12712ms step_avg:270.48ms
step:58/500 train_loss:5.7840 train_time:12984ms step_avg:270.49ms
step:59/500 train_loss:5.9469 train_time:13254ms step_avg:270.49ms
step:60/500 train_loss:5.8817 train_time:13527ms step_avg:270.54ms
step:61/500 train_loss:5.9762 train_time:13799ms step_avg:270.57ms
step:62/500 train_loss:5.7704 train_time:14069ms step_avg:270.56ms
step:63/500 train_loss:5.8753 train_time:14342ms step_avg:270.59ms
step:64/500 train_loss:5.8378 train_time:14612ms step_avg:270.59ms
step:65/500 train_loss:5.7784 train_time:14884ms step_avg:270.61ms
step:66/500 train_loss:5.6696 train_time:15154ms step_avg:270.61ms
step:67/500 train_loss:5.8410 train_time:15427ms step_avg:270.65ms
step:68/500 train_loss:5.6985 train_time:15700ms step_avg:270.70ms
step:69/500 train_loss:5.9461 train_time:15969ms step_avg:270.66ms
step:70/500 train_loss:5.6140 train_time:16242ms step_avg:270.70ms
step:71/500 train_loss:5.6275 train_time:16513ms step_avg:270.71ms
step:72/500 train_loss:5.8420 train_time:16785ms step_avg:270.73ms
step:73/500 train_loss:5.7882 train_time:17055ms step_avg:270.71ms
step:74/500 train_loss:5.6739 train_time:17329ms step_avg:270.77ms
step:75/500 train_loss:5.7884 train_time:17600ms step_avg:270.77ms
step:76/500 train_loss:5.7481 train_time:17870ms step_avg:270.75ms
step:77/500 train_loss:5.7173 train_time:18144ms step_avg:270.80ms
step:78/500 train_loss:5.7933 train_time:18417ms step_avg:270.84ms
step:79/500 train_loss:5.8179 train_time:18688ms step_avg:270.85ms
step:80/500 train_loss:5.6777 train_time:18960ms step_avg:270.86ms
step:81/500 train_loss:5.7806 train_time:19232ms step_avg:270.87ms
step:82/500 train_loss:5.5359 train_time:19505ms step_avg:270.90ms
step:83/500 train_loss:5.7106 train_time:19776ms step_avg:270.90ms
step:84/500 train_loss:5.6723 train_time:20046ms step_avg:270.89ms
step:85/500 train_loss:5.6340 train_time:20319ms step_avg:270.92ms
step:86/500 train_loss:5.5061 train_time:20591ms step_avg:270.93ms
step:87/500 train_loss:5.7153 train_time:20864ms step_avg:270.96ms
step:88/500 train_loss:5.6251 train_time:21137ms step_avg:270.99ms
step:89/500 train_loss:5.6780 train_time:21408ms step_avg:270.99ms
step:90/500 train_loss:5.6620 train_time:21680ms step_avg:271.00ms
step:91/500 train_loss:5.5689 train_time:21952ms step_avg:271.01ms
step:92/500 train_loss:5.5768 train_time:22224ms step_avg:271.03ms
step:93/500 train_loss:5.6643 train_time:22496ms step_avg:271.03ms
step:94/500 train_loss:5.5230 train_time:22768ms step_avg:271.05ms
step:95/500 train_loss:5.5011 train_time:23041ms step_avg:271.07ms
step:96/500 train_loss:5.5305 train_time:23312ms step_avg:271.07ms
step:97/500 train_loss:5.4446 train_time:23584ms step_avg:271.08ms
step:98/500 train_loss:5.5218 train_time:23855ms step_avg:271.08ms
step:99/500 train_loss:5.4362 train_time:24128ms step_avg:271.10ms
step:100/500 train_loss:5.5694 train_time:24401ms step_avg:271.12ms
step:101/500 train_loss:5.5217 train_time:24672ms step_avg:271.12ms w_mean:1.000 w_std:0.009 w_min:1.000 w_max:1.666
step:102/500 train_loss:5.4320 train_time:24946ms step_avg:271.15ms
step:103/500 train_loss:5.5271 train_time:25219ms step_avg:271.17ms
step:104/500 train_loss:5.4926 train_time:25489ms step_avg:271.16ms
step:105/500 train_loss:5.3182 train_time:25764ms step_avg:271.20ms
step:106/500 train_loss:5.4345 train_time:26037ms step_avg:271.21ms
step:107/500 train_loss:5.6407 train_time:26308ms step_avg:271.21ms
step:108/500 train_loss:5.4233 train_time:26579ms step_avg:271.22ms
step:109/500 train_loss:5.1730 train_time:26849ms step_avg:271.21ms
step:110/500 train_loss:5.3808 train_time:27122ms step_avg:271.22ms
step:111/500 train_loss:5.3498 train_time:27395ms step_avg:271.24ms
step:112/500 train_loss:5.3269 train_time:27666ms step_avg:271.23ms
step:113/500 train_loss:5.4280 train_time:27937ms step_avg:271.23ms
step:114/500 train_loss:5.3604 train_time:28208ms step_avg:271.23ms
step:115/500 train_loss:5.2089 train_time:28478ms step_avg:271.22ms
step:116/500 train_loss:5.3798 train_time:28749ms step_avg:271.22ms
step:117/500 train_loss:5.2350 train_time:29024ms step_avg:271.25ms
step:118/500 train_loss:5.2248 train_time:29297ms step_avg:271.27ms
step:119/500 train_loss:5.3510 train_time:29568ms step_avg:271.27ms
step:120/500 train_loss:5.3397 train_time:29841ms step_avg:271.29ms
step:121/500 train_loss:5.2651 train_time:30112ms step_avg:271.28ms
step:122/500 train_loss:5.1615 train_time:30386ms step_avg:271.30ms
step:123/500 train_loss:5.2571 train_time:30658ms step_avg:271.31ms
step:124/500 train_loss:5.1249 train_time:30930ms step_avg:271.32ms
step:125/500 train_loss:5.4262 train_time:31203ms step_avg:271.33ms
step:125/500 val_loss:5.2517 train_time:31205ms step_avg:271.34ms
step:126/500 train_loss:5.2757 train_time:31477ms step_avg:271.35ms
step:127/500 train_loss:5.2475 train_time:31752ms step_avg:271.38ms
step:128/500 train_loss:5.3196 train_time:32027ms step_avg:271.41ms
step:129/500 train_loss:5.1717 train_time:32298ms step_avg:271.41ms
step:130/500 train_loss:5.4442 train_time:32568ms step_avg:271.40ms
step:131/500 train_loss:5.2306 train_time:32841ms step_avg:271.42ms
step:132/500 train_loss:5.2219 train_time:33113ms step_avg:271.42ms
step:133/500 train_loss:5.1709 train_time:33385ms step_avg:271.42ms
step:134/500 train_loss:5.2181 train_time:33657ms step_avg:271.43ms
step:135/500 train_loss:5.1398 train_time:33928ms step_avg:271.42ms
step:136/500 train_loss:5.2182 train_time:34201ms step_avg:271.44ms
step:137/500 train_loss:5.0211 train_time:34474ms step_avg:271.45ms
step:138/500 train_loss:5.1788 train_time:34747ms step_avg:271.46ms
step:139/500 train_loss:5.1331 train_time:35020ms step_avg:271.47ms
step:140/500 train_loss:5.1483 train_time:35291ms step_avg:271.47ms
step:141/500 train_loss:5.1920 train_time:35564ms step_avg:271.48ms
step:142/500 train_loss:5.1039 train_time:35836ms step_avg:271.49ms
step:143/500 train_loss:5.1744 train_time:36109ms step_avg:271.50ms
step:144/500 train_loss:4.9847 train_time:36382ms step_avg:271.51ms
step:145/500 train_loss:5.1396 train_time:36654ms step_avg:271.51ms
step:146/500 train_loss:5.0870 train_time:36926ms step_avg:271.52ms
step:147/500 train_loss:4.9905 train_time:37200ms step_avg:271.54ms
step:148/500 train_loss:5.1204 train_time:37472ms step_avg:271.54ms
step:149/500 train_loss:5.0916 train_time:37745ms step_avg:271.55ms
step:150/500 train_loss:5.1489 train_time:38019ms step_avg:271.56ms
step:151/500 train_loss:5.1631 train_time:38294ms step_avg:271.59ms w_mean:1.000 w_std:0.012 w_min:0.999 w_max:1.666
step:152/500 train_loss:5.0814 train_time:38565ms step_avg:271.58ms
step:153/500 train_loss:5.0599 train_time:38837ms step_avg:271.58ms
step:154/500 train_loss:5.1404 train_time:39109ms step_avg:271.59ms
step:155/500 train_loss:5.0781 train_time:39383ms step_avg:271.61ms
step:156/500 train_loss:5.0545 train_time:39654ms step_avg:271.60ms
step:157/500 train_loss:5.0668 train_time:39925ms step_avg:271.60ms
step:158/500 train_loss:5.1952 train_time:40198ms step_avg:271.60ms
step:159/500 train_loss:4.9821 train_time:40467ms step_avg:271.59ms
step:160/500 train_loss:5.0390 train_time:40743ms step_avg:271.62ms
step:161/500 train_loss:4.8930 train_time:41014ms step_avg:271.62ms
step:162/500 train_loss:5.0479 train_time:41286ms step_avg:271.62ms
step:163/500 train_loss:5.0907 train_time:41558ms step_avg:271.62ms
step:164/500 train_loss:5.0723 train_time:41829ms step_avg:271.62ms
step:165/500 train_loss:4.8983 train_time:42103ms step_avg:271.63ms
step:166/500 train_loss:5.0145 train_time:42376ms step_avg:271.64ms
step:167/500 train_loss:5.1640 train_time:42646ms step_avg:271.63ms
step:168/500 train_loss:4.9496 train_time:42920ms step_avg:271.64ms
step:169/500 train_loss:5.0336 train_time:43191ms step_avg:271.64ms
step:170/500 train_loss:4.9045 train_time:43464ms step_avg:271.65ms
step:171/500 train_loss:4.8406 train_time:43735ms step_avg:271.65ms
step:172/500 train_loss:4.9504 train_time:44008ms step_avg:271.65ms
step:173/500 train_loss:4.9212 train_time:44282ms step_avg:271.67ms
step:174/500 train_loss:4.9787 train_time:44552ms step_avg:271.66ms
step:175/500 train_loss:5.1169 train_time:44824ms step_avg:271.66ms
step:176/500 train_loss:5.0060 train_time:45097ms step_avg:271.67ms
step:177/500 train_loss:4.8382 train_time:45368ms step_avg:271.67ms
step:178/500 train_loss:4.8199 train_time:45642ms step_avg:271.68ms
step:179/500 train_loss:4.8641 train_time:45913ms step_avg:271.68ms
step:180/500 train_loss:4.9051 train_time:46186ms step_avg:271.68ms
step:181/500 train_loss:4.8875 train_time:46456ms step_avg:271.67ms
step:182/500 train_loss:5.0030 train_time:46728ms step_avg:271.67ms
step:183/500 train_loss:4.8905 train_time:47002ms step_avg:271.69ms
step:184/500 train_loss:4.8220 train_time:47276ms step_avg:271.70ms
step:185/500 train_loss:4.8576 train_time:47546ms step_avg:271.69ms
step:186/500 train_loss:4.9735 train_time:47821ms step_avg:271.71ms
step:187/500 train_loss:4.8548 train_time:48098ms step_avg:271.74ms
step:188/500 train_loss:5.1011 train_time:48368ms step_avg:271.73ms
step:189/500 train_loss:4.8953 train_time:48969ms step_avg:273.57ms
step:190/500 train_loss:4.8073 train_time:49510ms step_avg:275.05ms
step:191/500 train_loss:4.9692 train_time:49780ms step_avg:275.03ms
step:192/500 train_loss:4.8097 train_time:50048ms step_avg:274.99ms
step:193/500 train_loss:4.7335 train_time:50321ms step_avg:274.98ms
step:194/500 train_loss:4.9325 train_time:50597ms step_avg:274.98ms
step:195/500 train_loss:4.8709 train_time:50866ms step_avg:274.95ms
step:196/500 train_loss:5.0561 train_time:51138ms step_avg:274.94ms
step:197/500 train_loss:4.9473 train_time:51409ms step_avg:274.92ms
step:198/500 train_loss:4.7876 train_time:51682ms step_avg:274.91ms
step:199/500 train_loss:4.8324 train_time:51954ms step_avg:274.89ms
step:200/500 train_loss:4.7257 train_time:52225ms step_avg:274.87ms
step:201/500 train_loss:4.8062 train_time:52497ms step_avg:274.85ms w_mean:1.000 w_std:0.010 w_min:1.000 w_max:1.666
step:202/500 train_loss:4.7209 train_time:52768ms step_avg:274.83ms
step:203/500 train_loss:4.9553 train_time:53044ms step_avg:274.84ms
step:204/500 train_loss:4.8639 train_time:53317ms step_avg:274.83ms
step:205/500 train_loss:4.8330 train_time:53588ms step_avg:274.81ms
step:206/500 train_loss:4.9879 train_time:53860ms step_avg:274.80ms
step:207/500 train_loss:4.6596 train_time:54132ms step_avg:274.78ms
step:208/500 train_loss:4.8090 train_time:54405ms step_avg:274.77ms
step:209/500 train_loss:4.7619 train_time:54677ms step_avg:274.76ms
step:210/500 train_loss:4.9252 train_time:54948ms step_avg:274.74ms
step:211/500 train_loss:4.8561 train_time:55222ms step_avg:274.73ms
step:212/500 train_loss:4.7400 train_time:55493ms step_avg:274.72ms
step:213/500 train_loss:4.8626 train_time:55766ms step_avg:274.71ms
step:214/500 train_loss:4.7075 train_time:56038ms step_avg:274.70ms
step:215/500 train_loss:4.7983 train_time:56310ms step_avg:274.68ms
step:216/500 train_loss:4.6514 train_time:56583ms step_avg:274.68ms
step:217/500 train_loss:4.7695 train_time:56855ms step_avg:274.66ms
step:218/500 train_loss:4.7579 train_time:57126ms step_avg:274.64ms
step:219/500 train_loss:4.7302 train_time:57400ms step_avg:274.64ms
step:220/500 train_loss:4.7440 train_time:57673ms step_avg:274.63ms
step:221/500 train_loss:4.7704 train_time:57945ms step_avg:274.62ms
step:222/500 train_loss:4.8077 train_time:58217ms step_avg:274.61ms
step:223/500 train_loss:4.7488 train_time:58488ms step_avg:274.59ms
step:224/500 train_loss:4.7503 train_time:58761ms step_avg:274.58ms
step:225/500 train_loss:4.8760 train_time:59033ms step_avg:274.57ms
step:226/500 train_loss:4.6164 train_time:59306ms step_avg:274.57ms
step:227/500 train_loss:4.6532 train_time:59578ms step_avg:274.55ms
step:228/500 train_loss:4.6405 train_time:59848ms step_avg:274.53ms
step:229/500 train_loss:4.8033 train_time:60122ms step_avg:274.53ms
step:230/500 train_loss:4.6365 train_time:60393ms step_avg:274.51ms
step:231/500 train_loss:4.7836 train_time:60665ms step_avg:274.50ms
step:232/500 train_loss:4.6440 train_time:60939ms step_avg:274.50ms
step:233/500 train_loss:4.6154 train_time:61210ms step_avg:274.49ms
step:234/500 train_loss:4.8174 train_time:61484ms step_avg:274.48ms
step:235/500 train_loss:4.6589 train_time:61756ms step_avg:274.47ms
step:236/500 train_loss:4.6011 train_time:62027ms step_avg:274.46ms
step:237/500 train_loss:4.8388 train_time:62302ms step_avg:274.46ms
step:238/500 train_loss:4.7240 train_time:62574ms step_avg:274.45ms
step:239/500 train_loss:4.6440 train_time:62845ms step_avg:274.43ms
step:240/500 train_loss:4.7792 train_time:63117ms step_avg:274.42ms
step:241/500 train_loss:4.7621 train_time:63388ms step_avg:274.41ms
step:242/500 train_loss:4.6661 train_time:63662ms step_avg:274.41ms
step:243/500 train_loss:4.8149 train_time:63934ms step_avg:274.40ms
step:244/500 train_loss:4.6594 train_time:64207ms step_avg:274.39ms
step:245/500 train_loss:4.6694 train_time:64483ms step_avg:274.39ms
step:246/500 train_loss:4.7397 train_time:64754ms step_avg:274.38ms
step:247/500 train_loss:4.6979 train_time:65026ms step_avg:274.37ms
step:248/500 train_loss:4.6580 train_time:65302ms step_avg:274.38ms
step:249/500 train_loss:4.8265 train_time:65576ms step_avg:274.38ms
step:250/500 train_loss:4.5615 train_time:65846ms step_avg:274.36ms
step:250/500 val_loss:4.6657 train_time:65848ms step_avg:274.36ms
step:251/500 train_loss:4.5999 train_time:66114ms step_avg:274.33ms w_mean:1.000 w_std:0.015 w_min:0.999 w_max:1.665
step:252/500 train_loss:4.7331 train_time:66389ms step_avg:274.33ms
step:253/500 train_loss:4.7240 train_time:66662ms step_avg:274.33ms
step:254/500 train_loss:4.6018 train_time:66934ms step_avg:274.32ms
step:255/500 train_loss:4.6163 train_time:67208ms step_avg:274.32ms
step:256/500 train_loss:4.7557 train_time:67481ms step_avg:274.31ms
step:257/500 train_loss:4.6998 train_time:67751ms step_avg:274.30ms
step:258/500 train_loss:4.6743 train_time:68024ms step_avg:274.29ms
step:259/500 train_loss:4.6049 train_time:68300ms step_avg:274.30ms
step:260/500 train_loss:4.6169 train_time:68571ms step_avg:274.29ms
step:261/500 train_loss:4.6944 train_time:68845ms step_avg:274.28ms
step:262/500 train_loss:4.6993 train_time:69115ms step_avg:274.27ms
step:263/500 train_loss:4.6024 train_time:69389ms step_avg:274.26ms
step:264/500 train_loss:4.5532 train_time:69661ms step_avg:274.25ms
step:265/500 train_loss:4.6037 train_time:69932ms step_avg:274.24ms
step:266/500 train_loss:4.4574 train_time:70206ms step_avg:274.24ms
step:267/500 train_loss:4.5172 train_time:70480ms step_avg:274.24ms
step:268/500 train_loss:4.5594 train_time:70752ms step_avg:274.23ms
step:269/500 train_loss:4.5198 train_time:71024ms step_avg:274.22ms
step:270/500 train_loss:4.4857 train_time:71296ms step_avg:274.21ms
step:271/500 train_loss:4.7066 train_time:71570ms step_avg:274.22ms
step:272/500 train_loss:4.6390 train_time:71844ms step_avg:274.21ms
step:273/500 train_loss:4.4986 train_time:72115ms step_avg:274.20ms
step:274/500 train_loss:4.5472 train_time:72388ms step_avg:274.20ms
step:275/500 train_loss:4.6673 train_time:72660ms step_avg:274.19ms
step:276/500 train_loss:4.6818 train_time:72932ms step_avg:274.18ms
step:277/500 train_loss:4.8802 train_time:73205ms step_avg:274.18ms
step:278/500 train_loss:4.6247 train_time:73478ms step_avg:274.17ms
step:279/500 train_loss:4.7541 train_time:73751ms step_avg:274.17ms
step:280/500 train_loss:4.5961 train_time:74023ms step_avg:274.16ms
step:281/500 train_loss:4.6664 train_time:74294ms step_avg:274.15ms
step:282/500 train_loss:4.5624 train_time:74568ms step_avg:274.15ms
step:283/500 train_loss:4.6824 train_time:74840ms step_avg:274.14ms
step:284/500 train_loss:4.5004 train_time:75111ms step_avg:274.13ms
step:285/500 train_loss:4.6633 train_time:75386ms step_avg:274.13ms
step:286/500 train_loss:4.6585 train_time:75658ms step_avg:274.12ms
step:287/500 train_loss:4.6851 train_time:75932ms step_avg:274.12ms
step:288/500 train_loss:4.5503 train_time:76202ms step_avg:274.11ms
step:289/500 train_loss:4.6157 train_time:76475ms step_avg:274.10ms
step:290/500 train_loss:4.4752 train_time:76748ms step_avg:274.10ms
step:291/500 train_loss:4.4669 train_time:77021ms step_avg:274.09ms
step:292/500 train_loss:4.5974 train_time:77290ms step_avg:274.08ms
step:293/500 train_loss:4.4837 train_time:77565ms step_avg:274.08ms
step:294/500 train_loss:4.5358 train_time:77838ms step_avg:274.08ms
step:295/500 train_loss:4.5530 train_time:78111ms step_avg:274.07ms
step:296/500 train_loss:4.4216 train_time:78382ms step_avg:274.06ms
step:297/500 train_loss:4.4123 train_time:78653ms step_avg:274.05ms
step:298/500 train_loss:4.4449 train_time:78926ms step_avg:274.05ms
step:299/500 train_loss:4.5481 train_time:79197ms step_avg:274.04ms
step:300/500 train_loss:4.4285 train_time:79471ms step_avg:274.04ms
step:301/500 train_loss:4.6120 train_time:79746ms step_avg:274.04ms w_mean:1.000 w_std:0.012 w_min:0.999 w_max:1.666
step:302/500 train_loss:4.5833 train_time:80016ms step_avg:274.03ms
step:303/500 train_loss:4.5078 train_time:80289ms step_avg:274.02ms
step:304/500 train_loss:4.5725 train_time:80561ms step_avg:274.02ms
step:305/500 train_loss:4.5567 train_time:80832ms step_avg:274.01ms
step:306/500 train_loss:5.0380 train_time:81107ms step_avg:274.01ms
step:307/500 train_loss:4.5142 train_time:81381ms step_avg:274.01ms
step:308/500 train_loss:4.4169 train_time:81652ms step_avg:274.00ms
step:309/500 train_loss:4.6003 train_time:81924ms step_avg:273.99ms
step:310/500 train_loss:4.4030 train_time:82194ms step_avg:273.98ms
step:311/500 train_loss:4.6381 train_time:82468ms step_avg:273.98ms
step:312/500 train_loss:4.5520 train_time:82740ms step_avg:273.97ms
step:313/500 train_loss:4.4639 train_time:83013ms step_avg:273.97ms
step:314/500 train_loss:4.5922 train_time:83287ms step_avg:273.97ms
step:315/500 train_loss:4.7254 train_time:83560ms step_avg:273.97ms
step:316/500 train_loss:4.5522 train_time:83832ms step_avg:273.96ms
step:317/500 train_loss:4.4479 train_time:84105ms step_avg:273.96ms
step:318/500 train_loss:4.4578 train_time:84378ms step_avg:273.96ms
step:319/500 train_loss:4.4739 train_time:84652ms step_avg:273.95ms
step:320/500 train_loss:4.4247 train_time:84923ms step_avg:273.94ms
step:321/500 train_loss:4.5135 train_time:85193ms step_avg:273.93ms
step:322/500 train_loss:4.5289 train_time:85467ms step_avg:273.93ms
step:323/500 train_loss:4.4937 train_time:85740ms step_avg:273.93ms
step:324/500 train_loss:4.5640 train_time:86012ms step_avg:273.92ms
step:325/500 train_loss:4.5656 train_time:86284ms step_avg:273.92ms
step:326/500 train_loss:4.6279 train_time:86556ms step_avg:273.91ms
step:327/500 train_loss:4.4770 train_time:86829ms step_avg:273.91ms
step:328/500 train_loss:4.9205 train_time:87100ms step_avg:273.90ms
step:329/500 train_loss:4.6342 train_time:87373ms step_avg:273.90ms
step:330/500 train_loss:4.4242 train_time:87647ms step_avg:273.90ms
step:331/500 train_loss:4.3869 train_time:87918ms step_avg:273.89ms
step:332/500 train_loss:4.5394 train_time:88190ms step_avg:273.88ms
step:333/500 train_loss:4.4543 train_time:88466ms step_avg:273.89ms
step:334/500 train_loss:4.4459 train_time:88740ms step_avg:273.89ms
step:335/500 train_loss:4.4048 train_time:89011ms step_avg:273.88ms
step:336/500 train_loss:4.6023 train_time:89284ms step_avg:273.88ms
step:337/500 train_loss:4.5339 train_time:89556ms step_avg:273.87ms
step:338/500 train_loss:5.0780 train_time:89828ms step_avg:273.86ms
step:339/500 train_loss:4.5052 train_time:90099ms step_avg:273.86ms
step:340/500 train_loss:4.4759 train_time:90373ms step_avg:273.86ms
step:341/500 train_loss:4.4605 train_time:90647ms step_avg:273.86ms
step:342/500 train_loss:4.4004 train_time:90917ms step_avg:273.85ms
step:343/500 train_loss:4.3755 train_time:91190ms step_avg:273.84ms
step:344/500 train_loss:4.4390 train_time:91465ms step_avg:273.85ms
step:345/500 train_loss:4.5291 train_time:91738ms step_avg:273.84ms
step:346/500 train_loss:4.4236 train_time:92009ms step_avg:273.84ms
step:347/500 train_loss:4.3686 train_time:92283ms step_avg:273.84ms
step:348/500 train_loss:4.4266 train_time:92554ms step_avg:273.83ms
step:349/500 train_loss:4.4257 train_time:92826ms step_avg:273.82ms
step:350/500 train_loss:4.3499 train_time:93099ms step_avg:273.82ms
step:351/500 train_loss:4.0327 train_time:93373ms step_avg:273.82ms w_mean:1.000 w_std:0.009 w_min:1.000 w_max:1.666
step:352/500 train_loss:4.3327 train_time:93647ms step_avg:273.82ms
step:353/500 train_loss:4.6720 train_time:93917ms step_avg:273.81ms
step:354/500 train_loss:4.2079 train_time:94191ms step_avg:273.81ms
step:355/500 train_loss:4.4574 train_time:94466ms step_avg:273.81ms
step:356/500 train_loss:4.3692 train_time:94738ms step_avg:273.81ms
step:357/500 train_loss:4.4613 train_time:95011ms step_avg:273.81ms
step:358/500 train_loss:4.4736 train_time:95284ms step_avg:273.81ms
step:359/500 train_loss:4.3754 train_time:95556ms step_avg:273.80ms
step:360/500 train_loss:4.7026 train_time:95829ms step_avg:273.80ms
step:361/500 train_loss:4.1158 train_time:96102ms step_avg:273.80ms
step:362/500 train_loss:4.5935 train_time:96375ms step_avg:273.79ms
step:363/500 train_loss:4.4882 train_time:96648ms step_avg:273.79ms
step:364/500 train_loss:4.3707 train_time:96920ms step_avg:273.79ms
step:365/500 train_loss:4.3068 train_time:97194ms step_avg:273.79ms
step:366/500 train_loss:4.4651 train_time:97470ms step_avg:273.79ms
step:367/500 train_loss:4.3947 train_time:97741ms step_avg:273.78ms
step:368/500 train_loss:4.3805 train_time:98012ms step_avg:273.78ms
step:369/500 train_loss:4.3885 train_time:98286ms step_avg:273.78ms
step:370/500 train_loss:4.2779 train_time:98559ms step_avg:273.77ms
step:371/500 train_loss:4.4236 train_time:98831ms step_avg:273.77ms
step:372/500 train_loss:4.3639 train_time:99105ms step_avg:273.77ms
step:373/500 train_loss:4.2397 train_time:99379ms step_avg:273.77ms
step:374/500 train_loss:4.4350 train_time:99652ms step_avg:273.77ms
step:375/500 train_loss:4.3570 train_time:99923ms step_avg:273.76ms
step:375/500 val_loss:4.3800 train_time:99924ms step_avg:273.77ms
step:376/500 train_loss:4.3636 train_time:100196ms step_avg:273.76ms
step:377/500 train_loss:4.4216 train_time:100470ms step_avg:273.76ms
step:378/500 train_loss:4.3102 train_time:101063ms step_avg:274.63ms
step:379/500 train_loss:4.3617 train_time:101334ms step_avg:274.62ms
step:380/500 train_loss:4.4359 train_time:101868ms step_avg:275.32ms
step:381/500 train_loss:4.4739 train_time:102140ms step_avg:275.31ms
step:382/500 train_loss:4.4145 train_time:102410ms step_avg:275.30ms
step:383/500 train_loss:4.3963 train_time:102682ms step_avg:275.29ms
step:384/500 train_loss:4.2967 train_time:102961ms step_avg:275.30ms
step:385/500 train_loss:4.3982 train_time:103234ms step_avg:275.29ms
step:386/500 train_loss:4.3134 train_time:103504ms step_avg:275.28ms
step:387/500 train_loss:4.4422 train_time:103777ms step_avg:275.27ms
step:388/500 train_loss:4.6473 train_time:104052ms step_avg:275.27ms
step:389/500 train_loss:4.3300 train_time:104324ms step_avg:275.26ms
step:390/500 train_loss:4.2870 train_time:104596ms step_avg:275.25ms
step:391/500 train_loss:4.4231 train_time:104866ms step_avg:275.24ms
step:392/500 train_loss:4.3417 train_time:105140ms step_avg:275.24ms
step:393/500 train_loss:4.4479 train_time:105411ms step_avg:275.23ms
step:394/500 train_loss:4.2680 train_time:105683ms step_avg:275.22ms
step:395/500 train_loss:4.4030 train_time:105955ms step_avg:275.21ms
step:396/500 train_loss:4.1951 train_time:106228ms step_avg:275.20ms
step:397/500 train_loss:4.3507 train_time:106499ms step_avg:275.19ms
step:398/500 train_loss:4.4491 train_time:106770ms step_avg:275.18ms
step:399/500 train_loss:4.4088 train_time:107045ms step_avg:275.18ms
step:400/500 train_loss:4.3164 train_time:107320ms step_avg:275.18ms
step:401/500 train_loss:4.3825 train_time:107591ms step_avg:275.17ms w_mean:1.000 w_std:0.006 w_min:1.000 w_max:1.666
step:402/500 train_loss:4.4182 train_time:107863ms step_avg:275.16ms
step:403/500 train_loss:4.3884 train_time:108138ms step_avg:275.16ms
step:404/500 train_loss:4.4833 train_time:108411ms step_avg:275.15ms
step:405/500 train_loss:4.2643 train_time:108683ms step_avg:275.15ms
step:406/500 train_loss:4.3058 train_time:108956ms step_avg:275.14ms
step:407/500 train_loss:4.5877 train_time:109228ms step_avg:275.13ms
step:408/500 train_loss:4.3465 train_time:109502ms step_avg:275.13ms
step:409/500 train_loss:4.3375 train_time:109775ms step_avg:275.13ms
step:410/500 train_loss:4.3883 train_time:110047ms step_avg:275.12ms
step:411/500 train_loss:4.2813 train_time:110320ms step_avg:275.11ms
step:412/500 train_loss:4.2933 train_time:110592ms step_avg:275.10ms
step:413/500 train_loss:4.7152 train_time:110865ms step_avg:275.10ms
step:414/500 train_loss:4.1619 train_time:111139ms step_avg:275.10ms
step:415/500 train_loss:4.5225 train_time:111412ms step_avg:275.09ms
step:416/500 train_loss:4.2979 train_time:111684ms step_avg:275.08ms
step:417/500 train_loss:4.2922 train_time:111957ms step_avg:275.08ms
step:418/500 train_loss:4.4758 train_time:112228ms step_avg:275.07ms
step:419/500 train_loss:4.2091 train_time:112501ms step_avg:275.06ms
step:420/500 train_loss:4.3110 train_time:112772ms step_avg:275.05ms
step:421/500 train_loss:4.2834 train_time:113046ms step_avg:275.05ms
step:422/500 train_loss:4.1713 train_time:113319ms step_avg:275.05ms
step:423/500 train_loss:4.2758 train_time:113590ms step_avg:275.04ms
step:424/500 train_loss:4.3900 train_time:113862ms step_avg:275.03ms
step:425/500 train_loss:4.1960 train_time:114137ms step_avg:275.03ms
step:426/500 train_loss:4.3565 train_time:114410ms step_avg:275.02ms
step:427/500 train_loss:4.2376 train_time:114682ms step_avg:275.02ms
step:428/500 train_loss:4.4166 train_time:114954ms step_avg:275.01ms
step:429/500 train_loss:4.3645 train_time:115225ms step_avg:275.00ms
step:430/500 train_loss:4.2729 train_time:115497ms step_avg:274.99ms
step:431/500 train_loss:4.2528 train_time:115768ms step_avg:274.98ms
step:432/500 train_loss:4.2069 train_time:116041ms step_avg:274.98ms
step:433/500 train_loss:4.2850 train_time:116314ms step_avg:274.97ms
step:434/500 train_loss:4.3585 train_time:116584ms step_avg:274.96ms
step:435/500 train_loss:4.2967 train_time:116859ms step_avg:274.96ms
step:436/500 train_loss:4.3361 train_time:117132ms step_avg:274.96ms
step:437/500 train_loss:4.3482 train_time:117403ms step_avg:274.95ms
step:438/500 train_loss:4.2349 train_time:117675ms step_avg:274.94ms
step:439/500 train_loss:4.2525 train_time:117948ms step_avg:274.94ms
step:440/500 train_loss:4.2137 train_time:118221ms step_avg:274.93ms
step:441/500 train_loss:4.4110 train_time:118493ms step_avg:274.93ms
step:442/500 train_loss:4.3093 train_time:118765ms step_avg:274.92ms
step:443/500 train_loss:4.2881 train_time:119040ms step_avg:274.92ms
step:444/500 train_loss:4.1787 train_time:119313ms step_avg:274.91ms
step:445/500 train_loss:4.4316 train_time:119585ms step_avg:274.91ms
step:446/500 train_loss:4.3540 train_time:119858ms step_avg:274.90ms
step:447/500 train_loss:4.3555 train_time:120129ms step_avg:274.90ms
step:448/500 train_loss:4.2759 train_time:120402ms step_avg:274.89ms
step:449/500 train_loss:4.3614 train_time:120677ms step_avg:274.89ms
step:450/500 train_loss:4.1949 train_time:120949ms step_avg:274.88ms
step:451/500 train_loss:4.2331 train_time:121223ms step_avg:274.88ms w_mean:1.000 w_std:0.007 w_min:1.000 w_max:1.666
step:452/500 train_loss:4.1250 train_time:121494ms step_avg:274.87ms
step:453/500 train_loss:4.2206 train_time:121765ms step_avg:274.86ms
step:454/500 train_loss:4.1961 train_time:122039ms step_avg:274.86ms
step:455/500 train_loss:4.1782 train_time:122311ms step_avg:274.86ms
step:456/500 train_loss:4.3860 train_time:122583ms step_avg:274.85ms
step:457/500 train_loss:4.2369 train_time:122855ms step_avg:274.84ms
step:458/500 train_loss:4.3278 train_time:123127ms step_avg:274.84ms
step:459/500 train_loss:4.3611 train_time:123400ms step_avg:274.83ms
step:460/500 train_loss:4.1624 train_time:123672ms step_avg:274.83ms
step:461/500 train_loss:4.3359 train_time:123945ms step_avg:274.82ms
step:462/500 train_loss:4.2353 train_time:124220ms step_avg:274.82ms
step:463/500 train_loss:4.2174 train_time:124491ms step_avg:274.81ms
step:464/500 train_loss:4.3089 train_time:124764ms step_avg:274.81ms
step:465/500 train_loss:4.2440 train_time:125039ms step_avg:274.81ms
step:466/500 train_loss:4.2443 train_time:125312ms step_avg:274.81ms
step:467/500 train_loss:4.3720 train_time:125584ms step_avg:274.80ms
step:468/500 train_loss:4.3786 train_time:125857ms step_avg:274.80ms
step:469/500 train_loss:4.3373 train_time:126130ms step_avg:274.79ms
step:470/500 train_loss:4.2488 train_time:126402ms step_avg:274.79ms
step:471/500 train_loss:4.3369 train_time:126675ms step_avg:274.78ms
step:472/500 train_loss:4.3833 train_time:126947ms step_avg:274.78ms
step:473/500 train_loss:4.2845 train_time:127221ms step_avg:274.78ms
step:474/500 train_loss:4.2562 train_time:127492ms step_avg:274.77ms
step:475/500 train_loss:4.1294 train_time:127766ms step_avg:274.77ms
step:476/500 train_loss:4.5666 train_time:128040ms step_avg:274.76ms
step:477/500 train_loss:4.3128 train_time:128313ms step_avg:274.76ms
step:478/500 train_loss:4.1248 train_time:128585ms step_avg:274.75ms
step:479/500 train_loss:4.3232 train_time:128859ms step_avg:274.75ms
step:480/500 train_loss:4.3027 train_time:129132ms step_avg:274.75ms
step:481/500 train_loss:4.4292 train_time:129404ms step_avg:274.74ms
step:482/500 train_loss:4.2583 train_time:129679ms step_avg:274.74ms
step:483/500 train_loss:4.0723 train_time:129953ms step_avg:274.74ms
step:484/500 train_loss:4.3505 train_time:130224ms step_avg:274.73ms
step:485/500 train_loss:4.1982 train_time:130496ms step_avg:274.73ms
step:486/500 train_loss:4.2254 train_time:130768ms step_avg:274.72ms
step:487/500 train_loss:4.1753 train_time:131042ms step_avg:274.72ms
step:488/500 train_loss:4.1956 train_time:131315ms step_avg:274.72ms
step:489/500 train_loss:4.4079 train_time:131585ms step_avg:274.71ms
step:490/500 train_loss:4.2640 train_time:131860ms step_avg:274.71ms
step:491/500 train_loss:4.1605 train_time:132132ms step_avg:274.70ms
step:492/500 train_loss:4.1665 train_time:132404ms step_avg:274.70ms
step:493/500 train_loss:4.2776 train_time:132677ms step_avg:274.69ms
step:494/500 train_loss:4.1247 train_time:132951ms step_avg:274.69ms
step:495/500 train_loss:4.2748 train_time:133225ms step_avg:274.69ms
step:496/500 train_loss:4.1914 train_time:133496ms step_avg:274.68ms
step:497/500 train_loss:4.1444 train_time:133766ms step_avg:274.67ms
step:498/500 train_loss:4.2779 train_time:134040ms step_avg:274.67ms
step:499/500 train_loss:4.3719 train_time:134313ms step_avg:274.67ms
step:500/500 train_loss:4.4185 train_time:134585ms step_avg:274.66ms
step:500/500 val_loss:4.2664 train_time:134587ms step_avg:274.67ms
Checkpoint saving disabled; skipping state serialization.
peak memory consumption: 30603 MiB
