Command: torchrun --nproc_per_node=8 train_tw.py --seed=42 --num_iterations=500 --val_loss_every=125 --tw_enabled --tw_function=linear --tw_clamp_min=0.5 --tw_clamp_max=2.0 --tw_schedule=constant --tw_warmup_steps=1000 --tw_anneal_final=0.3 --tw_cyclical_period=500 --tw_focal_gamma=2.0 --tw_log_every=50 --tw_log_weights
Started: 2025-12-09T21:04:12.514475
============================================================

W1209 21:04:13.696000 52051 torch/distributed/run.py:774] 
W1209 21:04:13.696000 52051 torch/distributed/run.py:774] *****************************************
W1209 21:04:13.696000 52051 torch/distributed/run.py:774] Setting OMP_NUM_THREADS environment variable for each process to be 1 in default, to avoid your system being overloaded, please further tune the variable for optimal performance in your application as needed. 
W1209 21:04:13.696000 52051 torch/distributed/run.py:774] *****************************************
/root/ese-3060-project/tw_nano_experiments/train_tw.py:218: SyntaxWarning: invalid escape sequence '\s'
  """
/root/ese-3060-project/tw_nano_experiments/train_tw.py/root/ese-3060-project/tw_nano_experiments/train_tw.py:218: SyntaxWarning: :218: SyntaxWarninginvalid escape sequence '\s': 
invalid escape sequence '\s'
    """
"""
/root/ese-3060-project/tw_nano_experiments/train_tw.py:218: SyntaxWarning: invalid escape sequence '\s'
  """
/root/ese-3060-project/tw_nano_experiments/train_tw.py:218: SyntaxWarning: invalid escape sequence '\s'
  """
/root/ese-3060-project/tw_nano_experiments/train_tw.py:218: SyntaxWarning: invalid escape sequence '\s'
  """
/root/ese-3060-project/tw_nano_experiments/train_tw.py:218: SyntaxWarning: invalid escape sequence '\s'
  """
/root/ese-3060-project/tw_nano_experiments/train_tw.py:218: SyntaxWarning: invalid escape sequence '\s'
  """
using device: cuda:0
Random seed set to 42 (deterministic=False)
using device: cuda:5
using device: cuda:7
using device: cuda:6
Training DataLoader: total number of tokens: 900000000 across 9 files
Validation DataLoader: total number of tokens: 100000000 across 1 files
using device: cuda:2
using device: cuda:3
using device: cuda:4
using device: cuda:1
Token Weighting: ENABLED
  function=linear, clamp=[0.5, 2.0], schedule=constant
step:0/500 val_loss:15.9787 train_time:279ms step_avg:nanms
step:1/500 train_loss:15.9775 train_time:73303ms step_avg:nanms w_mean:1.000 w_std:0.041 w_min:0.500 w_max:1.156
step:2/500 train_loss:9.3666 train_time:73842ms step_avg:nanms
step:3/500 train_loss:8.9780 train_time:74107ms step_avg:nanms
step:4/500 train_loss:8.6141 train_time:74371ms step_avg:nanms
step:5/500 train_loss:8.2273 train_time:74642ms step_avg:nanms
step:6/500 train_loss:7.8353 train_time:74912ms step_avg:nanms
step:7/500 train_loss:7.4194 train_time:75179ms step_avg:nanms
step:8/500 train_loss:7.6431 train_time:75449ms step_avg:nanms
step:9/500 train_loss:7.3898 train_time:75717ms step_avg:nanms
step:10/500 train_loss:7.1294 train_time:75986ms step_avg:nanms
step:11/500 train_loss:7.1305 train_time:272ms step_avg:nanms
step:12/500 train_loss:7.0528 train_time:537ms step_avg:nanms
step:13/500 train_loss:6.8973 train_time:804ms step_avg:268.05ms
step:14/500 train_loss:6.8892 train_time:1073ms step_avg:268.29ms
step:15/500 train_loss:6.8736 train_time:1340ms step_avg:268.03ms
step:16/500 train_loss:6.7745 train_time:1606ms step_avg:267.63ms
step:17/500 train_loss:6.8326 train_time:1875ms step_avg:267.83ms
step:18/500 train_loss:6.7939 train_time:2143ms step_avg:267.86ms
step:19/500 train_loss:6.6824 train_time:2413ms step_avg:268.08ms
step:20/500 train_loss:6.6398 train_time:2682ms step_avg:268.20ms
step:21/500 train_loss:6.3354 train_time:2948ms step_avg:268.04ms
step:22/500 train_loss:6.6962 train_time:3221ms step_avg:268.38ms
step:23/500 train_loss:6.9238 train_time:3486ms step_avg:268.14ms
step:24/500 train_loss:6.5827 train_time:3755ms step_avg:268.19ms
step:25/500 train_loss:6.6777 train_time:4028ms step_avg:268.55ms
step:26/500 train_loss:6.4213 train_time:4298ms step_avg:268.63ms
step:27/500 train_loss:6.3167 train_time:4565ms step_avg:268.52ms
step:28/500 train_loss:6.5052 train_time:4831ms step_avg:268.37ms
step:29/500 train_loss:6.1545 train_time:5103ms step_avg:268.59ms
step:30/500 train_loss:6.4320 train_time:5375ms step_avg:268.76ms
step:31/500 train_loss:6.2886 train_time:5645ms step_avg:268.79ms
step:32/500 train_loss:6.2472 train_time:5913ms step_avg:268.79ms
step:33/500 train_loss:6.0845 train_time:6184ms step_avg:268.89ms
step:34/500 train_loss:6.4038 train_time:6458ms step_avg:269.09ms
step:35/500 train_loss:6.3157 train_time:6727ms step_avg:269.06ms
step:36/500 train_loss:6.4381 train_time:6999ms step_avg:269.18ms
step:37/500 train_loss:6.4045 train_time:7266ms step_avg:269.10ms
step:38/500 train_loss:6.2601 train_time:7541ms step_avg:269.31ms
step:39/500 train_loss:6.1817 train_time:7810ms step_avg:269.33ms
step:40/500 train_loss:6.2254 train_time:8081ms step_avg:269.36ms
step:41/500 train_loss:6.1299 train_time:8347ms step_avg:269.27ms
step:42/500 train_loss:6.1617 train_time:8617ms step_avg:269.29ms
step:43/500 train_loss:6.0317 train_time:8885ms step_avg:269.23ms
step:44/500 train_loss:6.1233 train_time:9155ms step_avg:269.26ms
step:45/500 train_loss:6.1136 train_time:9424ms step_avg:269.26ms
step:46/500 train_loss:6.2805 train_time:9691ms step_avg:269.20ms
step:47/500 train_loss:6.0986 train_time:9959ms step_avg:269.17ms
step:48/500 train_loss:5.9466 train_time:10230ms step_avg:269.20ms
step:49/500 train_loss:6.1732 train_time:10500ms step_avg:269.23ms
step:50/500 train_loss:6.0465 train_time:10768ms step_avg:269.20ms
step:51/500 train_loss:6.1951 train_time:11037ms step_avg:269.20ms w_mean:1.000 w_std:0.425 w_min:0.488 w_max:1.950
step:52/500 train_loss:6.0637 train_time:11309ms step_avg:269.27ms
step:53/500 train_loss:5.9333 train_time:11575ms step_avg:269.18ms
step:54/500 train_loss:6.0202 train_time:11847ms step_avg:269.25ms
step:55/500 train_loss:5.9815 train_time:12114ms step_avg:269.19ms
step:56/500 train_loss:6.2330 train_time:12384ms step_avg:269.22ms
step:57/500 train_loss:5.9852 train_time:12652ms step_avg:269.20ms
step:58/500 train_loss:5.8209 train_time:12922ms step_avg:269.21ms
step:59/500 train_loss:6.0217 train_time:13191ms step_avg:269.20ms
step:60/500 train_loss:5.9175 train_time:13462ms step_avg:269.24ms
step:61/500 train_loss:6.0444 train_time:13732ms step_avg:269.25ms
step:62/500 train_loss:5.8277 train_time:14004ms step_avg:269.30ms
step:63/500 train_loss:5.9382 train_time:14272ms step_avg:269.29ms
step:64/500 train_loss:5.8926 train_time:14543ms step_avg:269.32ms
step:65/500 train_loss:5.8240 train_time:14815ms step_avg:269.37ms
step:66/500 train_loss:5.7340 train_time:15085ms step_avg:269.38ms
step:67/500 train_loss:5.9078 train_time:15353ms step_avg:269.35ms
step:68/500 train_loss:5.7569 train_time:15625ms step_avg:269.39ms
step:69/500 train_loss:6.0069 train_time:15895ms step_avg:269.41ms
step:70/500 train_loss:5.6771 train_time:16166ms step_avg:269.43ms
step:71/500 train_loss:5.7007 train_time:16436ms step_avg:269.43ms
step:72/500 train_loss:5.8936 train_time:16704ms step_avg:269.41ms
step:73/500 train_loss:5.8407 train_time:16974ms step_avg:269.43ms
step:74/500 train_loss:5.7412 train_time:17243ms step_avg:269.42ms
step:75/500 train_loss:5.8340 train_time:17516ms step_avg:269.48ms
step:76/500 train_loss:5.8111 train_time:17783ms step_avg:269.44ms
step:77/500 train_loss:5.7625 train_time:18054ms step_avg:269.46ms
step:78/500 train_loss:5.8668 train_time:18324ms step_avg:269.47ms
step:79/500 train_loss:5.8574 train_time:18596ms step_avg:269.50ms
step:80/500 train_loss:5.7515 train_time:18864ms step_avg:269.49ms
step:81/500 train_loss:5.8118 train_time:19134ms step_avg:269.49ms
step:82/500 train_loss:5.6105 train_time:19407ms step_avg:269.54ms
step:83/500 train_loss:5.7583 train_time:19679ms step_avg:269.58ms
step:84/500 train_loss:5.7353 train_time:19949ms step_avg:269.58ms
step:85/500 train_loss:5.7135 train_time:20220ms step_avg:269.61ms
step:86/500 train_loss:5.5351 train_time:20490ms step_avg:269.60ms
step:87/500 train_loss:5.7945 train_time:20760ms step_avg:269.61ms
step:88/500 train_loss:5.6368 train_time:21032ms step_avg:269.64ms
step:89/500 train_loss:5.7750 train_time:21302ms step_avg:269.64ms
step:90/500 train_loss:5.6801 train_time:21570ms step_avg:269.63ms
step:91/500 train_loss:5.6597 train_time:21841ms step_avg:269.65ms
step:92/500 train_loss:5.6170 train_time:22113ms step_avg:269.67ms
step:93/500 train_loss:5.7403 train_time:22383ms step_avg:269.68ms
step:94/500 train_loss:5.5692 train_time:22657ms step_avg:269.72ms
step:95/500 train_loss:5.5719 train_time:22929ms step_avg:269.75ms
step:96/500 train_loss:5.5857 train_time:23198ms step_avg:269.75ms
step:97/500 train_loss:5.5182 train_time:23469ms step_avg:269.76ms
step:98/500 train_loss:5.5764 train_time:23741ms step_avg:269.78ms
step:99/500 train_loss:5.5124 train_time:24013ms step_avg:269.80ms
step:100/500 train_loss:5.6105 train_time:24283ms step_avg:269.81ms
step:101/500 train_loss:5.6018 train_time:24554ms step_avg:269.82ms w_mean:1.000 w_std:0.441 w_min:0.487 w_max:1.947
step:102/500 train_loss:5.4792 train_time:24825ms step_avg:269.84ms
step:103/500 train_loss:5.6103 train_time:25096ms step_avg:269.85ms
step:104/500 train_loss:5.5426 train_time:25370ms step_avg:269.89ms
step:105/500 train_loss:5.4073 train_time:25645ms step_avg:269.95ms
step:106/500 train_loss:5.5036 train_time:25917ms step_avg:269.97ms
step:107/500 train_loss:5.6814 train_time:26186ms step_avg:269.96ms
step:108/500 train_loss:5.5185 train_time:26455ms step_avg:269.95ms
step:109/500 train_loss:5.2373 train_time:26730ms step_avg:270.00ms
step:110/500 train_loss:5.4734 train_time:27001ms step_avg:270.01ms
step:111/500 train_loss:5.4126 train_time:27271ms step_avg:270.01ms
step:112/500 train_loss:5.4228 train_time:27542ms step_avg:270.02ms
step:113/500 train_loss:5.4886 train_time:27816ms step_avg:270.05ms
step:114/500 train_loss:5.4404 train_time:28087ms step_avg:270.06ms
step:115/500 train_loss:5.2839 train_time:28353ms step_avg:270.03ms
step:116/500 train_loss:5.4615 train_time:28626ms step_avg:270.05ms
step:117/500 train_loss:5.3113 train_time:28896ms step_avg:270.05ms
step:118/500 train_loss:5.3109 train_time:29168ms step_avg:270.08ms
step:119/500 train_loss:5.4296 train_time:29439ms step_avg:270.08ms
step:120/500 train_loss:5.4069 train_time:29712ms step_avg:270.11ms
step:121/500 train_loss:5.3657 train_time:29981ms step_avg:270.10ms
step:122/500 train_loss:5.2163 train_time:30253ms step_avg:270.11ms
step:123/500 train_loss:5.3497 train_time:30524ms step_avg:270.13ms
step:124/500 train_loss:5.1916 train_time:30794ms step_avg:270.12ms
step:125/500 train_loss:5.5101 train_time:31065ms step_avg:270.13ms
step:125/500 val_loss:5.3157 train_time:31066ms step_avg:270.14ms
step:126/500 train_loss:5.3315 train_time:31338ms step_avg:270.16ms
step:127/500 train_loss:5.3413 train_time:31616ms step_avg:270.22ms
step:128/500 train_loss:5.3807 train_time:31890ms step_avg:270.26ms
step:129/500 train_loss:5.2649 train_time:32159ms step_avg:270.24ms
step:130/500 train_loss:5.4988 train_time:32426ms step_avg:270.22ms
step:131/500 train_loss:5.3281 train_time:32702ms step_avg:270.26ms
step:132/500 train_loss:5.2902 train_time:32974ms step_avg:270.27ms
step:133/500 train_loss:5.2594 train_time:33243ms step_avg:270.27ms
step:134/500 train_loss:5.2897 train_time:33514ms step_avg:270.27ms
step:135/500 train_loss:5.2265 train_time:33784ms step_avg:270.27ms
step:136/500 train_loss:5.2962 train_time:34057ms step_avg:270.29ms
step:137/500 train_loss:5.1059 train_time:34328ms step_avg:270.30ms
step:138/500 train_loss:5.2582 train_time:34601ms step_avg:270.32ms
step:139/500 train_loss:5.2100 train_time:34870ms step_avg:270.31ms
step:140/500 train_loss:5.2285 train_time:35144ms step_avg:270.33ms
step:141/500 train_loss:5.2525 train_time:35414ms step_avg:270.33ms
step:142/500 train_loss:5.1974 train_time:35684ms step_avg:270.34ms
step:143/500 train_loss:5.2421 train_time:35956ms step_avg:270.35ms
step:144/500 train_loss:5.1031 train_time:36228ms step_avg:270.36ms
step:145/500 train_loss:5.2136 train_time:36500ms step_avg:270.37ms
step:146/500 train_loss:5.1784 train_time:36770ms step_avg:270.37ms
step:147/500 train_loss:5.0663 train_time:37042ms step_avg:270.38ms
step:148/500 train_loss:5.2116 train_time:37315ms step_avg:270.40ms
step:149/500 train_loss:5.1642 train_time:37588ms step_avg:270.41ms
step:150/500 train_loss:5.2404 train_time:37859ms step_avg:270.42ms
step:151/500 train_loss:5.2293 train_time:38130ms step_avg:270.43ms w_mean:1.000 w_std:0.465 w_min:0.485 w_max:1.941
step:152/500 train_loss:5.1876 train_time:38404ms step_avg:270.45ms
step:153/500 train_loss:5.1265 train_time:38673ms step_avg:270.44ms
step:154/500 train_loss:5.2244 train_time:38946ms step_avg:270.46ms
step:155/500 train_loss:5.1461 train_time:39220ms step_avg:270.48ms
step:156/500 train_loss:5.1411 train_time:39491ms step_avg:270.49ms
step:157/500 train_loss:5.1567 train_time:39761ms step_avg:270.48ms
step:158/500 train_loss:5.2574 train_time:40031ms step_avg:270.48ms
step:159/500 train_loss:5.0894 train_time:40305ms step_avg:270.51ms
step:160/500 train_loss:5.1037 train_time:40576ms step_avg:270.51ms
step:161/500 train_loss:5.0070 train_time:40846ms step_avg:270.50ms
step:162/500 train_loss:5.1095 train_time:41119ms step_avg:270.52ms
step:163/500 train_loss:5.1820 train_time:41392ms step_avg:270.54ms
step:164/500 train_loss:5.1379 train_time:41661ms step_avg:270.53ms
step:165/500 train_loss:5.0038 train_time:41931ms step_avg:270.52ms
step:166/500 train_loss:5.0747 train_time:42204ms step_avg:270.54ms
step:167/500 train_loss:5.2588 train_time:42474ms step_avg:270.53ms
step:168/500 train_loss:5.0247 train_time:42745ms step_avg:270.54ms
step:169/500 train_loss:5.1196 train_time:43017ms step_avg:270.55ms
step:170/500 train_loss:4.9707 train_time:43290ms step_avg:270.56ms
step:171/500 train_loss:4.9530 train_time:43562ms step_avg:270.57ms
step:172/500 train_loss:5.0269 train_time:43833ms step_avg:270.57ms
step:173/500 train_loss:5.0120 train_time:44105ms step_avg:270.58ms
step:174/500 train_loss:5.0589 train_time:44377ms step_avg:270.59ms
step:175/500 train_loss:5.1971 train_time:44645ms step_avg:270.57ms
step:176/500 train_loss:5.0836 train_time:44916ms step_avg:270.58ms
step:177/500 train_loss:4.9355 train_time:45189ms step_avg:270.59ms
step:178/500 train_loss:4.9038 train_time:45462ms step_avg:270.61ms
step:179/500 train_loss:4.9543 train_time:45733ms step_avg:270.61ms
step:180/500 train_loss:4.9855 train_time:46005ms step_avg:270.62ms
step:181/500 train_loss:4.9753 train_time:46276ms step_avg:270.62ms
step:182/500 train_loss:5.0830 train_time:46545ms step_avg:270.61ms
step:183/500 train_loss:4.9763 train_time:46819ms step_avg:270.63ms
step:184/500 train_loss:4.9143 train_time:47091ms step_avg:270.64ms
step:185/500 train_loss:4.9271 train_time:47361ms step_avg:270.64ms
step:186/500 train_loss:5.0776 train_time:47633ms step_avg:270.64ms
step:187/500 train_loss:4.9244 train_time:47907ms step_avg:270.66ms
step:188/500 train_loss:5.1776 train_time:48178ms step_avg:270.66ms
step:189/500 train_loss:4.9683 train_time:48704ms step_avg:272.09ms
step:190/500 train_loss:4.9121 train_time:49247ms step_avg:273.59ms
step:191/500 train_loss:5.0418 train_time:49514ms step_avg:273.56ms
step:192/500 train_loss:4.9048 train_time:49781ms step_avg:273.52ms
step:193/500 train_loss:4.8139 train_time:50046ms step_avg:273.48ms
step:194/500 train_loss:5.0189 train_time:50326ms step_avg:273.51ms
step:195/500 train_loss:4.9560 train_time:50599ms step_avg:273.51ms
step:196/500 train_loss:5.1316 train_time:50866ms step_avg:273.47ms
step:197/500 train_loss:5.0286 train_time:51136ms step_avg:273.46ms
step:198/500 train_loss:4.8790 train_time:51411ms step_avg:273.46ms
step:199/500 train_loss:4.9184 train_time:51683ms step_avg:273.45ms
step:200/500 train_loss:4.8148 train_time:51951ms step_avg:273.42ms
step:201/500 train_loss:4.8976 train_time:52221ms step_avg:273.41ms w_mean:1.000 w_std:0.471 w_min:0.486 w_max:1.943
step:202/500 train_loss:4.8180 train_time:52494ms step_avg:273.41ms
step:203/500 train_loss:5.0278 train_time:52765ms step_avg:273.39ms
step:204/500 train_loss:4.9602 train_time:53033ms step_avg:273.37ms
step:205/500 train_loss:4.9038 train_time:53305ms step_avg:273.36ms
step:206/500 train_loss:5.0693 train_time:53577ms step_avg:273.35ms
step:207/500 train_loss:4.7411 train_time:53846ms step_avg:273.33ms
step:208/500 train_loss:4.8980 train_time:54117ms step_avg:273.32ms
step:209/500 train_loss:4.8530 train_time:54387ms step_avg:273.30ms
step:210/500 train_loss:5.0039 train_time:54660ms step_avg:273.30ms
step:211/500 train_loss:4.9464 train_time:54932ms step_avg:273.29ms
step:212/500 train_loss:4.8175 train_time:55202ms step_avg:273.28ms
step:213/500 train_loss:4.9548 train_time:55474ms step_avg:273.27ms
step:214/500 train_loss:4.7911 train_time:55746ms step_avg:273.26ms
step:215/500 train_loss:4.8855 train_time:56019ms step_avg:273.26ms
step:216/500 train_loss:4.7585 train_time:56289ms step_avg:273.25ms
step:217/500 train_loss:4.8654 train_time:56560ms step_avg:273.24ms
step:218/500 train_loss:4.8435 train_time:56832ms step_avg:273.23ms
step:219/500 train_loss:4.8190 train_time:57104ms step_avg:273.23ms
step:220/500 train_loss:4.8333 train_time:57373ms step_avg:273.20ms
step:221/500 train_loss:4.8631 train_time:57644ms step_avg:273.19ms
step:222/500 train_loss:4.8834 train_time:57916ms step_avg:273.19ms
step:223/500 train_loss:4.8441 train_time:58187ms step_avg:273.18ms
step:224/500 train_loss:4.8320 train_time:58459ms step_avg:273.17ms
step:225/500 train_loss:4.9650 train_time:58731ms step_avg:273.17ms
step:226/500 train_loss:4.6877 train_time:59004ms step_avg:273.17ms
step:227/500 train_loss:4.7559 train_time:59276ms step_avg:273.16ms
step:228/500 train_loss:4.7177 train_time:59544ms step_avg:273.14ms
step:229/500 train_loss:4.8929 train_time:59817ms step_avg:273.14ms
step:230/500 train_loss:4.7221 train_time:60093ms step_avg:273.15ms
step:231/500 train_loss:4.8664 train_time:60364ms step_avg:273.14ms
step:232/500 train_loss:4.7429 train_time:60634ms step_avg:273.13ms
step:233/500 train_loss:4.7014 train_time:60904ms step_avg:273.11ms
step:234/500 train_loss:4.9017 train_time:61178ms step_avg:273.12ms
step:235/500 train_loss:4.7367 train_time:61448ms step_avg:273.10ms
step:236/500 train_loss:4.6801 train_time:61720ms step_avg:273.10ms
step:237/500 train_loss:4.9218 train_time:61991ms step_avg:273.09ms
step:238/500 train_loss:4.8046 train_time:62262ms step_avg:273.08ms
step:239/500 train_loss:4.7378 train_time:62534ms step_avg:273.08ms
step:240/500 train_loss:4.8540 train_time:62807ms step_avg:273.07ms
step:241/500 train_loss:4.8535 train_time:63079ms step_avg:273.07ms
step:242/500 train_loss:4.7496 train_time:63346ms step_avg:273.04ms
step:243/500 train_loss:4.9093 train_time:63620ms step_avg:273.05ms
step:244/500 train_loss:4.7361 train_time:63892ms step_avg:273.04ms
step:245/500 train_loss:4.7733 train_time:64161ms step_avg:273.03ms
step:246/500 train_loss:4.8171 train_time:64434ms step_avg:273.03ms
step:247/500 train_loss:4.7891 train_time:64711ms step_avg:273.04ms
step:248/500 train_loss:4.7363 train_time:64982ms step_avg:273.03ms
step:249/500 train_loss:4.9098 train_time:65251ms step_avg:273.01ms
step:250/500 train_loss:4.6451 train_time:65523ms step_avg:273.01ms
step:250/500 val_loss:4.7474 train_time:65524ms step_avg:273.02ms
step:251/500 train_loss:4.6850 train_time:65795ms step_avg:273.01ms w_mean:1.000 w_std:0.481 w_min:0.485 w_max:1.942
step:252/500 train_loss:4.8067 train_time:66069ms step_avg:273.01ms
step:253/500 train_loss:4.8057 train_time:66344ms step_avg:273.02ms
step:254/500 train_loss:4.6915 train_time:66613ms step_avg:273.00ms
step:255/500 train_loss:4.6930 train_time:66883ms step_avg:272.99ms
step:256/500 train_loss:4.8180 train_time:67153ms step_avg:272.98ms
step:257/500 train_loss:4.7792 train_time:67427ms step_avg:272.98ms
step:258/500 train_loss:4.7519 train_time:67697ms step_avg:272.97ms
step:259/500 train_loss:4.6982 train_time:67965ms step_avg:272.95ms
step:260/500 train_loss:4.6944 train_time:68235ms step_avg:272.94ms
step:261/500 train_loss:4.7787 train_time:68515ms step_avg:272.97ms
step:262/500 train_loss:4.7593 train_time:68784ms step_avg:272.95ms
step:263/500 train_loss:4.6899 train_time:69054ms step_avg:272.94ms
step:264/500 train_loss:4.6312 train_time:69324ms step_avg:272.93ms
step:265/500 train_loss:4.6875 train_time:69596ms step_avg:272.92ms
step:266/500 train_loss:4.5604 train_time:69867ms step_avg:272.92ms
step:267/500 train_loss:4.5968 train_time:70138ms step_avg:272.91ms
step:268/500 train_loss:4.6513 train_time:70411ms step_avg:272.91ms
step:269/500 train_loss:4.5946 train_time:70684ms step_avg:272.91ms
step:270/500 train_loss:4.5841 train_time:70953ms step_avg:272.90ms
step:271/500 train_loss:4.7741 train_time:71222ms step_avg:272.88ms
step:272/500 train_loss:4.7259 train_time:71495ms step_avg:272.88ms
step:273/500 train_loss:4.5813 train_time:71767ms step_avg:272.88ms
step:274/500 train_loss:4.6393 train_time:72035ms step_avg:272.86ms
step:275/500 train_loss:4.7381 train_time:72309ms step_avg:272.87ms
step:276/500 train_loss:4.7566 train_time:72582ms step_avg:272.87ms
step:277/500 train_loss:4.9465 train_time:72852ms step_avg:272.86ms
step:278/500 train_loss:4.6969 train_time:73122ms step_avg:272.84ms
step:279/500 train_loss:4.8361 train_time:73396ms step_avg:272.85ms
step:280/500 train_loss:4.6659 train_time:73668ms step_avg:272.84ms
step:281/500 train_loss:4.7559 train_time:73938ms step_avg:272.83ms
step:282/500 train_loss:4.6292 train_time:74211ms step_avg:272.84ms
step:283/500 train_loss:4.7517 train_time:74484ms step_avg:272.84ms
step:284/500 train_loss:4.5738 train_time:74753ms step_avg:272.82ms
step:285/500 train_loss:4.7395 train_time:75025ms step_avg:272.82ms
step:286/500 train_loss:4.7246 train_time:75296ms step_avg:272.81ms
step:287/500 train_loss:4.7594 train_time:75569ms step_avg:272.81ms
step:288/500 train_loss:4.6162 train_time:75836ms step_avg:272.79ms
step:289/500 train_loss:4.6855 train_time:76109ms step_avg:272.79ms
step:290/500 train_loss:4.5438 train_time:76384ms step_avg:272.80ms
step:291/500 train_loss:4.5529 train_time:76655ms step_avg:272.79ms
step:292/500 train_loss:4.6692 train_time:76925ms step_avg:272.78ms
step:293/500 train_loss:4.5727 train_time:77195ms step_avg:272.78ms
step:294/500 train_loss:4.6019 train_time:77467ms step_avg:272.77ms
step:295/500 train_loss:4.6417 train_time:77738ms step_avg:272.76ms
step:296/500 train_loss:4.5073 train_time:78012ms step_avg:272.77ms
step:297/500 train_loss:4.5025 train_time:78285ms step_avg:272.77ms
step:298/500 train_loss:4.5300 train_time:78554ms step_avg:272.76ms
step:299/500 train_loss:4.6116 train_time:78828ms step_avg:272.76ms
step:300/500 train_loss:4.5202 train_time:79099ms step_avg:272.76ms
step:301/500 train_loss:4.6697 train_time:79370ms step_avg:272.75ms w_mean:1.000 w_std:0.483 w_min:0.486 w_max:1.942
step:302/500 train_loss:4.6537 train_time:79640ms step_avg:272.74ms
step:303/500 train_loss:4.5726 train_time:79913ms step_avg:272.74ms
step:304/500 train_loss:4.6392 train_time:80187ms step_avg:272.74ms
step:305/500 train_loss:4.6210 train_time:80455ms step_avg:272.73ms
step:306/500 train_loss:5.0748 train_time:80731ms step_avg:272.74ms
step:307/500 train_loss:4.5836 train_time:81003ms step_avg:272.74ms
step:308/500 train_loss:4.4954 train_time:81275ms step_avg:272.73ms
step:309/500 train_loss:4.6624 train_time:81549ms step_avg:272.74ms
step:310/500 train_loss:4.4868 train_time:81820ms step_avg:272.73ms
step:311/500 train_loss:4.7013 train_time:82093ms step_avg:272.73ms
step:312/500 train_loss:4.6305 train_time:82362ms step_avg:272.72ms
step:313/500 train_loss:4.5262 train_time:82635ms step_avg:272.72ms
step:314/500 train_loss:4.6564 train_time:82909ms step_avg:272.73ms
step:315/500 train_loss:4.7685 train_time:83181ms step_avg:272.72ms
step:316/500 train_loss:4.6203 train_time:83450ms step_avg:272.71ms
step:317/500 train_loss:4.5046 train_time:83721ms step_avg:272.71ms
step:318/500 train_loss:4.5297 train_time:83995ms step_avg:272.71ms
step:319/500 train_loss:4.5454 train_time:84265ms step_avg:272.70ms
step:320/500 train_loss:4.4995 train_time:84534ms step_avg:272.69ms
step:321/500 train_loss:4.5955 train_time:84809ms step_avg:272.70ms
step:322/500 train_loss:4.5878 train_time:85078ms step_avg:272.68ms
step:323/500 train_loss:4.5572 train_time:85352ms step_avg:272.69ms
step:324/500 train_loss:4.6292 train_time:85622ms step_avg:272.68ms
step:325/500 train_loss:4.6211 train_time:85895ms step_avg:272.68ms
step:326/500 train_loss:4.6816 train_time:86166ms step_avg:272.68ms
step:327/500 train_loss:4.5339 train_time:86436ms step_avg:272.67ms
step:328/500 train_loss:4.9622 train_time:86709ms step_avg:272.67ms
step:329/500 train_loss:4.6874 train_time:86982ms step_avg:272.67ms
step:330/500 train_loss:4.4963 train_time:87252ms step_avg:272.66ms
step:331/500 train_loss:4.4441 train_time:87524ms step_avg:272.66ms
step:332/500 train_loss:4.5985 train_time:87797ms step_avg:272.66ms
step:333/500 train_loss:4.5303 train_time:88067ms step_avg:272.65ms
step:334/500 train_loss:4.5070 train_time:88337ms step_avg:272.65ms
step:335/500 train_loss:4.4797 train_time:88610ms step_avg:272.65ms
step:336/500 train_loss:4.6447 train_time:88884ms step_avg:272.65ms
step:337/500 train_loss:4.6028 train_time:89155ms step_avg:272.64ms
step:338/500 train_loss:5.0976 train_time:89429ms step_avg:272.65ms
step:339/500 train_loss:4.5765 train_time:89697ms step_avg:272.64ms
step:340/500 train_loss:4.5259 train_time:89969ms step_avg:272.63ms
step:341/500 train_loss:4.5289 train_time:90240ms step_avg:272.63ms
step:342/500 train_loss:4.4610 train_time:90513ms step_avg:272.63ms
step:343/500 train_loss:4.4500 train_time:90786ms step_avg:272.63ms
step:344/500 train_loss:4.5053 train_time:91056ms step_avg:272.62ms
step:345/500 train_loss:4.5956 train_time:91329ms step_avg:272.63ms
step:346/500 train_loss:4.4795 train_time:91605ms step_avg:272.63ms
step:347/500 train_loss:4.4351 train_time:91876ms step_avg:272.63ms
step:348/500 train_loss:4.4744 train_time:92150ms step_avg:272.63ms
step:349/500 train_loss:4.4837 train_time:92422ms step_avg:272.63ms
step:350/500 train_loss:4.4224 train_time:92695ms step_avg:272.63ms
step:351/500 train_loss:4.1279 train_time:92966ms step_avg:272.63ms w_mean:1.000 w_std:0.493 w_min:0.490 w_max:1.959
step:352/500 train_loss:4.3998 train_time:93236ms step_avg:272.62ms
step:353/500 train_loss:4.7245 train_time:93509ms step_avg:272.62ms
step:354/500 train_loss:4.2868 train_time:93781ms step_avg:272.62ms
step:355/500 train_loss:4.5160 train_time:94053ms step_avg:272.62ms
step:356/500 train_loss:4.4286 train_time:94322ms step_avg:272.61ms
step:357/500 train_loss:4.5171 train_time:94595ms step_avg:272.61ms
step:358/500 train_loss:4.5237 train_time:94865ms step_avg:272.60ms
step:359/500 train_loss:4.4355 train_time:95138ms step_avg:272.60ms
step:360/500 train_loss:4.7016 train_time:95412ms step_avg:272.60ms
step:361/500 train_loss:4.1849 train_time:95685ms step_avg:272.61ms
step:362/500 train_loss:4.6372 train_time:95952ms step_avg:272.59ms
step:363/500 train_loss:4.5408 train_time:96227ms step_avg:272.60ms
step:364/500 train_loss:4.4359 train_time:96502ms step_avg:272.61ms
step:365/500 train_loss:4.3780 train_time:96774ms step_avg:272.60ms
step:366/500 train_loss:4.5254 train_time:97044ms step_avg:272.60ms
step:367/500 train_loss:4.4606 train_time:97317ms step_avg:272.60ms
step:368/500 train_loss:4.4429 train_time:97591ms step_avg:272.60ms
step:369/500 train_loss:4.4462 train_time:97861ms step_avg:272.59ms
step:370/500 train_loss:4.3549 train_time:98133ms step_avg:272.59ms
step:371/500 train_loss:4.4857 train_time:98406ms step_avg:272.59ms
step:372/500 train_loss:4.4228 train_time:98677ms step_avg:272.59ms
step:373/500 train_loss:4.3015 train_time:98951ms step_avg:272.59ms
step:374/500 train_loss:4.4910 train_time:99220ms step_avg:272.58ms
step:375/500 train_loss:4.4356 train_time:99494ms step_avg:272.59ms
step:375/500 val_loss:4.4399 train_time:99495ms step_avg:272.59ms
step:376/500 train_loss:4.4196 train_time:99767ms step_avg:272.59ms
step:377/500 train_loss:4.4924 train_time:100044ms step_avg:272.60ms
step:378/500 train_loss:4.3820 train_time:100566ms step_avg:273.28ms
step:379/500 train_loss:4.4235 train_time:100835ms step_avg:273.27ms
step:380/500 train_loss:4.5074 train_time:101364ms step_avg:273.96ms
step:381/500 train_loss:4.5219 train_time:101631ms step_avg:273.94ms
step:382/500 train_loss:4.4715 train_time:101896ms step_avg:273.91ms
step:383/500 train_loss:4.4541 train_time:102164ms step_avg:273.90ms
step:384/500 train_loss:4.3663 train_time:102446ms step_avg:273.92ms
step:385/500 train_loss:4.4686 train_time:102719ms step_avg:273.92ms
step:386/500 train_loss:4.3755 train_time:102986ms step_avg:273.90ms
step:387/500 train_loss:4.4980 train_time:103254ms step_avg:273.88ms
step:388/500 train_loss:4.6914 train_time:103525ms step_avg:273.88ms
step:389/500 train_loss:4.3994 train_time:103804ms step_avg:273.89ms
step:390/500 train_loss:4.3675 train_time:104073ms step_avg:273.88ms
step:391/500 train_loss:4.4760 train_time:104343ms step_avg:273.87ms
step:392/500 train_loss:4.4093 train_time:104616ms step_avg:273.86ms
step:393/500 train_loss:4.5028 train_time:104887ms step_avg:273.86ms
step:394/500 train_loss:4.3399 train_time:105163ms step_avg:273.86ms
step:395/500 train_loss:4.4729 train_time:105431ms step_avg:273.85ms
step:396/500 train_loss:4.2582 train_time:105704ms step_avg:273.85ms
step:397/500 train_loss:4.4166 train_time:105974ms step_avg:273.83ms
step:398/500 train_loss:4.5051 train_time:106246ms step_avg:273.83ms
step:399/500 train_loss:4.4426 train_time:106520ms step_avg:273.83ms
step:400/500 train_loss:4.3871 train_time:106791ms step_avg:273.82ms
step:401/500 train_loss:4.4426 train_time:107061ms step_avg:273.81ms w_mean:1.000 w_std:0.492 w_min:0.485 w_max:1.941
step:402/500 train_loss:4.4839 train_time:107332ms step_avg:273.81ms
step:403/500 train_loss:4.4579 train_time:107605ms step_avg:273.80ms
step:404/500 train_loss:4.5377 train_time:107875ms step_avg:273.79ms
step:405/500 train_loss:4.3168 train_time:108146ms step_avg:273.79ms
step:406/500 train_loss:4.3742 train_time:108418ms step_avg:273.78ms
step:407/500 train_loss:4.6325 train_time:108691ms step_avg:273.78ms
step:408/500 train_loss:4.4181 train_time:108960ms step_avg:273.77ms
step:409/500 train_loss:4.4073 train_time:109231ms step_avg:273.76ms
step:410/500 train_loss:4.4555 train_time:109505ms step_avg:273.76ms
step:411/500 train_loss:4.3452 train_time:109777ms step_avg:273.76ms
step:412/500 train_loss:4.3572 train_time:110048ms step_avg:273.75ms
step:413/500 train_loss:4.7582 train_time:110322ms step_avg:273.75ms
step:414/500 train_loss:4.2407 train_time:110596ms step_avg:273.75ms
step:415/500 train_loss:4.5799 train_time:110864ms step_avg:273.74ms
step:416/500 train_loss:4.3698 train_time:111136ms step_avg:273.73ms
step:417/500 train_loss:4.3566 train_time:111406ms step_avg:273.72ms
step:418/500 train_loss:4.5345 train_time:111677ms step_avg:273.72ms
step:419/500 train_loss:4.2793 train_time:111947ms step_avg:273.71ms
step:420/500 train_loss:4.3786 train_time:112215ms step_avg:273.70ms
step:421/500 train_loss:4.3540 train_time:112487ms step_avg:273.69ms
step:422/500 train_loss:4.2483 train_time:112761ms step_avg:273.69ms
step:423/500 train_loss:4.3525 train_time:113033ms step_avg:273.69ms
step:424/500 train_loss:4.4515 train_time:113303ms step_avg:273.68ms
step:425/500 train_loss:4.2607 train_time:113573ms step_avg:273.67ms
step:426/500 train_loss:4.4342 train_time:113846ms step_avg:273.67ms
step:427/500 train_loss:4.3053 train_time:114119ms step_avg:273.67ms
step:428/500 train_loss:4.4678 train_time:114387ms step_avg:273.65ms
step:429/500 train_loss:4.4347 train_time:114660ms step_avg:273.65ms
step:430/500 train_loss:4.3443 train_time:114931ms step_avg:273.65ms
step:431/500 train_loss:4.3258 train_time:115205ms step_avg:273.65ms
step:432/500 train_loss:4.2694 train_time:115474ms step_avg:273.63ms
step:433/500 train_loss:4.3611 train_time:115745ms step_avg:273.63ms
step:434/500 train_loss:4.4336 train_time:116018ms step_avg:273.63ms
step:435/500 train_loss:4.3591 train_time:116288ms step_avg:273.62ms
step:436/500 train_loss:4.4100 train_time:116562ms step_avg:273.62ms
step:437/500 train_loss:4.4220 train_time:116831ms step_avg:273.61ms
step:438/500 train_loss:4.3096 train_time:117104ms step_avg:273.61ms
step:439/500 train_loss:4.3259 train_time:117374ms step_avg:273.60ms
step:440/500 train_loss:4.2772 train_time:117646ms step_avg:273.60ms
step:441/500 train_loss:4.4687 train_time:117923ms step_avg:273.60ms
step:442/500 train_loss:4.3789 train_time:118187ms step_avg:273.58ms
step:443/500 train_loss:4.3530 train_time:118461ms step_avg:273.58ms
step:444/500 train_loss:4.2556 train_time:118734ms step_avg:273.58ms
step:445/500 train_loss:4.4860 train_time:119006ms step_avg:273.58ms
step:446/500 train_loss:4.4284 train_time:119276ms step_avg:273.57ms
step:447/500 train_loss:4.4241 train_time:119546ms step_avg:273.56ms
step:448/500 train_loss:4.3444 train_time:119820ms step_avg:273.56ms
step:449/500 train_loss:4.4229 train_time:120089ms step_avg:273.55ms
step:450/500 train_loss:4.2660 train_time:120362ms step_avg:273.55ms
step:451/500 train_loss:4.3127 train_time:120631ms step_avg:273.54ms w_mean:1.000 w_std:0.494 w_min:0.487 w_max:1.947
step:452/500 train_loss:4.2007 train_time:120904ms step_avg:273.54ms
step:453/500 train_loss:4.2999 train_time:121176ms step_avg:273.53ms
step:454/500 train_loss:4.2832 train_time:121445ms step_avg:273.53ms
step:455/500 train_loss:4.2551 train_time:121716ms step_avg:273.52ms
step:456/500 train_loss:4.4455 train_time:121986ms step_avg:273.51ms
step:457/500 train_loss:4.3113 train_time:122260ms step_avg:273.51ms
step:458/500 train_loss:4.3949 train_time:122530ms step_avg:273.50ms
step:459/500 train_loss:4.4327 train_time:122803ms step_avg:273.50ms
step:460/500 train_loss:4.2370 train_time:123072ms step_avg:273.49ms
step:461/500 train_loss:4.4063 train_time:123344ms step_avg:273.49ms
step:462/500 train_loss:4.3079 train_time:123616ms step_avg:273.49ms
step:463/500 train_loss:4.2950 train_time:123885ms step_avg:273.48ms
step:464/500 train_loss:4.3837 train_time:124158ms step_avg:273.47ms
step:465/500 train_loss:4.3183 train_time:124428ms step_avg:273.47ms
step:466/500 train_loss:4.3161 train_time:124702ms step_avg:273.47ms
step:467/500 train_loss:4.4361 train_time:124971ms step_avg:273.46ms
step:468/500 train_loss:4.4308 train_time:125243ms step_avg:273.46ms
step:469/500 train_loss:4.4027 train_time:125514ms step_avg:273.45ms
step:470/500 train_loss:4.3123 train_time:125788ms step_avg:273.45ms
step:471/500 train_loss:4.4029 train_time:126061ms step_avg:273.45ms
step:472/500 train_loss:4.4514 train_time:126330ms step_avg:273.44ms
step:473/500 train_loss:4.3632 train_time:126604ms step_avg:273.44ms
step:474/500 train_loss:4.3298 train_time:126873ms step_avg:273.43ms
step:475/500 train_loss:4.2160 train_time:127144ms step_avg:273.43ms
step:476/500 train_loss:4.6168 train_time:127413ms step_avg:273.42ms
step:477/500 train_loss:4.3818 train_time:127685ms step_avg:273.42ms
step:478/500 train_loss:4.1966 train_time:127958ms step_avg:273.42ms
step:479/500 train_loss:4.3927 train_time:128227ms step_avg:273.40ms
step:480/500 train_loss:4.3781 train_time:128498ms step_avg:273.40ms
step:481/500 train_loss:4.4979 train_time:128769ms step_avg:273.39ms
step:482/500 train_loss:4.3352 train_time:129042ms step_avg:273.39ms
step:483/500 train_loss:4.1645 train_time:129312ms step_avg:273.39ms
step:484/500 train_loss:4.4215 train_time:129584ms step_avg:273.38ms
step:485/500 train_loss:4.2732 train_time:129856ms step_avg:273.38ms
step:486/500 train_loss:4.2978 train_time:130132ms step_avg:273.39ms
step:487/500 train_loss:4.2497 train_time:130405ms step_avg:273.39ms
step:488/500 train_loss:4.2711 train_time:130675ms step_avg:273.38ms
step:489/500 train_loss:4.4692 train_time:130947ms step_avg:273.38ms
step:490/500 train_loss:4.3383 train_time:131221ms step_avg:273.38ms
step:491/500 train_loss:4.2311 train_time:131492ms step_avg:273.37ms
step:492/500 train_loss:4.2479 train_time:131763ms step_avg:273.37ms
step:493/500 train_loss:4.3550 train_time:132034ms step_avg:273.36ms
step:494/500 train_loss:4.1996 train_time:132306ms step_avg:273.36ms
step:495/500 train_loss:4.3512 train_time:132576ms step_avg:273.35ms
step:496/500 train_loss:4.2700 train_time:132845ms step_avg:273.34ms
step:497/500 train_loss:4.2131 train_time:133115ms step_avg:273.34ms
step:498/500 train_loss:4.3493 train_time:133386ms step_avg:273.33ms
step:499/500 train_loss:4.4328 train_time:133660ms step_avg:273.33ms
step:500/500 train_loss:4.4799 train_time:133928ms step_avg:273.32ms
step:500/500 val_loss:4.3380 train_time:133929ms step_avg:273.33ms
peak memory consumption: 30603 MiB
