Command: torchrun --nproc_per_node=8 train_tw.py --seed=123 --num_iterations=500 --val_loss_every=125 --tw_enabled --tw_function=sqrt --tw_clamp_min=0.7 --tw_clamp_max=1.5 --tw_schedule=constant --tw_warmup_steps=1000 --tw_anneal_final=0.3 --tw_cyclical_period=500 --tw_focal_gamma=2.0 --tw_log_every=50 --tw_log_weights
Started: 2025-12-09T21:22:15.464192
============================================================

W1209 21:22:16.604000 62285 torch/distributed/run.py:774] 
W1209 21:22:16.604000 62285 torch/distributed/run.py:774] *****************************************
W1209 21:22:16.604000 62285 torch/distributed/run.py:774] Setting OMP_NUM_THREADS environment variable for each process to be 1 in default, to avoid your system being overloaded, please further tune the variable for optimal performance in your application as needed. 
W1209 21:22:16.604000 62285 torch/distributed/run.py:774] *****************************************
/root/ese-3060-project/tw_nano_experiments/train_tw.py:218: SyntaxWarning: invalid escape sequence '\s'
  """
/root/ese-3060-project/tw_nano_experiments/train_tw.py/root/ese-3060-project/tw_nano_experiments/train_tw.py:218: SyntaxWarning: invalid escape sequence '\s'
:218: SyntaxWarning: invalid escape sequence '\s'
    """
"""
/root/ese-3060-project/tw_nano_experiments/train_tw.py:218: SyntaxWarning: invalid escape sequence '\s'
  """
/root/ese-3060-project/tw_nano_experiments/train_tw.py:218: SyntaxWarning: invalid escape sequence '\s'
  """
/root/ese-3060-project/tw_nano_experiments/train_tw.py:218: SyntaxWarning: invalid escape sequence '\s'
  """
/root/ese-3060-project/tw_nano_experiments/train_tw.py:218: SyntaxWarning: invalid escape sequence '\s'
  """
/root/ese-3060-project/tw_nano_experiments/train_tw.py:218: SyntaxWarning: invalid escape sequence '\s'
  """
using device: cuda:3
using device: cuda:2
using device: cuda:0
Random seed set to 123 (deterministic=False)
using device: cuda:6
using device: cuda:1
using device: cuda:5
using device: cuda:7
using device: cuda:4
Training DataLoader: total number of tokens: 900000000 across 9 files
Validation DataLoader: total number of tokens: 100000000 across 1 files
Token Weighting: ENABLED
  function=sqrt, clamp=[0.7, 1.5], schedule=constant
step:0/500 val_loss:16.0073 train_time:284ms step_avg:nanms
step:1/500 train_loss:15.9981 train_time:52445ms step_avg:nanms w_mean:1.000 w_std:0.021 w_min:0.700 w_max:1.075
step:2/500 train_loss:9.3703 train_time:53041ms step_avg:nanms
step:3/500 train_loss:8.9866 train_time:53327ms step_avg:nanms
step:4/500 train_loss:8.6961 train_time:53608ms step_avg:nanms
step:5/500 train_loss:8.1305 train_time:53891ms step_avg:nanms
step:6/500 train_loss:7.7092 train_time:54174ms step_avg:nanms
step:7/500 train_loss:7.3903 train_time:54457ms step_avg:nanms
step:8/500 train_loss:7.5239 train_time:54741ms step_avg:nanms
step:9/500 train_loss:7.2731 train_time:55025ms step_avg:nanms
step:10/500 train_loss:7.0562 train_time:55307ms step_avg:nanms
step:11/500 train_loss:7.0576 train_time:282ms step_avg:nanms
step:12/500 train_loss:7.0223 train_time:564ms step_avg:nanms
step:13/500 train_loss:6.8184 train_time:847ms step_avg:282.45ms
step:14/500 train_loss:6.8396 train_time:1130ms step_avg:282.52ms
step:15/500 train_loss:6.7927 train_time:1413ms step_avg:282.70ms
step:16/500 train_loss:6.7381 train_time:1697ms step_avg:282.80ms
step:17/500 train_loss:6.7273 train_time:1981ms step_avg:283.01ms
step:18/500 train_loss:6.7749 train_time:2263ms step_avg:282.93ms
step:19/500 train_loss:6.5829 train_time:2546ms step_avg:282.92ms
step:20/500 train_loss:6.5999 train_time:2830ms step_avg:282.99ms
step:21/500 train_loss:6.2637 train_time:3114ms step_avg:283.11ms
step:22/500 train_loss:6.6406 train_time:3398ms step_avg:283.14ms
step:23/500 train_loss:6.8780 train_time:3679ms step_avg:283.01ms
step:24/500 train_loss:6.5138 train_time:3970ms step_avg:283.57ms
step:25/500 train_loss:6.6306 train_time:4256ms step_avg:283.71ms
step:26/500 train_loss:6.3558 train_time:4539ms step_avg:283.70ms
step:27/500 train_loss:6.2963 train_time:4822ms step_avg:283.63ms
step:28/500 train_loss:6.4343 train_time:5105ms step_avg:283.63ms
step:29/500 train_loss:6.1190 train_time:5391ms step_avg:283.73ms
step:30/500 train_loss:6.3781 train_time:5675ms step_avg:283.74ms
step:31/500 train_loss:6.2481 train_time:5959ms step_avg:283.76ms
step:32/500 train_loss:6.1976 train_time:6242ms step_avg:283.74ms
step:33/500 train_loss:6.0245 train_time:6525ms step_avg:283.68ms
step:34/500 train_loss:6.3522 train_time:6808ms step_avg:283.66ms
step:35/500 train_loss:6.2598 train_time:7092ms step_avg:283.68ms
step:36/500 train_loss:6.4121 train_time:7377ms step_avg:283.72ms
step:37/500 train_loss:6.3357 train_time:7662ms step_avg:283.76ms
step:38/500 train_loss:6.2323 train_time:7945ms step_avg:283.74ms
step:39/500 train_loss:6.1176 train_time:8228ms step_avg:283.72ms
step:40/500 train_loss:6.1807 train_time:8513ms step_avg:283.78ms
step:41/500 train_loss:6.0769 train_time:8800ms step_avg:283.87ms
step:42/500 train_loss:6.1195 train_time:9084ms step_avg:283.86ms
step:43/500 train_loss:5.9830 train_time:9366ms step_avg:283.83ms
step:44/500 train_loss:6.0734 train_time:9650ms step_avg:283.82ms
step:45/500 train_loss:6.0603 train_time:9935ms step_avg:283.85ms
step:46/500 train_loss:6.2403 train_time:10221ms step_avg:283.91ms
step:47/500 train_loss:6.0470 train_time:10504ms step_avg:283.90ms
step:48/500 train_loss:5.8907 train_time:10787ms step_avg:283.88ms
step:49/500 train_loss:6.1410 train_time:11073ms step_avg:283.91ms
step:50/500 train_loss:5.9923 train_time:11357ms step_avg:283.92ms
step:51/500 train_loss:6.1587 train_time:11641ms step_avg:283.93ms w_mean:1.000 w_std:0.229 w_min:0.706 w_max:1.514
step:52/500 train_loss:6.0105 train_time:11925ms step_avg:283.93ms
step:53/500 train_loss:5.8856 train_time:12210ms step_avg:283.96ms
step:54/500 train_loss:5.9871 train_time:12494ms step_avg:283.96ms
step:55/500 train_loss:5.9287 train_time:12779ms step_avg:283.99ms
step:56/500 train_loss:6.2068 train_time:13063ms step_avg:283.99ms
step:57/500 train_loss:5.9186 train_time:13349ms step_avg:284.01ms
step:58/500 train_loss:5.7889 train_time:13631ms step_avg:283.97ms
step:59/500 train_loss:5.9485 train_time:13915ms step_avg:283.97ms
step:60/500 train_loss:5.8915 train_time:14199ms step_avg:283.98ms
step:61/500 train_loss:5.9659 train_time:14482ms step_avg:283.96ms
step:62/500 train_loss:5.7990 train_time:14770ms step_avg:284.03ms
step:63/500 train_loss:5.8636 train_time:15054ms step_avg:284.03ms
step:64/500 train_loss:5.8630 train_time:15338ms step_avg:284.04ms
step:65/500 train_loss:5.7383 train_time:15622ms step_avg:284.03ms
step:66/500 train_loss:5.6948 train_time:15905ms step_avg:284.02ms
step:67/500 train_loss:5.8350 train_time:16189ms step_avg:284.02ms
step:68/500 train_loss:5.7238 train_time:16474ms step_avg:284.03ms
step:69/500 train_loss:5.9450 train_time:16759ms step_avg:284.05ms
step:70/500 train_loss:5.6339 train_time:17043ms step_avg:284.05ms
step:71/500 train_loss:5.6518 train_time:17327ms step_avg:284.04ms
step:72/500 train_loss:5.8449 train_time:17612ms step_avg:284.06ms
step:73/500 train_loss:5.8028 train_time:17896ms step_avg:284.06ms
step:74/500 train_loss:5.6803 train_time:18181ms step_avg:284.08ms
step:75/500 train_loss:5.7997 train_time:18464ms step_avg:284.06ms
step:76/500 train_loss:5.7471 train_time:18746ms step_avg:284.02ms
step:77/500 train_loss:5.7300 train_time:19030ms step_avg:284.02ms
step:78/500 train_loss:5.8085 train_time:19316ms step_avg:284.05ms
step:79/500 train_loss:5.8362 train_time:19600ms step_avg:284.06ms
step:80/500 train_loss:5.6983 train_time:19884ms step_avg:284.05ms
step:81/500 train_loss:5.7750 train_time:20169ms step_avg:284.07ms
step:82/500 train_loss:5.5635 train_time:20453ms step_avg:284.07ms
step:83/500 train_loss:5.7147 train_time:20738ms step_avg:284.09ms
step:84/500 train_loss:5.6996 train_time:21023ms step_avg:284.09ms
step:85/500 train_loss:5.6569 train_time:21305ms step_avg:284.07ms
step:86/500 train_loss:5.5188 train_time:21590ms step_avg:284.07ms
step:87/500 train_loss:5.7362 train_time:21875ms step_avg:284.10ms
step:88/500 train_loss:5.6242 train_time:22161ms step_avg:284.11ms
step:89/500 train_loss:5.7024 train_time:22444ms step_avg:284.10ms
step:90/500 train_loss:5.6633 train_time:22726ms step_avg:284.08ms
step:91/500 train_loss:5.5968 train_time:23012ms step_avg:284.09ms
step:92/500 train_loss:5.5865 train_time:23296ms step_avg:284.10ms
step:93/500 train_loss:5.6962 train_time:23581ms step_avg:284.11ms
step:94/500 train_loss:5.5321 train_time:23865ms step_avg:284.11ms
step:95/500 train_loss:5.5332 train_time:24149ms step_avg:284.11ms
step:96/500 train_loss:5.5486 train_time:24435ms step_avg:284.13ms
step:97/500 train_loss:5.4785 train_time:24720ms step_avg:284.14ms
step:98/500 train_loss:5.5398 train_time:25003ms step_avg:284.13ms
step:99/500 train_loss:5.4722 train_time:25286ms step_avg:284.11ms
step:100/500 train_loss:5.5793 train_time:25570ms step_avg:284.11ms
step:101/500 train_loss:5.5562 train_time:25855ms step_avg:284.12ms w_mean:1.000 w_std:0.241 w_min:0.706 w_max:1.514
step:102/500 train_loss:5.4356 train_time:26140ms step_avg:284.13ms
step:103/500 train_loss:5.5566 train_time:26424ms step_avg:284.13ms
step:104/500 train_loss:5.5046 train_time:26708ms step_avg:284.12ms
step:105/500 train_loss:5.3605 train_time:26994ms step_avg:284.14ms
step:106/500 train_loss:5.4710 train_time:27279ms step_avg:284.16ms
step:107/500 train_loss:5.6472 train_time:27563ms step_avg:284.15ms
step:108/500 train_loss:5.4687 train_time:27845ms step_avg:284.13ms
step:109/500 train_loss:5.2060 train_time:28129ms step_avg:284.13ms
step:110/500 train_loss:5.4322 train_time:28415ms step_avg:284.15ms
step:111/500 train_loss:5.3737 train_time:28700ms step_avg:284.16ms
step:112/500 train_loss:5.3742 train_time:28984ms step_avg:284.15ms
step:113/500 train_loss:5.4489 train_time:29267ms step_avg:284.15ms
step:114/500 train_loss:5.4024 train_time:29551ms step_avg:284.14ms
step:115/500 train_loss:5.2377 train_time:29836ms step_avg:284.15ms
step:116/500 train_loss:5.4247 train_time:30121ms step_avg:284.16ms
step:117/500 train_loss:5.2680 train_time:30404ms step_avg:284.15ms
step:118/500 train_loss:5.2805 train_time:30688ms step_avg:284.15ms
step:119/500 train_loss:5.3804 train_time:30972ms step_avg:284.15ms
step:120/500 train_loss:5.3815 train_time:31257ms step_avg:284.16ms
step:121/500 train_loss:5.3011 train_time:31543ms step_avg:284.17ms
step:122/500 train_loss:5.2079 train_time:31825ms step_avg:284.15ms
step:123/500 train_loss:5.2845 train_time:32109ms step_avg:284.15ms
step:124/500 train_loss:5.1696 train_time:32393ms step_avg:284.15ms
step:125/500 train_loss:5.4510 train_time:32679ms step_avg:284.17ms
step:125/500 val_loss:5.2895 train_time:32680ms step_avg:284.17ms
step:126/500 train_loss:5.3040 train_time:32969ms step_avg:284.22ms
step:127/500 train_loss:5.2832 train_time:33255ms step_avg:284.23ms
step:128/500 train_loss:5.3531 train_time:33539ms step_avg:284.23ms
step:129/500 train_loss:5.2092 train_time:33822ms step_avg:284.22ms
step:130/500 train_loss:5.4768 train_time:34108ms step_avg:284.23ms
step:131/500 train_loss:5.2617 train_time:34394ms step_avg:284.25ms
step:132/500 train_loss:5.2775 train_time:34678ms step_avg:284.24ms
step:133/500 train_loss:5.1955 train_time:34961ms step_avg:284.23ms
step:134/500 train_loss:5.2704 train_time:35245ms step_avg:284.24ms
step:135/500 train_loss:5.1689 train_time:35531ms step_avg:284.25ms
step:136/500 train_loss:5.2672 train_time:35816ms step_avg:284.26ms
step:137/500 train_loss:5.0391 train_time:36099ms step_avg:284.24ms
step:138/500 train_loss:5.2180 train_time:36382ms step_avg:284.23ms
step:139/500 train_loss:5.1631 train_time:36668ms step_avg:284.25ms
step:140/500 train_loss:5.1811 train_time:36954ms step_avg:284.26ms
step:141/500 train_loss:5.2225 train_time:37238ms step_avg:284.26ms
step:142/500 train_loss:5.1338 train_time:37522ms step_avg:284.26ms
step:143/500 train_loss:5.2206 train_time:37806ms step_avg:284.25ms
step:144/500 train_loss:5.0251 train_time:38091ms step_avg:284.26ms
step:145/500 train_loss:5.1883 train_time:38376ms step_avg:284.27ms
step:146/500 train_loss:5.1086 train_time:38660ms step_avg:284.27ms
step:147/500 train_loss:5.0392 train_time:38946ms step_avg:284.28ms
step:148/500 train_loss:5.1384 train_time:39231ms step_avg:284.28ms
step:149/500 train_loss:5.1304 train_time:39516ms step_avg:284.29ms
step:150/500 train_loss:5.1779 train_time:39800ms step_avg:284.28ms
step:151/500 train_loss:5.2018 train_time:40085ms step_avg:284.29ms w_mean:1.000 w_std:0.250 w_min:0.707 w_max:1.515
step:152/500 train_loss:5.1189 train_time:40370ms step_avg:284.29ms
step:153/500 train_loss:5.0927 train_time:40655ms step_avg:284.30ms
step:154/500 train_loss:5.1706 train_time:40939ms step_avg:284.30ms
step:155/500 train_loss:5.1086 train_time:41222ms step_avg:284.29ms
step:156/500 train_loss:5.0991 train_time:41506ms step_avg:284.29ms
step:157/500 train_loss:5.1053 train_time:41792ms step_avg:284.30ms
step:158/500 train_loss:5.2301 train_time:42077ms step_avg:284.30ms
step:159/500 train_loss:5.0257 train_time:42360ms step_avg:284.30ms
step:160/500 train_loss:5.0683 train_time:42644ms step_avg:284.30ms
step:161/500 train_loss:4.9487 train_time:42910ms step_avg:284.17ms
step:162/500 train_loss:5.0716 train_time:43192ms step_avg:284.16ms
step:163/500 train_loss:5.1313 train_time:43473ms step_avg:284.14ms
step:164/500 train_loss:5.0962 train_time:43756ms step_avg:284.13ms
step:165/500 train_loss:4.9514 train_time:44036ms step_avg:284.10ms
step:166/500 train_loss:5.0373 train_time:44316ms step_avg:284.08ms
step:167/500 train_loss:5.2105 train_time:44597ms step_avg:284.06ms
step:168/500 train_loss:4.9753 train_time:44877ms step_avg:284.03ms
step:169/500 train_loss:5.0686 train_time:45157ms step_avg:284.01ms
step:170/500 train_loss:4.9206 train_time:45437ms step_avg:283.98ms
step:171/500 train_loss:4.8836 train_time:45717ms step_avg:283.96ms
step:172/500 train_loss:4.9783 train_time:45998ms step_avg:283.94ms
step:173/500 train_loss:4.9580 train_time:46278ms step_avg:283.91ms
step:174/500 train_loss:5.0144 train_time:46557ms step_avg:283.88ms
step:175/500 train_loss:5.1460 train_time:46837ms step_avg:283.86ms
step:176/500 train_loss:5.0392 train_time:47117ms step_avg:283.84ms
step:177/500 train_loss:4.8820 train_time:47397ms step_avg:283.82ms
step:178/500 train_loss:4.8501 train_time:47677ms step_avg:283.79ms
step:179/500 train_loss:4.8974 train_time:47957ms step_avg:283.77ms
step:180/500 train_loss:4.9295 train_time:48237ms step_avg:283.75ms
step:181/500 train_loss:4.9269 train_time:48518ms step_avg:283.73ms
step:182/500 train_loss:5.0300 train_time:48797ms step_avg:283.71ms
step:183/500 train_loss:4.9353 train_time:49078ms step_avg:283.69ms
step:184/500 train_loss:4.8518 train_time:49357ms step_avg:283.66ms
step:185/500 train_loss:4.8903 train_time:49637ms step_avg:283.64ms
step:186/500 train_loss:5.0002 train_time:49917ms step_avg:283.62ms
step:187/500 train_loss:4.8945 train_time:50198ms step_avg:283.60ms
step:188/500 train_loss:5.1227 train_time:50477ms step_avg:283.58ms
step:189/500 train_loss:4.9264 train_time:51064ms step_avg:285.27ms
step:190/500 train_loss:4.8458 train_time:51650ms step_avg:286.95ms
step:191/500 train_loss:5.0027 train_time:51934ms step_avg:286.93ms
step:192/500 train_loss:4.8500 train_time:52215ms step_avg:286.90ms
step:193/500 train_loss:4.7594 train_time:52496ms step_avg:286.86ms
step:194/500 train_loss:4.9666 train_time:52776ms step_avg:286.83ms
step:195/500 train_loss:4.8990 train_time:53056ms step_avg:286.79ms
step:196/500 train_loss:5.0819 train_time:53336ms step_avg:286.75ms
step:197/500 train_loss:4.9698 train_time:53617ms step_avg:286.72ms
step:198/500 train_loss:4.8270 train_time:53897ms step_avg:286.69ms
step:199/500 train_loss:4.8583 train_time:54177ms step_avg:286.65ms
step:200/500 train_loss:4.7678 train_time:54457ms step_avg:286.62ms
step:201/500 train_loss:4.8366 train_time:54737ms step_avg:286.58ms w_mean:1.000 w_std:0.260 w_min:0.707 w_max:1.515
step:202/500 train_loss:4.7769 train_time:55016ms step_avg:286.54ms
step:203/500 train_loss:4.9723 train_time:55297ms step_avg:286.51ms
step:204/500 train_loss:4.9024 train_time:55577ms step_avg:286.48ms
step:205/500 train_loss:4.8430 train_time:55857ms step_avg:286.45ms
step:206/500 train_loss:5.0130 train_time:56137ms step_avg:286.41ms
step:207/500 train_loss:4.6830 train_time:56418ms step_avg:286.39ms
step:208/500 train_loss:4.8425 train_time:56698ms step_avg:286.36ms
step:209/500 train_loss:4.7849 train_time:56978ms step_avg:286.32ms
step:210/500 train_loss:4.9561 train_time:57258ms step_avg:286.29ms
step:211/500 train_loss:4.8770 train_time:57537ms step_avg:286.25ms
step:212/500 train_loss:4.7742 train_time:57818ms step_avg:286.23ms
step:213/500 train_loss:4.8989 train_time:58097ms step_avg:286.19ms
step:214/500 train_loss:4.7489 train_time:58377ms step_avg:286.16ms
step:215/500 train_loss:4.8194 train_time:58658ms step_avg:286.14ms
step:216/500 train_loss:4.7095 train_time:58938ms step_avg:286.11ms
step:217/500 train_loss:4.8035 train_time:59218ms step_avg:286.08ms
step:218/500 train_loss:4.7939 train_time:59497ms step_avg:286.04ms
step:219/500 train_loss:4.7522 train_time:59778ms step_avg:286.02ms
step:220/500 train_loss:4.7821 train_time:60058ms step_avg:285.99ms
step:221/500 train_loss:4.7972 train_time:60337ms step_avg:285.96ms
step:222/500 train_loss:4.8383 train_time:60618ms step_avg:285.93ms
step:223/500 train_loss:4.7787 train_time:60897ms step_avg:285.90ms
step:224/500 train_loss:4.7829 train_time:61177ms step_avg:285.87ms
step:225/500 train_loss:4.9025 train_time:61457ms step_avg:285.84ms
step:226/500 train_loss:4.6510 train_time:61737ms step_avg:285.82ms
step:227/500 train_loss:4.6863 train_time:62018ms step_avg:285.80ms
step:228/500 train_loss:4.6714 train_time:62298ms step_avg:285.77ms
step:229/500 train_loss:4.8331 train_time:62578ms step_avg:285.74ms
step:230/500 train_loss:4.6598 train_time:62858ms step_avg:285.72ms
step:231/500 train_loss:4.8148 train_time:63139ms step_avg:285.69ms
step:232/500 train_loss:4.6783 train_time:63421ms step_avg:285.68ms
step:233/500 train_loss:4.6430 train_time:63702ms step_avg:285.66ms
step:234/500 train_loss:4.8382 train_time:63982ms step_avg:285.63ms
step:235/500 train_loss:4.6852 train_time:64268ms step_avg:285.63ms
step:236/500 train_loss:4.6159 train_time:64551ms step_avg:285.62ms
step:237/500 train_loss:4.8739 train_time:64833ms step_avg:285.61ms
step:238/500 train_loss:4.7514 train_time:65115ms step_avg:285.59ms
step:239/500 train_loss:4.6662 train_time:65395ms step_avg:285.57ms
step:240/500 train_loss:4.8031 train_time:65676ms step_avg:285.55ms
step:241/500 train_loss:4.7846 train_time:65956ms step_avg:285.53ms
step:242/500 train_loss:4.6996 train_time:66237ms step_avg:285.50ms
step:243/500 train_loss:4.8428 train_time:66517ms step_avg:285.48ms
step:244/500 train_loss:4.6880 train_time:66797ms step_avg:285.46ms
step:245/500 train_loss:4.6955 train_time:67076ms step_avg:285.43ms
step:246/500 train_loss:4.7699 train_time:67357ms step_avg:285.41ms
step:247/500 train_loss:4.7214 train_time:67637ms step_avg:285.39ms
step:248/500 train_loss:4.6819 train_time:67926ms step_avg:285.40ms
step:249/500 train_loss:4.8427 train_time:68208ms step_avg:285.39ms
step:250/500 train_loss:4.5890 train_time:68490ms step_avg:285.37ms
step:250/500 val_loss:4.6867 train_time:68492ms step_avg:285.38ms
step:251/500 train_loss:4.6230 train_time:68759ms step_avg:285.31ms w_mean:1.000 w_std:0.264 w_min:0.707 w_max:1.515
step:252/500 train_loss:4.7632 train_time:69039ms step_avg:285.29ms
step:253/500 train_loss:4.7354 train_time:69320ms step_avg:285.27ms
step:254/500 train_loss:4.6407 train_time:69600ms step_avg:285.25ms
step:255/500 train_loss:4.6488 train_time:69880ms step_avg:285.22ms
step:256/500 train_loss:4.7740 train_time:70161ms step_avg:285.21ms
step:257/500 train_loss:4.7184 train_time:70441ms step_avg:285.19ms
step:258/500 train_loss:4.7011 train_time:70721ms step_avg:285.17ms
step:259/500 train_loss:4.6286 train_time:71002ms step_avg:285.15ms
step:260/500 train_loss:4.6444 train_time:71281ms step_avg:285.12ms
step:261/500 train_loss:4.7109 train_time:71561ms step_avg:285.10ms
step:262/500 train_loss:4.7068 train_time:71841ms step_avg:285.08ms
step:263/500 train_loss:4.6289 train_time:72122ms step_avg:285.07ms
step:264/500 train_loss:4.5718 train_time:72400ms step_avg:285.04ms
step:265/500 train_loss:4.6301 train_time:72679ms step_avg:285.02ms
step:266/500 train_loss:4.4918 train_time:72959ms step_avg:285.00ms
step:267/500 train_loss:4.5384 train_time:73240ms step_avg:284.98ms
step:268/500 train_loss:4.5884 train_time:73522ms step_avg:284.97ms
step:269/500 train_loss:4.5392 train_time:73801ms step_avg:284.95ms
step:270/500 train_loss:4.5223 train_time:74082ms step_avg:284.93ms
step:271/500 train_loss:4.7187 train_time:74362ms step_avg:284.91ms
step:272/500 train_loss:4.6681 train_time:74642ms step_avg:284.89ms
step:273/500 train_loss:4.5220 train_time:74921ms step_avg:284.87ms
step:274/500 train_loss:4.5779 train_time:75202ms step_avg:284.86ms
step:275/500 train_loss:4.6853 train_time:75484ms step_avg:284.85ms
step:276/500 train_loss:4.6982 train_time:75765ms step_avg:284.83ms
step:277/500 train_loss:4.9006 train_time:76048ms step_avg:284.82ms
step:278/500 train_loss:4.6434 train_time:76331ms step_avg:284.82ms
step:279/500 train_loss:4.7816 train_time:76613ms step_avg:284.81ms
step:280/500 train_loss:4.6247 train_time:76897ms step_avg:284.80ms
step:281/500 train_loss:4.6932 train_time:77177ms step_avg:284.79ms
step:282/500 train_loss:4.5889 train_time:77458ms step_avg:284.77ms
step:283/500 train_loss:4.7007 train_time:77738ms step_avg:284.75ms
step:284/500 train_loss:4.5241 train_time:78019ms step_avg:284.74ms
step:285/500 train_loss:4.6856 train_time:78299ms step_avg:284.72ms
step:286/500 train_loss:4.6749 train_time:78579ms step_avg:284.71ms
step:287/500 train_loss:4.6991 train_time:78859ms step_avg:284.69ms
step:288/500 train_loss:4.5710 train_time:79139ms step_avg:284.67ms
step:289/500 train_loss:4.6333 train_time:79419ms step_avg:284.66ms
step:290/500 train_loss:4.4935 train_time:79699ms step_avg:284.64ms
step:291/500 train_loss:4.5021 train_time:79979ms step_avg:284.62ms
step:292/500 train_loss:4.6134 train_time:80259ms step_avg:284.61ms
step:293/500 train_loss:4.5132 train_time:80539ms step_avg:284.59ms
step:294/500 train_loss:4.5483 train_time:80819ms step_avg:284.58ms
step:295/500 train_loss:4.5850 train_time:81099ms step_avg:284.56ms
step:296/500 train_loss:4.4411 train_time:81379ms step_avg:284.54ms
step:297/500 train_loss:4.4418 train_time:81660ms step_avg:284.53ms
step:298/500 train_loss:4.4571 train_time:81940ms step_avg:284.52ms
step:299/500 train_loss:4.5706 train_time:82220ms step_avg:284.50ms
step:300/500 train_loss:4.4497 train_time:82500ms step_avg:284.48ms
step:301/500 train_loss:4.6359 train_time:82779ms step_avg:284.47ms w_mean:1.000 w_std:0.263 w_min:0.707 w_max:1.516
step:302/500 train_loss:4.5941 train_time:83059ms step_avg:284.45ms
step:303/500 train_loss:4.5304 train_time:83339ms step_avg:284.43ms
step:304/500 train_loss:4.5840 train_time:83618ms step_avg:284.42ms
step:305/500 train_loss:4.5777 train_time:83899ms step_avg:284.40ms
step:306/500 train_loss:5.0303 train_time:84180ms step_avg:284.39ms
step:307/500 train_loss:4.5404 train_time:84459ms step_avg:284.38ms
step:308/500 train_loss:4.4320 train_time:84739ms step_avg:284.36ms
step:309/500 train_loss:4.6241 train_time:85020ms step_avg:284.35ms
step:310/500 train_loss:4.4290 train_time:85299ms step_avg:284.33ms
step:311/500 train_loss:4.6540 train_time:85579ms step_avg:284.31ms
step:312/500 train_loss:4.5676 train_time:85859ms step_avg:284.30ms
step:313/500 train_loss:4.4846 train_time:86139ms step_avg:284.29ms
step:314/500 train_loss:4.6074 train_time:86418ms step_avg:284.27ms
step:315/500 train_loss:4.7411 train_time:86699ms step_avg:284.26ms
step:316/500 train_loss:4.5713 train_time:86979ms step_avg:284.24ms
step:317/500 train_loss:4.4724 train_time:87260ms step_avg:284.23ms
step:318/500 train_loss:4.4693 train_time:87540ms step_avg:284.22ms
step:319/500 train_loss:4.4974 train_time:87819ms step_avg:284.20ms
step:320/500 train_loss:4.4386 train_time:88099ms step_avg:284.19ms
step:321/500 train_loss:4.5404 train_time:88380ms step_avg:284.18ms
step:322/500 train_loss:4.5421 train_time:88660ms step_avg:284.17ms
step:323/500 train_loss:4.5108 train_time:88940ms step_avg:284.15ms
step:324/500 train_loss:4.5794 train_time:89219ms step_avg:284.14ms
step:325/500 train_loss:4.5745 train_time:89498ms step_avg:284.12ms
step:326/500 train_loss:4.6402 train_time:89779ms step_avg:284.11ms
step:327/500 train_loss:4.4925 train_time:90059ms step_avg:284.10ms
step:328/500 train_loss:4.9271 train_time:90339ms step_avg:284.08ms
step:329/500 train_loss:4.6451 train_time:90618ms step_avg:284.07ms
step:330/500 train_loss:4.4414 train_time:90899ms step_avg:284.06ms
step:331/500 train_loss:4.4107 train_time:91179ms step_avg:284.05ms
step:332/500 train_loss:4.5525 train_time:91459ms step_avg:284.04ms
step:333/500 train_loss:4.4774 train_time:91739ms step_avg:284.02ms
step:334/500 train_loss:4.4630 train_time:92019ms step_avg:284.01ms
step:335/500 train_loss:4.4189 train_time:92299ms step_avg:284.00ms
step:336/500 train_loss:4.6110 train_time:92579ms step_avg:283.99ms
step:337/500 train_loss:4.5531 train_time:92863ms step_avg:283.99ms
step:338/500 train_loss:5.0697 train_time:93144ms step_avg:283.98ms
step:339/500 train_loss:4.5247 train_time:93425ms step_avg:283.97ms
step:340/500 train_loss:4.4906 train_time:93704ms step_avg:283.95ms
step:341/500 train_loss:4.4754 train_time:93986ms step_avg:283.94ms
step:342/500 train_loss:4.4184 train_time:94266ms step_avg:283.93ms
step:343/500 train_loss:4.3999 train_time:94549ms step_avg:283.93ms
step:344/500 train_loss:4.4562 train_time:94831ms step_avg:283.93ms
step:345/500 train_loss:4.5422 train_time:95116ms step_avg:283.93ms
step:346/500 train_loss:4.4421 train_time:95397ms step_avg:283.92ms
step:347/500 train_loss:4.3899 train_time:95678ms step_avg:283.91ms
step:348/500 train_loss:4.4417 train_time:95959ms step_avg:283.90ms
step:349/500 train_loss:4.4385 train_time:96239ms step_avg:283.89ms
step:350/500 train_loss:4.3647 train_time:96519ms step_avg:283.88ms
step:351/500 train_loss:4.0618 train_time:96800ms step_avg:283.87ms w_mean:1.000 w_std:0.270 w_min:0.711 w_max:1.523
step:352/500 train_loss:4.3434 train_time:97080ms step_avg:283.86ms
step:353/500 train_loss:4.6789 train_time:97359ms step_avg:283.85ms
step:354/500 train_loss:4.2353 train_time:97640ms step_avg:283.84ms
step:355/500 train_loss:4.4703 train_time:97919ms step_avg:283.82ms
step:356/500 train_loss:4.3848 train_time:98199ms step_avg:283.81ms
step:357/500 train_loss:4.4734 train_time:98479ms step_avg:283.80ms
step:358/500 train_loss:4.4884 train_time:98760ms step_avg:283.79ms
step:359/500 train_loss:4.3817 train_time:99040ms step_avg:283.78ms
step:360/500 train_loss:4.7278 train_time:99320ms step_avg:283.77ms
step:361/500 train_loss:4.1243 train_time:99600ms step_avg:283.76ms
step:362/500 train_loss:4.5997 train_time:99880ms step_avg:283.75ms
step:363/500 train_loss:4.4991 train_time:100159ms step_avg:283.74ms
step:364/500 train_loss:4.3866 train_time:100439ms step_avg:283.73ms
step:365/500 train_loss:4.3237 train_time:100719ms step_avg:283.72ms
step:366/500 train_loss:4.4804 train_time:100999ms step_avg:283.71ms
step:367/500 train_loss:4.4080 train_time:101280ms step_avg:283.70ms
step:368/500 train_loss:4.3956 train_time:101559ms step_avg:283.68ms
step:369/500 train_loss:4.3993 train_time:101839ms step_avg:283.68ms
step:370/500 train_loss:4.2974 train_time:102120ms step_avg:283.67ms
step:371/500 train_loss:4.4360 train_time:102400ms step_avg:283.66ms
step:372/500 train_loss:4.3768 train_time:102679ms step_avg:283.64ms
step:373/500 train_loss:4.2567 train_time:102959ms step_avg:283.63ms
step:374/500 train_loss:4.4450 train_time:103239ms step_avg:283.62ms
step:375/500 train_loss:4.3814 train_time:103519ms step_avg:283.61ms
step:375/500 val_loss:4.3928 train_time:103521ms step_avg:283.62ms
step:376/500 train_loss:4.3713 train_time:103790ms step_avg:283.58ms
step:377/500 train_loss:4.4315 train_time:104073ms step_avg:283.58ms
step:378/500 train_loss:4.3296 train_time:104666ms step_avg:284.42ms
step:379/500 train_loss:4.3787 train_time:104946ms step_avg:284.41ms
step:380/500 train_loss:4.4621 train_time:105540ms step_avg:285.24ms
step:381/500 train_loss:4.4808 train_time:105820ms step_avg:285.23ms
step:382/500 train_loss:4.4310 train_time:106100ms step_avg:285.21ms
step:383/500 train_loss:4.4078 train_time:106380ms step_avg:285.20ms
step:384/500 train_loss:4.3089 train_time:106662ms step_avg:285.19ms
step:385/500 train_loss:4.4095 train_time:106942ms step_avg:285.18ms
step:386/500 train_loss:4.3289 train_time:107221ms step_avg:285.16ms
step:387/500 train_loss:4.4523 train_time:107501ms step_avg:285.15ms
step:388/500 train_loss:4.6499 train_time:107782ms step_avg:285.14ms
step:389/500 train_loss:4.3468 train_time:108062ms step_avg:285.12ms
step:390/500 train_loss:4.3094 train_time:108342ms step_avg:285.11ms
step:391/500 train_loss:4.4301 train_time:108623ms step_avg:285.10ms
step:392/500 train_loss:4.3624 train_time:108902ms step_avg:285.08ms
step:393/500 train_loss:4.4580 train_time:109183ms step_avg:285.07ms
step:394/500 train_loss:4.2901 train_time:109462ms step_avg:285.06ms
step:395/500 train_loss:4.4195 train_time:109742ms step_avg:285.04ms
step:396/500 train_loss:4.2023 train_time:110021ms step_avg:285.03ms
step:397/500 train_loss:4.3678 train_time:110302ms step_avg:285.02ms
step:398/500 train_loss:4.4578 train_time:110582ms step_avg:285.01ms
step:399/500 train_loss:4.4010 train_time:110862ms step_avg:284.99ms
step:400/500 train_loss:4.3319 train_time:111141ms step_avg:284.98ms
step:401/500 train_loss:4.4005 train_time:111422ms step_avg:284.97ms w_mean:1.000 w_std:0.269 w_min:0.708 w_max:1.516
step:402/500 train_loss:4.4317 train_time:111702ms step_avg:284.95ms
step:403/500 train_loss:4.3991 train_time:111982ms step_avg:284.94ms
step:404/500 train_loss:4.4894 train_time:112261ms step_avg:284.93ms
step:405/500 train_loss:4.2803 train_time:112542ms step_avg:284.92ms
step:406/500 train_loss:4.3254 train_time:112822ms step_avg:284.90ms
step:407/500 train_loss:4.5948 train_time:113101ms step_avg:284.89ms
step:408/500 train_loss:4.3615 train_time:113382ms step_avg:284.88ms
step:409/500 train_loss:4.3547 train_time:113662ms step_avg:284.87ms
step:410/500 train_loss:4.4063 train_time:113941ms step_avg:284.85ms
step:411/500 train_loss:4.2907 train_time:114221ms step_avg:284.84ms
step:412/500 train_loss:4.3069 train_time:114500ms step_avg:284.83ms
step:413/500 train_loss:4.7237 train_time:114780ms step_avg:284.81ms
step:414/500 train_loss:4.1800 train_time:115061ms step_avg:284.80ms
step:415/500 train_loss:4.5312 train_time:115342ms step_avg:284.79ms
step:416/500 train_loss:4.3156 train_time:115622ms step_avg:284.78ms
step:417/500 train_loss:4.3047 train_time:115902ms step_avg:284.77ms
step:418/500 train_loss:4.4843 train_time:116182ms step_avg:284.76ms
step:419/500 train_loss:4.2284 train_time:116461ms step_avg:284.75ms
step:420/500 train_loss:4.3237 train_time:116742ms step_avg:284.74ms
step:421/500 train_loss:4.2998 train_time:117022ms step_avg:284.73ms
step:422/500 train_loss:4.1846 train_time:117302ms step_avg:284.71ms
step:423/500 train_loss:4.2894 train_time:117582ms step_avg:284.70ms
step:424/500 train_loss:4.4005 train_time:117862ms step_avg:284.69ms
step:425/500 train_loss:4.2161 train_time:118143ms step_avg:284.68ms
step:426/500 train_loss:4.3702 train_time:118423ms step_avg:284.67ms
step:427/500 train_loss:4.2483 train_time:118702ms step_avg:284.66ms
step:428/500 train_loss:4.4215 train_time:118983ms step_avg:284.65ms
step:429/500 train_loss:4.3802 train_time:119263ms step_avg:284.64ms
step:430/500 train_loss:4.2910 train_time:119543ms step_avg:284.63ms
step:431/500 train_loss:4.2696 train_time:119822ms step_avg:284.61ms
step:432/500 train_loss:4.2277 train_time:120102ms step_avg:284.60ms
step:433/500 train_loss:4.2991 train_time:120382ms step_avg:284.59ms
step:434/500 train_loss:4.3758 train_time:120662ms step_avg:284.58ms
step:435/500 train_loss:4.3082 train_time:120942ms step_avg:284.57ms
step:436/500 train_loss:4.3525 train_time:121222ms step_avg:284.56ms
step:437/500 train_loss:4.3636 train_time:121504ms step_avg:284.55ms
step:438/500 train_loss:4.2556 train_time:121784ms step_avg:284.54ms
step:439/500 train_loss:4.2684 train_time:122064ms step_avg:284.53ms
step:440/500 train_loss:4.2288 train_time:122343ms step_avg:284.52ms
step:441/500 train_loss:4.4148 train_time:122623ms step_avg:284.51ms
step:442/500 train_loss:4.3243 train_time:122903ms step_avg:284.50ms
step:443/500 train_loss:4.2938 train_time:123183ms step_avg:284.49ms
step:444/500 train_loss:4.1866 train_time:123463ms step_avg:284.48ms
step:445/500 train_loss:4.4413 train_time:123743ms step_avg:284.47ms
step:446/500 train_loss:4.3702 train_time:124023ms step_avg:284.46ms
step:447/500 train_loss:4.3690 train_time:124303ms step_avg:284.45ms
step:448/500 train_loss:4.2868 train_time:124583ms step_avg:284.44ms
step:449/500 train_loss:4.3634 train_time:124863ms step_avg:284.43ms
step:450/500 train_loss:4.2082 train_time:125143ms step_avg:284.42ms
step:451/500 train_loss:4.2553 train_time:125422ms step_avg:284.40ms w_mean:1.000 w_std:0.271 w_min:0.709 w_max:1.519
step:452/500 train_loss:4.1402 train_time:125702ms step_avg:284.39ms
step:453/500 train_loss:4.2409 train_time:125983ms step_avg:284.39ms
step:454/500 train_loss:4.2150 train_time:126263ms step_avg:284.38ms
step:455/500 train_loss:4.1891 train_time:126543ms step_avg:284.37ms
step:456/500 train_loss:4.3965 train_time:126823ms step_avg:284.36ms
step:457/500 train_loss:4.2499 train_time:127102ms step_avg:284.34ms
step:458/500 train_loss:4.3412 train_time:127381ms step_avg:284.33ms
step:459/500 train_loss:4.3750 train_time:127662ms step_avg:284.33ms
step:460/500 train_loss:4.1766 train_time:127942ms step_avg:284.32ms
step:461/500 train_loss:4.3467 train_time:128222ms step_avg:284.31ms
step:462/500 train_loss:4.2573 train_time:128501ms step_avg:284.30ms
step:463/500 train_loss:4.2393 train_time:128782ms step_avg:284.29ms
step:464/500 train_loss:4.3208 train_time:129063ms step_avg:284.28ms
step:465/500 train_loss:4.2586 train_time:129343ms step_avg:284.27ms
step:466/500 train_loss:4.2583 train_time:129623ms step_avg:284.26ms
step:467/500 train_loss:4.3852 train_time:129903ms step_avg:284.25ms
step:468/500 train_loss:4.3951 train_time:130183ms step_avg:284.24ms
step:469/500 train_loss:4.3503 train_time:130463ms step_avg:284.23ms
step:470/500 train_loss:4.2609 train_time:130743ms step_avg:284.22ms
step:471/500 train_loss:4.3511 train_time:131024ms step_avg:284.22ms
step:472/500 train_loss:4.3954 train_time:131304ms step_avg:284.21ms
step:473/500 train_loss:4.3005 train_time:131584ms step_avg:284.20ms
step:474/500 train_loss:4.2726 train_time:131863ms step_avg:284.19ms
step:475/500 train_loss:4.1512 train_time:132142ms step_avg:284.18ms
step:476/500 train_loss:4.5691 train_time:132422ms step_avg:284.17ms
step:477/500 train_loss:4.3252 train_time:132702ms step_avg:284.16ms
step:478/500 train_loss:4.1410 train_time:132984ms step_avg:284.15ms
step:479/500 train_loss:4.3333 train_time:133262ms step_avg:284.14ms
step:480/500 train_loss:4.3185 train_time:133543ms step_avg:284.13ms
step:481/500 train_loss:4.4378 train_time:133823ms step_avg:284.12ms
step:482/500 train_loss:4.2747 train_time:134103ms step_avg:284.12ms
step:483/500 train_loss:4.0945 train_time:134382ms step_avg:284.11ms
step:484/500 train_loss:4.3649 train_time:134663ms step_avg:284.10ms
step:485/500 train_loss:4.2131 train_time:134941ms step_avg:284.09ms
step:486/500 train_loss:4.2404 train_time:135221ms step_avg:284.08ms
step:487/500 train_loss:4.1871 train_time:135501ms step_avg:284.07ms
step:488/500 train_loss:4.2090 train_time:135781ms step_avg:284.06ms
step:489/500 train_loss:4.4161 train_time:136062ms step_avg:284.06ms
step:490/500 train_loss:4.2763 train_time:136342ms step_avg:284.05ms
step:491/500 train_loss:4.1755 train_time:136622ms step_avg:284.04ms
step:492/500 train_loss:4.1822 train_time:136902ms step_avg:284.03ms
step:493/500 train_loss:4.2954 train_time:137182ms step_avg:284.02ms
step:494/500 train_loss:4.1427 train_time:137462ms step_avg:284.01ms
step:495/500 train_loss:4.2883 train_time:137742ms step_avg:284.00ms
step:496/500 train_loss:4.2056 train_time:138022ms step_avg:284.00ms
step:497/500 train_loss:4.1550 train_time:138302ms step_avg:283.99ms
step:498/500 train_loss:4.2936 train_time:138584ms step_avg:283.98ms
step:499/500 train_loss:4.3795 train_time:138863ms step_avg:283.97ms
step:500/500 train_loss:4.4306 train_time:139144ms step_avg:283.97ms
step:500/500 val_loss:4.2797 train_time:139145ms step_avg:283.97ms
peak memory consumption: 30603 MiB
