Command: torchrun --nproc_per_node=8 train_tw.py --seed=42 --num_iterations=500 --val_loss_every=125 --tw_enabled --tw_function=focal --tw_clamp_min=0.3 --tw_clamp_max=3.0 --tw_schedule=constant --tw_warmup_steps=1000 --tw_anneal_final=0.3 --tw_cyclical_period=500 --tw_focal_gamma=2.0 --tw_log_every=50 --tw_log_weights
Started: 2025-12-09T23:03:39.957816
============================================================

W1209 23:03:41.093000 83192 torch/distributed/run.py:774] 
W1209 23:03:41.093000 83192 torch/distributed/run.py:774] *****************************************
W1209 23:03:41.093000 83192 torch/distributed/run.py:774] Setting OMP_NUM_THREADS environment variable for each process to be 1 in default, to avoid your system being overloaded, please further tune the variable for optimal performance in your application as needed. 
W1209 23:03:41.093000 83192 torch/distributed/run.py:774] *****************************************
/root/ese-3060-project/tw_nano_experiments/train_tw.py:218: SyntaxWarning: invalid escape sequence '\s'
  """
/root/ese-3060-project/tw_nano_experiments/train_tw.py:218: SyntaxWarning: invalid escape sequence '\s'
  """
/root/ese-3060-project/tw_nano_experiments/train_tw.py:218: SyntaxWarning: invalid escape sequence '\s'
  """
/root/ese-3060-project/tw_nano_experiments/train_tw.py:218: SyntaxWarning: invalid escape sequence '\s'
  """
/root/ese-3060-project/tw_nano_experiments/train_tw.py:218: SyntaxWarning: invalid escape sequence '\s'
  """
/root/ese-3060-project/tw_nano_experiments/train_tw.py:218: SyntaxWarning: invalid escape sequence '\s'
  """
/root/ese-3060-project/tw_nano_experiments/train_tw.py:218: SyntaxWarning: invalid escape sequence '\s'
  """
/root/ese-3060-project/tw_nano_experiments/train_tw.py:218: SyntaxWarning: invalid escape sequence '\s'
  """
using device: cuda:3
using device: cuda:5
using device: cuda:4
using device: cuda:6
using device: cuda:0
using device: cuda:2
Random seed set to 42 (deterministic=False)
using device: cuda:1
using device: cuda:7
Training DataLoader: total number of tokens: 900000000 across 9 files
Validation DataLoader: total number of tokens: 100000000 across 1 files
Token Weighting: ENABLED
  function=focal, clamp=[0.3, 3.0], schedule=constant
step:0/500 val_loss:15.9787 train_time:248ms step_avg:nanms
step:1/500 train_loss:15.9775 train_time:74468ms step_avg:nanms w_mean:1.000 w_std:0.079 w_min:0.400 w_max:1.335
step:2/500 train_loss:9.3668 train_time:74854ms step_avg:nanms
step:3/500 train_loss:9.0199 train_time:75126ms step_avg:nanms
step:4/500 train_loss:8.5969 train_time:75396ms step_avg:nanms
step:5/500 train_loss:8.2076 train_time:75668ms step_avg:nanms
step:6/500 train_loss:7.7311 train_time:75941ms step_avg:nanms
step:7/500 train_loss:7.3543 train_time:76213ms step_avg:nanms
step:8/500 train_loss:7.5195 train_time:76487ms step_avg:nanms
step:9/500 train_loss:7.2731 train_time:76759ms step_avg:nanms
step:10/500 train_loss:7.1199 train_time:77032ms step_avg:nanms
step:11/500 train_loss:7.0546 train_time:274ms step_avg:nanms
step:12/500 train_loss:7.0316 train_time:548ms step_avg:nanms
step:13/500 train_loss:6.8202 train_time:820ms step_avg:273.42ms
step:14/500 train_loss:6.8448 train_time:1095ms step_avg:273.75ms
step:15/500 train_loss:6.8027 train_time:1366ms step_avg:273.22ms
step:16/500 train_loss:6.7548 train_time:1638ms step_avg:273.03ms
step:17/500 train_loss:6.7343 train_time:1915ms step_avg:273.55ms
step:18/500 train_loss:6.7708 train_time:2192ms step_avg:274.05ms
step:19/500 train_loss:6.5882 train_time:2466ms step_avg:274.01ms
step:20/500 train_loss:6.6004 train_time:2738ms step_avg:273.81ms
step:21/500 train_loss:6.2537 train_time:3013ms step_avg:273.95ms
step:22/500 train_loss:6.6387 train_time:3292ms step_avg:274.30ms
step:23/500 train_loss:6.8674 train_time:3573ms step_avg:274.86ms
step:24/500 train_loss:6.5117 train_time:3850ms step_avg:275.01ms
step:25/500 train_loss:6.6263 train_time:4126ms step_avg:275.04ms
step:26/500 train_loss:6.3537 train_time:4400ms step_avg:274.99ms
step:27/500 train_loss:6.2631 train_time:4675ms step_avg:275.03ms
step:28/500 train_loss:6.4356 train_time:4953ms step_avg:275.18ms
step:29/500 train_loss:6.0932 train_time:5227ms step_avg:275.11ms
step:30/500 train_loss:6.3763 train_time:5503ms step_avg:275.15ms
step:31/500 train_loss:6.2208 train_time:5778ms step_avg:275.16ms
step:32/500 train_loss:6.1875 train_time:6057ms step_avg:275.34ms
step:33/500 train_loss:6.0079 train_time:6333ms step_avg:275.37ms
step:34/500 train_loss:6.3346 train_time:6610ms step_avg:275.43ms
step:35/500 train_loss:6.2500 train_time:6886ms step_avg:275.45ms
step:36/500 train_loss:6.4071 train_time:7162ms step_avg:275.46ms
step:37/500 train_loss:6.3271 train_time:7436ms step_avg:275.42ms
step:38/500 train_loss:6.2151 train_time:7713ms step_avg:275.45ms
step:39/500 train_loss:6.1169 train_time:7992ms step_avg:275.58ms
step:40/500 train_loss:6.1673 train_time:8271ms step_avg:275.68ms
step:41/500 train_loss:6.0763 train_time:8540ms step_avg:275.48ms
step:42/500 train_loss:6.1088 train_time:8812ms step_avg:275.37ms
step:43/500 train_loss:5.9819 train_time:9085ms step_avg:275.31ms
step:44/500 train_loss:6.0635 train_time:9358ms step_avg:275.23ms
step:45/500 train_loss:6.0542 train_time:9628ms step_avg:275.07ms
step:46/500 train_loss:6.2360 train_time:9900ms step_avg:274.99ms
step:47/500 train_loss:6.0374 train_time:10174ms step_avg:274.97ms
step:48/500 train_loss:5.8838 train_time:10451ms step_avg:275.03ms
step:49/500 train_loss:6.1283 train_time:10722ms step_avg:274.92ms
step:50/500 train_loss:5.9965 train_time:10994ms step_avg:274.86ms
step:51/500 train_loss:6.1538 train_time:11266ms step_avg:274.78ms w_mean:1.000 w_std:0.180 w_min:0.935 w_max:3.116
step:52/500 train_loss:6.0116 train_time:11537ms step_avg:274.70ms
step:53/500 train_loss:5.8739 train_time:11808ms step_avg:274.60ms
step:54/500 train_loss:5.9816 train_time:12080ms step_avg:274.54ms
step:55/500 train_loss:5.9171 train_time:12355ms step_avg:274.55ms
step:56/500 train_loss:6.2052 train_time:12625ms step_avg:274.46ms
step:57/500 train_loss:5.9101 train_time:12897ms step_avg:274.41ms
step:58/500 train_loss:5.7786 train_time:13168ms step_avg:274.33ms
step:59/500 train_loss:5.9449 train_time:13437ms step_avg:274.23ms
step:60/500 train_loss:5.8769 train_time:13709ms step_avg:274.18ms
step:61/500 train_loss:5.9736 train_time:13983ms step_avg:274.17ms
step:62/500 train_loss:5.7727 train_time:14256ms step_avg:274.14ms
step:63/500 train_loss:5.8731 train_time:14527ms step_avg:274.10ms
step:64/500 train_loss:5.8348 train_time:14798ms step_avg:274.04ms
step:65/500 train_loss:5.7569 train_time:15072ms step_avg:274.03ms
step:66/500 train_loss:5.6696 train_time:15343ms step_avg:273.98ms
step:67/500 train_loss:5.8423 train_time:15616ms step_avg:273.97ms
step:68/500 train_loss:5.7005 train_time:15887ms step_avg:273.91ms
step:69/500 train_loss:5.9487 train_time:16159ms step_avg:273.89ms
step:70/500 train_loss:5.6138 train_time:16431ms step_avg:273.85ms
step:71/500 train_loss:5.6377 train_time:16702ms step_avg:273.81ms
step:72/500 train_loss:5.8342 train_time:16974ms step_avg:273.78ms
step:73/500 train_loss:5.7914 train_time:17246ms step_avg:273.75ms
step:74/500 train_loss:5.6700 train_time:17518ms step_avg:273.71ms
step:75/500 train_loss:5.7913 train_time:17790ms step_avg:273.70ms
step:76/500 train_loss:5.7490 train_time:18062ms step_avg:273.66ms
step:77/500 train_loss:5.7222 train_time:18334ms step_avg:273.64ms
step:78/500 train_loss:5.7956 train_time:18607ms step_avg:273.63ms
step:79/500 train_loss:5.8242 train_time:18880ms step_avg:273.62ms
step:80/500 train_loss:5.6761 train_time:19153ms step_avg:273.62ms
step:81/500 train_loss:5.7777 train_time:19424ms step_avg:273.58ms
step:82/500 train_loss:5.5382 train_time:19696ms step_avg:273.55ms
step:83/500 train_loss:5.7101 train_time:19968ms step_avg:273.53ms
step:84/500 train_loss:5.6766 train_time:20240ms step_avg:273.51ms
step:85/500 train_loss:5.6423 train_time:20512ms step_avg:273.49ms
step:86/500 train_loss:5.5097 train_time:20783ms step_avg:273.46ms
step:87/500 train_loss:5.7138 train_time:21057ms step_avg:273.47ms
step:88/500 train_loss:5.6206 train_time:21328ms step_avg:273.44ms
step:89/500 train_loss:5.6767 train_time:21600ms step_avg:273.42ms
step:90/500 train_loss:5.6651 train_time:21874ms step_avg:273.42ms
step:91/500 train_loss:5.5759 train_time:22147ms step_avg:273.42ms
step:92/500 train_loss:5.5792 train_time:22419ms step_avg:273.40ms
step:93/500 train_loss:5.6756 train_time:22692ms step_avg:273.39ms
step:94/500 train_loss:5.5226 train_time:22963ms step_avg:273.37ms
step:95/500 train_loss:5.5178 train_time:23235ms step_avg:273.35ms
step:96/500 train_loss:5.5302 train_time:23507ms step_avg:273.34ms
step:97/500 train_loss:5.4544 train_time:23780ms step_avg:273.33ms
step:98/500 train_loss:5.5214 train_time:24056ms step_avg:273.36ms
step:99/500 train_loss:5.4475 train_time:24327ms step_avg:273.33ms
step:100/500 train_loss:5.5712 train_time:24598ms step_avg:273.31ms
step:101/500 train_loss:5.5299 train_time:24872ms step_avg:273.31ms w_mean:1.000 w_std:0.154 w_min:0.954 w_max:3.180
step:102/500 train_loss:5.4412 train_time:25145ms step_avg:273.31ms
step:103/500 train_loss:5.5374 train_time:25418ms step_avg:273.31ms
step:104/500 train_loss:5.5064 train_time:25691ms step_avg:273.31ms
step:105/500 train_loss:5.3250 train_time:25962ms step_avg:273.29ms
step:106/500 train_loss:5.4478 train_time:26235ms step_avg:273.28ms
step:107/500 train_loss:5.6434 train_time:26508ms step_avg:273.28ms
step:108/500 train_loss:5.4373 train_time:26781ms step_avg:273.28ms
step:109/500 train_loss:5.1805 train_time:27054ms step_avg:273.27ms
step:110/500 train_loss:5.3968 train_time:27325ms step_avg:273.25ms
step:111/500 train_loss:5.3634 train_time:27599ms step_avg:273.25ms
step:112/500 train_loss:5.3454 train_time:27872ms step_avg:273.25ms
step:113/500 train_loss:5.4389 train_time:28143ms step_avg:273.23ms
step:114/500 train_loss:5.3752 train_time:28416ms step_avg:273.23ms
step:115/500 train_loss:5.2188 train_time:28689ms step_avg:273.23ms
step:116/500 train_loss:5.3998 train_time:28961ms step_avg:273.22ms
step:117/500 train_loss:5.2494 train_time:29233ms step_avg:273.20ms
step:118/500 train_loss:5.2473 train_time:29503ms step_avg:273.18ms
step:119/500 train_loss:5.3571 train_time:29777ms step_avg:273.19ms
step:120/500 train_loss:5.3483 train_time:30051ms step_avg:273.19ms
step:121/500 train_loss:5.2749 train_time:30323ms step_avg:273.18ms
step:122/500 train_loss:5.1762 train_time:30597ms step_avg:273.18ms
step:123/500 train_loss:5.2639 train_time:30869ms step_avg:273.17ms
step:124/500 train_loss:5.1421 train_time:31139ms step_avg:273.15ms
step:125/500 train_loss:5.4362 train_time:31414ms step_avg:273.16ms
step:125/500 val_loss:5.2672 train_time:31415ms step_avg:273.17ms
step:126/500 train_loss:5.2883 train_time:31687ms step_avg:273.17ms
step:127/500 train_loss:5.2593 train_time:31964ms step_avg:273.20ms
step:128/500 train_loss:5.3293 train_time:32241ms step_avg:273.23ms
step:129/500 train_loss:5.1836 train_time:32512ms step_avg:273.21ms
step:130/500 train_loss:5.4512 train_time:32785ms step_avg:273.21ms
step:131/500 train_loss:5.2472 train_time:33060ms step_avg:273.23ms
step:132/500 train_loss:5.2338 train_time:33334ms step_avg:273.23ms
step:133/500 train_loss:5.1919 train_time:33606ms step_avg:273.22ms
step:134/500 train_loss:5.2298 train_time:33879ms step_avg:273.21ms
step:135/500 train_loss:5.1552 train_time:34151ms step_avg:273.21ms
step:136/500 train_loss:5.2251 train_time:34424ms step_avg:273.20ms
step:137/500 train_loss:5.0328 train_time:34696ms step_avg:273.19ms
step:138/500 train_loss:5.1892 train_time:34968ms step_avg:273.19ms
step:139/500 train_loss:5.1481 train_time:35243ms step_avg:273.20ms
step:140/500 train_loss:5.1564 train_time:35514ms step_avg:273.19ms
step:141/500 train_loss:5.2068 train_time:35784ms step_avg:273.16ms
step:142/500 train_loss:5.1183 train_time:36060ms step_avg:273.18ms
step:143/500 train_loss:5.1874 train_time:36336ms step_avg:273.20ms
step:144/500 train_loss:5.0074 train_time:36609ms step_avg:273.20ms
step:145/500 train_loss:5.1573 train_time:36882ms step_avg:273.20ms
step:146/500 train_loss:5.1022 train_time:37155ms step_avg:273.20ms
step:147/500 train_loss:5.0047 train_time:37426ms step_avg:273.19ms
step:148/500 train_loss:5.1340 train_time:37701ms step_avg:273.19ms
step:149/500 train_loss:5.0983 train_time:37975ms step_avg:273.20ms
step:150/500 train_loss:5.1636 train_time:38246ms step_avg:273.19ms
step:151/500 train_loss:5.1799 train_time:38517ms step_avg:273.17ms w_mean:1.000 w_std:0.168 w_min:0.951 w_max:3.171
step:152/500 train_loss:5.0996 train_time:38788ms step_avg:273.15ms
step:153/500 train_loss:5.0731 train_time:39062ms step_avg:273.16ms
step:154/500 train_loss:5.1546 train_time:39334ms step_avg:273.15ms
step:155/500 train_loss:5.0904 train_time:39606ms step_avg:273.14ms
step:156/500 train_loss:5.0706 train_time:39879ms step_avg:273.15ms
step:157/500 train_loss:5.0808 train_time:40150ms step_avg:273.13ms
step:158/500 train_loss:5.2055 train_time:40423ms step_avg:273.13ms
step:159/500 train_loss:4.9995 train_time:40694ms step_avg:273.12ms
step:160/500 train_loss:5.0516 train_time:40969ms step_avg:273.13ms
step:161/500 train_loss:4.9155 train_time:41242ms step_avg:273.13ms
step:162/500 train_loss:5.0617 train_time:41514ms step_avg:273.12ms
step:163/500 train_loss:5.0983 train_time:41784ms step_avg:273.10ms
step:164/500 train_loss:5.0787 train_time:42060ms step_avg:273.11ms
step:165/500 train_loss:4.9130 train_time:42334ms step_avg:273.13ms
step:166/500 train_loss:5.0248 train_time:42606ms step_avg:273.12ms
step:167/500 train_loss:5.1775 train_time:42877ms step_avg:273.10ms
step:168/500 train_loss:4.9595 train_time:43149ms step_avg:273.09ms
step:169/500 train_loss:5.0447 train_time:43422ms step_avg:273.10ms
step:170/500 train_loss:4.9144 train_time:43695ms step_avg:273.10ms
step:171/500 train_loss:4.8544 train_time:43968ms step_avg:273.09ms
step:172/500 train_loss:4.9656 train_time:44243ms step_avg:273.10ms
step:173/500 train_loss:4.9357 train_time:44514ms step_avg:273.09ms
step:174/500 train_loss:4.9919 train_time:44785ms step_avg:273.08ms
step:175/500 train_loss:5.1257 train_time:45061ms step_avg:273.10ms
step:176/500 train_loss:5.0164 train_time:45334ms step_avg:273.10ms
step:177/500 train_loss:4.8557 train_time:45613ms step_avg:273.13ms
step:178/500 train_loss:4.8354 train_time:45880ms step_avg:273.10ms
step:179/500 train_loss:4.8811 train_time:46152ms step_avg:273.09ms
step:180/500 train_loss:4.9181 train_time:46424ms step_avg:273.08ms
step:181/500 train_loss:4.9043 train_time:46698ms step_avg:273.09ms
step:182/500 train_loss:5.0138 train_time:46969ms step_avg:273.08ms
step:183/500 train_loss:4.9052 train_time:47244ms step_avg:273.09ms
step:184/500 train_loss:4.8357 train_time:47517ms step_avg:273.08ms
step:185/500 train_loss:4.8676 train_time:47789ms step_avg:273.08ms
step:186/500 train_loss:4.9909 train_time:48063ms step_avg:273.08ms
step:187/500 train_loss:4.8655 train_time:48337ms step_avg:273.09ms
step:188/500 train_loss:5.1104 train_time:48609ms step_avg:273.08ms
step:189/500 train_loss:4.9097 train_time:49141ms step_avg:274.53ms
step:190/500 train_loss:4.8275 train_time:49679ms step_avg:276.00ms
step:191/500 train_loss:4.9780 train_time:49950ms step_avg:275.97ms
step:192/500 train_loss:4.8269 train_time:50220ms step_avg:275.93ms
step:193/500 train_loss:4.7450 train_time:50493ms step_avg:275.92ms
step:194/500 train_loss:4.9404 train_time:50764ms step_avg:275.89ms
step:195/500 train_loss:4.8836 train_time:51037ms step_avg:275.88ms
step:196/500 train_loss:5.0612 train_time:51307ms step_avg:275.84ms
step:197/500 train_loss:4.9597 train_time:51580ms step_avg:275.83ms
step:198/500 train_loss:4.8013 train_time:51851ms step_avg:275.80ms
step:199/500 train_loss:4.8419 train_time:52123ms step_avg:275.79ms
step:200/500 train_loss:4.7387 train_time:52396ms step_avg:275.77ms
step:201/500 train_loss:4.8198 train_time:52667ms step_avg:275.75ms w_mean:1.000 w_std:0.127 w_min:0.971 w_max:3.237
step:202/500 train_loss:4.7369 train_time:52943ms step_avg:275.74ms
step:203/500 train_loss:4.9652 train_time:53215ms step_avg:275.73ms
step:204/500 train_loss:4.8793 train_time:53486ms step_avg:275.70ms
step:205/500 train_loss:4.8457 train_time:53758ms step_avg:275.68ms
step:206/500 train_loss:4.9935 train_time:54031ms step_avg:275.67ms
step:207/500 train_loss:4.6730 train_time:54303ms step_avg:275.65ms
step:208/500 train_loss:4.8230 train_time:54576ms step_avg:275.63ms
step:209/500 train_loss:4.7744 train_time:54847ms step_avg:275.61ms
step:210/500 train_loss:4.9378 train_time:55119ms step_avg:275.60ms
step:211/500 train_loss:4.8631 train_time:55391ms step_avg:275.58ms
step:212/500 train_loss:4.7490 train_time:55665ms step_avg:275.57ms
step:213/500 train_loss:4.8876 train_time:55939ms step_avg:275.56ms
step:214/500 train_loss:4.7169 train_time:56210ms step_avg:275.54ms
step:215/500 train_loss:4.8057 train_time:56484ms step_avg:275.53ms
step:216/500 train_loss:4.6676 train_time:56757ms step_avg:275.52ms
step:217/500 train_loss:4.7861 train_time:57027ms step_avg:275.49ms
step:218/500 train_loss:4.7724 train_time:57302ms step_avg:275.49ms
step:219/500 train_loss:4.7388 train_time:57576ms step_avg:275.48ms
step:220/500 train_loss:4.7595 train_time:57847ms step_avg:275.46ms
step:221/500 train_loss:4.7814 train_time:58119ms step_avg:275.44ms
step:222/500 train_loss:4.8189 train_time:58390ms step_avg:275.42ms
step:223/500 train_loss:4.7537 train_time:58662ms step_avg:275.41ms
step:224/500 train_loss:4.7657 train_time:58936ms step_avg:275.40ms
step:225/500 train_loss:4.8829 train_time:59207ms step_avg:275.38ms
step:226/500 train_loss:4.6269 train_time:59481ms step_avg:275.38ms
step:227/500 train_loss:4.6624 train_time:59753ms step_avg:275.36ms
step:228/500 train_loss:4.6459 train_time:60025ms step_avg:275.35ms
step:229/500 train_loss:4.8138 train_time:60299ms step_avg:275.34ms
step:230/500 train_loss:4.6425 train_time:60571ms step_avg:275.32ms
step:231/500 train_loss:4.7939 train_time:60844ms step_avg:275.31ms
step:232/500 train_loss:4.6533 train_time:61117ms step_avg:275.30ms
step:233/500 train_loss:4.6235 train_time:61389ms step_avg:275.29ms
step:234/500 train_loss:4.8277 train_time:61664ms step_avg:275.29ms
step:235/500 train_loss:4.6680 train_time:61938ms step_avg:275.28ms
step:236/500 train_loss:4.6026 train_time:62211ms step_avg:275.27ms
step:237/500 train_loss:4.8490 train_time:62485ms step_avg:275.26ms
step:238/500 train_loss:4.7327 train_time:62757ms step_avg:275.25ms
step:239/500 train_loss:4.6548 train_time:63027ms step_avg:275.23ms
step:240/500 train_loss:4.7903 train_time:63302ms step_avg:275.22ms
step:241/500 train_loss:4.7755 train_time:63577ms step_avg:275.22ms
step:242/500 train_loss:4.6779 train_time:63848ms step_avg:275.21ms
step:243/500 train_loss:4.8252 train_time:64120ms step_avg:275.20ms
step:244/500 train_loss:4.6711 train_time:64392ms step_avg:275.18ms
step:245/500 train_loss:4.6748 train_time:64666ms step_avg:275.17ms
step:246/500 train_loss:4.7480 train_time:64942ms step_avg:275.18ms
step:247/500 train_loss:4.7054 train_time:65214ms step_avg:275.16ms
step:248/500 train_loss:4.6661 train_time:65486ms step_avg:275.15ms
step:249/500 train_loss:4.8322 train_time:65761ms step_avg:275.15ms
step:250/500 train_loss:4.5746 train_time:66035ms step_avg:275.14ms
step:250/500 val_loss:4.6752 train_time:66036ms step_avg:275.15ms
step:251/500 train_loss:4.6104 train_time:66311ms step_avg:275.15ms w_mean:1.000 w_std:0.118 w_min:0.975 w_max:3.249
step:252/500 train_loss:4.7364 train_time:66588ms step_avg:275.16ms
step:253/500 train_loss:4.7257 train_time:66863ms step_avg:275.16ms
step:254/500 train_loss:4.6068 train_time:67134ms step_avg:275.14ms
step:255/500 train_loss:4.6280 train_time:67405ms step_avg:275.12ms
step:256/500 train_loss:4.7625 train_time:67678ms step_avg:275.11ms
step:257/500 train_loss:4.7081 train_time:67955ms step_avg:275.12ms
step:258/500 train_loss:4.6823 train_time:68228ms step_avg:275.11ms
step:259/500 train_loss:4.6117 train_time:68499ms step_avg:275.09ms
step:260/500 train_loss:4.6275 train_time:68772ms step_avg:275.09ms
step:261/500 train_loss:4.7001 train_time:69045ms step_avg:275.08ms
step:262/500 train_loss:4.7033 train_time:69316ms step_avg:275.06ms
step:263/500 train_loss:4.6098 train_time:69592ms step_avg:275.07ms
step:264/500 train_loss:4.5537 train_time:69863ms step_avg:275.05ms
step:265/500 train_loss:4.6120 train_time:70137ms step_avg:275.05ms
step:266/500 train_loss:4.4703 train_time:70408ms step_avg:275.03ms
step:267/500 train_loss:4.5247 train_time:70678ms step_avg:275.01ms
step:268/500 train_loss:4.5641 train_time:70953ms step_avg:275.01ms
step:269/500 train_loss:4.5247 train_time:71228ms step_avg:275.01ms
step:270/500 train_loss:4.4984 train_time:71500ms step_avg:275.00ms
step:271/500 train_loss:4.7071 train_time:71773ms step_avg:274.99ms
step:272/500 train_loss:4.6458 train_time:72046ms step_avg:274.99ms
step:273/500 train_loss:4.5067 train_time:72317ms step_avg:274.97ms
step:274/500 train_loss:4.5563 train_time:72592ms step_avg:274.97ms
step:275/500 train_loss:4.6694 train_time:72864ms step_avg:274.96ms
step:276/500 train_loss:4.6879 train_time:73137ms step_avg:274.95ms
step:277/500 train_loss:4.8828 train_time:73410ms step_avg:274.94ms
step:278/500 train_loss:4.6308 train_time:73681ms step_avg:274.93ms
step:279/500 train_loss:4.7623 train_time:73954ms step_avg:274.92ms
step:280/500 train_loss:4.5980 train_time:74244ms step_avg:274.98ms
step:281/500 train_loss:4.6784 train_time:74534ms step_avg:275.03ms
step:282/500 train_loss:4.5676 train_time:74820ms step_avg:275.07ms
step:283/500 train_loss:4.6885 train_time:75109ms step_avg:275.12ms
step:284/500 train_loss:4.5049 train_time:75396ms step_avg:275.17ms
step:285/500 train_loss:4.6699 train_time:75685ms step_avg:275.22ms
step:286/500 train_loss:4.6598 train_time:75975ms step_avg:275.27ms
step:287/500 train_loss:4.6905 train_time:76261ms step_avg:275.31ms
step:288/500 train_loss:4.5557 train_time:76550ms step_avg:275.36ms
step:289/500 train_loss:4.6190 train_time:76836ms step_avg:275.40ms
step:290/500 train_loss:4.4759 train_time:77124ms step_avg:275.44ms
step:291/500 train_loss:4.4696 train_time:77413ms step_avg:275.49ms
step:292/500 train_loss:4.6003 train_time:77701ms step_avg:275.54ms
step:293/500 train_loss:4.4881 train_time:77991ms step_avg:275.59ms
step:294/500 train_loss:4.5429 train_time:78276ms step_avg:275.62ms
step:295/500 train_loss:4.5581 train_time:78566ms step_avg:275.67ms
step:296/500 train_loss:4.4266 train_time:78853ms step_avg:275.71ms
step:297/500 train_loss:4.4144 train_time:79140ms step_avg:275.75ms
step:298/500 train_loss:4.4513 train_time:79432ms step_avg:275.81ms
step:299/500 train_loss:4.5492 train_time:79718ms step_avg:275.84ms
step:300/500 train_loss:4.4344 train_time:80007ms step_avg:275.89ms
step:301/500 train_loss:4.6110 train_time:80295ms step_avg:275.93ms w_mean:1.000 w_std:0.133 w_min:0.970 w_max:3.233
step:302/500 train_loss:4.5877 train_time:80582ms step_avg:275.97ms
step:303/500 train_loss:4.5046 train_time:80874ms step_avg:276.02ms
step:304/500 train_loss:4.5757 train_time:81161ms step_avg:276.06ms
step:305/500 train_loss:4.5599 train_time:81448ms step_avg:276.10ms
step:306/500 train_loss:5.0301 train_time:81736ms step_avg:276.14ms
step:307/500 train_loss:4.5145 train_time:82024ms step_avg:276.17ms
step:308/500 train_loss:4.4173 train_time:82313ms step_avg:276.22ms
step:309/500 train_loss:4.6018 train_time:82600ms step_avg:276.25ms
step:310/500 train_loss:4.4051 train_time:82890ms step_avg:276.30ms
step:311/500 train_loss:4.6378 train_time:83177ms step_avg:276.33ms
step:312/500 train_loss:4.5486 train_time:83466ms step_avg:276.38ms
step:313/500 train_loss:4.4632 train_time:83755ms step_avg:276.42ms
step:314/500 train_loss:4.5928 train_time:84042ms step_avg:276.45ms
step:315/500 train_loss:4.7171 train_time:84334ms step_avg:276.50ms
step:316/500 train_loss:4.5556 train_time:84620ms step_avg:276.54ms
step:317/500 train_loss:4.4457 train_time:84910ms step_avg:276.58ms
step:318/500 train_loss:4.4617 train_time:85195ms step_avg:276.61ms
step:319/500 train_loss:4.4735 train_time:85482ms step_avg:276.64ms
step:320/500 train_loss:4.4288 train_time:85773ms step_avg:276.69ms
step:321/500 train_loss:4.5152 train_time:86059ms step_avg:276.72ms
step:322/500 train_loss:4.5310 train_time:86348ms step_avg:276.76ms
step:323/500 train_loss:4.4885 train_time:86635ms step_avg:276.79ms
step:324/500 train_loss:4.5616 train_time:86923ms step_avg:276.82ms
step:325/500 train_loss:4.5621 train_time:87211ms step_avg:276.86ms
step:326/500 train_loss:4.6201 train_time:87497ms step_avg:276.89ms
step:327/500 train_loss:4.4740 train_time:87785ms step_avg:276.92ms
step:328/500 train_loss:4.9169 train_time:88074ms step_avg:276.96ms
step:329/500 train_loss:4.6300 train_time:88360ms step_avg:276.99ms
step:330/500 train_loss:4.4221 train_time:88649ms step_avg:277.03ms
step:331/500 train_loss:4.3862 train_time:88935ms step_avg:277.06ms
step:332/500 train_loss:4.5314 train_time:89223ms step_avg:277.09ms
step:333/500 train_loss:4.4558 train_time:89511ms step_avg:277.12ms
step:334/500 train_loss:4.4424 train_time:89797ms step_avg:277.15ms
step:335/500 train_loss:4.4027 train_time:90086ms step_avg:277.19ms
step:336/500 train_loss:4.5932 train_time:90374ms step_avg:277.22ms
step:337/500 train_loss:4.5289 train_time:90661ms step_avg:277.25ms
step:338/500 train_loss:5.0644 train_time:90949ms step_avg:277.28ms
step:339/500 train_loss:4.5076 train_time:91235ms step_avg:277.31ms
step:340/500 train_loss:4.4740 train_time:91523ms step_avg:277.34ms
step:341/500 train_loss:4.4540 train_time:91811ms step_avg:277.37ms
step:342/500 train_loss:4.3966 train_time:92097ms step_avg:277.40ms
step:343/500 train_loss:4.3716 train_time:92384ms step_avg:277.43ms
step:344/500 train_loss:4.4388 train_time:92673ms step_avg:277.46ms
step:345/500 train_loss:4.5263 train_time:92959ms step_avg:277.49ms
step:346/500 train_loss:4.4226 train_time:93246ms step_avg:277.52ms
step:347/500 train_loss:4.3623 train_time:93534ms step_avg:277.55ms
step:348/500 train_loss:4.4188 train_time:93822ms step_avg:277.58ms
step:349/500 train_loss:4.4202 train_time:94110ms step_avg:277.61ms
step:350/500 train_loss:4.3464 train_time:94396ms step_avg:277.64ms
step:351/500 train_loss:4.0326 train_time:94684ms step_avg:277.67ms w_mean:1.000 w_std:0.133 w_min:0.973 w_max:3.242
step:352/500 train_loss:4.3278 train_time:94973ms step_avg:277.70ms
step:353/500 train_loss:4.6669 train_time:95259ms step_avg:277.72ms
step:354/500 train_loss:4.2076 train_time:95547ms step_avg:277.75ms
step:355/500 train_loss:4.4497 train_time:95834ms step_avg:277.78ms
step:356/500 train_loss:4.3580 train_time:96122ms step_avg:277.81ms
step:357/500 train_loss:4.4568 train_time:96412ms step_avg:277.84ms
step:358/500 train_loss:4.4688 train_time:96698ms step_avg:277.87ms
step:359/500 train_loss:4.3685 train_time:96987ms step_avg:277.90ms
step:360/500 train_loss:4.6832 train_time:97275ms step_avg:277.93ms
step:361/500 train_loss:4.1124 train_time:97562ms step_avg:277.95ms
step:362/500 train_loss:4.5821 train_time:97850ms step_avg:277.98ms
step:363/500 train_loss:4.4775 train_time:98137ms step_avg:278.01ms
step:364/500 train_loss:4.3665 train_time:98424ms step_avg:278.03ms
step:365/500 train_loss:4.3027 train_time:98712ms step_avg:278.06ms
step:366/500 train_loss:4.4567 train_time:98998ms step_avg:278.08ms
step:367/500 train_loss:4.3882 train_time:99288ms step_avg:278.12ms
step:368/500 train_loss:4.3719 train_time:99575ms step_avg:278.14ms
step:369/500 train_loss:4.3772 train_time:99863ms step_avg:278.17ms
step:370/500 train_loss:4.2736 train_time:100152ms step_avg:278.20ms
step:371/500 train_loss:4.4162 train_time:100437ms step_avg:278.22ms
step:372/500 train_loss:4.3563 train_time:100728ms step_avg:278.25ms
step:373/500 train_loss:4.2307 train_time:101014ms step_avg:278.28ms
step:374/500 train_loss:4.4216 train_time:101302ms step_avg:278.30ms
step:375/500 train_loss:4.3559 train_time:101594ms step_avg:278.34ms
step:375/500 val_loss:4.3713 train_time:101594ms step_avg:278.34ms
step:376/500 train_loss:4.3513 train_time:101867ms step_avg:278.32ms
step:377/500 train_loss:4.4107 train_time:102161ms step_avg:278.37ms
step:378/500 train_loss:4.3018 train_time:102770ms step_avg:279.27ms
step:379/500 train_loss:4.3562 train_time:103058ms step_avg:279.29ms
step:380/500 train_loss:4.4314 train_time:103671ms step_avg:280.19ms
step:381/500 train_loss:4.4584 train_time:103957ms step_avg:280.21ms
step:382/500 train_loss:4.4026 train_time:104242ms step_avg:280.22ms
step:383/500 train_loss:4.3852 train_time:104529ms step_avg:280.24ms
step:384/500 train_loss:4.2925 train_time:104818ms step_avg:280.26ms
step:385/500 train_loss:4.3901 train_time:105104ms step_avg:280.28ms
step:386/500 train_loss:4.3010 train_time:105391ms step_avg:280.29ms
step:387/500 train_loss:4.4281 train_time:105678ms step_avg:280.31ms
step:388/500 train_loss:4.6341 train_time:105963ms step_avg:280.33ms
step:389/500 train_loss:4.3267 train_time:106251ms step_avg:280.35ms
step:390/500 train_loss:4.2817 train_time:106521ms step_avg:280.32ms
step:391/500 train_loss:4.4098 train_time:106795ms step_avg:280.30ms
step:392/500 train_loss:4.3362 train_time:107068ms step_avg:280.28ms
step:393/500 train_loss:4.4381 train_time:107339ms step_avg:280.26ms
step:394/500 train_loss:4.2574 train_time:107611ms step_avg:280.24ms
step:395/500 train_loss:4.3993 train_time:107883ms step_avg:280.22ms
step:396/500 train_loss:4.1819 train_time:108158ms step_avg:280.20ms
step:397/500 train_loss:4.3424 train_time:108430ms step_avg:280.18ms
step:398/500 train_loss:4.4386 train_time:108701ms step_avg:280.16ms
step:399/500 train_loss:4.3815 train_time:108975ms step_avg:280.14ms
step:400/500 train_loss:4.3094 train_time:109247ms step_avg:280.12ms
step:401/500 train_loss:4.3716 train_time:109518ms step_avg:280.10ms w_mean:1.000 w_std:0.106 w_min:0.980 w_max:3.266
step:402/500 train_loss:4.4079 train_time:109793ms step_avg:280.08ms
step:403/500 train_loss:4.3782 train_time:110064ms step_avg:280.06ms
step:404/500 train_loss:4.4740 train_time:110336ms step_avg:280.04ms
step:405/500 train_loss:4.2511 train_time:110606ms step_avg:280.02ms
step:406/500 train_loss:4.3006 train_time:110879ms step_avg:280.00ms
step:407/500 train_loss:4.5711 train_time:111153ms step_avg:279.98ms
step:408/500 train_loss:4.3431 train_time:111425ms step_avg:279.96ms
step:409/500 train_loss:4.3312 train_time:111698ms step_avg:279.95ms
step:410/500 train_loss:4.3791 train_time:111972ms step_avg:279.93ms
step:411/500 train_loss:4.2709 train_time:112244ms step_avg:279.91ms
step:412/500 train_loss:4.2867 train_time:112518ms step_avg:279.90ms
step:413/500 train_loss:4.7006 train_time:112791ms step_avg:279.88ms
step:414/500 train_loss:4.1521 train_time:113062ms step_avg:279.86ms
step:415/500 train_loss:4.5108 train_time:113334ms step_avg:279.84ms
step:416/500 train_loss:4.2887 train_time:113605ms step_avg:279.82ms
step:417/500 train_loss:4.2851 train_time:113881ms step_avg:279.81ms
step:418/500 train_loss:4.4639 train_time:114154ms step_avg:279.79ms
step:419/500 train_loss:4.2020 train_time:114427ms step_avg:279.77ms
step:420/500 train_loss:4.2975 train_time:114699ms step_avg:279.75ms
step:421/500 train_loss:4.2737 train_time:114971ms step_avg:279.74ms
step:422/500 train_loss:4.1649 train_time:115242ms step_avg:279.71ms
step:423/500 train_loss:4.2729 train_time:115517ms step_avg:279.70ms
step:424/500 train_loss:4.3794 train_time:115791ms step_avg:279.69ms
step:425/500 train_loss:4.1817 train_time:116062ms step_avg:279.67ms
step:426/500 train_loss:4.3413 train_time:116334ms step_avg:279.65ms
step:427/500 train_loss:4.2254 train_time:116605ms step_avg:279.63ms
step:428/500 train_loss:4.4053 train_time:116880ms step_avg:279.62ms
step:429/500 train_loss:4.3552 train_time:117153ms step_avg:279.60ms
step:430/500 train_loss:4.2671 train_time:117425ms step_avg:279.58ms
step:431/500 train_loss:4.2447 train_time:117699ms step_avg:279.57ms
step:432/500 train_loss:4.1904 train_time:117973ms step_avg:279.56ms
step:433/500 train_loss:4.2776 train_time:118244ms step_avg:279.54ms
step:434/500 train_loss:4.3522 train_time:118517ms step_avg:279.52ms
step:435/500 train_loss:4.2802 train_time:118792ms step_avg:279.51ms
step:436/500 train_loss:4.3325 train_time:119064ms step_avg:279.49ms
step:437/500 train_loss:4.3397 train_time:119337ms step_avg:279.48ms
step:438/500 train_loss:4.2279 train_time:119608ms step_avg:279.46ms
step:439/500 train_loss:4.2451 train_time:119881ms step_avg:279.44ms
step:440/500 train_loss:4.2116 train_time:120158ms step_avg:279.44ms
step:441/500 train_loss:4.3952 train_time:120430ms step_avg:279.42ms
step:442/500 train_loss:4.2987 train_time:120703ms step_avg:279.41ms
step:443/500 train_loss:4.2725 train_time:120976ms step_avg:279.39ms
step:444/500 train_loss:4.1700 train_time:121249ms step_avg:279.37ms
step:445/500 train_loss:4.4173 train_time:121520ms step_avg:279.36ms
step:446/500 train_loss:4.3463 train_time:121792ms step_avg:279.34ms
step:447/500 train_loss:4.3456 train_time:122063ms step_avg:279.32ms
step:448/500 train_loss:4.2636 train_time:122335ms step_avg:279.30ms
step:449/500 train_loss:4.3480 train_time:122607ms step_avg:279.29ms
step:450/500 train_loss:4.1899 train_time:122883ms step_avg:279.28ms
step:451/500 train_loss:4.2315 train_time:123158ms step_avg:279.27ms w_mean:1.000 w_std:0.090 w_min:0.985 w_max:3.283
step:452/500 train_loss:4.1169 train_time:123430ms step_avg:279.25ms
step:453/500 train_loss:4.2119 train_time:123703ms step_avg:279.24ms
step:454/500 train_loss:4.1942 train_time:123978ms step_avg:279.23ms
step:455/500 train_loss:4.1706 train_time:124252ms step_avg:279.22ms
step:456/500 train_loss:4.3753 train_time:124524ms step_avg:279.20ms
step:457/500 train_loss:4.2290 train_time:124797ms step_avg:279.19ms
step:458/500 train_loss:4.3217 train_time:125070ms step_avg:279.17ms
step:459/500 train_loss:4.3523 train_time:125341ms step_avg:279.16ms
step:460/500 train_loss:4.1542 train_time:125614ms step_avg:279.14ms
step:461/500 train_loss:4.3271 train_time:125886ms step_avg:279.13ms
step:462/500 train_loss:4.2269 train_time:126160ms step_avg:279.12ms
step:463/500 train_loss:4.2099 train_time:126433ms step_avg:279.10ms
step:464/500 train_loss:4.3008 train_time:126704ms step_avg:279.08ms
step:465/500 train_loss:4.2389 train_time:126978ms step_avg:279.07ms
step:466/500 train_loss:4.2365 train_time:127254ms step_avg:279.06ms
step:467/500 train_loss:4.3630 train_time:127526ms step_avg:279.05ms
step:468/500 train_loss:4.3629 train_time:127799ms step_avg:279.04ms
step:469/500 train_loss:4.3311 train_time:128071ms step_avg:279.02ms
step:470/500 train_loss:4.2377 train_time:128343ms step_avg:279.01ms
step:471/500 train_loss:4.3222 train_time:128618ms step_avg:279.00ms
step:472/500 train_loss:4.3719 train_time:128891ms step_avg:278.99ms
step:473/500 train_loss:4.2806 train_time:129163ms step_avg:278.97ms
step:474/500 train_loss:4.2536 train_time:129435ms step_avg:278.95ms
step:475/500 train_loss:4.1252 train_time:129706ms step_avg:278.94ms
step:476/500 train_loss:4.5545 train_time:129983ms step_avg:278.93ms
step:477/500 train_loss:4.3006 train_time:130254ms step_avg:278.92ms
step:478/500 train_loss:4.1114 train_time:130526ms step_avg:278.90ms
step:479/500 train_loss:4.3158 train_time:130800ms step_avg:278.89ms
step:480/500 train_loss:4.2938 train_time:131073ms step_avg:278.88ms
step:481/500 train_loss:4.4235 train_time:131344ms step_avg:278.86ms
step:482/500 train_loss:4.2488 train_time:131619ms step_avg:278.85ms
step:483/500 train_loss:4.0671 train_time:131893ms step_avg:278.84ms
step:484/500 train_loss:4.3400 train_time:132165ms step_avg:278.83ms
step:485/500 train_loss:4.1877 train_time:132438ms step_avg:278.82ms
step:486/500 train_loss:4.2201 train_time:132710ms step_avg:278.80ms
step:487/500 train_loss:4.1561 train_time:132985ms step_avg:278.79ms
step:488/500 train_loss:4.1856 train_time:133259ms step_avg:278.79ms
step:489/500 train_loss:4.3935 train_time:133531ms step_avg:278.77ms
step:490/500 train_loss:4.2517 train_time:133803ms step_avg:278.76ms
step:491/500 train_loss:4.1499 train_time:134079ms step_avg:278.75ms
step:492/500 train_loss:4.1670 train_time:134352ms step_avg:278.74ms
step:493/500 train_loss:4.2754 train_time:134624ms step_avg:278.72ms
step:494/500 train_loss:4.1150 train_time:134900ms step_avg:278.72ms
step:495/500 train_loss:4.2656 train_time:135174ms step_avg:278.71ms
step:496/500 train_loss:4.1870 train_time:135447ms step_avg:278.70ms
step:497/500 train_loss:4.1298 train_time:135719ms step_avg:278.68ms
step:498/500 train_loss:4.2736 train_time:135993ms step_avg:278.67ms
step:499/500 train_loss:4.3588 train_time:136265ms step_avg:278.66ms
step:500/500 train_loss:4.4107 train_time:136538ms step_avg:278.65ms
step:500/500 val_loss:4.2571 train_time:136539ms step_avg:278.65ms
Checkpoint saving disabled; skipping state serialization.
peak memory consumption: 30603 MiB
