Command: torchrun --nproc_per_node=8 train_tw.py --seed=123 --num_iterations=500 --val_loss_every=125 --tw_enabled --tw_function=focal --tw_clamp_min=0.5 --tw_clamp_max=2.0 --tw_schedule=constant --tw_warmup_steps=1000 --tw_anneal_final=0.3 --tw_cyclical_period=500 --tw_focal_gamma=2.0 --tw_log_every=50 --tw_log_weights --tw_percentile_clamp --tw_percentile_low=0.05 --tw_percentile_high=0.95
Started: 2025-12-09T23:17:36.530206
============================================================

W1209 23:17:37.722000 86752 torch/distributed/run.py:774] 
W1209 23:17:37.722000 86752 torch/distributed/run.py:774] *****************************************
W1209 23:17:37.722000 86752 torch/distributed/run.py:774] Setting OMP_NUM_THREADS environment variable for each process to be 1 in default, to avoid your system being overloaded, please further tune the variable for optimal performance in your application as needed. 
W1209 23:17:37.722000 86752 torch/distributed/run.py:774] *****************************************
/root/ese-3060-project/tw_nano_experiments/train_tw.py:218: SyntaxWarning: invalid escape sequence '\s'
  """
/root/ese-3060-project/tw_nano_experiments/train_tw.py:218: SyntaxWarning: invalid escape sequence '\s'
  """
/root/ese-3060-project/tw_nano_experiments/train_tw.py/root/ese-3060-project/tw_nano_experiments/train_tw.py:218: SyntaxWarning: invalid escape sequence '\s'
:218: SyntaxWarning: invalid escape sequence '\s'
    """
"""
/root/ese-3060-project/tw_nano_experiments/train_tw.py:218: SyntaxWarning: invalid escape sequence '\s'
/root/ese-3060-project/tw_nano_experiments/train_tw.py:218: SyntaxWarning: invalid escape sequence '\s'
  """
  """
/root/ese-3060-project/tw_nano_experiments/train_tw.py:218: SyntaxWarning: invalid escape sequence '\s'
  """
/root/ese-3060-project/tw_nano_experiments/train_tw.py:218: SyntaxWarning: invalid escape sequence '\s'
  """
using device: cuda:0
Random seed set to 123 (deterministic=False)
using device: cuda:3
using device: cuda:7
using device: cuda:2
using device: cuda:5
Training DataLoader: total number of tokens: 900000000 across 9 files
Validation DataLoader: total number of tokens: 100000000 across 1 files
using device: cuda:6
using device: cuda:1
using device: cuda:4
Token Weighting: ENABLED
  function=focal, clamp=[0.5, 2.0], schedule=constant
step:0/500 val_loss:16.0073 train_time:274ms step_avg:nanms
step:1/500 train_loss:15.9981 train_time:70475ms step_avg:nanms w_mean:1.000 w_std:0.073 w_min:0.874 w_max:1.135
step:2/500 train_loss:9.3713 train_time:70808ms step_avg:nanms
step:3/500 train_loss:9.0829 train_time:71076ms step_avg:nanms
step:4/500 train_loss:8.7688 train_time:71344ms step_avg:nanms
step:5/500 train_loss:8.2220 train_time:71614ms step_avg:nanms
step:6/500 train_loss:7.8296 train_time:71885ms step_avg:nanms
step:7/500 train_loss:7.5630 train_time:72155ms step_avg:nanms
step:8/500 train_loss:7.6407 train_time:72423ms step_avg:nanms
step:9/500 train_loss:7.3943 train_time:72691ms step_avg:nanms
step:10/500 train_loss:7.2463 train_time:72961ms step_avg:nanms
step:11/500 train_loss:7.2066 train_time:269ms step_avg:nanms
step:12/500 train_loss:7.2187 train_time:538ms step_avg:nanms
step:13/500 train_loss:7.0192 train_time:806ms step_avg:268.66ms
step:14/500 train_loss:7.0547 train_time:1075ms step_avg:268.85ms
step:15/500 train_loss:6.9767 train_time:1347ms step_avg:269.41ms
step:16/500 train_loss:7.0355 train_time:1616ms step_avg:269.37ms
step:17/500 train_loss:6.9139 train_time:1887ms step_avg:269.58ms
step:18/500 train_loss:7.0034 train_time:2156ms step_avg:269.44ms
step:19/500 train_loss:6.8163 train_time:2426ms step_avg:269.53ms
step:20/500 train_loss:6.8535 train_time:2696ms step_avg:269.57ms
step:21/500 train_loss:6.5005 train_time:2965ms step_avg:269.54ms
step:22/500 train_loss:6.8902 train_time:3236ms step_avg:269.66ms
step:23/500 train_loss:7.0403 train_time:3505ms step_avg:269.61ms
step:24/500 train_loss:6.7804 train_time:3773ms step_avg:269.52ms
step:25/500 train_loss:6.7996 train_time:4042ms step_avg:269.43ms
step:26/500 train_loss:6.6176 train_time:4312ms step_avg:269.52ms
step:27/500 train_loss:6.4916 train_time:4581ms step_avg:269.50ms
step:28/500 train_loss:6.6921 train_time:4852ms step_avg:269.56ms
step:29/500 train_loss:6.3433 train_time:5124ms step_avg:269.68ms
step:30/500 train_loss:6.6018 train_time:5393ms step_avg:269.67ms
step:31/500 train_loss:6.4793 train_time:5662ms step_avg:269.63ms
step:32/500 train_loss:6.4314 train_time:5933ms step_avg:269.66ms
step:33/500 train_loss:6.2774 train_time:6201ms step_avg:269.59ms
step:34/500 train_loss:6.5977 train_time:6472ms step_avg:269.68ms
step:35/500 train_loss:6.4794 train_time:6743ms step_avg:269.72ms
step:36/500 train_loss:6.6122 train_time:7016ms step_avg:269.83ms
step:37/500 train_loss:6.5542 train_time:7286ms step_avg:269.85ms
step:38/500 train_loss:6.4441 train_time:7557ms step_avg:269.88ms
step:39/500 train_loss:6.3377 train_time:7828ms step_avg:269.94ms
step:40/500 train_loss:6.4088 train_time:8098ms step_avg:269.93ms
step:41/500 train_loss:6.3124 train_time:8366ms step_avg:269.88ms
step:42/500 train_loss:6.3337 train_time:8638ms step_avg:269.95ms
step:43/500 train_loss:6.2197 train_time:8909ms step_avg:269.96ms
step:44/500 train_loss:6.2976 train_time:9178ms step_avg:269.94ms
step:45/500 train_loss:6.2952 train_time:9449ms step_avg:269.97ms
step:46/500 train_loss:6.4560 train_time:9720ms step_avg:270.01ms
step:47/500 train_loss:6.2811 train_time:9991ms step_avg:270.03ms
step:48/500 train_loss:6.1477 train_time:10260ms step_avg:270.01ms
step:49/500 train_loss:6.3460 train_time:10535ms step_avg:270.12ms
step:50/500 train_loss:6.2403 train_time:10804ms step_avg:270.09ms
step:51/500 train_loss:6.3515 train_time:11074ms step_avg:270.10ms w_mean:1.000 w_std:0.724 w_min:0.151 w_max:2.587
step:52/500 train_loss:6.2573 train_time:11345ms step_avg:270.13ms
step:53/500 train_loss:6.1099 train_time:11620ms step_avg:270.23ms
step:54/500 train_loss:6.2270 train_time:11891ms step_avg:270.24ms
step:55/500 train_loss:6.1625 train_time:12162ms step_avg:270.26ms
step:56/500 train_loss:6.4142 train_time:12435ms step_avg:270.32ms
step:57/500 train_loss:6.1731 train_time:12705ms step_avg:270.32ms
step:58/500 train_loss:6.0192 train_time:12976ms step_avg:270.34ms
step:59/500 train_loss:6.2122 train_time:13248ms step_avg:270.37ms
step:60/500 train_loss:6.1039 train_time:13519ms step_avg:270.39ms
step:61/500 train_loss:6.2332 train_time:13792ms step_avg:270.43ms
step:62/500 train_loss:6.0205 train_time:14063ms step_avg:270.44ms
step:63/500 train_loss:6.1406 train_time:14337ms step_avg:270.51ms
step:64/500 train_loss:6.0739 train_time:14606ms step_avg:270.49ms
step:65/500 train_loss:6.0486 train_time:14878ms step_avg:270.50ms
step:66/500 train_loss:5.9057 train_time:15149ms step_avg:270.51ms
step:67/500 train_loss:6.1261 train_time:15424ms step_avg:270.60ms
step:68/500 train_loss:5.9443 train_time:15695ms step_avg:270.60ms
step:69/500 train_loss:6.2207 train_time:15967ms step_avg:270.63ms
step:70/500 train_loss:5.8700 train_time:16242ms step_avg:270.70ms
step:71/500 train_loss:5.9389 train_time:16516ms step_avg:270.75ms
step:72/500 train_loss:6.0828 train_time:16787ms step_avg:270.76ms
step:73/500 train_loss:6.0634 train_time:17057ms step_avg:270.75ms
step:74/500 train_loss:5.9394 train_time:17331ms step_avg:270.80ms
step:75/500 train_loss:6.0492 train_time:17602ms step_avg:270.79ms
step:76/500 train_loss:6.0075 train_time:17874ms step_avg:270.81ms
step:77/500 train_loss:5.9887 train_time:18144ms step_avg:270.81ms
step:78/500 train_loss:6.0549 train_time:18419ms step_avg:270.87ms
step:79/500 train_loss:6.0749 train_time:18692ms step_avg:270.90ms
step:80/500 train_loss:5.9537 train_time:18962ms step_avg:270.89ms
step:81/500 train_loss:6.0187 train_time:19235ms step_avg:270.91ms
step:82/500 train_loss:5.8384 train_time:19505ms step_avg:270.90ms
step:83/500 train_loss:5.9643 train_time:19777ms step_avg:270.92ms
step:84/500 train_loss:5.9719 train_time:20051ms step_avg:270.96ms
step:85/500 train_loss:5.9087 train_time:20323ms step_avg:270.97ms
step:86/500 train_loss:5.7950 train_time:20594ms step_avg:270.98ms
step:87/500 train_loss:5.9644 train_time:20865ms step_avg:270.98ms
step:88/500 train_loss:5.9069 train_time:21139ms step_avg:271.01ms
step:89/500 train_loss:5.9413 train_time:21413ms step_avg:271.06ms
step:90/500 train_loss:5.9547 train_time:21684ms step_avg:271.05ms
step:91/500 train_loss:5.8343 train_time:21960ms step_avg:271.11ms
step:92/500 train_loss:5.8901 train_time:22233ms step_avg:271.14ms
step:93/500 train_loss:5.9148 train_time:22504ms step_avg:271.13ms
step:94/500 train_loss:5.8466 train_time:22775ms step_avg:271.13ms
step:95/500 train_loss:5.7556 train_time:23051ms step_avg:271.19ms
step:96/500 train_loss:5.8648 train_time:23323ms step_avg:271.20ms
step:97/500 train_loss:5.7121 train_time:23594ms step_avg:271.19ms
step:98/500 train_loss:5.8509 train_time:23865ms step_avg:271.19ms
step:99/500 train_loss:5.7148 train_time:24137ms step_avg:271.20ms
step:100/500 train_loss:5.8854 train_time:24411ms step_avg:271.24ms
step:101/500 train_loss:5.7838 train_time:24681ms step_avg:271.22ms w_mean:1.000 w_std:0.775 w_min:0.132 w_max:2.774
step:102/500 train_loss:5.7685 train_time:24955ms step_avg:271.25ms
step:103/500 train_loss:5.7898 train_time:25229ms step_avg:271.28ms
step:104/500 train_loss:5.8170 train_time:25499ms step_avg:271.26ms
step:105/500 train_loss:5.6186 train_time:25770ms step_avg:271.27ms
step:106/500 train_loss:5.7765 train_time:26047ms step_avg:271.32ms
step:107/500 train_loss:5.8942 train_time:26325ms step_avg:271.39ms
step:108/500 train_loss:5.7310 train_time:26597ms step_avg:271.40ms
step:109/500 train_loss:5.5529 train_time:26871ms step_avg:271.42ms
step:110/500 train_loss:5.6706 train_time:27143ms step_avg:271.43ms
step:111/500 train_loss:5.7151 train_time:27418ms step_avg:271.47ms
step:112/500 train_loss:5.6224 train_time:27692ms step_avg:271.49ms
step:113/500 train_loss:5.7737 train_time:27965ms step_avg:271.51ms
step:114/500 train_loss:5.6469 train_time:28235ms step_avg:271.49ms
step:115/500 train_loss:5.5822 train_time:28507ms step_avg:271.50ms
step:116/500 train_loss:5.6821 train_time:28779ms step_avg:271.50ms
step:117/500 train_loss:5.5903 train_time:29052ms step_avg:271.51ms
step:118/500 train_loss:5.5530 train_time:29328ms step_avg:271.56ms
step:119/500 train_loss:5.7058 train_time:29599ms step_avg:271.55ms
step:120/500 train_loss:5.6449 train_time:29873ms step_avg:271.57ms
step:121/500 train_loss:5.6348 train_time:30144ms step_avg:271.57ms
step:122/500 train_loss:5.4793 train_time:30419ms step_avg:271.60ms
step:123/500 train_loss:5.5975 train_time:30691ms step_avg:271.60ms
step:124/500 train_loss:5.4533 train_time:30963ms step_avg:271.61ms
step:125/500 train_loss:5.7628 train_time:31237ms step_avg:271.62ms
step:125/500 val_loss:5.5672 train_time:31238ms step_avg:271.63ms
step:126/500 train_loss:5.5726 train_time:31509ms step_avg:271.63ms
step:127/500 train_loss:5.6029 train_time:31788ms step_avg:271.70ms
step:128/500 train_loss:5.6460 train_time:32064ms step_avg:271.73ms
step:129/500 train_loss:5.5260 train_time:32333ms step_avg:271.71ms
step:130/500 train_loss:5.7475 train_time:32603ms step_avg:271.69ms
step:131/500 train_loss:5.5801 train_time:32878ms step_avg:271.72ms
step:132/500 train_loss:5.5764 train_time:33151ms step_avg:271.73ms
step:133/500 train_loss:5.5218 train_time:33425ms step_avg:271.75ms
step:134/500 train_loss:5.5345 train_time:33693ms step_avg:271.71ms
step:135/500 train_loss:5.5052 train_time:33968ms step_avg:271.74ms
step:136/500 train_loss:5.5352 train_time:34244ms step_avg:271.78ms
step:137/500 train_loss:5.3968 train_time:34517ms step_avg:271.79ms
step:138/500 train_loss:5.4811 train_time:34786ms step_avg:271.77ms
step:139/500 train_loss:5.4965 train_time:35059ms step_avg:271.77ms
step:140/500 train_loss:5.4754 train_time:35330ms step_avg:271.77ms
step:141/500 train_loss:5.5273 train_time:35603ms step_avg:271.78ms
step:142/500 train_loss:5.4360 train_time:35873ms step_avg:271.77ms
step:143/500 train_loss:5.5435 train_time:36145ms step_avg:271.77ms
step:144/500 train_loss:5.3474 train_time:36417ms step_avg:271.77ms
step:145/500 train_loss:5.4990 train_time:36689ms step_avg:271.77ms
step:146/500 train_loss:5.4320 train_time:36961ms step_avg:271.77ms
step:147/500 train_loss:5.3639 train_time:37231ms step_avg:271.76ms
step:148/500 train_loss:5.4457 train_time:37505ms step_avg:271.78ms
step:149/500 train_loss:5.4247 train_time:37776ms step_avg:271.77ms
step:150/500 train_loss:5.4801 train_time:38049ms step_avg:271.78ms
step:151/500 train_loss:5.4981 train_time:38323ms step_avg:271.79ms w_mean:1.000 w_std:0.796 w_min:0.123 w_max:2.852
step:152/500 train_loss:5.4425 train_time:38592ms step_avg:271.78ms
step:153/500 train_loss:5.3972 train_time:38865ms step_avg:271.78ms
step:154/500 train_loss:5.4640 train_time:39137ms step_avg:271.79ms
step:155/500 train_loss:5.4208 train_time:39407ms step_avg:271.77ms
step:156/500 train_loss:5.3980 train_time:39679ms step_avg:271.77ms
step:157/500 train_loss:5.4417 train_time:39950ms step_avg:271.77ms
step:158/500 train_loss:5.5007 train_time:40225ms step_avg:271.79ms
step:159/500 train_loss:5.3734 train_time:40495ms step_avg:271.78ms
step:160/500 train_loss:5.3567 train_time:40767ms step_avg:271.78ms
step:161/500 train_loss:5.2930 train_time:41040ms step_avg:271.78ms
step:162/500 train_loss:5.3736 train_time:41315ms step_avg:271.81ms
step:163/500 train_loss:5.4460 train_time:41585ms step_avg:271.79ms
step:164/500 train_loss:5.4084 train_time:41856ms step_avg:271.79ms
step:165/500 train_loss:5.2833 train_time:42129ms step_avg:271.80ms
step:166/500 train_loss:5.3323 train_time:42399ms step_avg:271.79ms
step:167/500 train_loss:5.5249 train_time:42670ms step_avg:271.78ms
step:168/500 train_loss:5.2877 train_time:42945ms step_avg:271.80ms
step:169/500 train_loss:5.3918 train_time:43217ms step_avg:271.80ms
step:170/500 train_loss:5.2354 train_time:43488ms step_avg:271.80ms
step:171/500 train_loss:5.2356 train_time:43759ms step_avg:271.80ms
step:172/500 train_loss:5.2815 train_time:44030ms step_avg:271.79ms
step:173/500 train_loss:5.2794 train_time:44300ms step_avg:271.78ms
step:174/500 train_loss:5.3127 train_time:44572ms step_avg:271.78ms
step:175/500 train_loss:5.4553 train_time:44845ms step_avg:271.79ms
step:176/500 train_loss:5.3595 train_time:45117ms step_avg:271.79ms
step:177/500 train_loss:5.2113 train_time:45388ms step_avg:271.78ms
step:178/500 train_loss:5.1822 train_time:45663ms step_avg:271.80ms
step:179/500 train_loss:5.2205 train_time:45936ms step_avg:271.81ms
step:180/500 train_loss:5.2532 train_time:46210ms step_avg:271.83ms
step:181/500 train_loss:5.2549 train_time:46481ms step_avg:271.82ms
step:182/500 train_loss:5.3302 train_time:46751ms step_avg:271.81ms
step:183/500 train_loss:5.2660 train_time:47025ms step_avg:271.82ms
step:184/500 train_loss:5.1759 train_time:47296ms step_avg:271.82ms
step:185/500 train_loss:5.2073 train_time:47568ms step_avg:271.82ms
step:186/500 train_loss:5.3360 train_time:47840ms step_avg:271.82ms
step:187/500 train_loss:5.2060 train_time:48112ms step_avg:271.82ms
step:188/500 train_loss:5.4315 train_time:48384ms step_avg:271.82ms
step:189/500 train_loss:5.2455 train_time:48906ms step_avg:273.22ms
step:190/500 train_loss:5.1754 train_time:49449ms step_avg:274.72ms
step:191/500 train_loss:5.3221 train_time:49719ms step_avg:274.69ms
step:192/500 train_loss:5.1680 train_time:49988ms step_avg:274.66ms
step:193/500 train_loss:5.0868 train_time:50259ms step_avg:274.64ms
step:194/500 train_loss:5.2826 train_time:50534ms step_avg:274.64ms
step:195/500 train_loss:5.2134 train_time:50805ms step_avg:274.62ms
step:196/500 train_loss:5.4082 train_time:51074ms step_avg:274.59ms
step:197/500 train_loss:5.2801 train_time:51347ms step_avg:274.58ms
step:198/500 train_loss:5.1716 train_time:51624ms step_avg:274.60ms
step:199/500 train_loss:5.1689 train_time:51894ms step_avg:274.57ms
step:200/500 train_loss:5.1214 train_time:52167ms step_avg:274.56ms
step:201/500 train_loss:5.1535 train_time:52439ms step_avg:274.55ms w_mean:1.000 w_std:0.836 w_min:0.098 w_max:2.997
step:202/500 train_loss:5.1304 train_time:52712ms step_avg:274.54ms
step:203/500 train_loss:5.2662 train_time:52983ms step_avg:274.53ms
step:204/500 train_loss:5.2536 train_time:53252ms step_avg:274.50ms
step:205/500 train_loss:5.1416 train_time:53526ms step_avg:274.49ms
step:206/500 train_loss:5.3431 train_time:53797ms step_avg:274.47ms
step:207/500 train_loss:5.0168 train_time:54069ms step_avg:274.46ms
step:208/500 train_loss:5.1866 train_time:54341ms step_avg:274.45ms
step:209/500 train_loss:5.1117 train_time:54611ms step_avg:274.43ms
step:210/500 train_loss:5.2914 train_time:54884ms step_avg:274.42ms
step:211/500 train_loss:5.1955 train_time:55155ms step_avg:274.40ms
step:212/500 train_loss:5.1151 train_time:55427ms step_avg:274.39ms
step:213/500 train_loss:5.2296 train_time:55698ms step_avg:274.37ms
step:214/500 train_loss:5.0890 train_time:55970ms step_avg:274.36ms
step:215/500 train_loss:5.1505 train_time:56242ms step_avg:274.35ms
step:216/500 train_loss:5.0684 train_time:56516ms step_avg:274.35ms
step:217/500 train_loss:5.1363 train_time:56786ms step_avg:274.33ms
step:218/500 train_loss:5.1506 train_time:57056ms step_avg:274.31ms
step:219/500 train_loss:5.0646 train_time:57329ms step_avg:274.30ms
step:220/500 train_loss:5.1297 train_time:57601ms step_avg:274.29ms
step:221/500 train_loss:5.1107 train_time:57872ms step_avg:274.28ms
step:222/500 train_loss:5.1779 train_time:58145ms step_avg:274.27ms
step:223/500 train_loss:5.1072 train_time:58418ms step_avg:274.26ms
step:224/500 train_loss:5.1506 train_time:58689ms step_avg:274.25ms
step:225/500 train_loss:5.2036 train_time:58963ms step_avg:274.25ms
step:226/500 train_loss:4.9933 train_time:59234ms step_avg:274.23ms
step:227/500 train_loss:5.0158 train_time:59507ms step_avg:274.22ms
step:228/500 train_loss:5.0189 train_time:59778ms step_avg:274.21ms
step:229/500 train_loss:5.1409 train_time:60049ms step_avg:274.19ms
step:230/500 train_loss:5.0308 train_time:60323ms step_avg:274.20ms
step:231/500 train_loss:5.1311 train_time:60594ms step_avg:274.18ms
step:232/500 train_loss:5.0452 train_time:60867ms step_avg:274.18ms
step:233/500 train_loss:4.9637 train_time:61139ms step_avg:274.17ms
step:234/500 train_loss:5.1850 train_time:61411ms step_avg:274.15ms
step:235/500 train_loss:5.0105 train_time:61684ms step_avg:274.15ms
step:236/500 train_loss:4.9711 train_time:61957ms step_avg:274.15ms
step:237/500 train_loss:5.1946 train_time:62229ms step_avg:274.14ms
step:238/500 train_loss:5.0782 train_time:62499ms step_avg:274.12ms
step:239/500 train_loss:5.0063 train_time:62770ms step_avg:274.11ms
step:240/500 train_loss:5.1429 train_time:63045ms step_avg:274.11ms
step:241/500 train_loss:5.1024 train_time:63319ms step_avg:274.11ms
step:242/500 train_loss:5.0488 train_time:63589ms step_avg:274.09ms
step:243/500 train_loss:5.1706 train_time:63862ms step_avg:274.09ms
step:244/500 train_loss:5.0319 train_time:64132ms step_avg:274.07ms
step:245/500 train_loss:5.0202 train_time:64405ms step_avg:274.06ms
step:246/500 train_loss:5.1141 train_time:64676ms step_avg:274.05ms
step:247/500 train_loss:5.0360 train_time:64949ms step_avg:274.05ms
step:248/500 train_loss:5.0431 train_time:65224ms step_avg:274.05ms
step:249/500 train_loss:5.1674 train_time:65494ms step_avg:274.04ms
step:250/500 train_loss:4.9522 train_time:65767ms step_avg:274.03ms
step:250/500 val_loss:5.0059 train_time:65769ms step_avg:274.04ms
step:251/500 train_loss:4.9455 train_time:66041ms step_avg:274.03ms w_mean:1.000 w_std:0.863 w_min:0.085 w_max:3.089
step:252/500 train_loss:5.1027 train_time:66315ms step_avg:274.03ms
step:253/500 train_loss:5.0484 train_time:66591ms step_avg:274.04ms
step:254/500 train_loss:5.0051 train_time:66861ms step_avg:274.02ms
step:255/500 train_loss:4.9749 train_time:67132ms step_avg:274.01ms
step:256/500 train_loss:5.1027 train_time:67401ms step_avg:273.99ms
step:257/500 train_loss:5.0578 train_time:67675ms step_avg:273.99ms
step:258/500 train_loss:5.0460 train_time:67943ms step_avg:273.96ms
step:259/500 train_loss:4.9663 train_time:68218ms step_avg:273.97ms
step:260/500 train_loss:4.9781 train_time:68491ms step_avg:273.96ms
step:261/500 train_loss:5.0398 train_time:68762ms step_avg:273.95ms
step:262/500 train_loss:5.0369 train_time:69037ms step_avg:273.96ms
step:263/500 train_loss:4.9757 train_time:69306ms step_avg:273.94ms
step:264/500 train_loss:4.9216 train_time:69579ms step_avg:273.93ms
step:265/500 train_loss:4.9667 train_time:69851ms step_avg:273.93ms
step:266/500 train_loss:4.8606 train_time:70122ms step_avg:273.91ms
step:267/500 train_loss:4.8705 train_time:70396ms step_avg:273.92ms
step:268/500 train_loss:4.9469 train_time:70669ms step_avg:273.91ms
step:269/500 train_loss:4.8655 train_time:70940ms step_avg:273.90ms
step:270/500 train_loss:4.8854 train_time:71210ms step_avg:273.89ms
step:271/500 train_loss:5.0411 train_time:71482ms step_avg:273.88ms
step:272/500 train_loss:5.0164 train_time:71757ms step_avg:273.88ms
step:273/500 train_loss:4.8612 train_time:72030ms step_avg:273.88ms
step:274/500 train_loss:4.9305 train_time:72299ms step_avg:273.86ms
step:275/500 train_loss:5.0228 train_time:72572ms step_avg:273.86ms
step:276/500 train_loss:5.0274 train_time:72841ms step_avg:273.84ms
step:277/500 train_loss:5.2245 train_time:73115ms step_avg:273.84ms
step:278/500 train_loss:4.9733 train_time:73386ms step_avg:273.83ms
step:279/500 train_loss:5.1192 train_time:73659ms step_avg:273.82ms
step:280/500 train_loss:4.9532 train_time:73931ms step_avg:273.82ms
step:281/500 train_loss:5.0063 train_time:74200ms step_avg:273.80ms
step:282/500 train_loss:4.9217 train_time:74473ms step_avg:273.80ms
step:283/500 train_loss:5.0496 train_time:74744ms step_avg:273.79ms
step:284/500 train_loss:4.8628 train_time:75016ms step_avg:273.78ms
step:285/500 train_loss:5.0214 train_time:75287ms step_avg:273.77ms
step:286/500 train_loss:5.0183 train_time:75561ms step_avg:273.77ms
step:287/500 train_loss:5.0173 train_time:75835ms step_avg:273.77ms
step:288/500 train_loss:4.9339 train_time:76106ms step_avg:273.76ms
step:289/500 train_loss:4.9525 train_time:76379ms step_avg:273.76ms
step:290/500 train_loss:4.8360 train_time:76652ms step_avg:273.76ms
step:291/500 train_loss:4.8454 train_time:76923ms step_avg:273.75ms
step:292/500 train_loss:4.9744 train_time:77195ms step_avg:273.74ms
step:293/500 train_loss:4.8576 train_time:77466ms step_avg:273.73ms
step:294/500 train_loss:4.9030 train_time:77740ms step_avg:273.73ms
step:295/500 train_loss:4.9282 train_time:78011ms step_avg:273.72ms
step:296/500 train_loss:4.8074 train_time:78282ms step_avg:273.71ms
step:297/500 train_loss:4.7894 train_time:78556ms step_avg:273.71ms
step:298/500 train_loss:4.8265 train_time:78829ms step_avg:273.71ms
step:299/500 train_loss:4.8976 train_time:79100ms step_avg:273.70ms
step:300/500 train_loss:4.8143 train_time:79373ms step_avg:273.70ms
step:301/500 train_loss:4.9683 train_time:79643ms step_avg:273.69ms w_mean:1.000 w_std:0.858 w_min:0.082 w_max:3.098
step:302/500 train_loss:4.9448 train_time:79915ms step_avg:273.68ms
step:303/500 train_loss:4.8691 train_time:80186ms step_avg:273.67ms
step:304/500 train_loss:4.9266 train_time:80459ms step_avg:273.67ms
step:305/500 train_loss:4.9159 train_time:80734ms step_avg:273.67ms
step:306/500 train_loss:5.3370 train_time:81002ms step_avg:273.66ms
step:307/500 train_loss:4.8894 train_time:81277ms step_avg:273.66ms
step:308/500 train_loss:4.7870 train_time:81549ms step_avg:273.65ms
step:309/500 train_loss:4.9612 train_time:81821ms step_avg:273.65ms
step:310/500 train_loss:4.7930 train_time:82092ms step_avg:273.64ms
step:311/500 train_loss:4.9719 train_time:82363ms step_avg:273.63ms
step:312/500 train_loss:4.9353 train_time:82637ms step_avg:273.63ms
step:313/500 train_loss:4.8212 train_time:82908ms step_avg:273.62ms
step:314/500 train_loss:4.9660 train_time:83179ms step_avg:273.61ms
step:315/500 train_loss:5.0670 train_time:83452ms step_avg:273.61ms
step:316/500 train_loss:4.9321 train_time:83722ms step_avg:273.60ms
step:317/500 train_loss:4.8310 train_time:83996ms step_avg:273.60ms
step:318/500 train_loss:4.8365 train_time:84267ms step_avg:273.60ms
step:319/500 train_loss:4.8353 train_time:84540ms step_avg:273.59ms
step:320/500 train_loss:4.7940 train_time:84809ms step_avg:273.58ms
step:321/500 train_loss:4.8878 train_time:85081ms step_avg:273.57ms
step:322/500 train_loss:4.8880 train_time:85357ms step_avg:273.58ms
step:323/500 train_loss:4.8511 train_time:85629ms step_avg:273.57ms
step:324/500 train_loss:4.9243 train_time:85899ms step_avg:273.56ms
step:325/500 train_loss:4.9213 train_time:86173ms step_avg:273.56ms
step:326/500 train_loss:4.9727 train_time:86444ms step_avg:273.56ms
step:327/500 train_loss:4.8393 train_time:86716ms step_avg:273.55ms
step:328/500 train_loss:5.2342 train_time:86986ms step_avg:273.54ms
step:329/500 train_loss:4.9872 train_time:87261ms step_avg:273.55ms
step:330/500 train_loss:4.8022 train_time:87537ms step_avg:273.55ms
step:331/500 train_loss:4.7709 train_time:87806ms step_avg:273.54ms
step:332/500 train_loss:4.8999 train_time:88078ms step_avg:273.54ms
step:333/500 train_loss:4.8285 train_time:88352ms step_avg:273.53ms
step:334/500 train_loss:4.8117 train_time:88623ms step_avg:273.53ms
step:335/500 train_loss:4.7841 train_time:88896ms step_avg:273.53ms
step:336/500 train_loss:4.9515 train_time:89168ms step_avg:273.52ms
step:337/500 train_loss:4.9127 train_time:89442ms step_avg:273.52ms
step:338/500 train_loss:5.3733 train_time:89713ms step_avg:273.52ms
step:339/500 train_loss:4.8877 train_time:89984ms step_avg:273.51ms
step:340/500 train_loss:4.8342 train_time:90256ms step_avg:273.50ms
step:341/500 train_loss:4.8208 train_time:90530ms step_avg:273.50ms
step:342/500 train_loss:4.7764 train_time:90801ms step_avg:273.50ms
step:343/500 train_loss:4.7580 train_time:91075ms step_avg:273.50ms
step:344/500 train_loss:4.8199 train_time:91345ms step_avg:273.49ms
step:345/500 train_loss:4.8872 train_time:91618ms step_avg:273.49ms
step:346/500 train_loss:4.7989 train_time:91889ms step_avg:273.48ms
step:347/500 train_loss:4.7555 train_time:92162ms step_avg:273.48ms
step:348/500 train_loss:4.8174 train_time:92436ms step_avg:273.48ms
step:349/500 train_loss:4.8033 train_time:92706ms step_avg:273.47ms
step:350/500 train_loss:4.7204 train_time:92979ms step_avg:273.47ms
step:351/500 train_loss:4.4389 train_time:93252ms step_avg:273.47ms w_mean:1.000 w_std:0.902 w_min:0.078 w_max:3.305
step:352/500 train_loss:4.7025 train_time:93522ms step_avg:273.46ms
step:353/500 train_loss:5.0193 train_time:93795ms step_avg:273.46ms
step:354/500 train_loss:4.6186 train_time:94066ms step_avg:273.45ms
step:355/500 train_loss:4.8166 train_time:94341ms step_avg:273.45ms
step:356/500 train_loss:4.7556 train_time:94610ms step_avg:273.44ms
step:357/500 train_loss:4.8287 train_time:94882ms step_avg:273.44ms
step:358/500 train_loss:4.8902 train_time:95157ms step_avg:273.44ms
step:359/500 train_loss:4.7445 train_time:95430ms step_avg:273.44ms
step:360/500 train_loss:5.0652 train_time:95699ms step_avg:273.43ms
step:361/500 train_loss:4.5174 train_time:95973ms step_avg:273.43ms
step:362/500 train_loss:4.9359 train_time:96246ms step_avg:273.43ms
step:363/500 train_loss:4.8579 train_time:96518ms step_avg:273.42ms
step:364/500 train_loss:4.7444 train_time:96790ms step_avg:273.42ms
step:365/500 train_loss:4.6950 train_time:97064ms step_avg:273.42ms
step:366/500 train_loss:4.8394 train_time:97338ms step_avg:273.42ms
step:367/500 train_loss:4.7607 train_time:97608ms step_avg:273.41ms
step:368/500 train_loss:4.7547 train_time:97878ms step_avg:273.40ms
step:369/500 train_loss:4.7576 train_time:98152ms step_avg:273.40ms
step:370/500 train_loss:4.6699 train_time:98422ms step_avg:273.39ms
step:371/500 train_loss:4.7891 train_time:98697ms step_avg:273.40ms
step:372/500 train_loss:4.7566 train_time:98967ms step_avg:273.39ms
step:373/500 train_loss:4.6203 train_time:99239ms step_avg:273.39ms
step:374/500 train_loss:4.7874 train_time:99509ms step_avg:273.38ms
step:375/500 train_loss:4.7551 train_time:99782ms step_avg:273.38ms
step:375/500 val_loss:4.7545 train_time:99783ms step_avg:273.38ms
step:376/500 train_loss:4.7322 train_time:100055ms step_avg:273.38ms
step:377/500 train_loss:4.8003 train_time:100334ms step_avg:273.39ms
step:378/500 train_loss:4.6976 train_time:100861ms step_avg:274.08ms
step:379/500 train_loss:4.7162 train_time:101130ms step_avg:274.06ms
step:380/500 train_loss:4.8238 train_time:101663ms step_avg:274.76ms
step:381/500 train_loss:4.8286 train_time:101933ms step_avg:274.75ms
step:382/500 train_loss:4.7979 train_time:102201ms step_avg:274.73ms
step:383/500 train_loss:4.7937 train_time:102471ms step_avg:274.72ms
step:384/500 train_loss:4.6730 train_time:102750ms step_avg:274.73ms
step:385/500 train_loss:4.7675 train_time:103021ms step_avg:274.72ms
step:386/500 train_loss:4.6932 train_time:103291ms step_avg:274.71ms
step:387/500 train_loss:4.8130 train_time:103561ms step_avg:274.70ms
step:388/500 train_loss:4.9988 train_time:103834ms step_avg:274.69ms
step:389/500 train_loss:4.7125 train_time:104105ms step_avg:274.68ms
step:390/500 train_loss:4.6700 train_time:104374ms step_avg:274.67ms
step:391/500 train_loss:4.7855 train_time:104648ms step_avg:274.67ms
step:392/500 train_loss:4.7226 train_time:104922ms step_avg:274.66ms
step:393/500 train_loss:4.8113 train_time:105193ms step_avg:274.66ms
step:394/500 train_loss:4.6639 train_time:105464ms step_avg:274.65ms
step:395/500 train_loss:4.7749 train_time:105733ms step_avg:274.63ms
step:396/500 train_loss:4.5999 train_time:106004ms step_avg:274.62ms
step:397/500 train_loss:4.7219 train_time:106275ms step_avg:274.61ms
step:398/500 train_loss:4.8373 train_time:106550ms step_avg:274.61ms
step:399/500 train_loss:4.7538 train_time:106821ms step_avg:274.61ms
step:400/500 train_loss:4.7063 train_time:107090ms step_avg:274.59ms
step:401/500 train_loss:4.7712 train_time:107362ms step_avg:274.58ms w_mean:1.000 w_std:0.883 w_min:0.073 w_max:3.180
step:402/500 train_loss:4.7866 train_time:107634ms step_avg:274.58ms
step:403/500 train_loss:4.7708 train_time:107905ms step_avg:274.57ms
step:404/500 train_loss:4.8354 train_time:108174ms step_avg:274.55ms
step:405/500 train_loss:4.6574 train_time:108446ms step_avg:274.55ms
step:406/500 train_loss:4.6865 train_time:108718ms step_avg:274.54ms
step:407/500 train_loss:4.9348 train_time:108991ms step_avg:274.54ms
step:408/500 train_loss:4.7260 train_time:109260ms step_avg:274.52ms
step:409/500 train_loss:4.7125 train_time:109535ms step_avg:274.52ms
step:410/500 train_loss:4.7593 train_time:109808ms step_avg:274.52ms
step:411/500 train_loss:4.6588 train_time:110075ms step_avg:274.50ms
step:412/500 train_loss:4.6780 train_time:110348ms step_avg:274.50ms
step:413/500 train_loss:5.0637 train_time:110622ms step_avg:274.50ms
step:414/500 train_loss:4.5697 train_time:110893ms step_avg:274.49ms
step:415/500 train_loss:4.8776 train_time:111165ms step_avg:274.48ms
step:416/500 train_loss:4.6899 train_time:111435ms step_avg:274.47ms
step:417/500 train_loss:4.6702 train_time:111705ms step_avg:274.46ms
step:418/500 train_loss:4.8281 train_time:111975ms step_avg:274.45ms
step:419/500 train_loss:4.5982 train_time:112249ms step_avg:274.45ms
step:420/500 train_loss:4.6814 train_time:112522ms step_avg:274.44ms
step:421/500 train_loss:4.6881 train_time:112792ms step_avg:274.43ms
step:422/500 train_loss:4.5612 train_time:113065ms step_avg:274.43ms
step:423/500 train_loss:4.6447 train_time:113335ms step_avg:274.42ms
step:424/500 train_loss:4.7548 train_time:113607ms step_avg:274.41ms
step:425/500 train_loss:4.6142 train_time:113877ms step_avg:274.40ms
step:426/500 train_loss:4.7541 train_time:114151ms step_avg:274.40ms
step:427/500 train_loss:4.6271 train_time:114424ms step_avg:274.40ms
step:428/500 train_loss:4.7697 train_time:114694ms step_avg:274.39ms
step:429/500 train_loss:4.7547 train_time:114968ms step_avg:274.39ms
step:430/500 train_loss:4.6507 train_time:115240ms step_avg:274.38ms
step:431/500 train_loss:4.6421 train_time:115511ms step_avg:274.37ms
step:432/500 train_loss:4.6223 train_time:115782ms step_avg:274.36ms
step:433/500 train_loss:4.6709 train_time:116053ms step_avg:274.36ms
step:434/500 train_loss:4.7486 train_time:116328ms step_avg:274.36ms
step:435/500 train_loss:4.6867 train_time:116600ms step_avg:274.35ms
step:436/500 train_loss:4.7174 train_time:116871ms step_avg:274.34ms
step:437/500 train_loss:4.7339 train_time:117143ms step_avg:274.34ms
step:438/500 train_loss:4.6348 train_time:117413ms step_avg:274.33ms
step:439/500 train_loss:4.6422 train_time:117687ms step_avg:274.33ms
step:440/500 train_loss:4.5737 train_time:117958ms step_avg:274.32ms
step:441/500 train_loss:4.7749 train_time:118231ms step_avg:274.32ms
step:442/500 train_loss:4.6973 train_time:118501ms step_avg:274.31ms
step:443/500 train_loss:4.6545 train_time:118774ms step_avg:274.30ms
step:444/500 train_loss:4.5695 train_time:119049ms step_avg:274.31ms
step:445/500 train_loss:4.7913 train_time:119322ms step_avg:274.30ms
step:446/500 train_loss:4.7317 train_time:119592ms step_avg:274.29ms
step:447/500 train_loss:4.7313 train_time:119864ms step_avg:274.29ms
step:448/500 train_loss:4.6598 train_time:120134ms step_avg:274.28ms
step:449/500 train_loss:4.7196 train_time:120408ms step_avg:274.28ms
step:450/500 train_loss:4.5804 train_time:120678ms step_avg:274.27ms
step:451/500 train_loss:4.6237 train_time:120949ms step_avg:274.26ms w_mean:1.000 w_std:0.889 w_min:0.076 w_max:3.214
step:452/500 train_loss:4.5217 train_time:121222ms step_avg:274.26ms
step:453/500 train_loss:4.6179 train_time:121493ms step_avg:274.25ms
step:454/500 train_loss:4.5872 train_time:121766ms step_avg:274.25ms
step:455/500 train_loss:4.5815 train_time:122035ms step_avg:274.24ms
step:456/500 train_loss:4.7480 train_time:122307ms step_avg:274.23ms
step:457/500 train_loss:4.6138 train_time:122581ms step_avg:274.23ms
step:458/500 train_loss:4.7032 train_time:122855ms step_avg:274.23ms
step:459/500 train_loss:4.7399 train_time:123128ms step_avg:274.23ms
step:460/500 train_loss:4.5531 train_time:123398ms step_avg:274.22ms
step:461/500 train_loss:4.7110 train_time:123672ms step_avg:274.22ms
step:462/500 train_loss:4.6421 train_time:123944ms step_avg:274.21ms
step:463/500 train_loss:4.6005 train_time:124215ms step_avg:274.20ms
step:464/500 train_loss:4.6977 train_time:124488ms step_avg:274.20ms
step:465/500 train_loss:4.6339 train_time:124762ms step_avg:274.20ms
step:466/500 train_loss:4.6400 train_time:125034ms step_avg:274.20ms
step:467/500 train_loss:4.7551 train_time:125307ms step_avg:274.20ms
step:468/500 train_loss:4.7570 train_time:125576ms step_avg:274.18ms
step:469/500 train_loss:4.7098 train_time:125851ms step_avg:274.19ms
step:470/500 train_loss:4.6283 train_time:126125ms step_avg:274.18ms
step:471/500 train_loss:4.7210 train_time:126394ms step_avg:274.17ms
step:472/500 train_loss:4.7674 train_time:126666ms step_avg:274.17ms
step:473/500 train_loss:4.6714 train_time:126936ms step_avg:274.16ms
step:474/500 train_loss:4.6451 train_time:127208ms step_avg:274.16ms
step:475/500 train_loss:4.5383 train_time:127481ms step_avg:274.15ms
step:476/500 train_loss:4.9290 train_time:127755ms step_avg:274.15ms
step:477/500 train_loss:4.6896 train_time:128029ms step_avg:274.15ms
step:478/500 train_loss:4.5328 train_time:128298ms step_avg:274.14ms
step:479/500 train_loss:4.6811 train_time:128573ms step_avg:274.14ms
step:480/500 train_loss:4.6862 train_time:128845ms step_avg:274.14ms
step:481/500 train_loss:4.7864 train_time:129116ms step_avg:274.13ms
step:482/500 train_loss:4.6497 train_time:129389ms step_avg:274.13ms
step:483/500 train_loss:4.4839 train_time:129660ms step_avg:274.12ms
step:484/500 train_loss:4.7301 train_time:129934ms step_avg:274.12ms
step:485/500 train_loss:4.6014 train_time:130205ms step_avg:274.11ms
step:486/500 train_loss:4.6187 train_time:130475ms step_avg:274.11ms
step:487/500 train_loss:4.5864 train_time:130750ms step_avg:274.11ms
step:488/500 train_loss:4.5784 train_time:131023ms step_avg:274.11ms
step:489/500 train_loss:4.7793 train_time:131294ms step_avg:274.10ms
step:490/500 train_loss:4.6556 train_time:131567ms step_avg:274.10ms
step:491/500 train_loss:4.5621 train_time:131837ms step_avg:274.09ms
step:492/500 train_loss:4.5587 train_time:132109ms step_avg:274.08ms
step:493/500 train_loss:4.6692 train_time:132380ms step_avg:274.08ms
step:494/500 train_loss:4.5203 train_time:132654ms step_avg:274.08ms
step:495/500 train_loss:4.6619 train_time:132929ms step_avg:274.08ms
step:496/500 train_loss:4.5886 train_time:133198ms step_avg:274.07ms
step:497/500 train_loss:4.5674 train_time:133472ms step_avg:274.07ms
step:498/500 train_loss:4.6574 train_time:133745ms step_avg:274.07ms
step:499/500 train_loss:4.7458 train_time:134016ms step_avg:274.06ms
step:500/500 train_loss:4.8065 train_time:134288ms step_avg:274.06ms
step:500/500 val_loss:4.6531 train_time:134289ms step_avg:274.06ms
Checkpoint saving disabled; skipping state serialization.
peak memory consumption: 30603 MiB
