Command: torchrun --nproc_per_node=8 train_tw.py --seed=456 --num_iterations=500 --val_loss_every=125 --tw_enabled --tw_function=sqrt --tw_clamp_min=0.7 --tw_clamp_max=1.5 --tw_schedule=constant --tw_warmup_steps=1000 --tw_anneal_final=0.3 --tw_cyclical_period=500 --tw_focal_gamma=2.0 --tw_log_every=50 --tw_log_weights
Started: 2025-12-09T21:26:44.148409
============================================================

W1209 21:26:45.327000 63767 torch/distributed/run.py:774] 
W1209 21:26:45.327000 63767 torch/distributed/run.py:774] *****************************************
W1209 21:26:45.327000 63767 torch/distributed/run.py:774] Setting OMP_NUM_THREADS environment variable for each process to be 1 in default, to avoid your system being overloaded, please further tune the variable for optimal performance in your application as needed. 
W1209 21:26:45.327000 63767 torch/distributed/run.py:774] *****************************************
/root/ese-3060-project/tw_nano_experiments/train_tw.py/root/ese-3060-project/tw_nano_experiments/train_tw.py:218: SyntaxWarning: invalid escape sequence '\s':218: 
SyntaxWarning: invalid escape sequence '\s'
    """
"""
/root/ese-3060-project/tw_nano_experiments/train_tw.py:218: SyntaxWarning: invalid escape sequence '\s'
  """
/root/ese-3060-project/tw_nano_experiments/train_tw.py:218: SyntaxWarning: invalid escape sequence '\s'
  """
/root/ese-3060-project/tw_nano_experiments/train_tw.py/root/ese-3060-project/tw_nano_experiments/train_tw.py:218: SyntaxWarning: invalid escape sequence '\s'
:218: SyntaxWarning: invalid escape sequence '\s'
    """
"""
/root/ese-3060-project/tw_nano_experiments/train_tw.py:218: SyntaxWarning: invalid escape sequence '\s'
  """
/root/ese-3060-project/tw_nano_experiments/train_tw.py:218: SyntaxWarning: invalid escape sequence '\s'
  """
using device: cuda:7
using device: cuda:4
using device: cuda:0
Random seed set to 456 (deterministic=False)
using device: cuda:6
using device: cuda:1
using device: cuda:3
using device: cuda:5
using device: cuda:2
Training DataLoader: total number of tokens: 900000000 across 9 files
Validation DataLoader: total number of tokens: 100000000 across 1 files
Token Weighting: ENABLED
  function=sqrt, clamp=[0.7, 1.5], schedule=constant
step:0/500 val_loss:16.0011 train_time:269ms step_avg:nanms
step:1/500 train_loss:15.9963 train_time:72876ms step_avg:nanms w_mean:1.000 w_std:0.021 w_min:0.700 w_max:1.083
step:2/500 train_loss:9.3789 train_time:73277ms step_avg:nanms
step:3/500 train_loss:8.9908 train_time:73557ms step_avg:nanms
step:4/500 train_loss:8.7342 train_time:73838ms step_avg:nanms
step:5/500 train_loss:8.2279 train_time:74119ms step_avg:nanms
step:6/500 train_loss:7.7096 train_time:74400ms step_avg:nanms
step:7/500 train_loss:7.4071 train_time:74681ms step_avg:nanms
step:8/500 train_loss:7.5725 train_time:74962ms step_avg:nanms
step:9/500 train_loss:7.3048 train_time:75241ms step_avg:nanms
step:10/500 train_loss:7.0859 train_time:75521ms step_avg:nanms
step:11/500 train_loss:7.0481 train_time:280ms step_avg:nanms
step:12/500 train_loss:6.9876 train_time:561ms step_avg:nanms
step:13/500 train_loss:6.8089 train_time:838ms step_avg:279.37ms
step:14/500 train_loss:6.8155 train_time:1119ms step_avg:279.84ms
step:15/500 train_loss:6.7982 train_time:1401ms step_avg:280.17ms
step:16/500 train_loss:6.7099 train_time:1676ms step_avg:279.31ms
step:17/500 train_loss:6.7520 train_time:1958ms step_avg:279.77ms
step:18/500 train_loss:6.7376 train_time:2239ms step_avg:279.83ms
step:19/500 train_loss:6.5943 train_time:2520ms step_avg:279.95ms
step:20/500 train_loss:6.5806 train_time:2800ms step_avg:280.00ms
step:21/500 train_loss:6.2593 train_time:3081ms step_avg:280.07ms
step:22/500 train_loss:6.6355 train_time:3362ms step_avg:280.16ms
step:23/500 train_loss:6.8807 train_time:3643ms step_avg:280.24ms
step:24/500 train_loss:6.5109 train_time:3923ms step_avg:280.20ms
step:25/500 train_loss:6.6384 train_time:4203ms step_avg:280.18ms
step:26/500 train_loss:6.3489 train_time:4482ms step_avg:280.14ms
step:27/500 train_loss:6.2859 train_time:4763ms step_avg:280.20ms
step:28/500 train_loss:6.4326 train_time:5043ms step_avg:280.14ms
step:29/500 train_loss:6.1155 train_time:5323ms step_avg:280.15ms
step:30/500 train_loss:6.3799 train_time:5603ms step_avg:280.13ms
step:31/500 train_loss:6.2391 train_time:5882ms step_avg:280.11ms
step:32/500 train_loss:6.2055 train_time:6163ms step_avg:280.14ms
step:33/500 train_loss:6.0126 train_time:6443ms step_avg:280.13ms
step:34/500 train_loss:6.3603 train_time:6724ms step_avg:280.18ms
step:35/500 train_loss:6.2454 train_time:7005ms step_avg:280.19ms
step:36/500 train_loss:6.4271 train_time:7284ms step_avg:280.16ms
step:37/500 train_loss:6.3286 train_time:7564ms step_avg:280.15ms
step:38/500 train_loss:6.2372 train_time:7844ms step_avg:280.14ms
step:39/500 train_loss:6.1119 train_time:8123ms step_avg:280.11ms
step:40/500 train_loss:6.1870 train_time:8403ms step_avg:280.10ms
step:41/500 train_loss:6.0756 train_time:8683ms step_avg:280.09ms
step:42/500 train_loss:6.1186 train_time:8963ms step_avg:280.08ms
step:43/500 train_loss:5.9887 train_time:9243ms step_avg:280.10ms
step:44/500 train_loss:6.0696 train_time:9524ms step_avg:280.11ms
step:45/500 train_loss:6.0611 train_time:9803ms step_avg:280.09ms
step:46/500 train_loss:6.2369 train_time:10082ms step_avg:280.07ms
step:47/500 train_loss:6.0446 train_time:10363ms step_avg:280.09ms
step:48/500 train_loss:5.8902 train_time:10643ms step_avg:280.08ms
step:49/500 train_loss:6.1259 train_time:10924ms step_avg:280.10ms
step:50/500 train_loss:6.0001 train_time:11203ms step_avg:280.08ms
step:51/500 train_loss:6.1383 train_time:11483ms step_avg:280.07ms w_mean:1.000 w_std:0.231 w_min:0.706 w_max:1.514
step:52/500 train_loss:6.0193 train_time:11764ms step_avg:280.09ms
step:53/500 train_loss:5.8619 train_time:12043ms step_avg:280.07ms
step:54/500 train_loss:5.9900 train_time:12323ms step_avg:280.07ms
step:55/500 train_loss:5.9139 train_time:12604ms step_avg:280.09ms
step:56/500 train_loss:6.2087 train_time:12884ms step_avg:280.08ms
step:57/500 train_loss:5.9173 train_time:13163ms step_avg:280.07ms
step:58/500 train_loss:5.7819 train_time:13443ms step_avg:280.06ms
step:59/500 train_loss:5.9561 train_time:13723ms step_avg:280.06ms
step:60/500 train_loss:5.8706 train_time:14004ms step_avg:280.07ms
step:61/500 train_loss:5.9890 train_time:14283ms step_avg:280.06ms
step:62/500 train_loss:5.7672 train_time:14564ms step_avg:280.07ms
step:63/500 train_loss:5.8897 train_time:14843ms step_avg:280.06ms
step:64/500 train_loss:5.8398 train_time:15123ms step_avg:280.06ms
step:65/500 train_loss:5.8314 train_time:15405ms step_avg:280.10ms
step:66/500 train_loss:5.6739 train_time:15680ms step_avg:280.00ms
step:67/500 train_loss:5.8579 train_time:15963ms step_avg:280.04ms
step:68/500 train_loss:5.7008 train_time:16243ms step_avg:280.06ms
step:69/500 train_loss:5.9574 train_time:16523ms step_avg:280.06ms
step:70/500 train_loss:5.6196 train_time:16803ms step_avg:280.06ms
step:71/500 train_loss:5.6566 train_time:17084ms step_avg:280.06ms
step:72/500 train_loss:5.8444 train_time:17365ms step_avg:280.07ms
step:73/500 train_loss:5.7992 train_time:17644ms step_avg:280.06ms
step:74/500 train_loss:5.6874 train_time:17924ms step_avg:280.06ms
step:75/500 train_loss:5.8003 train_time:18204ms step_avg:280.06ms
step:76/500 train_loss:5.7591 train_time:18484ms step_avg:280.06ms
step:77/500 train_loss:5.7239 train_time:18765ms step_avg:280.07ms
step:78/500 train_loss:5.8151 train_time:19044ms step_avg:280.05ms
step:79/500 train_loss:5.8136 train_time:19323ms step_avg:280.04ms
step:80/500 train_loss:5.7096 train_time:19603ms step_avg:280.05ms
step:81/500 train_loss:5.7651 train_time:19883ms step_avg:280.05ms
step:82/500 train_loss:5.5644 train_time:20163ms step_avg:280.05ms
step:83/500 train_loss:5.7121 train_time:20444ms step_avg:280.05ms
step:84/500 train_loss:5.6927 train_time:20723ms step_avg:280.05ms
step:85/500 train_loss:5.6507 train_time:21004ms step_avg:280.05ms
step:86/500 train_loss:5.5135 train_time:21284ms step_avg:280.05ms
step:87/500 train_loss:5.7358 train_time:21564ms step_avg:280.05ms
step:88/500 train_loss:5.6188 train_time:21843ms step_avg:280.04ms
step:89/500 train_loss:5.7008 train_time:22124ms step_avg:280.05ms
step:90/500 train_loss:5.6525 train_time:22404ms step_avg:280.05ms
step:91/500 train_loss:5.5994 train_time:22684ms step_avg:280.05ms
step:92/500 train_loss:5.5775 train_time:22964ms step_avg:280.05ms
step:93/500 train_loss:5.6953 train_time:23244ms step_avg:280.04ms
step:94/500 train_loss:5.5303 train_time:23523ms step_avg:280.04ms
step:95/500 train_loss:5.5278 train_time:23804ms step_avg:280.05ms
step:96/500 train_loss:5.5420 train_time:24084ms step_avg:280.04ms
step:97/500 train_loss:5.4673 train_time:24363ms step_avg:280.04ms
step:98/500 train_loss:5.5369 train_time:24643ms step_avg:280.04ms
step:99/500 train_loss:5.4593 train_time:24924ms step_avg:280.05ms
step:100/500 train_loss:5.5793 train_time:25204ms step_avg:280.05ms
step:101/500 train_loss:5.5460 train_time:25484ms step_avg:280.04ms w_mean:1.000 w_std:0.242 w_min:0.706 w_max:1.514
step:102/500 train_loss:5.4498 train_time:25764ms step_avg:280.04ms
step:103/500 train_loss:5.5517 train_time:26044ms step_avg:280.04ms
step:104/500 train_loss:5.5165 train_time:26323ms step_avg:280.03ms
step:105/500 train_loss:5.3452 train_time:26603ms step_avg:280.03ms
step:106/500 train_loss:5.4716 train_time:26884ms step_avg:280.04ms
step:107/500 train_loss:5.6325 train_time:27164ms step_avg:280.05ms
step:108/500 train_loss:5.4671 train_time:27444ms step_avg:280.04ms
step:109/500 train_loss:5.1943 train_time:27724ms step_avg:280.04ms
step:110/500 train_loss:5.4271 train_time:28004ms step_avg:280.04ms
step:111/500 train_loss:5.3686 train_time:28284ms step_avg:280.04ms
step:112/500 train_loss:5.3666 train_time:28564ms step_avg:280.04ms
step:113/500 train_loss:5.4416 train_time:28844ms step_avg:280.03ms
step:114/500 train_loss:5.3936 train_time:29124ms step_avg:280.03ms
step:115/500 train_loss:5.2360 train_time:29405ms step_avg:280.05ms
step:116/500 train_loss:5.4189 train_time:29685ms step_avg:280.05ms
step:117/500 train_loss:5.2692 train_time:29964ms step_avg:280.04ms
step:118/500 train_loss:5.2746 train_time:30243ms step_avg:280.03ms
step:119/500 train_loss:5.3656 train_time:30523ms step_avg:280.03ms
step:120/500 train_loss:5.3813 train_time:30804ms step_avg:280.03ms
step:121/500 train_loss:5.2867 train_time:31084ms step_avg:280.03ms
step:122/500 train_loss:5.2082 train_time:31363ms step_avg:280.03ms
step:123/500 train_loss:5.2728 train_time:31644ms step_avg:280.03ms
step:124/500 train_loss:5.1723 train_time:31924ms step_avg:280.03ms
step:125/500 train_loss:5.4380 train_time:32204ms step_avg:280.04ms
step:125/500 val_loss:5.2917 train_time:32205ms step_avg:280.05ms
step:126/500 train_loss:5.3115 train_time:32486ms step_avg:280.05ms
step:127/500 train_loss:5.2777 train_time:32767ms step_avg:280.06ms
step:128/500 train_loss:5.3523 train_time:33050ms step_avg:280.08ms
step:129/500 train_loss:5.2013 train_time:33333ms step_avg:280.11ms
step:130/500 train_loss:5.4699 train_time:33614ms step_avg:280.12ms
step:131/500 train_loss:5.2593 train_time:33894ms step_avg:280.12ms
step:132/500 train_loss:5.2626 train_time:34175ms step_avg:280.13ms
step:133/500 train_loss:5.2045 train_time:34456ms step_avg:280.13ms
step:134/500 train_loss:5.2392 train_time:34736ms step_avg:280.13ms
step:135/500 train_loss:5.1870 train_time:35016ms step_avg:280.13ms
step:136/500 train_loss:5.2325 train_time:35295ms step_avg:280.12ms
step:137/500 train_loss:5.0616 train_time:35575ms step_avg:280.12ms
step:138/500 train_loss:5.1951 train_time:35856ms step_avg:280.13ms
step:139/500 train_loss:5.1734 train_time:36136ms step_avg:280.12ms
step:140/500 train_loss:5.1692 train_time:36415ms step_avg:280.12ms
step:141/500 train_loss:5.2281 train_time:36696ms step_avg:280.12ms
step:142/500 train_loss:5.1280 train_time:36976ms step_avg:280.12ms
step:143/500 train_loss:5.2110 train_time:37255ms step_avg:280.12ms
step:144/500 train_loss:5.0268 train_time:37536ms step_avg:280.12ms
step:145/500 train_loss:5.1807 train_time:37816ms step_avg:280.12ms
step:146/500 train_loss:5.1127 train_time:38095ms step_avg:280.11ms
step:147/500 train_loss:5.0375 train_time:38375ms step_avg:280.11ms
step:148/500 train_loss:5.1396 train_time:38655ms step_avg:280.11ms
step:149/500 train_loss:5.1303 train_time:38935ms step_avg:280.11ms
step:150/500 train_loss:5.1700 train_time:39215ms step_avg:280.11ms
step:151/500 train_loss:5.1966 train_time:39496ms step_avg:280.11ms w_mean:1.000 w_std:0.249 w_min:0.707 w_max:1.514
step:152/500 train_loss:5.1109 train_time:39776ms step_avg:280.11ms
step:153/500 train_loss:5.0978 train_time:40056ms step_avg:280.11ms
step:154/500 train_loss:5.1590 train_time:40335ms step_avg:280.11ms
step:155/500 train_loss:5.1090 train_time:40615ms step_avg:280.10ms
step:156/500 train_loss:5.0859 train_time:40895ms step_avg:280.11ms
step:157/500 train_loss:5.1023 train_time:41175ms step_avg:280.10ms
step:158/500 train_loss:5.2245 train_time:41457ms step_avg:280.12ms
step:159/500 train_loss:5.0160 train_time:41736ms step_avg:280.11ms
step:160/500 train_loss:5.0745 train_time:42015ms step_avg:280.10ms
step:161/500 train_loss:4.9254 train_time:42297ms step_avg:280.11ms
step:162/500 train_loss:5.0888 train_time:42576ms step_avg:280.11ms
step:163/500 train_loss:5.1039 train_time:42856ms step_avg:280.11ms
step:164/500 train_loss:5.1083 train_time:43136ms step_avg:280.10ms
step:165/500 train_loss:4.9323 train_time:43416ms step_avg:280.10ms
step:166/500 train_loss:5.0451 train_time:43697ms step_avg:280.11ms
step:167/500 train_loss:5.1864 train_time:43976ms step_avg:280.10ms
step:168/500 train_loss:4.9840 train_time:44256ms step_avg:280.10ms
step:169/500 train_loss:5.0520 train_time:44536ms step_avg:280.10ms
step:170/500 train_loss:4.9367 train_time:44815ms step_avg:280.10ms
step:171/500 train_loss:4.8706 train_time:45096ms step_avg:280.10ms
step:172/500 train_loss:4.9823 train_time:45376ms step_avg:280.10ms
step:173/500 train_loss:4.9480 train_time:45655ms step_avg:280.09ms
step:174/500 train_loss:5.0151 train_time:45935ms step_avg:280.09ms
step:175/500 train_loss:5.1361 train_time:46214ms step_avg:280.09ms
step:176/500 train_loss:5.0349 train_time:46495ms step_avg:280.09ms
step:177/500 train_loss:4.8703 train_time:46775ms step_avg:280.09ms
step:178/500 train_loss:4.8540 train_time:47056ms step_avg:280.09ms
step:179/500 train_loss:4.8883 train_time:47336ms step_avg:280.09ms
step:180/500 train_loss:4.9287 train_time:47616ms step_avg:280.09ms
step:181/500 train_loss:4.9245 train_time:47896ms step_avg:280.09ms
step:182/500 train_loss:5.0216 train_time:48176ms step_avg:280.09ms
step:183/500 train_loss:4.9283 train_time:48455ms step_avg:280.09ms
step:184/500 train_loss:4.8463 train_time:48736ms step_avg:280.09ms
step:185/500 train_loss:4.8838 train_time:49016ms step_avg:280.09ms
step:186/500 train_loss:4.9981 train_time:49296ms step_avg:280.09ms
step:187/500 train_loss:4.8923 train_time:49575ms step_avg:280.09ms
step:188/500 train_loss:5.1151 train_time:49855ms step_avg:280.09ms
step:189/500 train_loss:4.9241 train_time:50381ms step_avg:281.46ms
step:190/500 train_loss:4.8449 train_time:50934ms step_avg:282.96ms
step:191/500 train_loss:4.9879 train_time:51214ms step_avg:282.95ms
step:192/500 train_loss:4.8458 train_time:51494ms step_avg:282.93ms
step:193/500 train_loss:4.7481 train_time:51775ms step_avg:282.92ms
step:194/500 train_loss:4.9707 train_time:52056ms step_avg:282.91ms
step:195/500 train_loss:4.8927 train_time:52335ms step_avg:282.89ms
step:196/500 train_loss:5.0857 train_time:52614ms step_avg:282.87ms
step:197/500 train_loss:4.9668 train_time:52895ms step_avg:282.86ms
step:198/500 train_loss:4.8265 train_time:53175ms step_avg:282.85ms
step:199/500 train_loss:4.8526 train_time:53455ms step_avg:282.83ms
step:200/500 train_loss:4.7629 train_time:53736ms step_avg:282.82ms
step:201/500 train_loss:4.8311 train_time:54015ms step_avg:282.80ms w_mean:1.000 w_std:0.260 w_min:0.707 w_max:1.515
step:202/500 train_loss:4.7641 train_time:54296ms step_avg:282.79ms
step:203/500 train_loss:4.9710 train_time:54576ms step_avg:282.77ms
step:204/500 train_loss:4.8949 train_time:54855ms step_avg:282.76ms
step:205/500 train_loss:4.8467 train_time:55135ms step_avg:282.74ms
step:206/500 train_loss:5.0179 train_time:55414ms step_avg:282.73ms
step:207/500 train_loss:4.6853 train_time:55694ms step_avg:282.71ms
step:208/500 train_loss:4.8386 train_time:55975ms step_avg:282.70ms
step:209/500 train_loss:4.7825 train_time:56256ms step_avg:282.69ms
step:210/500 train_loss:4.9538 train_time:56535ms step_avg:282.67ms
step:211/500 train_loss:4.8750 train_time:56816ms step_avg:282.67ms
step:212/500 train_loss:4.7678 train_time:57095ms step_avg:282.65ms
step:213/500 train_loss:4.8948 train_time:57376ms step_avg:282.64ms
step:214/500 train_loss:4.7400 train_time:57655ms step_avg:282.62ms
step:215/500 train_loss:4.8198 train_time:57934ms step_avg:282.61ms
step:216/500 train_loss:4.6987 train_time:58215ms step_avg:282.60ms
step:217/500 train_loss:4.8080 train_time:58495ms step_avg:282.59ms
step:218/500 train_loss:4.7863 train_time:58775ms step_avg:282.57ms
step:219/500 train_loss:4.7585 train_time:59056ms step_avg:282.56ms
step:220/500 train_loss:4.7707 train_time:59336ms step_avg:282.55ms
step:221/500 train_loss:4.8001 train_time:59615ms step_avg:282.54ms
step:222/500 train_loss:4.8242 train_time:59896ms step_avg:282.53ms
step:223/500 train_loss:4.7803 train_time:60174ms step_avg:282.51ms
step:224/500 train_loss:4.7730 train_time:60455ms step_avg:282.50ms
step:225/500 train_loss:4.9027 train_time:60735ms step_avg:282.49ms
step:226/500 train_loss:4.6393 train_time:61015ms step_avg:282.48ms
step:227/500 train_loss:4.6825 train_time:61295ms step_avg:282.47ms
step:228/500 train_loss:4.6641 train_time:61576ms step_avg:282.46ms
step:229/500 train_loss:4.8326 train_time:61856ms step_avg:282.45ms
step:230/500 train_loss:4.6634 train_time:62135ms step_avg:282.43ms
step:231/500 train_loss:4.8062 train_time:62415ms step_avg:282.42ms
step:232/500 train_loss:4.6772 train_time:62696ms step_avg:282.42ms
step:233/500 train_loss:4.6387 train_time:62976ms step_avg:282.40ms
step:234/500 train_loss:4.8393 train_time:63256ms step_avg:282.39ms
step:235/500 train_loss:4.6769 train_time:63536ms step_avg:282.38ms
step:236/500 train_loss:4.6268 train_time:63815ms step_avg:282.37ms
step:237/500 train_loss:4.8540 train_time:64095ms step_avg:282.36ms
step:238/500 train_loss:4.7551 train_time:64376ms step_avg:282.35ms
step:239/500 train_loss:4.6550 train_time:64657ms step_avg:282.34ms
step:240/500 train_loss:4.8104 train_time:64935ms step_avg:282.33ms
step:241/500 train_loss:4.7784 train_time:65215ms step_avg:282.32ms
step:242/500 train_loss:4.7058 train_time:65495ms step_avg:282.31ms
step:243/500 train_loss:4.8331 train_time:65775ms step_avg:282.30ms
step:244/500 train_loss:4.6927 train_time:66055ms step_avg:282.28ms
step:245/500 train_loss:4.6922 train_time:66335ms step_avg:282.28ms
step:246/500 train_loss:4.7694 train_time:66615ms step_avg:282.27ms
step:247/500 train_loss:4.7186 train_time:66895ms step_avg:282.26ms
step:248/500 train_loss:4.6886 train_time:67174ms step_avg:282.25ms
step:249/500 train_loss:4.8376 train_time:67455ms step_avg:282.24ms
step:250/500 train_loss:4.5932 train_time:67735ms step_avg:282.23ms
step:250/500 val_loss:4.6824 train_time:67736ms step_avg:282.24ms
step:251/500 train_loss:4.6167 train_time:68018ms step_avg:282.23ms w_mean:1.000 w_std:0.264 w_min:0.707 w_max:1.515
step:252/500 train_loss:4.7630 train_time:68300ms step_avg:282.23ms
step:253/500 train_loss:4.7428 train_time:68582ms step_avg:282.23ms
step:254/500 train_loss:4.6343 train_time:68864ms step_avg:282.23ms
step:255/500 train_loss:4.6453 train_time:69144ms step_avg:282.22ms
step:256/500 train_loss:4.7730 train_time:69425ms step_avg:282.21ms
step:257/500 train_loss:4.7200 train_time:69705ms step_avg:282.21ms
step:258/500 train_loss:4.6964 train_time:69985ms step_avg:282.20ms
step:259/500 train_loss:4.6301 train_time:70265ms step_avg:282.19ms
step:260/500 train_loss:4.6414 train_time:70545ms step_avg:282.18ms
step:261/500 train_loss:4.7087 train_time:70825ms step_avg:282.17ms
step:262/500 train_loss:4.7167 train_time:71105ms step_avg:282.16ms
step:263/500 train_loss:4.6266 train_time:71385ms step_avg:282.16ms
step:264/500 train_loss:4.5689 train_time:71665ms step_avg:282.15ms
step:265/500 train_loss:4.6282 train_time:71945ms step_avg:282.14ms
step:266/500 train_loss:4.4790 train_time:72226ms step_avg:282.13ms
step:267/500 train_loss:4.5420 train_time:72505ms step_avg:282.12ms
step:268/500 train_loss:4.5811 train_time:72785ms step_avg:282.11ms
step:269/500 train_loss:4.5438 train_time:73065ms step_avg:282.11ms
step:270/500 train_loss:4.5134 train_time:73346ms step_avg:282.10ms
step:271/500 train_loss:4.7275 train_time:73625ms step_avg:282.09ms
step:272/500 train_loss:4.6644 train_time:73905ms step_avg:282.08ms
step:273/500 train_loss:4.5241 train_time:74185ms step_avg:282.07ms
step:274/500 train_loss:4.5760 train_time:74465ms step_avg:282.06ms
step:275/500 train_loss:4.6799 train_time:74745ms step_avg:282.06ms
step:276/500 train_loss:4.7006 train_time:75024ms step_avg:282.05ms
step:277/500 train_loss:4.8892 train_time:75305ms step_avg:282.04ms
step:278/500 train_loss:4.6458 train_time:75585ms step_avg:282.03ms
step:279/500 train_loss:4.7759 train_time:75865ms step_avg:282.03ms
step:280/500 train_loss:4.6186 train_time:76145ms step_avg:282.02ms
step:281/500 train_loss:4.6798 train_time:76425ms step_avg:282.01ms
step:282/500 train_loss:4.5880 train_time:76705ms step_avg:282.00ms
step:283/500 train_loss:4.6961 train_time:76984ms step_avg:281.99ms
step:284/500 train_loss:4.5262 train_time:77265ms step_avg:281.99ms
step:285/500 train_loss:4.6798 train_time:77545ms step_avg:281.98ms
step:286/500 train_loss:4.6782 train_time:77825ms step_avg:281.97ms
step:287/500 train_loss:4.6935 train_time:78104ms step_avg:281.96ms
step:288/500 train_loss:4.5732 train_time:78385ms step_avg:281.96ms
step:289/500 train_loss:4.6218 train_time:78665ms step_avg:281.95ms
step:290/500 train_loss:4.4968 train_time:78945ms step_avg:281.95ms
step:291/500 train_loss:4.4873 train_time:79226ms step_avg:281.94ms
step:292/500 train_loss:4.6194 train_time:79505ms step_avg:281.93ms
step:293/500 train_loss:4.5045 train_time:79785ms step_avg:281.93ms
step:294/500 train_loss:4.5587 train_time:80066ms step_avg:281.92ms
step:295/500 train_loss:4.5726 train_time:80346ms step_avg:281.92ms
step:296/500 train_loss:4.4495 train_time:80625ms step_avg:281.90ms
step:297/500 train_loss:4.4331 train_time:80906ms step_avg:281.90ms
step:298/500 train_loss:4.4678 train_time:81185ms step_avg:281.89ms
step:299/500 train_loss:4.5596 train_time:81464ms step_avg:281.88ms
step:300/500 train_loss:4.4591 train_time:81745ms step_avg:281.88ms
step:301/500 train_loss:4.6186 train_time:82025ms step_avg:281.87ms w_mean:1.000 w_std:0.265 w_min:0.707 w_max:1.516
step:302/500 train_loss:4.6067 train_time:82306ms step_avg:281.87ms
step:303/500 train_loss:4.5168 train_time:82585ms step_avg:281.86ms
step:304/500 train_loss:4.5954 train_time:82865ms step_avg:281.85ms
step:305/500 train_loss:4.5733 train_time:83145ms step_avg:281.85ms
step:306/500 train_loss:5.0372 train_time:83425ms step_avg:281.84ms
step:307/500 train_loss:4.5290 train_time:83705ms step_avg:281.83ms
step:308/500 train_loss:4.4371 train_time:83985ms step_avg:281.83ms
step:309/500 train_loss:4.6217 train_time:84264ms step_avg:281.82ms
step:310/500 train_loss:4.4306 train_time:84545ms step_avg:281.82ms
step:311/500 train_loss:4.6513 train_time:84826ms step_avg:281.81ms
step:312/500 train_loss:4.5741 train_time:85105ms step_avg:281.80ms
step:313/500 train_loss:4.4761 train_time:85385ms step_avg:281.80ms
step:314/500 train_loss:4.6050 train_time:85665ms step_avg:281.79ms
step:315/500 train_loss:4.7335 train_time:85946ms step_avg:281.79ms
step:316/500 train_loss:4.5765 train_time:86225ms step_avg:281.78ms
step:317/500 train_loss:4.4595 train_time:86505ms step_avg:281.78ms
step:318/500 train_loss:4.4821 train_time:86785ms step_avg:281.77ms
step:319/500 train_loss:4.4931 train_time:87064ms step_avg:281.76ms
step:320/500 train_loss:4.4426 train_time:87344ms step_avg:281.76ms
step:321/500 train_loss:4.5337 train_time:87624ms step_avg:281.75ms
step:322/500 train_loss:4.5489 train_time:87905ms step_avg:281.75ms
step:323/500 train_loss:4.5111 train_time:88185ms step_avg:281.74ms
step:324/500 train_loss:4.5811 train_time:88465ms step_avg:281.74ms
step:325/500 train_loss:4.5710 train_time:88745ms step_avg:281.73ms
step:326/500 train_loss:4.6467 train_time:89025ms step_avg:281.73ms
step:327/500 train_loss:4.4879 train_time:89305ms step_avg:281.72ms
step:328/500 train_loss:4.9350 train_time:89585ms step_avg:281.72ms
step:329/500 train_loss:4.6429 train_time:89866ms step_avg:281.71ms
step:330/500 train_loss:4.4423 train_time:90146ms step_avg:281.71ms
step:331/500 train_loss:4.4006 train_time:90425ms step_avg:281.70ms
step:332/500 train_loss:4.5491 train_time:90704ms step_avg:281.69ms
step:333/500 train_loss:4.4790 train_time:90984ms step_avg:281.68ms
step:334/500 train_loss:4.4588 train_time:91265ms step_avg:281.68ms
step:335/500 train_loss:4.4328 train_time:91545ms step_avg:281.68ms
step:336/500 train_loss:4.6122 train_time:91825ms step_avg:281.67ms
step:337/500 train_loss:4.5543 train_time:92105ms step_avg:281.67ms
step:338/500 train_loss:5.0771 train_time:92385ms step_avg:281.66ms
step:339/500 train_loss:4.5304 train_time:92665ms step_avg:281.66ms
step:340/500 train_loss:4.4945 train_time:92945ms step_avg:281.65ms
step:341/500 train_loss:4.4764 train_time:93225ms step_avg:281.65ms
step:342/500 train_loss:4.4213 train_time:93505ms step_avg:281.64ms
step:343/500 train_loss:4.4003 train_time:93785ms step_avg:281.64ms
step:344/500 train_loss:4.4609 train_time:94065ms step_avg:281.63ms
step:345/500 train_loss:4.5462 train_time:94346ms step_avg:281.63ms
step:346/500 train_loss:4.4385 train_time:94626ms step_avg:281.62ms
step:347/500 train_loss:4.3920 train_time:94905ms step_avg:281.62ms
step:348/500 train_loss:4.4478 train_time:95185ms step_avg:281.61ms
step:349/500 train_loss:4.4393 train_time:95465ms step_avg:281.61ms
step:350/500 train_loss:4.3674 train_time:95745ms step_avg:281.60ms
step:351/500 train_loss:4.0685 train_time:96025ms step_avg:281.60ms w_mean:1.000 w_std:0.270 w_min:0.711 w_max:1.523
step:352/500 train_loss:4.3469 train_time:96305ms step_avg:281.59ms
step:353/500 train_loss:4.6882 train_time:96585ms step_avg:281.59ms
step:354/500 train_loss:4.2340 train_time:96866ms step_avg:281.59ms
step:355/500 train_loss:4.4706 train_time:97145ms step_avg:281.58ms
step:356/500 train_loss:4.3841 train_time:97425ms step_avg:281.58ms
step:357/500 train_loss:4.4762 train_time:97705ms step_avg:281.57ms
step:358/500 train_loss:4.4784 train_time:97985ms step_avg:281.57ms
step:359/500 train_loss:4.3904 train_time:98264ms step_avg:281.56ms
step:360/500 train_loss:4.7076 train_time:98545ms step_avg:281.56ms
step:361/500 train_loss:4.1281 train_time:98825ms step_avg:281.55ms
step:362/500 train_loss:4.6023 train_time:99105ms step_avg:281.55ms
step:363/500 train_loss:4.4988 train_time:99386ms step_avg:281.55ms
step:364/500 train_loss:4.3915 train_time:99666ms step_avg:281.54ms
step:365/500 train_loss:4.3245 train_time:99946ms step_avg:281.54ms
step:366/500 train_loss:4.4829 train_time:100226ms step_avg:281.53ms
step:367/500 train_loss:4.4103 train_time:100506ms step_avg:281.53ms
step:368/500 train_loss:4.3994 train_time:100785ms step_avg:281.52ms
step:369/500 train_loss:4.4021 train_time:101065ms step_avg:281.52ms
step:370/500 train_loss:4.2967 train_time:101345ms step_avg:281.51ms
step:371/500 train_loss:4.4357 train_time:101625ms step_avg:281.51ms
step:372/500 train_loss:4.3828 train_time:101905ms step_avg:281.50ms
step:373/500 train_loss:4.2584 train_time:102184ms step_avg:281.50ms
step:374/500 train_loss:4.4440 train_time:102465ms step_avg:281.50ms
step:375/500 train_loss:4.3768 train_time:102746ms step_avg:281.50ms
step:375/500 val_loss:4.3950 train_time:102747ms step_avg:281.50ms
step:376/500 train_loss:4.3733 train_time:103027ms step_avg:281.50ms
step:377/500 train_loss:4.4348 train_time:103310ms step_avg:281.50ms
step:378/500 train_loss:4.3290 train_time:103837ms step_avg:282.17ms
step:379/500 train_loss:4.3724 train_time:104116ms step_avg:282.16ms
step:380/500 train_loss:4.4653 train_time:104658ms step_avg:282.86ms
step:381/500 train_loss:4.4818 train_time:104937ms step_avg:282.85ms
step:382/500 train_loss:4.4327 train_time:105215ms step_avg:282.84ms
step:383/500 train_loss:4.4148 train_time:105495ms step_avg:282.83ms
step:384/500 train_loss:4.3142 train_time:105775ms step_avg:282.82ms
step:385/500 train_loss:4.4130 train_time:106055ms step_avg:282.81ms
step:386/500 train_loss:4.3286 train_time:106335ms step_avg:282.81ms
step:387/500 train_loss:4.4587 train_time:106615ms step_avg:282.80ms
step:388/500 train_loss:4.6493 train_time:106894ms step_avg:282.79ms
step:389/500 train_loss:4.3490 train_time:107175ms step_avg:282.78ms
step:390/500 train_loss:4.3088 train_time:107455ms step_avg:282.78ms
step:391/500 train_loss:4.4347 train_time:107734ms step_avg:282.77ms
step:392/500 train_loss:4.3611 train_time:108015ms step_avg:282.76ms
step:393/500 train_loss:4.4613 train_time:108294ms step_avg:282.75ms
step:394/500 train_loss:4.2960 train_time:108575ms step_avg:282.75ms
step:395/500 train_loss:4.4197 train_time:108855ms step_avg:282.74ms
step:396/500 train_loss:4.2008 train_time:109135ms step_avg:282.73ms
step:397/500 train_loss:4.3698 train_time:109416ms step_avg:282.73ms
step:398/500 train_loss:4.4651 train_time:109695ms step_avg:282.72ms
step:399/500 train_loss:4.4097 train_time:109976ms step_avg:282.71ms
step:400/500 train_loss:4.3341 train_time:110256ms step_avg:282.71ms
step:401/500 train_loss:4.4025 train_time:110535ms step_avg:282.70ms w_mean:1.000 w_std:0.269 w_min:0.708 w_max:1.516
step:402/500 train_loss:4.4327 train_time:110815ms step_avg:282.69ms
step:403/500 train_loss:4.4044 train_time:111095ms step_avg:282.68ms
step:404/500 train_loss:4.4954 train_time:111374ms step_avg:282.68ms
step:405/500 train_loss:4.2840 train_time:111655ms step_avg:282.67ms
step:406/500 train_loss:4.3309 train_time:111935ms step_avg:282.66ms
step:407/500 train_loss:4.5962 train_time:112214ms step_avg:282.66ms
step:408/500 train_loss:4.3662 train_time:112496ms step_avg:282.65ms
step:409/500 train_loss:4.3545 train_time:112776ms step_avg:282.65ms
step:410/500 train_loss:4.4044 train_time:113055ms step_avg:282.64ms
step:411/500 train_loss:4.2958 train_time:113335ms step_avg:282.63ms
step:412/500 train_loss:4.3086 train_time:113615ms step_avg:282.62ms
step:413/500 train_loss:4.7208 train_time:113895ms step_avg:282.62ms
step:414/500 train_loss:4.1828 train_time:114175ms step_avg:282.61ms
step:415/500 train_loss:4.5344 train_time:114454ms step_avg:282.60ms
step:416/500 train_loss:4.3177 train_time:114735ms step_avg:282.60ms
step:417/500 train_loss:4.3084 train_time:115015ms step_avg:282.59ms
step:418/500 train_loss:4.4879 train_time:115295ms step_avg:282.59ms
step:419/500 train_loss:4.2264 train_time:115575ms step_avg:282.58ms
step:420/500 train_loss:4.3240 train_time:115854ms step_avg:282.57ms
step:421/500 train_loss:4.3044 train_time:116134ms step_avg:282.57ms
step:422/500 train_loss:4.1924 train_time:116415ms step_avg:282.56ms
step:423/500 train_loss:4.2937 train_time:116695ms step_avg:282.56ms
step:424/500 train_loss:4.4077 train_time:116975ms step_avg:282.55ms
step:425/500 train_loss:4.2165 train_time:117256ms step_avg:282.54ms
step:426/500 train_loss:4.3790 train_time:117536ms step_avg:282.54ms
step:427/500 train_loss:4.2533 train_time:117815ms step_avg:282.53ms
step:428/500 train_loss:4.4323 train_time:118095ms step_avg:282.52ms
step:429/500 train_loss:4.3873 train_time:118375ms step_avg:282.52ms
step:430/500 train_loss:4.2954 train_time:118656ms step_avg:282.51ms
step:431/500 train_loss:4.2705 train_time:118935ms step_avg:282.51ms
step:432/500 train_loss:4.2215 train_time:119216ms step_avg:282.50ms
step:433/500 train_loss:4.3082 train_time:119496ms step_avg:282.50ms
step:434/500 train_loss:4.3848 train_time:119776ms step_avg:282.49ms
step:435/500 train_loss:4.3090 train_time:120060ms step_avg:282.49ms
step:436/500 train_loss:4.3551 train_time:120336ms step_avg:282.48ms
step:437/500 train_loss:4.3681 train_time:120616ms step_avg:282.47ms
step:438/500 train_loss:4.2521 train_time:120895ms step_avg:282.47ms
step:439/500 train_loss:4.2708 train_time:121175ms step_avg:282.46ms
step:440/500 train_loss:4.2317 train_time:121455ms step_avg:282.45ms
step:441/500 train_loss:4.4237 train_time:121735ms step_avg:282.45ms
step:442/500 train_loss:4.3271 train_time:122016ms step_avg:282.45ms
step:443/500 train_loss:4.2996 train_time:122295ms step_avg:282.44ms
step:444/500 train_loss:4.1969 train_time:122575ms step_avg:282.43ms
step:445/500 train_loss:4.4441 train_time:122855ms step_avg:282.43ms
step:446/500 train_loss:4.3662 train_time:123135ms step_avg:282.42ms
step:447/500 train_loss:4.3687 train_time:123416ms step_avg:282.42ms
step:448/500 train_loss:4.2924 train_time:123697ms step_avg:282.41ms
step:449/500 train_loss:4.3735 train_time:123977ms step_avg:282.41ms
step:450/500 train_loss:4.2133 train_time:124256ms step_avg:282.40ms
step:451/500 train_loss:4.2546 train_time:124535ms step_avg:282.39ms w_mean:1.000 w_std:0.272 w_min:0.709 w_max:1.519
step:452/500 train_loss:4.1449 train_time:124816ms step_avg:282.39ms
step:453/500 train_loss:4.2415 train_time:125096ms step_avg:282.38ms
step:454/500 train_loss:4.2157 train_time:125376ms step_avg:282.38ms
step:455/500 train_loss:4.2018 train_time:125655ms step_avg:282.37ms
step:456/500 train_loss:4.3986 train_time:125935ms step_avg:282.37ms
step:457/500 train_loss:4.2533 train_time:126215ms step_avg:282.36ms
step:458/500 train_loss:4.3448 train_time:126495ms step_avg:282.35ms
step:459/500 train_loss:4.3791 train_time:126775ms step_avg:282.35ms
step:460/500 train_loss:4.1819 train_time:127055ms step_avg:282.34ms
step:461/500 train_loss:4.3507 train_time:127335ms step_avg:282.34ms
step:462/500 train_loss:4.2573 train_time:127616ms step_avg:282.34ms
step:463/500 train_loss:4.2322 train_time:127895ms step_avg:282.33ms
step:464/500 train_loss:4.3300 train_time:128175ms step_avg:282.32ms
step:465/500 train_loss:4.2601 train_time:128455ms step_avg:282.32ms
step:466/500 train_loss:4.2631 train_time:128736ms step_avg:282.32ms
step:467/500 train_loss:4.3928 train_time:129016ms step_avg:282.31ms
step:468/500 train_loss:4.3909 train_time:129296ms step_avg:282.31ms
step:469/500 train_loss:4.3541 train_time:129575ms step_avg:282.30ms
step:470/500 train_loss:4.2671 train_time:129855ms step_avg:282.29ms
step:471/500 train_loss:4.3553 train_time:130136ms step_avg:282.29ms
step:472/500 train_loss:4.3963 train_time:130415ms step_avg:282.28ms
step:473/500 train_loss:4.3030 train_time:130695ms step_avg:282.28ms
step:474/500 train_loss:4.2758 train_time:130975ms step_avg:282.27ms
step:475/500 train_loss:4.1539 train_time:131256ms step_avg:282.27ms
step:476/500 train_loss:4.5745 train_time:131536ms step_avg:282.27ms
step:477/500 train_loss:4.3301 train_time:131816ms step_avg:282.26ms
step:478/500 train_loss:4.1356 train_time:132096ms step_avg:282.26ms
step:479/500 train_loss:4.3336 train_time:132376ms step_avg:282.25ms
step:480/500 train_loss:4.3200 train_time:132656ms step_avg:282.25ms
step:481/500 train_loss:4.4451 train_time:132936ms step_avg:282.24ms
step:482/500 train_loss:4.2794 train_time:133215ms step_avg:282.24ms
step:483/500 train_loss:4.1026 train_time:133495ms step_avg:282.23ms
step:484/500 train_loss:4.3689 train_time:133775ms step_avg:282.23ms
step:485/500 train_loss:4.2189 train_time:134055ms step_avg:282.22ms
step:486/500 train_loss:4.2446 train_time:134336ms step_avg:282.22ms
step:487/500 train_loss:4.1933 train_time:134616ms step_avg:282.21ms
step:488/500 train_loss:4.2116 train_time:134896ms step_avg:282.21ms
step:489/500 train_loss:4.4238 train_time:135176ms step_avg:282.20ms
step:490/500 train_loss:4.2800 train_time:135455ms step_avg:282.20ms
step:491/500 train_loss:4.1804 train_time:135736ms step_avg:282.19ms
step:492/500 train_loss:4.1866 train_time:136015ms step_avg:282.19ms
step:493/500 train_loss:4.2984 train_time:136296ms step_avg:282.19ms
step:494/500 train_loss:4.1425 train_time:136575ms step_avg:282.18ms
step:495/500 train_loss:4.2920 train_time:136855ms step_avg:282.17ms
step:496/500 train_loss:4.2151 train_time:137135ms step_avg:282.17ms
step:497/500 train_loss:4.1624 train_time:137415ms step_avg:282.17ms
step:498/500 train_loss:4.2991 train_time:137695ms step_avg:282.16ms
step:499/500 train_loss:4.3836 train_time:137975ms step_avg:282.16ms
step:500/500 train_loss:4.4379 train_time:138255ms step_avg:282.15ms
step:500/500 val_loss:4.2833 train_time:138256ms step_avg:282.16ms
peak memory consumption: 30603 MiB
