Command: torchrun --nproc_per_node=8 train_tw.py --seed=42 --num_iterations=500 --val_loss_every=125 --tw_enabled --tw_function=focal --tw_clamp_min=0.5 --tw_clamp_max=2.0 --tw_schedule=constant --tw_warmup_steps=1000 --tw_anneal_final=0.3 --tw_cyclical_period=500 --tw_focal_gamma=2.0 --tw_log_every=50 --tw_log_weights
Started: 2025-12-09T21:45:02.803450
============================================================

W1209 21:45:04.014000 70004 torch/distributed/run.py:774] 
W1209 21:45:04.014000 70004 torch/distributed/run.py:774] *****************************************
W1209 21:45:04.014000 70004 torch/distributed/run.py:774] Setting OMP_NUM_THREADS environment variable for each process to be 1 in default, to avoid your system being overloaded, please further tune the variable for optimal performance in your application as needed. 
W1209 21:45:04.014000 70004 torch/distributed/run.py:774] *****************************************
/root/ese-3060-project/tw_nano_experiments/train_tw.py/root/ese-3060-project/tw_nano_experiments/train_tw.py:218: SyntaxWarning: invalid escape sequence '\s'
:218: SyntaxWarning: invalid escape sequence '\s'
    """
"""
/root/ese-3060-project/tw_nano_experiments/train_tw.py:218: SyntaxWarning: invalid escape sequence '\s'
  """
/root/ese-3060-project/tw_nano_experiments/train_tw.py:218: SyntaxWarning: invalid escape sequence '\s'
  """
/root/ese-3060-project/tw_nano_experiments/train_tw.py:218: SyntaxWarning: invalid escape sequence '\s'
/root/ese-3060-project/tw_nano_experiments/train_tw.py:218: SyntaxWarning: invalid escape sequence '\s'
    """
"""
/root/ese-3060-project/tw_nano_experiments/train_tw.py:218: SyntaxWarning: invalid escape sequence '\s'
  """
/root/ese-3060-project/tw_nano_experiments/train_tw.py:218: SyntaxWarning: invalid escape sequence '\s'
  """
using device: cuda:7
using device: cuda:6
using device: cuda:3
using device: cuda:5
using device: cuda:2
using device: cuda:0
Random seed set to 42 (deterministic=False)
using device: cuda:4
using device: cuda:1
Training DataLoader: total number of tokens: 900000000 across 9 files
Validation DataLoader: total number of tokens: 100000000 across 1 files
Token Weighting: ENABLED
  function=focal, clamp=[0.5, 2.0], schedule=constant
step:0/500 val_loss:15.9787 train_time:311ms step_avg:nanms
step:1/500 train_loss:15.9775 train_time:71650ms step_avg:nanms w_mean:1.000 w_std:0.078 w_min:0.667 w_max:1.335
step:2/500 train_loss:9.3668 train_time:71947ms step_avg:nanms
step:3/500 train_loss:8.9259 train_time:72213ms step_avg:nanms
step:4/500 train_loss:8.6999 train_time:72481ms step_avg:nanms
step:5/500 train_loss:8.2748 train_time:72748ms step_avg:nanms
step:6/500 train_loss:7.8049 train_time:73017ms step_avg:nanms
step:7/500 train_loss:7.3717 train_time:73285ms step_avg:nanms
step:8/500 train_loss:7.5186 train_time:73552ms step_avg:nanms
step:9/500 train_loss:7.2925 train_time:73820ms step_avg:nanms
step:10/500 train_loss:7.1038 train_time:74089ms step_avg:nanms
step:11/500 train_loss:7.0717 train_time:266ms step_avg:nanms
step:12/500 train_loss:7.0229 train_time:536ms step_avg:nanms
step:13/500 train_loss:6.8211 train_time:802ms step_avg:267.47ms
step:14/500 train_loss:6.8359 train_time:1072ms step_avg:268.03ms
step:15/500 train_loss:6.8129 train_time:1343ms step_avg:268.65ms
step:16/500 train_loss:6.7435 train_time:1614ms step_avg:268.93ms
step:17/500 train_loss:6.7419 train_time:1881ms step_avg:268.73ms
step:18/500 train_loss:6.7620 train_time:2150ms step_avg:268.75ms
step:19/500 train_loss:6.5850 train_time:2420ms step_avg:268.93ms
step:20/500 train_loss:6.5885 train_time:2685ms step_avg:268.51ms
step:21/500 train_loss:6.2506 train_time:2954ms step_avg:268.51ms
step:22/500 train_loss:6.6456 train_time:3224ms step_avg:268.71ms
step:23/500 train_loss:6.8810 train_time:3493ms step_avg:268.70ms
step:24/500 train_loss:6.5254 train_time:3762ms step_avg:268.71ms
step:25/500 train_loss:6.6405 train_time:4033ms step_avg:268.90ms
step:26/500 train_loss:6.3547 train_time:4302ms step_avg:268.85ms
step:27/500 train_loss:6.2677 train_time:4573ms step_avg:269.02ms
step:28/500 train_loss:6.4425 train_time:4842ms step_avg:268.99ms
step:29/500 train_loss:6.0967 train_time:5112ms step_avg:269.04ms
step:30/500 train_loss:6.3794 train_time:5379ms step_avg:268.93ms
step:31/500 train_loss:6.2222 train_time:5648ms step_avg:268.96ms
step:32/500 train_loss:6.1899 train_time:5919ms step_avg:269.06ms
step:33/500 train_loss:6.0043 train_time:6188ms step_avg:269.04ms
step:34/500 train_loss:6.3501 train_time:6457ms step_avg:269.05ms
step:35/500 train_loss:6.2507 train_time:6724ms step_avg:268.97ms
step:36/500 train_loss:6.4195 train_time:6995ms step_avg:269.04ms
step:37/500 train_loss:6.3267 train_time:7265ms step_avg:269.06ms
step:38/500 train_loss:6.2224 train_time:7536ms step_avg:269.16ms
step:39/500 train_loss:6.1162 train_time:7805ms step_avg:269.13ms
step:40/500 train_loss:6.1721 train_time:8075ms step_avg:269.15ms
step:41/500 train_loss:6.0690 train_time:8345ms step_avg:269.21ms
step:42/500 train_loss:6.1109 train_time:8618ms step_avg:269.30ms
step:43/500 train_loss:5.9822 train_time:8885ms step_avg:269.23ms
step:44/500 train_loss:6.0607 train_time:9156ms step_avg:269.29ms
step:45/500 train_loss:6.0532 train_time:9426ms step_avg:269.30ms
step:46/500 train_loss:6.2354 train_time:9697ms step_avg:269.36ms
step:47/500 train_loss:6.0352 train_time:9967ms step_avg:269.39ms
step:48/500 train_loss:5.8785 train_time:10238ms step_avg:269.42ms
step:49/500 train_loss:6.1253 train_time:10507ms step_avg:269.41ms
step:50/500 train_loss:5.9963 train_time:10778ms step_avg:269.44ms
step:51/500 train_loss:6.1544 train_time:11046ms step_avg:269.43ms w_mean:1.000 w_std:0.041 w_min:0.994 w_max:1.988
step:52/500 train_loss:6.0103 train_time:11321ms step_avg:269.54ms
step:53/500 train_loss:5.8603 train_time:11590ms step_avg:269.53ms
step:54/500 train_loss:5.9853 train_time:11862ms step_avg:269.59ms
step:55/500 train_loss:5.9052 train_time:12131ms step_avg:269.58ms
step:56/500 train_loss:6.2133 train_time:12402ms step_avg:269.60ms
step:57/500 train_loss:5.8931 train_time:12673ms step_avg:269.65ms
step:58/500 train_loss:5.7781 train_time:12944ms step_avg:269.67ms
step:59/500 train_loss:5.9379 train_time:13217ms step_avg:269.73ms
step:60/500 train_loss:5.8758 train_time:13486ms step_avg:269.73ms
step:61/500 train_loss:5.9757 train_time:13758ms step_avg:269.77ms
step:62/500 train_loss:5.7691 train_time:14028ms step_avg:269.77ms
step:63/500 train_loss:5.8727 train_time:14299ms step_avg:269.79ms
step:64/500 train_loss:5.8366 train_time:14570ms step_avg:269.81ms
step:65/500 train_loss:5.7472 train_time:14841ms step_avg:269.84ms
step:66/500 train_loss:5.6698 train_time:15112ms step_avg:269.86ms
step:67/500 train_loss:5.8357 train_time:15382ms step_avg:269.86ms
step:68/500 train_loss:5.6975 train_time:15654ms step_avg:269.90ms
step:69/500 train_loss:5.9436 train_time:15924ms step_avg:269.89ms
step:70/500 train_loss:5.6144 train_time:16195ms step_avg:269.91ms
step:71/500 train_loss:5.6238 train_time:16464ms step_avg:269.91ms
step:72/500 train_loss:5.8391 train_time:16737ms step_avg:269.95ms
step:73/500 train_loss:5.7852 train_time:17005ms step_avg:269.93ms
step:74/500 train_loss:5.6713 train_time:17278ms step_avg:269.96ms
step:75/500 train_loss:5.7815 train_time:17548ms step_avg:269.97ms
step:76/500 train_loss:5.7450 train_time:17822ms step_avg:270.03ms
step:77/500 train_loss:5.7117 train_time:18091ms step_avg:270.02ms
step:78/500 train_loss:5.7913 train_time:18363ms step_avg:270.04ms
step:79/500 train_loss:5.8199 train_time:18635ms step_avg:270.08ms
step:80/500 train_loss:5.6749 train_time:18905ms step_avg:270.08ms
step:81/500 train_loss:5.7764 train_time:19176ms step_avg:270.08ms
step:82/500 train_loss:5.5312 train_time:19446ms step_avg:270.08ms
step:83/500 train_loss:5.7064 train_time:19720ms step_avg:270.14ms
step:84/500 train_loss:5.6667 train_time:19990ms step_avg:270.13ms
step:85/500 train_loss:5.6353 train_time:20261ms step_avg:270.15ms
step:86/500 train_loss:5.4985 train_time:20532ms step_avg:270.16ms
step:87/500 train_loss:5.7121 train_time:20804ms step_avg:270.18ms
step:88/500 train_loss:5.6085 train_time:21075ms step_avg:270.19ms
step:89/500 train_loss:5.6670 train_time:21345ms step_avg:270.19ms
step:90/500 train_loss:5.6573 train_time:21617ms step_avg:270.21ms
step:91/500 train_loss:5.5656 train_time:21886ms step_avg:270.20ms
step:92/500 train_loss:5.5726 train_time:22158ms step_avg:270.21ms
step:93/500 train_loss:5.6646 train_time:22427ms step_avg:270.20ms
step:94/500 train_loss:5.5201 train_time:22698ms step_avg:270.21ms
step:95/500 train_loss:5.5007 train_time:22968ms step_avg:270.21ms
step:96/500 train_loss:5.5263 train_time:23241ms step_avg:270.24ms
step:97/500 train_loss:5.4411 train_time:23512ms step_avg:270.25ms
step:98/500 train_loss:5.5130 train_time:23781ms step_avg:270.24ms
step:99/500 train_loss:5.4356 train_time:24054ms step_avg:270.27ms
step:100/500 train_loss:5.5621 train_time:24325ms step_avg:270.28ms
step:101/500 train_loss:5.5177 train_time:24597ms step_avg:270.29ms w_mean:1.000 w_std:0.022 w_min:0.998 w_max:1.997
step:102/500 train_loss:5.4244 train_time:24865ms step_avg:270.27ms
step:103/500 train_loss:5.5221 train_time:25138ms step_avg:270.30ms
step:104/500 train_loss:5.4900 train_time:25408ms step_avg:270.29ms
step:105/500 train_loss:5.3161 train_time:25680ms step_avg:270.31ms
step:106/500 train_loss:5.4318 train_time:25948ms step_avg:270.29ms
step:107/500 train_loss:5.6245 train_time:26221ms step_avg:270.32ms
step:108/500 train_loss:5.4228 train_time:26492ms step_avg:270.32ms
step:109/500 train_loss:5.1735 train_time:26764ms step_avg:270.34ms
step:110/500 train_loss:5.3773 train_time:27037ms step_avg:270.37ms
step:111/500 train_loss:5.3512 train_time:27305ms step_avg:270.34ms
step:112/500 train_loss:5.3216 train_time:27579ms step_avg:270.38ms
step:113/500 train_loss:5.4315 train_time:27847ms step_avg:270.36ms
step:114/500 train_loss:5.3573 train_time:28121ms step_avg:270.40ms
step:115/500 train_loss:5.2094 train_time:28390ms step_avg:270.38ms
step:116/500 train_loss:5.3741 train_time:28663ms step_avg:270.41ms
step:117/500 train_loss:5.2317 train_time:28935ms step_avg:270.42ms
step:118/500 train_loss:5.2238 train_time:29205ms step_avg:270.41ms
step:119/500 train_loss:5.3413 train_time:29475ms step_avg:270.41ms
step:120/500 train_loss:5.3328 train_time:29745ms step_avg:270.41ms
step:121/500 train_loss:5.2576 train_time:30020ms step_avg:270.45ms
step:122/500 train_loss:5.1523 train_time:30288ms step_avg:270.43ms
step:123/500 train_loss:5.2564 train_time:30560ms step_avg:270.44ms
step:124/500 train_loss:5.1196 train_time:30830ms step_avg:270.44ms
step:125/500 train_loss:5.4263 train_time:31101ms step_avg:270.45ms
step:125/500 val_loss:5.2460 train_time:31103ms step_avg:270.46ms
step:126/500 train_loss:5.2710 train_time:31375ms step_avg:270.47ms
step:127/500 train_loss:5.2463 train_time:31647ms step_avg:270.49ms
step:128/500 train_loss:5.3111 train_time:31921ms step_avg:270.52ms
step:129/500 train_loss:5.1703 train_time:32192ms step_avg:270.52ms
step:130/500 train_loss:5.4394 train_time:32461ms step_avg:270.51ms
step:131/500 train_loss:5.2284 train_time:32734ms step_avg:270.53ms
step:132/500 train_loss:5.2187 train_time:33007ms step_avg:270.55ms
step:133/500 train_loss:5.1696 train_time:33276ms step_avg:270.53ms
step:134/500 train_loss:5.2151 train_time:33547ms step_avg:270.54ms
step:135/500 train_loss:5.1407 train_time:33816ms step_avg:270.53ms
step:136/500 train_loss:5.2083 train_time:34088ms step_avg:270.54ms
step:137/500 train_loss:5.0115 train_time:34357ms step_avg:270.53ms
step:138/500 train_loss:5.1737 train_time:34631ms step_avg:270.56ms
step:139/500 train_loss:5.1289 train_time:34904ms step_avg:270.57ms
step:140/500 train_loss:5.1415 train_time:35174ms step_avg:270.57ms
step:141/500 train_loss:5.1906 train_time:35445ms step_avg:270.57ms
step:142/500 train_loss:5.0997 train_time:35716ms step_avg:270.58ms
step:143/500 train_loss:5.1679 train_time:35986ms step_avg:270.57ms
step:144/500 train_loss:4.9865 train_time:36256ms step_avg:270.57ms
step:145/500 train_loss:5.1379 train_time:36530ms step_avg:270.59ms
step:146/500 train_loss:5.0783 train_time:36801ms step_avg:270.59ms
step:147/500 train_loss:4.9854 train_time:37072ms step_avg:270.60ms
step:148/500 train_loss:5.1128 train_time:37344ms step_avg:270.61ms
step:149/500 train_loss:5.0868 train_time:37615ms step_avg:270.61ms
step:150/500 train_loss:5.1430 train_time:37886ms step_avg:270.62ms
step:151/500 train_loss:5.1562 train_time:38156ms step_avg:270.61ms w_mean:1.000 w_std:0.026 w_min:0.998 w_max:1.995
step:152/500 train_loss:5.0748 train_time:38430ms step_avg:270.63ms
step:153/500 train_loss:5.0550 train_time:38706ms step_avg:270.67ms
step:154/500 train_loss:5.1358 train_time:38973ms step_avg:270.64ms
step:155/500 train_loss:5.0688 train_time:39244ms step_avg:270.65ms
step:156/500 train_loss:5.0486 train_time:39516ms step_avg:270.66ms
step:157/500 train_loss:5.0630 train_time:39787ms step_avg:270.66ms
step:158/500 train_loss:5.1882 train_time:40057ms step_avg:270.66ms
step:159/500 train_loss:4.9798 train_time:40330ms step_avg:270.67ms
step:160/500 train_loss:5.0374 train_time:40599ms step_avg:270.66ms
step:161/500 train_loss:4.8912 train_time:40872ms step_avg:270.67ms
step:162/500 train_loss:5.0419 train_time:41144ms step_avg:270.68ms
step:163/500 train_loss:5.0792 train_time:41415ms step_avg:270.69ms
step:164/500 train_loss:5.0663 train_time:41686ms step_avg:270.69ms
step:165/500 train_loss:4.8941 train_time:41957ms step_avg:270.69ms
step:166/500 train_loss:5.0088 train_time:42229ms step_avg:270.70ms
step:167/500 train_loss:5.1590 train_time:42498ms step_avg:270.69ms
step:168/500 train_loss:4.9406 train_time:42771ms step_avg:270.70ms
step:169/500 train_loss:5.0269 train_time:43044ms step_avg:270.72ms
step:170/500 train_loss:4.8949 train_time:43316ms step_avg:270.73ms
step:171/500 train_loss:4.8377 train_time:43587ms step_avg:270.73ms
step:172/500 train_loss:4.9490 train_time:43855ms step_avg:270.71ms
step:173/500 train_loss:4.9150 train_time:44129ms step_avg:270.73ms
step:174/500 train_loss:4.9697 train_time:44399ms step_avg:270.73ms
step:175/500 train_loss:5.1103 train_time:44671ms step_avg:270.73ms
step:176/500 train_loss:4.9976 train_time:44943ms step_avg:270.74ms
step:177/500 train_loss:4.8349 train_time:45215ms step_avg:270.75ms
step:178/500 train_loss:4.8164 train_time:45485ms step_avg:270.74ms
step:179/500 train_loss:4.8575 train_time:45756ms step_avg:270.74ms
step:180/500 train_loss:4.9030 train_time:46030ms step_avg:270.76ms
step:181/500 train_loss:4.8831 train_time:46301ms step_avg:270.77ms
step:182/500 train_loss:4.9983 train_time:46574ms step_avg:270.78ms
step:183/500 train_loss:4.8855 train_time:46846ms step_avg:270.78ms
step:184/500 train_loss:4.8183 train_time:47116ms step_avg:270.78ms
step:185/500 train_loss:4.8476 train_time:47387ms step_avg:270.78ms
step:186/500 train_loss:4.9678 train_time:47657ms step_avg:270.78ms
step:187/500 train_loss:4.8487 train_time:47930ms step_avg:270.79ms
step:188/500 train_loss:5.0943 train_time:48201ms step_avg:270.79ms
step:189/500 train_loss:4.8870 train_time:48734ms step_avg:272.26ms
step:190/500 train_loss:4.8037 train_time:49273ms step_avg:273.74ms
step:191/500 train_loss:4.9615 train_time:49544ms step_avg:273.72ms
step:192/500 train_loss:4.8033 train_time:49814ms step_avg:273.71ms
step:193/500 train_loss:4.7285 train_time:50084ms step_avg:273.68ms
step:194/500 train_loss:4.9267 train_time:50360ms step_avg:273.70ms
step:195/500 train_loss:4.8678 train_time:50634ms step_avg:273.70ms
step:196/500 train_loss:5.0487 train_time:50906ms step_avg:273.69ms
step:197/500 train_loss:4.9414 train_time:51174ms step_avg:273.66ms
step:198/500 train_loss:4.7800 train_time:51447ms step_avg:273.66ms
step:199/500 train_loss:4.8238 train_time:51718ms step_avg:273.64ms
step:200/500 train_loss:4.7209 train_time:51989ms step_avg:273.63ms
step:201/500 train_loss:4.8006 train_time:52258ms step_avg:273.60ms w_mean:1.000 w_std:0.022 w_min:0.998 w_max:1.997
step:202/500 train_loss:4.7150 train_time:52533ms step_avg:273.61ms
step:203/500 train_loss:4.9512 train_time:52806ms step_avg:273.60ms
step:204/500 train_loss:4.8580 train_time:53076ms step_avg:273.59ms
step:205/500 train_loss:4.8291 train_time:53348ms step_avg:273.58ms
step:206/500 train_loss:4.9839 train_time:53617ms step_avg:273.56ms
step:207/500 train_loss:4.6519 train_time:53889ms step_avg:273.55ms
step:208/500 train_loss:4.8002 train_time:54159ms step_avg:273.53ms
step:209/500 train_loss:4.7546 train_time:54432ms step_avg:273.53ms
step:210/500 train_loss:4.9190 train_time:54705ms step_avg:273.53ms
step:211/500 train_loss:4.8456 train_time:54976ms step_avg:273.51ms
step:212/500 train_loss:4.7325 train_time:55248ms step_avg:273.51ms
step:213/500 train_loss:4.8571 train_time:55521ms step_avg:273.50ms
step:214/500 train_loss:4.7004 train_time:55795ms step_avg:273.51ms
step:215/500 train_loss:4.7900 train_time:56066ms step_avg:273.49ms
step:216/500 train_loss:4.6466 train_time:56338ms step_avg:273.49ms
step:217/500 train_loss:4.7611 train_time:56611ms step_avg:273.49ms
step:218/500 train_loss:4.7552 train_time:56882ms step_avg:273.47ms
step:219/500 train_loss:4.7270 train_time:57153ms step_avg:273.46ms
step:220/500 train_loss:4.7390 train_time:57426ms step_avg:273.46ms
step:221/500 train_loss:4.7666 train_time:57697ms step_avg:273.44ms
step:222/500 train_loss:4.8017 train_time:57970ms step_avg:273.45ms
step:223/500 train_loss:4.7418 train_time:58242ms step_avg:273.44ms
step:224/500 train_loss:4.7414 train_time:58514ms step_avg:273.43ms
step:225/500 train_loss:4.8696 train_time:58786ms step_avg:273.42ms
step:226/500 train_loss:4.6104 train_time:59058ms step_avg:273.42ms
step:227/500 train_loss:4.6457 train_time:59333ms step_avg:273.42ms
step:228/500 train_loss:4.6341 train_time:59606ms step_avg:273.42ms
step:229/500 train_loss:4.7975 train_time:59876ms step_avg:273.40ms
step:230/500 train_loss:4.6244 train_time:60150ms step_avg:273.41ms
step:231/500 train_loss:4.7730 train_time:60419ms step_avg:273.39ms
step:232/500 train_loss:4.6357 train_time:60692ms step_avg:273.39ms
step:233/500 train_loss:4.6076 train_time:60965ms step_avg:273.38ms
step:234/500 train_loss:4.8128 train_time:61237ms step_avg:273.38ms
step:235/500 train_loss:4.6494 train_time:61510ms step_avg:273.38ms
step:236/500 train_loss:4.5898 train_time:61781ms step_avg:273.37ms
step:237/500 train_loss:4.8313 train_time:62054ms step_avg:273.37ms
step:238/500 train_loss:4.7201 train_time:62326ms step_avg:273.36ms
step:239/500 train_loss:4.6364 train_time:62596ms step_avg:273.34ms
step:240/500 train_loss:4.7703 train_time:62869ms step_avg:273.34ms
step:241/500 train_loss:4.7578 train_time:63140ms step_avg:273.33ms
step:242/500 train_loss:4.6610 train_time:63414ms step_avg:273.34ms
step:243/500 train_loss:4.8065 train_time:63685ms step_avg:273.33ms
step:244/500 train_loss:4.6536 train_time:63960ms step_avg:273.33ms
step:245/500 train_loss:4.6657 train_time:64235ms step_avg:273.34ms
step:246/500 train_loss:4.7314 train_time:64507ms step_avg:273.33ms
step:247/500 train_loss:4.6877 train_time:64777ms step_avg:273.32ms
step:248/500 train_loss:4.6474 train_time:65050ms step_avg:273.32ms
step:249/500 train_loss:4.8196 train_time:65323ms step_avg:273.32ms
step:250/500 train_loss:4.5544 train_time:65594ms step_avg:273.31ms
step:250/500 val_loss:4.6578 train_time:65596ms step_avg:273.32ms
step:251/500 train_loss:4.5933 train_time:65866ms step_avg:273.30ms w_mean:1.000 w_std:0.030 w_min:0.997 w_max:1.995
step:252/500 train_loss:4.7247 train_time:66142ms step_avg:273.32ms
step:253/500 train_loss:4.7162 train_time:66417ms step_avg:273.32ms
step:254/500 train_loss:4.5931 train_time:66688ms step_avg:273.31ms
step:255/500 train_loss:4.5984 train_time:66959ms step_avg:273.30ms
step:256/500 train_loss:4.7448 train_time:67229ms step_avg:273.29ms
step:257/500 train_loss:4.6867 train_time:67503ms step_avg:273.29ms
step:258/500 train_loss:4.6647 train_time:67774ms step_avg:273.28ms
step:259/500 train_loss:4.5971 train_time:68044ms step_avg:273.27ms
step:260/500 train_loss:4.6098 train_time:68317ms step_avg:273.27ms
step:261/500 train_loss:4.6843 train_time:68587ms step_avg:273.26ms
step:262/500 train_loss:4.6888 train_time:68860ms step_avg:273.25ms
step:263/500 train_loss:4.5955 train_time:69131ms step_avg:273.25ms
step:264/500 train_loss:4.5408 train_time:69404ms step_avg:273.24ms
step:265/500 train_loss:4.5931 train_time:69674ms step_avg:273.23ms
step:266/500 train_loss:4.4521 train_time:69944ms step_avg:273.22ms
step:267/500 train_loss:4.5107 train_time:70217ms step_avg:273.22ms
step:268/500 train_loss:4.5481 train_time:70487ms step_avg:273.21ms
step:269/500 train_loss:4.5138 train_time:70761ms step_avg:273.21ms
step:270/500 train_loss:4.4770 train_time:71032ms step_avg:273.20ms
step:271/500 train_loss:4.6971 train_time:71304ms step_avg:273.20ms
step:272/500 train_loss:4.6291 train_time:71575ms step_avg:273.19ms
step:273/500 train_loss:4.4919 train_time:71845ms step_avg:273.18ms
step:274/500 train_loss:4.5391 train_time:72119ms step_avg:273.18ms
step:275/500 train_loss:4.6532 train_time:72388ms step_avg:273.16ms
step:276/500 train_loss:4.6734 train_time:72661ms step_avg:273.16ms
step:277/500 train_loss:4.8708 train_time:72934ms step_avg:273.16ms
step:278/500 train_loss:4.6191 train_time:73205ms step_avg:273.15ms
step:279/500 train_loss:4.7465 train_time:73476ms step_avg:273.14ms
step:280/500 train_loss:4.5860 train_time:73746ms step_avg:273.13ms
step:281/500 train_loss:4.6627 train_time:74020ms step_avg:273.14ms
step:282/500 train_loss:4.5534 train_time:74294ms step_avg:273.14ms
step:283/500 train_loss:4.6674 train_time:74565ms step_avg:273.13ms
step:284/500 train_loss:4.4911 train_time:74838ms step_avg:273.13ms
step:285/500 train_loss:4.6546 train_time:75108ms step_avg:273.12ms
step:286/500 train_loss:4.6414 train_time:75381ms step_avg:273.12ms
step:287/500 train_loss:4.6758 train_time:75651ms step_avg:273.11ms
step:288/500 train_loss:4.5392 train_time:75924ms step_avg:273.11ms
step:289/500 train_loss:4.6049 train_time:76196ms step_avg:273.10ms
step:290/500 train_loss:4.4613 train_time:76465ms step_avg:273.09ms
step:291/500 train_loss:4.4582 train_time:76739ms step_avg:273.09ms
step:292/500 train_loss:4.5819 train_time:77010ms step_avg:273.09ms
step:293/500 train_loss:4.4710 train_time:77284ms step_avg:273.09ms
step:294/500 train_loss:4.5231 train_time:77554ms step_avg:273.08ms
step:295/500 train_loss:4.5449 train_time:77827ms step_avg:273.08ms
step:296/500 train_loss:4.4120 train_time:78101ms step_avg:273.08ms
step:297/500 train_loss:4.4043 train_time:78371ms step_avg:273.07ms
step:298/500 train_loss:4.4345 train_time:78643ms step_avg:273.07ms
step:299/500 train_loss:4.5377 train_time:78916ms step_avg:273.07ms
step:300/500 train_loss:4.4187 train_time:79187ms step_avg:273.06ms
step:301/500 train_loss:4.5965 train_time:79459ms step_avg:273.05ms w_mean:1.000 w_std:0.028 w_min:0.998 w_max:1.995
step:302/500 train_loss:4.5730 train_time:79729ms step_avg:273.04ms
step:303/500 train_loss:4.4950 train_time:80002ms step_avg:273.04ms
step:304/500 train_loss:4.5576 train_time:80274ms step_avg:273.04ms
step:305/500 train_loss:4.5452 train_time:80544ms step_avg:273.03ms
step:306/500 train_loss:5.0207 train_time:80817ms step_avg:273.03ms
step:307/500 train_loss:4.5011 train_time:81087ms step_avg:273.02ms
step:308/500 train_loss:4.4064 train_time:81360ms step_avg:273.02ms
step:309/500 train_loss:4.5923 train_time:81631ms step_avg:273.01ms
step:310/500 train_loss:4.3954 train_time:81904ms step_avg:273.01ms
step:311/500 train_loss:4.6282 train_time:82174ms step_avg:273.00ms
step:312/500 train_loss:4.5376 train_time:82445ms step_avg:273.00ms
step:313/500 train_loss:4.4506 train_time:82722ms step_avg:273.01ms
step:314/500 train_loss:4.5784 train_time:82995ms step_avg:273.01ms
step:315/500 train_loss:4.7022 train_time:83264ms step_avg:273.00ms
step:316/500 train_loss:4.5416 train_time:83538ms step_avg:273.00ms
step:317/500 train_loss:4.4288 train_time:83809ms step_avg:272.99ms
step:318/500 train_loss:4.4446 train_time:84081ms step_avg:272.99ms
step:319/500 train_loss:4.4624 train_time:84352ms step_avg:272.98ms
step:320/500 train_loss:4.4115 train_time:84626ms step_avg:272.99ms
step:321/500 train_loss:4.5042 train_time:84900ms step_avg:272.99ms
step:322/500 train_loss:4.5143 train_time:85170ms step_avg:272.98ms
step:323/500 train_loss:4.4791 train_time:85442ms step_avg:272.98ms
step:324/500 train_loss:4.5517 train_time:85715ms step_avg:272.98ms
step:325/500 train_loss:4.5506 train_time:85985ms step_avg:272.97ms
step:326/500 train_loss:4.6139 train_time:86258ms step_avg:272.97ms
step:327/500 train_loss:4.4612 train_time:86528ms step_avg:272.96ms
step:328/500 train_loss:4.9053 train_time:86802ms step_avg:272.96ms
step:329/500 train_loss:4.6195 train_time:87073ms step_avg:272.96ms
step:330/500 train_loss:4.4066 train_time:87344ms step_avg:272.95ms
step:331/500 train_loss:4.3670 train_time:87618ms step_avg:272.95ms
step:332/500 train_loss:4.5233 train_time:87889ms step_avg:272.95ms
step:333/500 train_loss:4.4390 train_time:88160ms step_avg:272.94ms
step:334/500 train_loss:4.4293 train_time:88433ms step_avg:272.94ms
step:335/500 train_loss:4.3928 train_time:88705ms step_avg:272.94ms
step:336/500 train_loss:4.5842 train_time:88978ms step_avg:272.94ms
step:337/500 train_loss:4.5166 train_time:89247ms step_avg:272.93ms
step:338/500 train_loss:5.0575 train_time:89521ms step_avg:272.93ms
step:339/500 train_loss:4.4926 train_time:89795ms step_avg:272.93ms
step:340/500 train_loss:4.4603 train_time:90064ms step_avg:272.92ms
step:341/500 train_loss:4.4460 train_time:90337ms step_avg:272.92ms
step:342/500 train_loss:4.3874 train_time:90606ms step_avg:272.91ms
step:343/500 train_loss:4.3559 train_time:90877ms step_avg:272.90ms
step:344/500 train_loss:4.4270 train_time:91147ms step_avg:272.90ms
step:345/500 train_loss:4.5201 train_time:91420ms step_avg:272.90ms
step:346/500 train_loss:4.4100 train_time:91692ms step_avg:272.89ms
step:347/500 train_loss:4.3499 train_time:91964ms step_avg:272.89ms
step:348/500 train_loss:4.4020 train_time:92237ms step_avg:272.89ms
step:349/500 train_loss:4.4116 train_time:92506ms step_avg:272.88ms
step:350/500 train_loss:4.3364 train_time:92779ms step_avg:272.88ms
step:351/500 train_loss:4.0219 train_time:93050ms step_avg:272.87ms w_mean:1.000 w_std:0.028 w_min:0.998 w_max:1.996
step:352/500 train_loss:4.3176 train_time:93323ms step_avg:272.87ms
step:353/500 train_loss:4.6569 train_time:93598ms step_avg:272.88ms
step:354/500 train_loss:4.1948 train_time:93866ms step_avg:272.87ms
step:355/500 train_loss:4.4430 train_time:94139ms step_avg:272.87ms
step:356/500 train_loss:4.3496 train_time:94411ms step_avg:272.86ms
step:357/500 train_loss:4.4456 train_time:94683ms step_avg:272.86ms
step:358/500 train_loss:4.4491 train_time:94956ms step_avg:272.86ms
step:359/500 train_loss:4.3599 train_time:95225ms step_avg:272.85ms
step:360/500 train_loss:4.6599 train_time:95501ms step_avg:272.86ms
step:361/500 train_loss:4.0931 train_time:95773ms step_avg:272.86ms
step:362/500 train_loss:4.5752 train_time:96045ms step_avg:272.85ms
step:363/500 train_loss:4.4683 train_time:96317ms step_avg:272.85ms
step:364/500 train_loss:4.3584 train_time:96589ms step_avg:272.85ms
step:365/500 train_loss:4.2897 train_time:96860ms step_avg:272.85ms
step:366/500 train_loss:4.4445 train_time:97133ms step_avg:272.85ms
step:367/500 train_loss:4.3800 train_time:97406ms step_avg:272.85ms
step:368/500 train_loss:4.3649 train_time:97677ms step_avg:272.84ms
step:369/500 train_loss:4.3693 train_time:97945ms step_avg:272.83ms
step:370/500 train_loss:4.2644 train_time:98220ms step_avg:272.83ms
step:371/500 train_loss:4.4109 train_time:98494ms step_avg:272.84ms
step:372/500 train_loss:4.3483 train_time:98765ms step_avg:272.83ms
step:373/500 train_loss:4.2222 train_time:99039ms step_avg:272.83ms
step:374/500 train_loss:4.4184 train_time:99309ms step_avg:272.83ms
step:375/500 train_loss:4.3474 train_time:99581ms step_avg:272.82ms
step:375/500 val_loss:4.3633 train_time:99582ms step_avg:272.83ms
step:376/500 train_loss:4.3459 train_time:99856ms step_avg:272.83ms
step:377/500 train_loss:4.4038 train_time:100130ms step_avg:272.83ms
step:378/500 train_loss:4.2928 train_time:100658ms step_avg:273.53ms
step:379/500 train_loss:4.3513 train_time:100926ms step_avg:273.51ms
step:380/500 train_loss:4.4241 train_time:101459ms step_avg:274.21ms
step:381/500 train_loss:4.4543 train_time:101728ms step_avg:274.20ms
step:382/500 train_loss:4.3965 train_time:101999ms step_avg:274.19ms
step:383/500 train_loss:4.3786 train_time:102267ms step_avg:274.17ms
step:384/500 train_loss:4.2861 train_time:102546ms step_avg:274.19ms
step:385/500 train_loss:4.3855 train_time:102818ms step_avg:274.18ms
step:386/500 train_loss:4.2957 train_time:103087ms step_avg:274.17ms
step:387/500 train_loss:4.4228 train_time:103358ms step_avg:274.16ms
step:388/500 train_loss:4.6256 train_time:103628ms step_avg:274.15ms
step:389/500 train_loss:4.3223 train_time:103903ms step_avg:274.15ms
step:390/500 train_loss:4.2759 train_time:104172ms step_avg:274.14ms
step:391/500 train_loss:4.4092 train_time:104444ms step_avg:274.13ms
step:392/500 train_loss:4.3271 train_time:104713ms step_avg:274.12ms
step:393/500 train_loss:4.4319 train_time:104986ms step_avg:274.12ms
step:394/500 train_loss:4.2525 train_time:105257ms step_avg:274.11ms
step:395/500 train_loss:4.3916 train_time:105529ms step_avg:274.10ms
step:396/500 train_loss:4.1781 train_time:105802ms step_avg:274.10ms
step:397/500 train_loss:4.3374 train_time:106072ms step_avg:274.09ms
step:398/500 train_loss:4.4292 train_time:106344ms step_avg:274.08ms
step:399/500 train_loss:4.3840 train_time:106616ms step_avg:274.08ms
step:400/500 train_loss:4.3036 train_time:106887ms step_avg:274.07ms
step:401/500 train_loss:4.3650 train_time:107159ms step_avg:274.06ms w_mean:1.000 w_std:0.014 w_min:0.999 w_max:1.999
step:402/500 train_loss:4.4037 train_time:107430ms step_avg:274.06ms
step:403/500 train_loss:4.3722 train_time:107703ms step_avg:274.05ms
step:404/500 train_loss:4.4717 train_time:107972ms step_avg:274.04ms
step:405/500 train_loss:4.2451 train_time:108245ms step_avg:274.04ms
step:406/500 train_loss:4.2945 train_time:108517ms step_avg:274.03ms
step:407/500 train_loss:4.5723 train_time:108788ms step_avg:274.03ms
step:408/500 train_loss:4.3355 train_time:109062ms step_avg:274.02ms
step:409/500 train_loss:4.3249 train_time:109332ms step_avg:274.01ms
step:410/500 train_loss:4.3762 train_time:109605ms step_avg:274.01ms
step:411/500 train_loss:4.2608 train_time:109876ms step_avg:274.00ms
step:412/500 train_loss:4.2789 train_time:110148ms step_avg:274.00ms
step:413/500 train_loss:4.6960 train_time:110420ms step_avg:274.00ms
step:414/500 train_loss:4.1507 train_time:110690ms step_avg:273.98ms
step:415/500 train_loss:4.5093 train_time:110963ms step_avg:273.98ms
step:416/500 train_loss:4.2831 train_time:111235ms step_avg:273.98ms
step:417/500 train_loss:4.2797 train_time:111507ms step_avg:273.97ms
step:418/500 train_loss:4.4628 train_time:111778ms step_avg:273.97ms
step:419/500 train_loss:4.1951 train_time:112048ms step_avg:273.96ms
step:420/500 train_loss:4.2996 train_time:112322ms step_avg:273.96ms
step:421/500 train_loss:4.2702 train_time:112594ms step_avg:273.95ms
step:422/500 train_loss:4.1573 train_time:112865ms step_avg:273.94ms
step:423/500 train_loss:4.2678 train_time:113138ms step_avg:273.94ms
step:424/500 train_loss:4.3803 train_time:113408ms step_avg:273.93ms
step:425/500 train_loss:4.1737 train_time:113679ms step_avg:273.93ms
step:426/500 train_loss:4.3447 train_time:113949ms step_avg:273.92ms
step:427/500 train_loss:4.2191 train_time:114223ms step_avg:273.91ms
step:428/500 train_loss:4.4025 train_time:114494ms step_avg:273.91ms
step:429/500 train_loss:4.3517 train_time:114765ms step_avg:273.90ms
step:430/500 train_loss:4.2641 train_time:115037ms step_avg:273.90ms
step:431/500 train_loss:4.2431 train_time:115308ms step_avg:273.89ms
step:432/500 train_loss:4.1829 train_time:115579ms step_avg:273.88ms
step:433/500 train_loss:4.2714 train_time:115849ms step_avg:273.88ms
step:434/500 train_loss:4.3469 train_time:116123ms step_avg:273.87ms
step:435/500 train_loss:4.2814 train_time:116394ms step_avg:273.87ms
step:436/500 train_loss:4.3265 train_time:116665ms step_avg:273.86ms
step:437/500 train_loss:4.3341 train_time:116937ms step_avg:273.86ms
step:438/500 train_loss:4.2185 train_time:117208ms step_avg:273.85ms
step:439/500 train_loss:4.2411 train_time:117480ms step_avg:273.85ms
step:440/500 train_loss:4.2053 train_time:117749ms step_avg:273.83ms
step:441/500 train_loss:4.3918 train_time:118022ms step_avg:273.83ms
step:442/500 train_loss:4.2920 train_time:118292ms step_avg:273.82ms
step:443/500 train_loss:4.2726 train_time:118564ms step_avg:273.82ms
step:444/500 train_loss:4.1646 train_time:118835ms step_avg:273.81ms
step:445/500 train_loss:4.4174 train_time:119109ms step_avg:273.81ms
step:446/500 train_loss:4.3439 train_time:119379ms step_avg:273.81ms
step:447/500 train_loss:4.3418 train_time:119651ms step_avg:273.80ms
step:448/500 train_loss:4.2622 train_time:119925ms step_avg:273.80ms
step:449/500 train_loss:4.3451 train_time:120198ms step_avg:273.80ms
step:450/500 train_loss:4.1802 train_time:120468ms step_avg:273.79ms
step:451/500 train_loss:4.2213 train_time:120741ms step_avg:273.79ms w_mean:1.000 w_std:0.010 w_min:1.000 w_max:1.999
step:452/500 train_loss:4.1131 train_time:121009ms step_avg:273.78ms
step:453/500 train_loss:4.2099 train_time:121280ms step_avg:273.77ms
step:454/500 train_loss:4.1875 train_time:121550ms step_avg:273.76ms
step:455/500 train_loss:4.1647 train_time:121824ms step_avg:273.76ms
step:456/500 train_loss:4.3711 train_time:122096ms step_avg:273.76ms
step:457/500 train_loss:4.2246 train_time:122367ms step_avg:273.75ms
step:458/500 train_loss:4.3147 train_time:122639ms step_avg:273.75ms
step:459/500 train_loss:4.3479 train_time:122909ms step_avg:273.74ms
step:460/500 train_loss:4.1504 train_time:123181ms step_avg:273.73ms
step:461/500 train_loss:4.3210 train_time:123451ms step_avg:273.73ms
step:462/500 train_loss:4.2245 train_time:123725ms step_avg:273.73ms
step:463/500 train_loss:4.2073 train_time:123997ms step_avg:273.72ms
step:464/500 train_loss:4.2998 train_time:124267ms step_avg:273.72ms
step:465/500 train_loss:4.2323 train_time:124539ms step_avg:273.71ms
step:466/500 train_loss:4.2325 train_time:124811ms step_avg:273.71ms
step:467/500 train_loss:4.3615 train_time:125082ms step_avg:273.70ms
step:468/500 train_loss:4.3605 train_time:125351ms step_avg:273.69ms
step:469/500 train_loss:4.3266 train_time:125626ms step_avg:273.69ms
step:470/500 train_loss:4.2364 train_time:125898ms step_avg:273.69ms
step:471/500 train_loss:4.3251 train_time:126167ms step_avg:273.68ms
step:472/500 train_loss:4.3690 train_time:126439ms step_avg:273.68ms
step:473/500 train_loss:4.2758 train_time:126710ms step_avg:273.67ms
step:474/500 train_loss:4.2459 train_time:126982ms step_avg:273.67ms
step:475/500 train_loss:4.1196 train_time:127251ms step_avg:273.66ms
step:476/500 train_loss:4.5580 train_time:127525ms step_avg:273.66ms
step:477/500 train_loss:4.3033 train_time:127798ms step_avg:273.66ms
step:478/500 train_loss:4.1098 train_time:128068ms step_avg:273.65ms
step:479/500 train_loss:4.3143 train_time:128340ms step_avg:273.65ms
step:480/500 train_loss:4.2885 train_time:128609ms step_avg:273.64ms
step:481/500 train_loss:4.4202 train_time:128879ms step_avg:273.63ms
step:482/500 train_loss:4.2462 train_time:129150ms step_avg:273.62ms
step:483/500 train_loss:4.0615 train_time:129424ms step_avg:273.62ms
step:484/500 train_loss:4.3395 train_time:129699ms step_avg:273.63ms
step:485/500 train_loss:4.1844 train_time:129969ms step_avg:273.62ms
step:486/500 train_loss:4.2163 train_time:130242ms step_avg:273.62ms
step:487/500 train_loss:4.1607 train_time:130510ms step_avg:273.61ms
step:488/500 train_loss:4.1852 train_time:130784ms step_avg:273.61ms
step:489/500 train_loss:4.3972 train_time:131053ms step_avg:273.60ms
step:490/500 train_loss:4.2471 train_time:131326ms step_avg:273.60ms
step:491/500 train_loss:4.1525 train_time:131598ms step_avg:273.59ms
step:492/500 train_loss:4.1574 train_time:131869ms step_avg:273.59ms
step:493/500 train_loss:4.2684 train_time:132141ms step_avg:273.58ms
step:494/500 train_loss:4.1125 train_time:132413ms step_avg:273.58ms
step:495/500 train_loss:4.2618 train_time:132685ms step_avg:273.58ms
step:496/500 train_loss:4.1825 train_time:132956ms step_avg:273.57ms
step:497/500 train_loss:4.1295 train_time:133228ms step_avg:273.57ms
step:498/500 train_loss:4.2650 train_time:133503ms step_avg:273.57ms
step:499/500 train_loss:4.3543 train_time:133772ms step_avg:273.56ms
step:500/500 train_loss:4.4105 train_time:134044ms step_avg:273.56ms
step:500/500 val_loss:4.2541 train_time:134045ms step_avg:273.56ms
peak memory consumption: 30603 MiB
