Command: torchrun --nproc_per_node=8 train_tw.py --seed=123 --num_iterations=500 --val_loss_every=125 --tw_enabled --tw_function=log --tw_clamp_min=0.8 --tw_clamp_max=1.3 --tw_schedule=constant --tw_warmup_steps=1000 --tw_anneal_final=0.3 --tw_cyclical_period=500 --tw_focal_gamma=2.0 --tw_log_every=50 --tw_log_weights
Started: 2025-12-09T21:36:04.716961
============================================================

W1209 21:36:05.853000 67288 torch/distributed/run.py:774] 
W1209 21:36:05.853000 67288 torch/distributed/run.py:774] *****************************************
W1209 21:36:05.853000 67288 torch/distributed/run.py:774] Setting OMP_NUM_THREADS environment variable for each process to be 1 in default, to avoid your system being overloaded, please further tune the variable for optimal performance in your application as needed. 
W1209 21:36:05.853000 67288 torch/distributed/run.py:774] *****************************************
/root/ese-3060-project/tw_nano_experiments/train_tw.py:218: SyntaxWarning: invalid escape sequence '\s'
  """
/root/ese-3060-project/tw_nano_experiments/train_tw.py:218: SyntaxWarning: invalid escape sequence '\s'
  """
/root/ese-3060-project/tw_nano_experiments/train_tw.py:218: SyntaxWarning: invalid escape sequence '\s'
  """
/root/ese-3060-project/tw_nano_experiments/train_tw.py:218: SyntaxWarning: invalid escape sequence '\s'
/root/ese-3060-project/tw_nano_experiments/train_tw.py/root/ese-3060-project/tw_nano_experiments/train_tw.py:218: :218: SyntaxWarningSyntaxWarning: : invalid escape sequence '\s'invalid escape sequence '\s'

  """
    """
"""
/root/ese-3060-project/tw_nano_experiments/train_tw.py:218: SyntaxWarning: invalid escape sequence '\s'
  """
/root/ese-3060-project/tw_nano_experiments/train_tw.py:218: SyntaxWarning: invalid escape sequence '\s'
  """
using device: cuda:7
using device: cuda:1
using device: cuda:0
Random seed set to 123 (deterministic=False)
using device: cuda:5
using device: cuda:2
using device: cuda:4
using device: cuda:6
using device: cuda:3
Training DataLoader: total number of tokens: 900000000 across 9 files
Validation DataLoader: total number of tokens: 100000000 across 1 files
Token Weighting: ENABLED
  function=log, clamp=[0.8, 1.3], schedule=constant
step:0/500 val_loss:16.0073 train_time:270ms step_avg:nanms
step:1/500 train_loss:15.9981 train_time:55560ms step_avg:nanms w_mean:1.000 w_std:0.000 w_min:1.000 w_max:1.000
step:2/500 train_loss:9.3706 train_time:56153ms step_avg:nanms
step:3/500 train_loss:8.9747 train_time:56418ms step_avg:nanms
step:4/500 train_loss:8.6425 train_time:56687ms step_avg:nanms
step:5/500 train_loss:8.1127 train_time:56954ms step_avg:nanms
step:6/500 train_loss:7.8040 train_time:57229ms step_avg:nanms
step:7/500 train_loss:7.3947 train_time:57495ms step_avg:nanms
step:8/500 train_loss:7.5211 train_time:57768ms step_avg:nanms
step:9/500 train_loss:7.2809 train_time:58033ms step_avg:nanms
step:10/500 train_loss:7.1196 train_time:58303ms step_avg:nanms
step:11/500 train_loss:7.0874 train_time:267ms step_avg:nanms
step:12/500 train_loss:7.0096 train_time:535ms step_avg:nanms
step:13/500 train_loss:6.8239 train_time:803ms step_avg:267.60ms
step:14/500 train_loss:6.8579 train_time:1070ms step_avg:267.59ms
step:15/500 train_loss:6.8257 train_time:1341ms step_avg:268.22ms
step:16/500 train_loss:6.7390 train_time:1608ms step_avg:268.03ms
step:17/500 train_loss:6.7443 train_time:1878ms step_avg:268.30ms
step:18/500 train_loss:6.7773 train_time:2146ms step_avg:268.23ms
step:19/500 train_loss:6.5898 train_time:2415ms step_avg:268.39ms
step:20/500 train_loss:6.5994 train_time:2686ms step_avg:268.58ms
step:21/500 train_loss:6.2630 train_time:2961ms step_avg:269.15ms
step:22/500 train_loss:6.6516 train_time:3225ms step_avg:268.74ms
step:23/500 train_loss:6.8886 train_time:3497ms step_avg:268.96ms
step:24/500 train_loss:6.5287 train_time:3765ms step_avg:268.95ms
step:25/500 train_loss:6.6409 train_time:4038ms step_avg:269.18ms
step:26/500 train_loss:6.3857 train_time:4306ms step_avg:269.09ms
step:27/500 train_loss:6.2812 train_time:4576ms step_avg:269.20ms
step:28/500 train_loss:6.4545 train_time:4845ms step_avg:269.16ms
step:29/500 train_loss:6.1071 train_time:5118ms step_avg:269.34ms
step:30/500 train_loss:6.3878 train_time:5390ms step_avg:269.48ms
step:31/500 train_loss:6.2388 train_time:5663ms step_avg:269.65ms
step:32/500 train_loss:6.1983 train_time:5930ms step_avg:269.56ms
step:33/500 train_loss:6.0157 train_time:6203ms step_avg:269.71ms
step:34/500 train_loss:6.3488 train_time:6473ms step_avg:269.72ms
step:35/500 train_loss:6.2668 train_time:6745ms step_avg:269.79ms
step:36/500 train_loss:6.4143 train_time:7014ms step_avg:269.76ms
step:37/500 train_loss:6.3439 train_time:7285ms step_avg:269.83ms
step:38/500 train_loss:6.2268 train_time:7559ms step_avg:269.97ms
step:39/500 train_loss:6.1246 train_time:7829ms step_avg:269.97ms
step:40/500 train_loss:6.1731 train_time:8101ms step_avg:270.04ms
step:41/500 train_loss:6.0808 train_time:8370ms step_avg:270.00ms
step:42/500 train_loss:6.1183 train_time:8643ms step_avg:270.08ms
step:43/500 train_loss:5.9916 train_time:8911ms step_avg:270.03ms
step:44/500 train_loss:6.0667 train_time:9185ms step_avg:270.16ms
step:45/500 train_loss:6.0631 train_time:9458ms step_avg:270.23ms
step:46/500 train_loss:6.2436 train_time:9729ms step_avg:270.26ms
step:47/500 train_loss:6.0468 train_time:10001ms step_avg:270.30ms
step:48/500 train_loss:5.8875 train_time:10273ms step_avg:270.33ms
step:49/500 train_loss:6.1395 train_time:10542ms step_avg:270.31ms
step:50/500 train_loss:6.0028 train_time:10811ms step_avg:270.27ms
step:51/500 train_loss:6.1584 train_time:11082ms step_avg:270.30ms w_mean:1.000 w_std:0.105 w_min:0.939 w_max:1.527
step:52/500 train_loss:6.0189 train_time:11353ms step_avg:270.32ms
step:53/500 train_loss:5.8719 train_time:11625ms step_avg:270.34ms
step:54/500 train_loss:5.9969 train_time:11896ms step_avg:270.37ms
step:55/500 train_loss:5.9191 train_time:12166ms step_avg:270.36ms
step:56/500 train_loss:6.2180 train_time:12435ms step_avg:270.34ms
step:57/500 train_loss:5.9129 train_time:12706ms step_avg:270.34ms
step:58/500 train_loss:5.7889 train_time:12979ms step_avg:270.39ms
step:59/500 train_loss:5.9509 train_time:13250ms step_avg:270.41ms
step:60/500 train_loss:5.8868 train_time:13520ms step_avg:270.40ms
step:61/500 train_loss:5.9765 train_time:13790ms step_avg:270.39ms
step:62/500 train_loss:5.7774 train_time:14062ms step_avg:270.43ms
step:63/500 train_loss:5.8789 train_time:14334ms step_avg:270.46ms
step:64/500 train_loss:5.8441 train_time:14603ms step_avg:270.43ms
step:65/500 train_loss:5.7599 train_time:14876ms step_avg:270.47ms
step:66/500 train_loss:5.6734 train_time:15145ms step_avg:270.44ms
step:67/500 train_loss:5.8588 train_time:15419ms step_avg:270.51ms
step:68/500 train_loss:5.7095 train_time:15691ms step_avg:270.54ms
step:69/500 train_loss:5.9616 train_time:15965ms step_avg:270.59ms
step:70/500 train_loss:5.6223 train_time:16233ms step_avg:270.55ms
step:71/500 train_loss:5.6633 train_time:16504ms step_avg:270.56ms
step:72/500 train_loss:5.8503 train_time:16779ms step_avg:270.64ms
step:73/500 train_loss:5.8022 train_time:17047ms step_avg:270.59ms
step:74/500 train_loss:5.6870 train_time:17319ms step_avg:270.61ms
step:75/500 train_loss:5.7980 train_time:17589ms step_avg:270.60ms
step:76/500 train_loss:5.7538 train_time:17863ms step_avg:270.66ms
step:77/500 train_loss:5.7265 train_time:18132ms step_avg:270.63ms
step:78/500 train_loss:5.8150 train_time:18404ms step_avg:270.65ms
step:79/500 train_loss:5.8306 train_time:18676ms step_avg:270.67ms
step:80/500 train_loss:5.6995 train_time:18947ms step_avg:270.67ms
step:81/500 train_loss:5.7890 train_time:19217ms step_avg:270.67ms
step:82/500 train_loss:5.5563 train_time:19486ms step_avg:270.64ms
step:83/500 train_loss:5.7203 train_time:19760ms step_avg:270.68ms
step:84/500 train_loss:5.7034 train_time:20031ms step_avg:270.69ms
step:85/500 train_loss:5.6518 train_time:20302ms step_avg:270.69ms
step:86/500 train_loss:5.5304 train_time:20573ms step_avg:270.70ms
step:87/500 train_loss:5.7293 train_time:20843ms step_avg:270.69ms
step:88/500 train_loss:5.6404 train_time:21118ms step_avg:270.75ms
step:89/500 train_loss:5.6933 train_time:21389ms step_avg:270.74ms
step:90/500 train_loss:5.6778 train_time:21661ms step_avg:270.77ms
step:91/500 train_loss:5.5914 train_time:21931ms step_avg:270.75ms
step:92/500 train_loss:5.5972 train_time:22204ms step_avg:270.78ms
step:93/500 train_loss:5.6941 train_time:22477ms step_avg:270.80ms
step:94/500 train_loss:5.5408 train_time:22745ms step_avg:270.78ms
step:95/500 train_loss:5.5381 train_time:23019ms step_avg:270.81ms
step:96/500 train_loss:5.5522 train_time:23290ms step_avg:270.82ms
step:97/500 train_loss:5.4795 train_time:23563ms step_avg:270.84ms
step:98/500 train_loss:5.5440 train_time:23832ms step_avg:270.82ms
step:99/500 train_loss:5.4723 train_time:24105ms step_avg:270.84ms
step:100/500 train_loss:5.5901 train_time:24380ms step_avg:270.89ms
step:101/500 train_loss:5.5534 train_time:24651ms step_avg:270.89ms w_mean:1.000 w_std:0.119 w_min:0.932 w_max:1.514
step:102/500 train_loss:5.4530 train_time:24922ms step_avg:270.89ms
step:103/500 train_loss:5.5515 train_time:25194ms step_avg:270.90ms
step:104/500 train_loss:5.5207 train_time:25464ms step_avg:270.90ms
step:105/500 train_loss:5.3517 train_time:25735ms step_avg:270.90ms
step:106/500 train_loss:5.4702 train_time:26007ms step_avg:270.90ms
step:107/500 train_loss:5.6576 train_time:26282ms step_avg:270.95ms
step:108/500 train_loss:5.4557 train_time:26555ms step_avg:270.97ms
step:109/500 train_loss:5.2111 train_time:26824ms step_avg:270.95ms
step:110/500 train_loss:5.4215 train_time:27096ms step_avg:270.96ms
step:111/500 train_loss:5.3851 train_time:27365ms step_avg:270.95ms
step:112/500 train_loss:5.3585 train_time:27637ms step_avg:270.95ms
step:113/500 train_loss:5.4595 train_time:27905ms step_avg:270.93ms
step:114/500 train_loss:5.3917 train_time:28181ms step_avg:270.97ms
step:115/500 train_loss:5.2461 train_time:28454ms step_avg:270.99ms
step:116/500 train_loss:5.4113 train_time:28724ms step_avg:270.98ms
step:117/500 train_loss:5.2754 train_time:28997ms step_avg:271.00ms
step:118/500 train_loss:5.2662 train_time:29270ms step_avg:271.02ms
step:119/500 train_loss:5.3932 train_time:29541ms step_avg:271.02ms
step:120/500 train_loss:5.3675 train_time:29813ms step_avg:271.03ms
step:121/500 train_loss:5.3156 train_time:30086ms step_avg:271.05ms
step:122/500 train_loss:5.1955 train_time:30360ms step_avg:271.07ms
step:123/500 train_loss:5.2971 train_time:30629ms step_avg:271.06ms
step:124/500 train_loss:5.1546 train_time:30902ms step_avg:271.07ms
step:125/500 train_loss:5.4573 train_time:31177ms step_avg:271.10ms
step:125/500 val_loss:5.2789 train_time:31178ms step_avg:271.11ms
step:126/500 train_loss:5.2972 train_time:31457ms step_avg:271.18ms
step:127/500 train_loss:5.2871 train_time:31735ms step_avg:271.24ms
step:128/500 train_loss:5.3454 train_time:32006ms step_avg:271.24ms
step:129/500 train_loss:5.2126 train_time:32275ms step_avg:271.22ms
step:130/500 train_loss:5.4729 train_time:32543ms step_avg:271.19ms
step:131/500 train_loss:5.2633 train_time:32818ms step_avg:271.23ms
step:132/500 train_loss:5.2600 train_time:33090ms step_avg:271.23ms
step:133/500 train_loss:5.2143 train_time:33363ms step_avg:271.24ms
step:134/500 train_loss:5.2448 train_time:33631ms step_avg:271.22ms
step:135/500 train_loss:5.1824 train_time:33904ms step_avg:271.23ms
step:136/500 train_loss:5.2439 train_time:34178ms step_avg:271.26ms
step:137/500 train_loss:5.0508 train_time:34452ms step_avg:271.27ms
step:138/500 train_loss:5.2061 train_time:34722ms step_avg:271.27ms
step:139/500 train_loss:5.1696 train_time:34994ms step_avg:271.27ms
step:140/500 train_loss:5.1754 train_time:35264ms step_avg:271.26ms
step:141/500 train_loss:5.2268 train_time:35537ms step_avg:271.27ms
step:142/500 train_loss:5.1309 train_time:35806ms step_avg:271.26ms
step:143/500 train_loss:5.2104 train_time:36079ms step_avg:271.27ms
step:144/500 train_loss:5.0220 train_time:36352ms step_avg:271.28ms
step:145/500 train_loss:5.1770 train_time:36623ms step_avg:271.28ms
step:146/500 train_loss:5.1200 train_time:36897ms step_avg:271.30ms
step:147/500 train_loss:5.0307 train_time:37168ms step_avg:271.30ms
step:148/500 train_loss:5.1493 train_time:37439ms step_avg:271.30ms
step:149/500 train_loss:5.1234 train_time:37710ms step_avg:271.30ms
step:150/500 train_loss:5.1831 train_time:37984ms step_avg:271.31ms
step:151/500 train_loss:5.1919 train_time:38258ms step_avg:271.34ms w_mean:1.000 w_std:0.130 w_min:0.925 w_max:1.504
step:152/500 train_loss:5.1196 train_time:38528ms step_avg:271.32ms
step:153/500 train_loss:5.0863 train_time:38801ms step_avg:271.33ms
step:154/500 train_loss:5.1709 train_time:39071ms step_avg:271.33ms
step:155/500 train_loss:5.1031 train_time:39343ms step_avg:271.33ms
step:156/500 train_loss:5.0917 train_time:39618ms step_avg:271.36ms
step:157/500 train_loss:5.1020 train_time:39891ms step_avg:271.36ms
step:158/500 train_loss:5.2298 train_time:40164ms step_avg:271.38ms
step:159/500 train_loss:5.0191 train_time:40432ms step_avg:271.36ms
step:160/500 train_loss:5.0789 train_time:40703ms step_avg:271.36ms
step:161/500 train_loss:4.9307 train_time:40978ms step_avg:271.38ms
step:162/500 train_loss:5.0849 train_time:41251ms step_avg:271.39ms
step:163/500 train_loss:5.1124 train_time:41522ms step_avg:271.38ms
step:164/500 train_loss:5.1052 train_time:41796ms step_avg:271.40ms
step:165/500 train_loss:4.9309 train_time:42067ms step_avg:271.40ms
step:166/500 train_loss:5.0488 train_time:42339ms step_avg:271.41ms
step:167/500 train_loss:5.1991 train_time:42609ms step_avg:271.40ms
step:168/500 train_loss:4.9794 train_time:42882ms step_avg:271.41ms
step:169/500 train_loss:5.0549 train_time:43159ms step_avg:271.44ms
step:170/500 train_loss:4.9282 train_time:43431ms step_avg:271.44ms
step:171/500 train_loss:4.8683 train_time:43702ms step_avg:271.44ms
step:172/500 train_loss:4.9791 train_time:43976ms step_avg:271.45ms
step:173/500 train_loss:4.9524 train_time:44248ms step_avg:271.46ms
step:174/500 train_loss:5.0095 train_time:44520ms step_avg:271.47ms
step:175/500 train_loss:5.1414 train_time:44791ms step_avg:271.46ms
step:176/500 train_loss:5.0365 train_time:45062ms step_avg:271.46ms
step:177/500 train_loss:4.8712 train_time:45334ms step_avg:271.46ms
step:178/500 train_loss:4.8556 train_time:45604ms step_avg:271.45ms
step:179/500 train_loss:4.8829 train_time:45878ms step_avg:271.46ms
step:180/500 train_loss:4.9324 train_time:46149ms step_avg:271.46ms
step:181/500 train_loss:4.9155 train_time:46421ms step_avg:271.47ms
step:182/500 train_loss:5.0316 train_time:46692ms step_avg:271.46ms
step:183/500 train_loss:4.9193 train_time:46964ms step_avg:271.47ms
step:184/500 train_loss:4.8525 train_time:47234ms step_avg:271.46ms
step:185/500 train_loss:4.8747 train_time:47504ms step_avg:271.45ms
step:186/500 train_loss:5.0059 train_time:47779ms step_avg:271.47ms
step:187/500 train_loss:4.8841 train_time:48052ms step_avg:271.48ms
step:188/500 train_loss:5.1260 train_time:48324ms step_avg:271.48ms
step:189/500 train_loss:4.9207 train_time:48861ms step_avg:272.97ms
step:190/500 train_loss:4.8396 train_time:49393ms step_avg:274.41ms
step:191/500 train_loss:4.9979 train_time:49660ms step_avg:274.37ms
step:192/500 train_loss:4.8417 train_time:49928ms step_avg:274.33ms
step:193/500 train_loss:4.7558 train_time:50198ms step_avg:274.31ms
step:194/500 train_loss:4.9607 train_time:50476ms step_avg:274.33ms
step:195/500 train_loss:4.8931 train_time:50745ms step_avg:274.30ms
step:196/500 train_loss:5.0793 train_time:51014ms step_avg:274.27ms
step:197/500 train_loss:4.9687 train_time:51282ms step_avg:274.24ms
step:198/500 train_loss:4.8179 train_time:51561ms step_avg:274.26ms
step:199/500 train_loss:4.8518 train_time:51831ms step_avg:274.24ms
step:200/500 train_loss:4.7570 train_time:52102ms step_avg:274.22ms
step:201/500 train_loss:4.8331 train_time:52374ms step_avg:274.21ms w_mean:1.000 w_std:0.139 w_min:0.921 w_max:1.496
step:202/500 train_loss:4.7604 train_time:52643ms step_avg:274.18ms
step:203/500 train_loss:4.9743 train_time:52917ms step_avg:274.18ms
step:204/500 train_loss:4.8863 train_time:53192ms step_avg:274.19ms
step:205/500 train_loss:4.8437 train_time:53464ms step_avg:274.17ms
step:206/500 train_loss:5.0007 train_time:53732ms step_avg:274.14ms
step:207/500 train_loss:4.6802 train_time:54002ms step_avg:274.12ms
step:208/500 train_loss:4.8302 train_time:54278ms step_avg:274.13ms
step:209/500 train_loss:4.7841 train_time:54552ms step_avg:274.13ms
step:210/500 train_loss:4.9479 train_time:54821ms step_avg:274.10ms
step:211/500 train_loss:4.8750 train_time:55093ms step_avg:274.09ms
step:212/500 train_loss:4.7604 train_time:55363ms step_avg:274.08ms
step:213/500 train_loss:4.8963 train_time:55634ms step_avg:274.06ms
step:214/500 train_loss:4.7294 train_time:55904ms step_avg:274.04ms
step:215/500 train_loss:4.8257 train_time:56179ms step_avg:274.04ms
step:216/500 train_loss:4.6818 train_time:56452ms step_avg:274.04ms
step:217/500 train_loss:4.8019 train_time:56727ms step_avg:274.05ms
step:218/500 train_loss:4.7795 train_time:57000ms step_avg:274.04ms
step:219/500 train_loss:4.7553 train_time:57271ms step_avg:274.03ms
step:220/500 train_loss:4.7662 train_time:57544ms step_avg:274.02ms
step:221/500 train_loss:4.7966 train_time:57819ms step_avg:274.02ms
step:222/500 train_loss:4.8244 train_time:58091ms step_avg:274.01ms
step:223/500 train_loss:4.7769 train_time:58364ms step_avg:274.01ms
step:224/500 train_loss:4.7701 train_time:58634ms step_avg:273.99ms
step:225/500 train_loss:4.8963 train_time:58903ms step_avg:273.97ms
step:226/500 train_loss:4.6454 train_time:59179ms step_avg:273.98ms
step:227/500 train_loss:4.6793 train_time:59452ms step_avg:273.97ms
step:228/500 train_loss:4.6590 train_time:59722ms step_avg:273.95ms
step:229/500 train_loss:4.8283 train_time:59994ms step_avg:273.95ms
step:230/500 train_loss:4.6529 train_time:60265ms step_avg:273.93ms
step:231/500 train_loss:4.8080 train_time:60537ms step_avg:273.92ms
step:232/500 train_loss:4.6742 train_time:60806ms step_avg:273.90ms
step:233/500 train_loss:4.6330 train_time:61079ms step_avg:273.90ms
step:234/500 train_loss:4.8343 train_time:61352ms step_avg:273.89ms
step:235/500 train_loss:4.6720 train_time:61624ms step_avg:273.88ms
step:236/500 train_loss:4.6141 train_time:61898ms step_avg:273.89ms
step:237/500 train_loss:4.8643 train_time:62169ms step_avg:273.87ms
step:238/500 train_loss:4.7476 train_time:62441ms step_avg:273.86ms
step:239/500 train_loss:4.6554 train_time:62712ms step_avg:273.85ms
step:240/500 train_loss:4.7977 train_time:62983ms step_avg:273.84ms
step:241/500 train_loss:4.7787 train_time:63259ms step_avg:273.85ms
step:242/500 train_loss:4.6898 train_time:63529ms step_avg:273.83ms
step:243/500 train_loss:4.8375 train_time:63801ms step_avg:273.83ms
step:244/500 train_loss:4.6797 train_time:64073ms step_avg:273.82ms
step:245/500 train_loss:4.6887 train_time:64344ms step_avg:273.80ms
step:246/500 train_loss:4.7589 train_time:64618ms step_avg:273.81ms
step:247/500 train_loss:4.7144 train_time:64890ms step_avg:273.80ms
step:248/500 train_loss:4.6717 train_time:65161ms step_avg:273.79ms
step:249/500 train_loss:4.8338 train_time:65435ms step_avg:273.78ms
step:250/500 train_loss:4.5777 train_time:65703ms step_avg:273.76ms
step:250/500 val_loss:4.6826 train_time:65705ms step_avg:273.77ms
step:251/500 train_loss:4.6212 train_time:65978ms step_avg:273.77ms w_mean:1.000 w_std:0.143 w_min:0.918 w_max:1.492
step:252/500 train_loss:4.7495 train_time:66257ms step_avg:273.79ms
step:253/500 train_loss:4.7357 train_time:66532ms step_avg:273.79ms
step:254/500 train_loss:4.6237 train_time:66802ms step_avg:273.78ms
step:255/500 train_loss:4.6459 train_time:67070ms step_avg:273.76ms
step:256/500 train_loss:4.7617 train_time:67349ms step_avg:273.78ms
step:257/500 train_loss:4.7130 train_time:67621ms step_avg:273.77ms
step:258/500 train_loss:4.6881 train_time:67892ms step_avg:273.76ms
step:259/500 train_loss:4.6198 train_time:68163ms step_avg:273.75ms
step:260/500 train_loss:4.6353 train_time:68434ms step_avg:273.74ms
step:261/500 train_loss:4.7031 train_time:68709ms step_avg:273.74ms
step:262/500 train_loss:4.7078 train_time:68981ms step_avg:273.73ms
step:263/500 train_loss:4.6136 train_time:69252ms step_avg:273.72ms
step:264/500 train_loss:4.5674 train_time:69524ms step_avg:273.72ms
step:265/500 train_loss:4.6178 train_time:69797ms step_avg:273.71ms
step:266/500 train_loss:4.4784 train_time:70072ms step_avg:273.72ms
step:267/500 train_loss:4.5333 train_time:70344ms step_avg:273.71ms
step:268/500 train_loss:4.5774 train_time:70613ms step_avg:273.69ms
step:269/500 train_loss:4.5330 train_time:70889ms step_avg:273.70ms
step:270/500 train_loss:4.5056 train_time:71162ms step_avg:273.70ms
step:271/500 train_loss:4.7176 train_time:71432ms step_avg:273.69ms
step:272/500 train_loss:4.6550 train_time:71703ms step_avg:273.68ms
step:273/500 train_loss:4.5150 train_time:71978ms step_avg:273.68ms
step:274/500 train_loss:4.5641 train_time:72252ms step_avg:273.68ms
step:275/500 train_loss:4.6817 train_time:72523ms step_avg:273.67ms
step:276/500 train_loss:4.6903 train_time:72792ms step_avg:273.65ms
step:277/500 train_loss:4.8909 train_time:73068ms step_avg:273.66ms
step:278/500 train_loss:4.6381 train_time:73342ms step_avg:273.66ms
step:279/500 train_loss:4.7706 train_time:73613ms step_avg:273.66ms
step:280/500 train_loss:4.6153 train_time:73887ms step_avg:273.65ms
step:281/500 train_loss:4.6836 train_time:74156ms step_avg:273.64ms
step:282/500 train_loss:4.5761 train_time:74428ms step_avg:273.63ms
step:283/500 train_loss:4.6986 train_time:74699ms step_avg:273.62ms
step:284/500 train_loss:4.5136 train_time:74973ms step_avg:273.63ms
step:285/500 train_loss:4.6779 train_time:75247ms step_avg:273.62ms
step:286/500 train_loss:4.6650 train_time:75518ms step_avg:273.62ms
step:287/500 train_loss:4.6956 train_time:75791ms step_avg:273.61ms
step:288/500 train_loss:4.5616 train_time:76064ms step_avg:273.61ms
step:289/500 train_loss:4.6251 train_time:76333ms step_avg:273.60ms
step:290/500 train_loss:4.4829 train_time:76607ms step_avg:273.60ms
step:291/500 train_loss:4.4865 train_time:76880ms step_avg:273.59ms
step:292/500 train_loss:4.6063 train_time:77153ms step_avg:273.59ms
step:293/500 train_loss:4.4980 train_time:77421ms step_avg:273.57ms
step:294/500 train_loss:4.5439 train_time:77694ms step_avg:273.57ms
step:295/500 train_loss:4.5714 train_time:77970ms step_avg:273.58ms
step:296/500 train_loss:4.4388 train_time:78243ms step_avg:273.58ms
step:297/500 train_loss:4.4298 train_time:78512ms step_avg:273.56ms
step:298/500 train_loss:4.4503 train_time:78786ms step_avg:273.56ms
step:299/500 train_loss:4.5633 train_time:79056ms step_avg:273.55ms
step:300/500 train_loss:4.4443 train_time:79329ms step_avg:273.55ms
step:301/500 train_loss:4.6219 train_time:79599ms step_avg:273.54ms w_mean:1.000 w_std:0.144 w_min:0.918 w_max:1.492
step:302/500 train_loss:4.5917 train_time:79873ms step_avg:273.54ms
step:303/500 train_loss:4.5166 train_time:80148ms step_avg:273.54ms
step:304/500 train_loss:4.5779 train_time:80418ms step_avg:273.53ms
step:305/500 train_loss:4.5648 train_time:80691ms step_avg:273.53ms
step:306/500 train_loss:5.0275 train_time:80964ms step_avg:273.53ms
step:307/500 train_loss:4.5255 train_time:81233ms step_avg:273.51ms
step:308/500 train_loss:4.4243 train_time:81507ms step_avg:273.51ms
step:309/500 train_loss:4.6122 train_time:81776ms step_avg:273.50ms
step:310/500 train_loss:4.4206 train_time:82051ms step_avg:273.50ms
step:311/500 train_loss:4.6485 train_time:82322ms step_avg:273.50ms
step:312/500 train_loss:4.5576 train_time:82594ms step_avg:273.49ms
step:313/500 train_loss:4.4741 train_time:82868ms step_avg:273.49ms
step:314/500 train_loss:4.5969 train_time:83140ms step_avg:273.49ms
step:315/500 train_loss:4.7277 train_time:83411ms step_avg:273.48ms
step:316/500 train_loss:4.5665 train_time:83682ms step_avg:273.47ms
step:317/500 train_loss:4.4565 train_time:83954ms step_avg:273.46ms
step:318/500 train_loss:4.4636 train_time:84224ms step_avg:273.45ms
step:319/500 train_loss:4.4861 train_time:84495ms step_avg:273.45ms
step:320/500 train_loss:4.4307 train_time:84767ms step_avg:273.44ms
step:321/500 train_loss:4.5306 train_time:85042ms step_avg:273.45ms
step:322/500 train_loss:4.5403 train_time:85312ms step_avg:273.44ms
step:323/500 train_loss:4.4993 train_time:85589ms step_avg:273.45ms
step:324/500 train_loss:4.5655 train_time:85860ms step_avg:273.44ms
step:325/500 train_loss:4.5685 train_time:86131ms step_avg:273.43ms
step:326/500 train_loss:4.6363 train_time:86403ms step_avg:273.43ms
step:327/500 train_loss:4.4884 train_time:86675ms step_avg:273.42ms
step:328/500 train_loss:4.9245 train_time:86949ms step_avg:273.42ms
step:329/500 train_loss:4.6383 train_time:87218ms step_avg:273.41ms
step:330/500 train_loss:4.4300 train_time:87490ms step_avg:273.41ms
step:331/500 train_loss:4.3984 train_time:87763ms step_avg:273.40ms
step:332/500 train_loss:4.5450 train_time:88034ms step_avg:273.40ms
step:333/500 train_loss:4.4641 train_time:88308ms step_avg:273.40ms
step:334/500 train_loss:4.4513 train_time:88581ms step_avg:273.40ms
step:335/500 train_loss:4.4083 train_time:88853ms step_avg:273.39ms
step:336/500 train_loss:4.6065 train_time:89122ms step_avg:273.38ms
step:337/500 train_loss:4.5422 train_time:89394ms step_avg:273.38ms
step:338/500 train_loss:5.0640 train_time:89668ms step_avg:273.38ms
step:339/500 train_loss:4.5144 train_time:89941ms step_avg:273.38ms
step:340/500 train_loss:4.4858 train_time:90213ms step_avg:273.37ms
step:341/500 train_loss:4.4619 train_time:90487ms step_avg:273.38ms
step:342/500 train_loss:4.4106 train_time:90758ms step_avg:273.37ms
step:343/500 train_loss:4.3868 train_time:91030ms step_avg:273.36ms
step:344/500 train_loss:4.4490 train_time:91301ms step_avg:273.36ms
step:345/500 train_loss:4.5365 train_time:91575ms step_avg:273.36ms
step:346/500 train_loss:4.4338 train_time:91849ms step_avg:273.36ms
step:347/500 train_loss:4.3826 train_time:92119ms step_avg:273.35ms
step:348/500 train_loss:4.4297 train_time:92391ms step_avg:273.35ms
step:349/500 train_loss:4.4277 train_time:92664ms step_avg:273.35ms
step:350/500 train_loss:4.3536 train_time:92935ms step_avg:273.34ms
step:351/500 train_loss:4.0481 train_time:93209ms step_avg:273.34ms w_mean:1.000 w_std:0.155 w_min:0.914 w_max:1.486
step:352/500 train_loss:4.3323 train_time:93483ms step_avg:273.34ms
step:353/500 train_loss:4.6707 train_time:93755ms step_avg:273.34ms
step:354/500 train_loss:4.2208 train_time:94025ms step_avg:273.33ms
step:355/500 train_loss:4.4650 train_time:94296ms step_avg:273.32ms
step:356/500 train_loss:4.3705 train_time:94571ms step_avg:273.33ms
step:357/500 train_loss:4.4670 train_time:94843ms step_avg:273.32ms
step:358/500 train_loss:4.4829 train_time:95113ms step_avg:273.31ms
step:359/500 train_loss:4.3744 train_time:95389ms step_avg:273.32ms
step:360/500 train_loss:4.6967 train_time:95661ms step_avg:273.32ms
step:361/500 train_loss:4.1175 train_time:95933ms step_avg:273.31ms
step:362/500 train_loss:4.5950 train_time:96205ms step_avg:273.31ms
step:363/500 train_loss:4.4891 train_time:96476ms step_avg:273.30ms
step:364/500 train_loss:4.3803 train_time:96749ms step_avg:273.30ms
step:365/500 train_loss:4.3152 train_time:97019ms step_avg:273.29ms
step:366/500 train_loss:4.4673 train_time:97293ms step_avg:273.30ms
step:367/500 train_loss:4.3972 train_time:97566ms step_avg:273.29ms
step:368/500 train_loss:4.3837 train_time:97835ms step_avg:273.28ms
step:369/500 train_loss:4.3917 train_time:98108ms step_avg:273.28ms
step:370/500 train_loss:4.2818 train_time:98379ms step_avg:273.27ms
step:371/500 train_loss:4.4310 train_time:98654ms step_avg:273.28ms
step:372/500 train_loss:4.3692 train_time:98926ms step_avg:273.28ms
step:373/500 train_loss:4.2433 train_time:99194ms step_avg:273.26ms
step:374/500 train_loss:4.4368 train_time:99468ms step_avg:273.26ms
step:375/500 train_loss:4.3705 train_time:99742ms step_avg:273.27ms
step:375/500 val_loss:4.3842 train_time:99743ms step_avg:273.27ms
step:376/500 train_loss:4.3652 train_time:100019ms step_avg:273.28ms
step:377/500 train_loss:4.4209 train_time:100296ms step_avg:273.29ms
step:378/500 train_loss:4.3202 train_time:100925ms step_avg:274.25ms
step:379/500 train_loss:4.3701 train_time:101195ms step_avg:274.24ms
step:380/500 train_loss:4.4481 train_time:101727ms step_avg:274.94ms
step:381/500 train_loss:4.4725 train_time:101993ms step_avg:274.91ms
step:382/500 train_loss:4.4235 train_time:102262ms step_avg:274.90ms
step:383/500 train_loss:4.4006 train_time:102530ms step_avg:274.88ms
step:384/500 train_loss:4.2993 train_time:102809ms step_avg:274.89ms
step:385/500 train_loss:4.4029 train_time:103081ms step_avg:274.88ms
step:386/500 train_loss:4.3163 train_time:103349ms step_avg:274.86ms
step:387/500 train_loss:4.4433 train_time:103617ms step_avg:274.85ms
step:388/500 train_loss:4.6440 train_time:103892ms step_avg:274.85ms
step:389/500 train_loss:4.3399 train_time:104167ms step_avg:274.85ms
step:390/500 train_loss:4.2986 train_time:104437ms step_avg:274.84ms
step:391/500 train_loss:4.4246 train_time:104706ms step_avg:274.82ms
step:392/500 train_loss:4.3525 train_time:104980ms step_avg:274.82ms
step:393/500 train_loss:4.4509 train_time:105252ms step_avg:274.81ms
step:394/500 train_loss:4.2801 train_time:105522ms step_avg:274.80ms
step:395/500 train_loss:4.4096 train_time:105790ms step_avg:274.78ms
step:396/500 train_loss:4.1992 train_time:106066ms step_avg:274.78ms
step:397/500 train_loss:4.3585 train_time:106338ms step_avg:274.78ms
step:398/500 train_loss:4.4512 train_time:106610ms step_avg:274.77ms
step:399/500 train_loss:4.4026 train_time:106882ms step_avg:274.76ms
step:400/500 train_loss:4.3214 train_time:107153ms step_avg:274.75ms
step:401/500 train_loss:4.3934 train_time:107425ms step_avg:274.74ms w_mean:1.000 w_std:0.150 w_min:0.915 w_max:1.486
step:402/500 train_loss:4.4226 train_time:107696ms step_avg:274.73ms
step:403/500 train_loss:4.3912 train_time:107966ms step_avg:274.72ms
step:404/500 train_loss:4.4862 train_time:108241ms step_avg:274.72ms
step:405/500 train_loss:4.2698 train_time:108510ms step_avg:274.71ms
step:406/500 train_loss:4.3169 train_time:108781ms step_avg:274.70ms
step:407/500 train_loss:4.5838 train_time:109050ms step_avg:274.68ms
step:408/500 train_loss:4.3551 train_time:109323ms step_avg:274.68ms
step:409/500 train_loss:4.3495 train_time:109595ms step_avg:274.67ms
step:410/500 train_loss:4.3969 train_time:109867ms step_avg:274.67ms
step:411/500 train_loss:4.2795 train_time:110140ms step_avg:274.66ms
step:412/500 train_loss:4.2965 train_time:110409ms step_avg:274.65ms
step:413/500 train_loss:4.7194 train_time:110685ms step_avg:274.65ms
step:414/500 train_loss:4.1718 train_time:110956ms step_avg:274.64ms
step:415/500 train_loss:4.5273 train_time:111227ms step_avg:274.64ms
step:416/500 train_loss:4.3066 train_time:111500ms step_avg:274.63ms
step:417/500 train_loss:4.2984 train_time:111771ms step_avg:274.62ms
step:418/500 train_loss:4.4792 train_time:112045ms step_avg:274.62ms
step:419/500 train_loss:4.2175 train_time:112315ms step_avg:274.61ms
step:420/500 train_loss:4.3137 train_time:112588ms step_avg:274.61ms
step:421/500 train_loss:4.2906 train_time:112862ms step_avg:274.60ms
step:422/500 train_loss:4.1731 train_time:113132ms step_avg:274.59ms
step:423/500 train_loss:4.2785 train_time:113406ms step_avg:274.59ms
step:424/500 train_loss:4.3921 train_time:113677ms step_avg:274.58ms
step:425/500 train_loss:4.2011 train_time:113950ms step_avg:274.58ms
step:426/500 train_loss:4.3566 train_time:114220ms step_avg:274.57ms
step:427/500 train_loss:4.2403 train_time:114490ms step_avg:274.56ms
step:428/500 train_loss:4.4096 train_time:114763ms step_avg:274.55ms
step:429/500 train_loss:4.3718 train_time:115037ms step_avg:274.55ms
step:430/500 train_loss:4.2830 train_time:115309ms step_avg:274.54ms
step:431/500 train_loss:4.2599 train_time:115579ms step_avg:274.54ms
step:432/500 train_loss:4.2159 train_time:115850ms step_avg:274.53ms
step:433/500 train_loss:4.2918 train_time:116124ms step_avg:274.52ms
step:434/500 train_loss:4.3647 train_time:116394ms step_avg:274.51ms
step:435/500 train_loss:4.2996 train_time:116667ms step_avg:274.51ms
step:436/500 train_loss:4.3440 train_time:116942ms step_avg:274.51ms
step:437/500 train_loss:4.3567 train_time:117210ms step_avg:274.50ms
step:438/500 train_loss:4.2439 train_time:117482ms step_avg:274.49ms
step:439/500 train_loss:4.2586 train_time:117755ms step_avg:274.49ms
step:440/500 train_loss:4.2246 train_time:118027ms step_avg:274.48ms
step:441/500 train_loss:4.4068 train_time:118299ms step_avg:274.48ms
step:442/500 train_loss:4.3132 train_time:118571ms step_avg:274.47ms
step:443/500 train_loss:4.2872 train_time:118845ms step_avg:274.47ms
step:444/500 train_loss:4.1800 train_time:119115ms step_avg:274.46ms
step:445/500 train_loss:4.4364 train_time:119386ms step_avg:274.45ms
step:446/500 train_loss:4.3584 train_time:119659ms step_avg:274.45ms
step:447/500 train_loss:4.3599 train_time:119929ms step_avg:274.44ms
step:448/500 train_loss:4.2782 train_time:120204ms step_avg:274.44ms
step:449/500 train_loss:4.3590 train_time:120477ms step_avg:274.43ms
step:450/500 train_loss:4.1975 train_time:120749ms step_avg:274.43ms
step:451/500 train_loss:4.2437 train_time:121018ms step_avg:274.42ms w_mean:1.000 w_std:0.152 w_min:0.913 w_max:1.484
step:452/500 train_loss:4.1278 train_time:121291ms step_avg:274.41ms
step:453/500 train_loss:4.2316 train_time:121562ms step_avg:274.41ms
step:454/500 train_loss:4.2058 train_time:121835ms step_avg:274.40ms
step:455/500 train_loss:4.1799 train_time:122105ms step_avg:274.39ms
step:456/500 train_loss:4.3911 train_time:122378ms step_avg:274.39ms
step:457/500 train_loss:4.2417 train_time:122650ms step_avg:274.39ms
step:458/500 train_loss:4.3337 train_time:122923ms step_avg:274.38ms
step:459/500 train_loss:4.3676 train_time:123191ms step_avg:274.37ms
step:460/500 train_loss:4.1693 train_time:123465ms step_avg:274.37ms
step:461/500 train_loss:4.3405 train_time:123738ms step_avg:274.36ms
step:462/500 train_loss:4.2485 train_time:124009ms step_avg:274.36ms
step:463/500 train_loss:4.2280 train_time:124284ms step_avg:274.36ms
step:464/500 train_loss:4.3132 train_time:124556ms step_avg:274.35ms
step:465/500 train_loss:4.2505 train_time:124828ms step_avg:274.35ms
step:466/500 train_loss:4.2500 train_time:125098ms step_avg:274.34ms
step:467/500 train_loss:4.3785 train_time:125370ms step_avg:274.33ms
step:468/500 train_loss:4.3878 train_time:125645ms step_avg:274.33ms
step:469/500 train_loss:4.3448 train_time:125917ms step_avg:274.33ms
step:470/500 train_loss:4.2546 train_time:126188ms step_avg:274.32ms
step:471/500 train_loss:4.3410 train_time:126461ms step_avg:274.32ms
step:472/500 train_loss:4.3854 train_time:126730ms step_avg:274.31ms
step:473/500 train_loss:4.2898 train_time:127006ms step_avg:274.31ms
step:474/500 train_loss:4.2690 train_time:127278ms step_avg:274.31ms
step:475/500 train_loss:4.1410 train_time:127551ms step_avg:274.30ms
step:476/500 train_loss:4.5656 train_time:127821ms step_avg:274.29ms
step:477/500 train_loss:4.3210 train_time:128092ms step_avg:274.29ms
step:478/500 train_loss:4.1309 train_time:128364ms step_avg:274.28ms
step:479/500 train_loss:4.3248 train_time:128637ms step_avg:274.28ms
step:480/500 train_loss:4.3093 train_time:128909ms step_avg:274.27ms
step:481/500 train_loss:4.4297 train_time:129182ms step_avg:274.27ms
step:482/500 train_loss:4.2650 train_time:129456ms step_avg:274.27ms
step:483/500 train_loss:4.0862 train_time:129727ms step_avg:274.26ms
step:484/500 train_loss:4.3554 train_time:129998ms step_avg:274.26ms
step:485/500 train_loss:4.2069 train_time:130270ms step_avg:274.25ms
step:486/500 train_loss:4.2312 train_time:130546ms step_avg:274.26ms
step:487/500 train_loss:4.1753 train_time:130816ms step_avg:274.25ms
step:488/500 train_loss:4.1993 train_time:131089ms step_avg:274.24ms
step:489/500 train_loss:4.4103 train_time:131363ms step_avg:274.24ms
step:490/500 train_loss:4.2669 train_time:131635ms step_avg:274.24ms
step:491/500 train_loss:4.1683 train_time:131906ms step_avg:274.23ms
step:492/500 train_loss:4.1729 train_time:132177ms step_avg:274.23ms
step:493/500 train_loss:4.2885 train_time:132451ms step_avg:274.23ms
step:494/500 train_loss:4.1337 train_time:132724ms step_avg:274.22ms
step:495/500 train_loss:4.2803 train_time:132996ms step_avg:274.22ms
step:496/500 train_loss:4.1957 train_time:133270ms step_avg:274.22ms
step:497/500 train_loss:4.1438 train_time:133545ms step_avg:274.22ms
step:498/500 train_loss:4.2890 train_time:133816ms step_avg:274.21ms
step:499/500 train_loss:4.3724 train_time:134088ms step_avg:274.21ms
step:500/500 train_loss:4.4201 train_time:134360ms step_avg:274.21ms
step:500/500 val_loss:4.2714 train_time:134362ms step_avg:274.21ms
peak memory consumption: 30603 MiB
