Command: torchrun --nproc_per_node=8 train_tw.py --seed=123 --num_iterations=500 --val_loss_every=125 --tw_enabled --tw_function=focal --tw_clamp_min=0.4 --tw_clamp_max=2.0 --tw_schedule=constant --tw_warmup_steps=1000 --tw_anneal_final=0.3 --tw_cyclical_period=500 --tw_focal_gamma=2.0 --tw_log_every=50 --tw_log_weights
Started: 2025-12-09T22:59:11.934298
============================================================

W1209 22:59:13.121000 82162 torch/distributed/run.py:774] 
W1209 22:59:13.121000 82162 torch/distributed/run.py:774] *****************************************
W1209 22:59:13.121000 82162 torch/distributed/run.py:774] Setting OMP_NUM_THREADS environment variable for each process to be 1 in default, to avoid your system being overloaded, please further tune the variable for optimal performance in your application as needed. 
W1209 22:59:13.121000 82162 torch/distributed/run.py:774] *****************************************
/root/ese-3060-project/tw_nano_experiments/train_tw.py/root/ese-3060-project/tw_nano_experiments/train_tw.py:218: SyntaxWarning: invalid escape sequence '\s'
:218: SyntaxWarning: invalid escape sequence '\s'
    """
"""
/root/ese-3060-project/tw_nano_experiments/train_tw.py:218: SyntaxWarning: invalid escape sequence '\s'
  """
/root/ese-3060-project/tw_nano_experiments/train_tw.py/root/ese-3060-project/tw_nano_experiments/train_tw.py:218: SyntaxWarning: invalid escape sequence '\s'
:218: SyntaxWarning: invalid escape sequence '\s'
    """
"""
/root/ese-3060-project/tw_nano_experiments/train_tw.py:218: SyntaxWarning: invalid escape sequence '\s'
  """
/root/ese-3060-project/tw_nano_experiments/train_tw.py:218: SyntaxWarning: invalid escape sequence '\s'
  """
/root/ese-3060-project/tw_nano_experiments/train_tw.py:218: SyntaxWarning: invalid escape sequence '\s'
  """
using device: cuda:5
using device: cuda:6
using device: cuda:3
using device: cuda:4
using device: cuda:2
using device: cuda:7
using device: cuda:0
Random seed set to 123 (deterministic=False)
using device: cuda:1
Training DataLoader: total number of tokens: 900000000 across 9 files
Validation DataLoader: total number of tokens: 100000000 across 1 files
Token Weighting: ENABLED
  function=focal, clamp=[0.4, 2.0], schedule=constant
step:0/500 val_loss:16.0073 train_time:261ms step_avg:nanms
step:1/500 train_loss:15.9981 train_time:59539ms step_avg:nanms w_mean:1.000 w_std:0.081 w_min:0.533 w_max:1.332
step:2/500 train_loss:9.3712 train_time:59806ms step_avg:nanms
step:3/500 train_loss:8.9661 train_time:60074ms step_avg:nanms
step:4/500 train_loss:8.6866 train_time:60340ms step_avg:nanms
step:5/500 train_loss:8.1149 train_time:60618ms step_avg:nanms
step:6/500 train_loss:7.7497 train_time:60888ms step_avg:nanms
step:7/500 train_loss:7.3114 train_time:61157ms step_avg:nanms
step:8/500 train_loss:7.4822 train_time:61425ms step_avg:nanms
step:9/500 train_loss:7.2682 train_time:61696ms step_avg:nanms
step:10/500 train_loss:7.0518 train_time:61967ms step_avg:nanms
step:11/500 train_loss:7.0459 train_time:269ms step_avg:nanms
step:12/500 train_loss:7.0229 train_time:547ms step_avg:nanms
step:13/500 train_loss:6.8251 train_time:827ms step_avg:275.79ms
step:14/500 train_loss:6.8300 train_time:1107ms step_avg:276.80ms
step:15/500 train_loss:6.7936 train_time:1387ms step_avg:277.33ms
step:16/500 train_loss:6.7164 train_time:1667ms step_avg:277.78ms
step:17/500 train_loss:6.7190 train_time:1953ms step_avg:278.98ms
step:18/500 train_loss:6.7428 train_time:2233ms step_avg:279.12ms
step:19/500 train_loss:6.5663 train_time:2504ms step_avg:278.17ms
step:20/500 train_loss:6.5792 train_time:2771ms step_avg:277.05ms
step:21/500 train_loss:6.2449 train_time:3046ms step_avg:276.94ms
step:22/500 train_loss:6.6294 train_time:3313ms step_avg:276.11ms
step:23/500 train_loss:6.8740 train_time:3586ms step_avg:275.85ms
step:24/500 train_loss:6.5086 train_time:3856ms step_avg:275.40ms
step:25/500 train_loss:6.6207 train_time:4129ms step_avg:275.26ms
step:26/500 train_loss:6.3546 train_time:4398ms step_avg:274.87ms
step:27/500 train_loss:6.2652 train_time:4667ms step_avg:274.56ms
step:28/500 train_loss:6.4368 train_time:4940ms step_avg:274.43ms
step:29/500 train_loss:6.0952 train_time:5210ms step_avg:274.19ms
step:30/500 train_loss:6.3765 train_time:5481ms step_avg:274.06ms
step:31/500 train_loss:6.2225 train_time:5753ms step_avg:273.96ms
step:32/500 train_loss:6.1880 train_time:6021ms step_avg:273.67ms
step:33/500 train_loss:5.9999 train_time:6293ms step_avg:273.60ms
step:34/500 train_loss:6.3426 train_time:6561ms step_avg:273.39ms
step:35/500 train_loss:6.2496 train_time:6832ms step_avg:273.30ms
step:36/500 train_loss:6.4091 train_time:7101ms step_avg:273.12ms
step:37/500 train_loss:6.3343 train_time:7370ms step_avg:272.97ms
step:38/500 train_loss:6.2210 train_time:7639ms step_avg:272.82ms
step:39/500 train_loss:6.1116 train_time:7912ms step_avg:272.84ms
step:40/500 train_loss:6.1683 train_time:8185ms step_avg:272.82ms
step:41/500 train_loss:6.0709 train_time:8455ms step_avg:272.75ms
step:42/500 train_loss:6.1094 train_time:8725ms step_avg:272.64ms
step:43/500 train_loss:5.9752 train_time:8998ms step_avg:272.68ms
step:44/500 train_loss:6.0636 train_time:9270ms step_avg:272.65ms
step:45/500 train_loss:6.0519 train_time:9544ms step_avg:272.69ms
step:46/500 train_loss:6.2382 train_time:9815ms step_avg:272.64ms
step:47/500 train_loss:6.0366 train_time:10088ms step_avg:272.65ms
step:48/500 train_loss:5.8804 train_time:10358ms step_avg:272.57ms
step:49/500 train_loss:6.1276 train_time:10631ms step_avg:272.60ms
step:50/500 train_loss:5.9939 train_time:10900ms step_avg:272.50ms
step:51/500 train_loss:6.1477 train_time:11171ms step_avg:272.46ms w_mean:1.000 w_std:0.067 w_min:0.987 w_max:2.467
step:52/500 train_loss:6.0106 train_time:11441ms step_avg:272.41ms
step:53/500 train_loss:5.8602 train_time:11714ms step_avg:272.42ms
step:54/500 train_loss:5.9882 train_time:11985ms step_avg:272.38ms
step:55/500 train_loss:5.9066 train_time:12255ms step_avg:272.33ms
step:56/500 train_loss:6.2131 train_time:12525ms step_avg:272.28ms
step:57/500 train_loss:5.9016 train_time:12797ms step_avg:272.28ms
step:58/500 train_loss:5.7823 train_time:13069ms step_avg:272.27ms
step:59/500 train_loss:5.9396 train_time:13338ms step_avg:272.20ms
step:60/500 train_loss:5.8807 train_time:13610ms step_avg:272.19ms
step:61/500 train_loss:5.9695 train_time:13882ms step_avg:272.20ms
step:62/500 train_loss:5.7664 train_time:14152ms step_avg:272.16ms
step:63/500 train_loss:5.8704 train_time:14423ms step_avg:272.13ms
step:64/500 train_loss:5.8323 train_time:14695ms step_avg:272.14ms
step:65/500 train_loss:5.7537 train_time:14966ms step_avg:272.11ms
step:66/500 train_loss:5.6621 train_time:15237ms step_avg:272.09ms
step:67/500 train_loss:5.8347 train_time:15508ms step_avg:272.08ms
step:68/500 train_loss:5.6975 train_time:15781ms step_avg:272.09ms
step:69/500 train_loss:5.9391 train_time:16054ms step_avg:272.10ms
step:70/500 train_loss:5.6122 train_time:16324ms step_avg:272.07ms
step:71/500 train_loss:5.6364 train_time:16598ms step_avg:272.09ms
step:72/500 train_loss:5.8450 train_time:16867ms step_avg:272.06ms
step:73/500 train_loss:5.7817 train_time:17141ms step_avg:272.08ms
step:74/500 train_loss:5.6751 train_time:17418ms step_avg:272.15ms
step:75/500 train_loss:5.7839 train_time:17693ms step_avg:272.21ms
step:76/500 train_loss:5.7454 train_time:17962ms step_avg:272.15ms
step:77/500 train_loss:5.7129 train_time:18235ms step_avg:272.16ms
step:78/500 train_loss:5.8011 train_time:18508ms step_avg:272.18ms
step:79/500 train_loss:5.8251 train_time:18781ms step_avg:272.18ms
step:80/500 train_loss:5.6802 train_time:19053ms step_avg:272.18ms
step:81/500 train_loss:5.7744 train_time:19326ms step_avg:272.19ms
step:82/500 train_loss:5.5354 train_time:19600ms step_avg:272.22ms
step:83/500 train_loss:5.7102 train_time:19870ms step_avg:272.19ms
step:84/500 train_loss:5.6772 train_time:20142ms step_avg:272.19ms
step:85/500 train_loss:5.6357 train_time:20414ms step_avg:272.19ms
step:86/500 train_loss:5.5055 train_time:20688ms step_avg:272.21ms
step:87/500 train_loss:5.7158 train_time:20956ms step_avg:272.15ms
step:88/500 train_loss:5.6184 train_time:21230ms step_avg:272.18ms
step:89/500 train_loss:5.6842 train_time:21501ms step_avg:272.16ms
step:90/500 train_loss:5.6592 train_time:21774ms step_avg:272.17ms
step:91/500 train_loss:5.5690 train_time:22043ms step_avg:272.14ms
step:92/500 train_loss:5.5775 train_time:22317ms step_avg:272.16ms
step:93/500 train_loss:5.6801 train_time:22591ms step_avg:272.19ms
step:94/500 train_loss:5.5265 train_time:22861ms step_avg:272.16ms
step:95/500 train_loss:5.5148 train_time:23135ms step_avg:272.18ms
step:96/500 train_loss:5.5384 train_time:23408ms step_avg:272.19ms
step:97/500 train_loss:5.4516 train_time:23679ms step_avg:272.18ms
step:98/500 train_loss:5.5284 train_time:23954ms step_avg:272.20ms
step:99/500 train_loss:5.4466 train_time:24226ms step_avg:272.21ms
step:100/500 train_loss:5.5729 train_time:24501ms step_avg:272.23ms
step:101/500 train_loss:5.5332 train_time:24772ms step_avg:272.22ms w_mean:1.000 w_std:0.061 w_min:0.990 w_max:2.474
step:102/500 train_loss:5.4313 train_time:25041ms step_avg:272.18ms
step:103/500 train_loss:5.5380 train_time:25314ms step_avg:272.19ms
step:104/500 train_loss:5.4991 train_time:25588ms step_avg:272.21ms
step:105/500 train_loss:5.3334 train_time:25859ms step_avg:272.20ms
step:106/500 train_loss:5.4440 train_time:26134ms step_avg:272.23ms
step:107/500 train_loss:5.6379 train_time:26405ms step_avg:272.22ms
step:108/500 train_loss:5.4288 train_time:26676ms step_avg:272.21ms
step:109/500 train_loss:5.1918 train_time:26952ms step_avg:272.24ms
step:110/500 train_loss:5.3944 train_time:27225ms step_avg:272.25ms
step:111/500 train_loss:5.3605 train_time:27497ms step_avg:272.25ms
step:112/500 train_loss:5.3393 train_time:27769ms step_avg:272.24ms
step:113/500 train_loss:5.4404 train_time:28039ms step_avg:272.22ms
step:114/500 train_loss:5.3723 train_time:28314ms step_avg:272.25ms
step:115/500 train_loss:5.2256 train_time:28586ms step_avg:272.25ms
step:116/500 train_loss:5.3967 train_time:28856ms step_avg:272.23ms
step:117/500 train_loss:5.2580 train_time:29128ms step_avg:272.23ms
step:118/500 train_loss:5.2488 train_time:29406ms step_avg:272.27ms
step:119/500 train_loss:5.3750 train_time:29676ms step_avg:272.25ms
step:120/500 train_loss:5.3528 train_time:29947ms step_avg:272.25ms
step:121/500 train_loss:5.2851 train_time:30221ms step_avg:272.27ms
step:122/500 train_loss:5.1776 train_time:30497ms step_avg:272.30ms
step:123/500 train_loss:5.2706 train_time:30768ms step_avg:272.28ms
step:124/500 train_loss:5.1421 train_time:31039ms step_avg:272.27ms
step:125/500 train_loss:5.4362 train_time:31316ms step_avg:272.31ms
step:125/500 val_loss:5.2649 train_time:31317ms step_avg:272.32ms
step:126/500 train_loss:5.2873 train_time:31589ms step_avg:272.32ms
step:127/500 train_loss:5.2634 train_time:31869ms step_avg:272.39ms
step:128/500 train_loss:5.3262 train_time:32144ms step_avg:272.40ms
step:129/500 train_loss:5.1879 train_time:32410ms step_avg:272.36ms
step:130/500 train_loss:5.4613 train_time:32682ms step_avg:272.35ms
step:131/500 train_loss:5.2468 train_time:32960ms step_avg:272.40ms
step:132/500 train_loss:5.2416 train_time:33235ms step_avg:272.42ms
step:133/500 train_loss:5.1931 train_time:33506ms step_avg:272.41ms
step:134/500 train_loss:5.2298 train_time:33779ms step_avg:272.41ms
step:135/500 train_loss:5.1611 train_time:34051ms step_avg:272.41ms
step:136/500 train_loss:5.2305 train_time:34324ms step_avg:272.41ms
step:137/500 train_loss:5.0321 train_time:34596ms step_avg:272.41ms
step:138/500 train_loss:5.1933 train_time:34868ms step_avg:272.41ms
step:139/500 train_loss:5.1488 train_time:35141ms step_avg:272.41ms
step:140/500 train_loss:5.1602 train_time:35410ms step_avg:272.39ms
step:141/500 train_loss:5.2100 train_time:35686ms step_avg:272.41ms
step:142/500 train_loss:5.1122 train_time:35959ms step_avg:272.42ms
step:143/500 train_loss:5.1909 train_time:36229ms step_avg:272.40ms
step:144/500 train_loss:5.0012 train_time:36502ms step_avg:272.40ms
step:145/500 train_loss:5.1562 train_time:36777ms step_avg:272.42ms
step:146/500 train_loss:5.1052 train_time:37049ms step_avg:272.42ms
step:147/500 train_loss:5.0105 train_time:37324ms step_avg:272.43ms
step:148/500 train_loss:5.1298 train_time:37598ms step_avg:272.45ms
step:149/500 train_loss:5.1055 train_time:37870ms step_avg:272.45ms
step:150/500 train_loss:5.1614 train_time:38142ms step_avg:272.44ms
step:151/500 train_loss:5.1786 train_time:38412ms step_avg:272.42ms w_mean:1.000 w_std:0.065 w_min:0.989 w_max:2.473
step:152/500 train_loss:5.0959 train_time:38688ms step_avg:272.45ms
step:153/500 train_loss:5.0763 train_time:38964ms step_avg:272.48ms
step:154/500 train_loss:5.1514 train_time:39234ms step_avg:272.46ms
step:155/500 train_loss:5.0892 train_time:39507ms step_avg:272.46ms
step:156/500 train_loss:5.0735 train_time:39781ms step_avg:272.47ms
step:157/500 train_loss:5.0856 train_time:40052ms step_avg:272.46ms
step:158/500 train_loss:5.2093 train_time:40325ms step_avg:272.47ms
step:159/500 train_loss:4.9954 train_time:40599ms step_avg:272.47ms
step:160/500 train_loss:5.0523 train_time:40871ms step_avg:272.47ms
step:161/500 train_loss:4.9162 train_time:41142ms step_avg:272.46ms
step:162/500 train_loss:5.0621 train_time:41413ms step_avg:272.45ms
step:163/500 train_loss:5.0988 train_time:41686ms step_avg:272.46ms
step:164/500 train_loss:5.0877 train_time:41959ms step_avg:272.46ms
step:165/500 train_loss:4.9110 train_time:42229ms step_avg:272.45ms
step:166/500 train_loss:5.0325 train_time:42504ms step_avg:272.46ms
step:167/500 train_loss:5.1861 train_time:42779ms step_avg:272.48ms
step:168/500 train_loss:4.9625 train_time:43050ms step_avg:272.47ms
step:169/500 train_loss:5.0431 train_time:43323ms step_avg:272.47ms
step:170/500 train_loss:4.9115 train_time:43598ms step_avg:272.49ms
step:171/500 train_loss:4.8522 train_time:43871ms step_avg:272.49ms
step:172/500 train_loss:4.9599 train_time:44143ms step_avg:272.49ms
step:173/500 train_loss:4.9378 train_time:44413ms step_avg:272.47ms
step:174/500 train_loss:4.9879 train_time:44686ms step_avg:272.48ms
step:175/500 train_loss:5.1318 train_time:44960ms step_avg:272.49ms
step:176/500 train_loss:5.0124 train_time:45229ms step_avg:272.46ms
step:177/500 train_loss:4.8497 train_time:45503ms step_avg:272.48ms
step:178/500 train_loss:4.8339 train_time:45778ms step_avg:272.49ms
step:179/500 train_loss:4.8724 train_time:46049ms step_avg:272.48ms
step:180/500 train_loss:4.9173 train_time:46324ms step_avg:272.49ms
step:181/500 train_loss:4.9016 train_time:46594ms step_avg:272.48ms
step:182/500 train_loss:5.0142 train_time:46868ms step_avg:272.49ms
step:183/500 train_loss:4.9052 train_time:47140ms step_avg:272.48ms
step:184/500 train_loss:4.8305 train_time:47410ms step_avg:272.47ms
step:185/500 train_loss:4.8578 train_time:47685ms step_avg:272.49ms
step:186/500 train_loss:4.9840 train_time:47960ms step_avg:272.50ms
step:187/500 train_loss:4.8694 train_time:48232ms step_avg:272.49ms
step:188/500 train_loss:5.1097 train_time:48506ms step_avg:272.51ms
step:189/500 train_loss:4.9022 train_time:49044ms step_avg:273.99ms
step:190/500 train_loss:4.8223 train_time:49596ms step_avg:275.53ms
step:191/500 train_loss:4.9810 train_time:49865ms step_avg:275.50ms
step:192/500 train_loss:4.8191 train_time:50134ms step_avg:275.46ms
step:193/500 train_loss:4.7428 train_time:50406ms step_avg:275.44ms
step:194/500 train_loss:4.9414 train_time:50680ms step_avg:275.44ms
step:195/500 train_loss:4.8817 train_time:50951ms step_avg:275.41ms
step:196/500 train_loss:5.0647 train_time:51223ms step_avg:275.39ms
step:197/500 train_loss:4.9599 train_time:51492ms step_avg:275.36ms
step:198/500 train_loss:4.7953 train_time:51768ms step_avg:275.36ms
step:199/500 train_loss:4.8397 train_time:52039ms step_avg:275.34ms
step:200/500 train_loss:4.7332 train_time:52309ms step_avg:275.31ms
step:201/500 train_loss:4.8191 train_time:52581ms step_avg:275.29ms w_mean:1.000 w_std:0.052 w_min:0.993 w_max:2.483
step:202/500 train_loss:4.7391 train_time:52851ms step_avg:275.27ms
step:203/500 train_loss:4.9644 train_time:53127ms step_avg:275.27ms
step:204/500 train_loss:4.8702 train_time:53397ms step_avg:275.24ms
step:205/500 train_loss:4.8344 train_time:53670ms step_avg:275.23ms
step:206/500 train_loss:4.9901 train_time:53942ms step_avg:275.21ms
step:207/500 train_loss:4.6684 train_time:54212ms step_avg:275.19ms
step:208/500 train_loss:4.8142 train_time:54487ms step_avg:275.19ms
step:209/500 train_loss:4.7654 train_time:54761ms step_avg:275.18ms
step:210/500 train_loss:4.9343 train_time:55028ms step_avg:275.14ms
step:211/500 train_loss:4.8549 train_time:55303ms step_avg:275.14ms
step:212/500 train_loss:4.7485 train_time:55577ms step_avg:275.13ms
step:213/500 train_loss:4.8842 train_time:55849ms step_avg:275.12ms
step:214/500 train_loss:4.7176 train_time:56120ms step_avg:275.10ms
step:215/500 train_loss:4.8104 train_time:56391ms step_avg:275.08ms
step:216/500 train_loss:4.6603 train_time:56667ms step_avg:275.08ms
step:217/500 train_loss:4.7821 train_time:56936ms step_avg:275.06ms
step:218/500 train_loss:4.7640 train_time:57208ms step_avg:275.04ms
step:219/500 train_loss:4.7393 train_time:57485ms step_avg:275.05ms
step:220/500 train_loss:4.7545 train_time:57759ms step_avg:275.04ms
step:221/500 train_loss:4.7794 train_time:58029ms step_avg:275.02ms
step:222/500 train_loss:4.8139 train_time:58303ms step_avg:275.01ms
step:223/500 train_loss:4.7539 train_time:58577ms step_avg:275.01ms
step:224/500 train_loss:4.7621 train_time:58850ms step_avg:275.00ms
step:225/500 train_loss:4.8811 train_time:59122ms step_avg:274.98ms
step:226/500 train_loss:4.6219 train_time:59391ms step_avg:274.96ms
step:227/500 train_loss:4.6571 train_time:59668ms step_avg:274.97ms
step:228/500 train_loss:4.6506 train_time:59937ms step_avg:274.94ms
step:229/500 train_loss:4.8100 train_time:60211ms step_avg:274.93ms
step:230/500 train_loss:4.6426 train_time:60483ms step_avg:274.92ms
step:231/500 train_loss:4.7959 train_time:60756ms step_avg:274.91ms
step:232/500 train_loss:4.6558 train_time:61027ms step_avg:274.90ms
step:233/500 train_loss:4.6167 train_time:61299ms step_avg:274.88ms
step:234/500 train_loss:4.8242 train_time:61571ms step_avg:274.87ms
step:235/500 train_loss:4.6588 train_time:61843ms step_avg:274.86ms
step:236/500 train_loss:4.6005 train_time:62117ms step_avg:274.85ms
step:237/500 train_loss:4.8505 train_time:62390ms step_avg:274.85ms
step:238/500 train_loss:4.7284 train_time:62666ms step_avg:274.85ms
step:239/500 train_loss:4.6414 train_time:62935ms step_avg:274.83ms
step:240/500 train_loss:4.7831 train_time:63209ms step_avg:274.82ms
step:241/500 train_loss:4.7639 train_time:63485ms step_avg:274.83ms
step:242/500 train_loss:4.6755 train_time:63759ms step_avg:274.82ms
step:243/500 train_loss:4.8286 train_time:64029ms step_avg:274.80ms
step:244/500 train_loss:4.6658 train_time:64302ms step_avg:274.80ms
step:245/500 train_loss:4.6717 train_time:64575ms step_avg:274.79ms
step:246/500 train_loss:4.7464 train_time:64846ms step_avg:274.77ms
step:247/500 train_loss:4.7011 train_time:65117ms step_avg:274.76ms
step:248/500 train_loss:4.6585 train_time:65391ms step_avg:274.75ms
step:249/500 train_loss:4.8208 train_time:65666ms step_avg:274.75ms
step:250/500 train_loss:4.5639 train_time:65937ms step_avg:274.74ms
step:250/500 val_loss:4.6684 train_time:65938ms step_avg:274.74ms
step:251/500 train_loss:4.6080 train_time:66214ms step_avg:274.75ms w_mean:1.000 w_std:0.066 w_min:0.990 w_max:2.475
step:252/500 train_loss:4.7368 train_time:66494ms step_avg:274.77ms
step:253/500 train_loss:4.7275 train_time:66768ms step_avg:274.77ms
step:254/500 train_loss:4.6029 train_time:67039ms step_avg:274.75ms
step:255/500 train_loss:4.6285 train_time:67308ms step_avg:274.73ms
step:256/500 train_loss:4.7590 train_time:67588ms step_avg:274.75ms
step:257/500 train_loss:4.7017 train_time:67864ms step_avg:274.75ms
step:258/500 train_loss:4.6739 train_time:68134ms step_avg:274.73ms
step:259/500 train_loss:4.6053 train_time:68406ms step_avg:274.72ms
step:260/500 train_loss:4.6177 train_time:68681ms step_avg:274.72ms
step:261/500 train_loss:4.6916 train_time:68953ms step_avg:274.71ms
step:262/500 train_loss:4.6961 train_time:69227ms step_avg:274.71ms
step:263/500 train_loss:4.6056 train_time:69497ms step_avg:274.69ms
step:264/500 train_loss:4.5480 train_time:69772ms step_avg:274.69ms
step:265/500 train_loss:4.6094 train_time:70047ms step_avg:274.69ms
step:266/500 train_loss:4.4599 train_time:70318ms step_avg:274.68ms
step:267/500 train_loss:4.5205 train_time:70590ms step_avg:274.67ms
step:268/500 train_loss:4.5636 train_time:70868ms step_avg:274.68ms
step:269/500 train_loss:4.5181 train_time:71141ms step_avg:274.68ms
step:270/500 train_loss:4.4870 train_time:71409ms step_avg:274.65ms
step:271/500 train_loss:4.7073 train_time:71685ms step_avg:274.65ms
step:272/500 train_loss:4.6467 train_time:71960ms step_avg:274.66ms
step:273/500 train_loss:4.5028 train_time:72229ms step_avg:274.64ms
step:274/500 train_loss:4.5484 train_time:72503ms step_avg:274.63ms
step:275/500 train_loss:4.6712 train_time:72777ms step_avg:274.63ms
step:276/500 train_loss:4.6784 train_time:73051ms step_avg:274.63ms
step:277/500 train_loss:4.8804 train_time:73322ms step_avg:274.61ms
step:278/500 train_loss:4.6236 train_time:73591ms step_avg:274.59ms
step:279/500 train_loss:4.7597 train_time:73866ms step_avg:274.60ms
step:280/500 train_loss:4.6079 train_time:74140ms step_avg:274.59ms
step:281/500 train_loss:4.6664 train_time:74409ms step_avg:274.57ms
step:282/500 train_loss:4.5656 train_time:74686ms step_avg:274.58ms
step:283/500 train_loss:4.6830 train_time:74960ms step_avg:274.58ms
step:284/500 train_loss:4.5036 train_time:75230ms step_avg:274.56ms
step:285/500 train_loss:4.6682 train_time:75505ms step_avg:274.56ms
step:286/500 train_loss:4.6523 train_time:75777ms step_avg:274.56ms
step:287/500 train_loss:4.6830 train_time:76052ms step_avg:274.55ms
step:288/500 train_loss:4.5520 train_time:76323ms step_avg:274.54ms
step:289/500 train_loss:4.6125 train_time:76594ms step_avg:274.53ms
step:290/500 train_loss:4.4757 train_time:76870ms step_avg:274.54ms
step:291/500 train_loss:4.4743 train_time:77147ms step_avg:274.54ms
step:292/500 train_loss:4.5986 train_time:77417ms step_avg:274.53ms
step:293/500 train_loss:4.4826 train_time:77688ms step_avg:274.52ms
step:294/500 train_loss:4.5361 train_time:77963ms step_avg:274.52ms
step:295/500 train_loss:4.5567 train_time:78237ms step_avg:274.52ms
step:296/500 train_loss:4.4221 train_time:78508ms step_avg:274.50ms
step:297/500 train_loss:4.4133 train_time:78787ms step_avg:274.52ms
step:298/500 train_loss:4.4391 train_time:79060ms step_avg:274.52ms
step:299/500 train_loss:4.5489 train_time:79329ms step_avg:274.49ms
step:300/500 train_loss:4.4316 train_time:79603ms step_avg:274.49ms
step:301/500 train_loss:4.6086 train_time:79876ms step_avg:274.49ms w_mean:1.000 w_std:0.047 w_min:0.994 w_max:2.485
step:302/500 train_loss:4.5833 train_time:80150ms step_avg:274.49ms
step:303/500 train_loss:4.5076 train_time:80421ms step_avg:274.47ms
step:304/500 train_loss:4.5717 train_time:80692ms step_avg:274.46ms
step:305/500 train_loss:4.5519 train_time:80967ms step_avg:274.46ms
step:306/500 train_loss:5.0201 train_time:81241ms step_avg:274.46ms
step:307/500 train_loss:4.5130 train_time:81510ms step_avg:274.45ms
step:308/500 train_loss:4.4130 train_time:81787ms step_avg:274.45ms
step:309/500 train_loss:4.6029 train_time:82061ms step_avg:274.45ms
step:310/500 train_loss:4.4024 train_time:82332ms step_avg:274.44ms
step:311/500 train_loss:4.6382 train_time:82611ms step_avg:274.46ms
step:312/500 train_loss:4.5473 train_time:82884ms step_avg:274.45ms
step:313/500 train_loss:4.4632 train_time:83156ms step_avg:274.44ms
step:314/500 train_loss:4.5866 train_time:83430ms step_avg:274.44ms
step:315/500 train_loss:4.7199 train_time:83704ms step_avg:274.44ms
step:316/500 train_loss:4.5536 train_time:83977ms step_avg:274.44ms
step:317/500 train_loss:4.4427 train_time:84251ms step_avg:274.43ms
step:318/500 train_loss:4.4577 train_time:84524ms step_avg:274.43ms
step:319/500 train_loss:4.4739 train_time:84799ms step_avg:274.43ms
step:320/500 train_loss:4.4208 train_time:85073ms step_avg:274.43ms
step:321/500 train_loss:4.5149 train_time:85347ms step_avg:274.43ms
step:322/500 train_loss:4.5289 train_time:85620ms step_avg:274.42ms
step:323/500 train_loss:4.4888 train_time:85890ms step_avg:274.41ms
step:324/500 train_loss:4.5602 train_time:86167ms step_avg:274.42ms
step:325/500 train_loss:4.5534 train_time:86444ms step_avg:274.43ms
step:326/500 train_loss:4.6278 train_time:86715ms step_avg:274.41ms
step:327/500 train_loss:4.4785 train_time:86988ms step_avg:274.41ms
step:328/500 train_loss:4.9115 train_time:87263ms step_avg:274.41ms
step:329/500 train_loss:4.6285 train_time:87533ms step_avg:274.40ms
step:330/500 train_loss:4.4169 train_time:87806ms step_avg:274.39ms
step:331/500 train_loss:4.3923 train_time:88078ms step_avg:274.39ms
step:332/500 train_loss:4.5329 train_time:88351ms step_avg:274.38ms
step:333/500 train_loss:4.4520 train_time:88624ms step_avg:274.38ms
step:334/500 train_loss:4.4432 train_time:88894ms step_avg:274.36ms
step:335/500 train_loss:4.3995 train_time:89168ms step_avg:274.36ms
step:336/500 train_loss:4.5979 train_time:89443ms step_avg:274.37ms
step:337/500 train_loss:4.5315 train_time:89714ms step_avg:274.35ms
step:338/500 train_loss:5.0737 train_time:89988ms step_avg:274.35ms
step:339/500 train_loss:4.5053 train_time:90261ms step_avg:274.35ms
step:340/500 train_loss:4.4787 train_time:90529ms step_avg:274.33ms
step:341/500 train_loss:4.4514 train_time:90804ms step_avg:274.33ms
step:342/500 train_loss:4.3965 train_time:91078ms step_avg:274.33ms
step:343/500 train_loss:4.3713 train_time:91352ms step_avg:274.33ms
step:344/500 train_loss:4.4371 train_time:91622ms step_avg:274.32ms
step:345/500 train_loss:4.5295 train_time:91891ms step_avg:274.30ms
step:346/500 train_loss:4.4232 train_time:92167ms step_avg:274.31ms
step:347/500 train_loss:4.3655 train_time:92441ms step_avg:274.31ms
step:348/500 train_loss:4.4230 train_time:92711ms step_avg:274.29ms
step:349/500 train_loss:4.4186 train_time:92986ms step_avg:274.29ms
step:350/500 train_loss:4.3422 train_time:93259ms step_avg:274.29ms
step:351/500 train_loss:4.0288 train_time:93530ms step_avg:274.28ms w_mean:1.000 w_std:0.052 w_min:0.994 w_max:2.485
step:352/500 train_loss:4.3196 train_time:93803ms step_avg:274.28ms
step:353/500 train_loss:4.6665 train_time:94070ms step_avg:274.26ms
step:354/500 train_loss:4.2080 train_time:94347ms step_avg:274.27ms
step:355/500 train_loss:4.4553 train_time:94619ms step_avg:274.26ms
step:356/500 train_loss:4.3609 train_time:94892ms step_avg:274.25ms
step:357/500 train_loss:4.4563 train_time:95164ms step_avg:274.25ms
step:358/500 train_loss:4.4671 train_time:95436ms step_avg:274.24ms
step:359/500 train_loss:4.3684 train_time:95706ms step_avg:274.23ms
step:360/500 train_loss:4.7005 train_time:95979ms step_avg:274.23ms
step:361/500 train_loss:4.1041 train_time:96251ms step_avg:274.22ms
step:362/500 train_loss:4.5866 train_time:96523ms step_avg:274.21ms
step:363/500 train_loss:4.4887 train_time:96792ms step_avg:274.20ms
step:364/500 train_loss:4.3687 train_time:97068ms step_avg:274.20ms
step:365/500 train_loss:4.3048 train_time:97342ms step_avg:274.20ms
step:366/500 train_loss:4.4591 train_time:97612ms step_avg:274.19ms
step:367/500 train_loss:4.3871 train_time:97883ms step_avg:274.18ms
step:368/500 train_loss:4.3732 train_time:98155ms step_avg:274.18ms
step:369/500 train_loss:4.3808 train_time:98427ms step_avg:274.17ms
step:370/500 train_loss:4.2710 train_time:98698ms step_avg:274.16ms
step:371/500 train_loss:4.4220 train_time:98971ms step_avg:274.16ms
step:372/500 train_loss:4.3575 train_time:99246ms step_avg:274.16ms
step:373/500 train_loss:4.2367 train_time:99517ms step_avg:274.15ms
step:374/500 train_loss:4.4279 train_time:99790ms step_avg:274.15ms
step:375/500 train_loss:4.3578 train_time:100065ms step_avg:274.15ms
step:375/500 val_loss:4.3742 train_time:100066ms step_avg:274.15ms
step:376/500 train_loss:4.3553 train_time:100342ms step_avg:274.16ms
step:377/500 train_loss:4.4106 train_time:100621ms step_avg:274.17ms
step:378/500 train_loss:4.3046 train_time:101150ms step_avg:274.86ms
step:379/500 train_loss:4.3583 train_time:101422ms step_avg:274.86ms
step:380/500 train_loss:4.4330 train_time:101960ms step_avg:275.57ms
step:381/500 train_loss:4.4665 train_time:102226ms step_avg:275.54ms
step:382/500 train_loss:4.4084 train_time:102496ms step_avg:275.53ms
step:383/500 train_loss:4.3886 train_time:102764ms step_avg:275.51ms
step:384/500 train_loss:4.2865 train_time:103044ms step_avg:275.52ms
step:385/500 train_loss:4.3906 train_time:103317ms step_avg:275.51ms
step:386/500 train_loss:4.3058 train_time:103586ms step_avg:275.49ms
step:387/500 train_loss:4.4361 train_time:103856ms step_avg:275.48ms
step:388/500 train_loss:4.6299 train_time:104129ms step_avg:275.47ms
step:389/500 train_loss:4.3258 train_time:104402ms step_avg:275.47ms
step:390/500 train_loss:4.2865 train_time:104673ms step_avg:275.46ms
step:391/500 train_loss:4.4145 train_time:104945ms step_avg:275.45ms
step:392/500 train_loss:4.3390 train_time:105220ms step_avg:275.45ms
step:393/500 train_loss:4.4392 train_time:105490ms step_avg:275.43ms
step:394/500 train_loss:4.2652 train_time:105763ms step_avg:275.42ms
step:395/500 train_loss:4.3980 train_time:106035ms step_avg:275.42ms
step:396/500 train_loss:4.1830 train_time:106307ms step_avg:275.41ms
step:397/500 train_loss:4.3435 train_time:106583ms step_avg:275.41ms
step:398/500 train_loss:4.4392 train_time:106854ms step_avg:275.40ms
step:399/500 train_loss:4.3989 train_time:107127ms step_avg:275.39ms
step:400/500 train_loss:4.3059 train_time:107398ms step_avg:275.38ms
step:401/500 train_loss:4.3791 train_time:107670ms step_avg:275.37ms w_mean:1.000 w_std:0.031 w_min:0.998 w_max:2.494
step:402/500 train_loss:4.4103 train_time:107944ms step_avg:275.37ms
step:403/500 train_loss:4.3779 train_time:108219ms step_avg:275.37ms
step:404/500 train_loss:4.4734 train_time:108486ms step_avg:275.35ms
step:405/500 train_loss:4.2587 train_time:108762ms step_avg:275.35ms
step:406/500 train_loss:4.3047 train_time:109035ms step_avg:275.34ms
step:407/500 train_loss:4.5785 train_time:109307ms step_avg:275.33ms
step:408/500 train_loss:4.3421 train_time:109581ms step_avg:275.33ms
step:409/500 train_loss:4.3377 train_time:109851ms step_avg:275.32ms
step:410/500 train_loss:4.3860 train_time:110126ms step_avg:275.32ms
step:411/500 train_loss:4.2704 train_time:110399ms step_avg:275.31ms
step:412/500 train_loss:4.2886 train_time:110669ms step_avg:275.29ms
step:413/500 train_loss:4.7082 train_time:110945ms step_avg:275.30ms
step:414/500 train_loss:4.1536 train_time:111219ms step_avg:275.29ms
step:415/500 train_loss:4.5154 train_time:111488ms step_avg:275.28ms
step:416/500 train_loss:4.2966 train_time:111762ms step_avg:275.27ms
step:417/500 train_loss:4.2875 train_time:112038ms step_avg:275.28ms
step:418/500 train_loss:4.4697 train_time:112308ms step_avg:275.26ms
step:419/500 train_loss:4.2035 train_time:112581ms step_avg:275.26ms
step:420/500 train_loss:4.3049 train_time:112850ms step_avg:275.24ms
step:421/500 train_loss:4.2773 train_time:113124ms step_avg:275.24ms
step:422/500 train_loss:4.1601 train_time:113396ms step_avg:275.23ms
step:423/500 train_loss:4.2681 train_time:113667ms step_avg:275.22ms
step:424/500 train_loss:4.3811 train_time:113941ms step_avg:275.22ms
step:425/500 train_loss:4.1895 train_time:114214ms step_avg:275.21ms
step:426/500 train_loss:4.3430 train_time:114484ms step_avg:275.20ms
step:427/500 train_loss:4.2324 train_time:114757ms step_avg:275.20ms
step:428/500 train_loss:4.4065 train_time:115030ms step_avg:275.19ms
step:429/500 train_loss:4.3566 train_time:115302ms step_avg:275.18ms
step:430/500 train_loss:4.2699 train_time:115571ms step_avg:275.17ms
step:431/500 train_loss:4.2471 train_time:115845ms step_avg:275.17ms
step:432/500 train_loss:4.2054 train_time:116119ms step_avg:275.16ms
step:433/500 train_loss:4.2749 train_time:116388ms step_avg:275.15ms
step:434/500 train_loss:4.3512 train_time:116661ms step_avg:275.14ms
step:435/500 train_loss:4.2885 train_time:116936ms step_avg:275.14ms
step:436/500 train_loss:4.3291 train_time:117207ms step_avg:275.13ms
step:437/500 train_loss:4.3472 train_time:117482ms step_avg:275.13ms
step:438/500 train_loss:4.2331 train_time:117752ms step_avg:275.12ms
step:439/500 train_loss:4.2454 train_time:118025ms step_avg:275.12ms
step:440/500 train_loss:4.2115 train_time:118297ms step_avg:275.11ms
step:441/500 train_loss:4.4004 train_time:118568ms step_avg:275.10ms
step:442/500 train_loss:4.3021 train_time:118842ms step_avg:275.10ms
step:443/500 train_loss:4.2752 train_time:119115ms step_avg:275.09ms
step:444/500 train_loss:4.1656 train_time:119386ms step_avg:275.08ms
step:445/500 train_loss:4.4301 train_time:119658ms step_avg:275.08ms
step:446/500 train_loss:4.3457 train_time:119933ms step_avg:275.08ms
step:447/500 train_loss:4.3470 train_time:120205ms step_avg:275.07ms
step:448/500 train_loss:4.2672 train_time:120478ms step_avg:275.06ms
step:449/500 train_loss:4.3482 train_time:120749ms step_avg:275.05ms
step:450/500 train_loss:4.1872 train_time:121024ms step_avg:275.06ms
step:451/500 train_loss:4.2256 train_time:121295ms step_avg:275.05ms w_mean:1.000 w_std:0.030 w_min:0.997 w_max:2.494
step:452/500 train_loss:4.1179 train_time:121566ms step_avg:275.04ms
step:453/500 train_loss:4.2160 train_time:121840ms step_avg:275.03ms
step:454/500 train_loss:4.1954 train_time:122110ms step_avg:275.02ms
step:455/500 train_loss:4.1708 train_time:122383ms step_avg:275.02ms
step:456/500 train_loss:4.3775 train_time:122653ms step_avg:275.01ms
step:457/500 train_loss:4.2315 train_time:122927ms step_avg:275.00ms
step:458/500 train_loss:4.3213 train_time:123198ms step_avg:275.00ms
step:459/500 train_loss:4.3546 train_time:123467ms step_avg:274.98ms
step:460/500 train_loss:4.1538 train_time:123741ms step_avg:274.98ms
step:461/500 train_loss:4.3282 train_time:124012ms step_avg:274.97ms
step:462/500 train_loss:4.2325 train_time:124283ms step_avg:274.96ms
step:463/500 train_loss:4.2145 train_time:124558ms step_avg:274.96ms
step:464/500 train_loss:4.3011 train_time:124828ms step_avg:274.95ms
step:465/500 train_loss:4.2408 train_time:125102ms step_avg:274.95ms
step:466/500 train_loss:4.2379 train_time:125371ms step_avg:274.94ms
step:467/500 train_loss:4.3620 train_time:125645ms step_avg:274.93ms
step:468/500 train_loss:4.3755 train_time:125919ms step_avg:274.93ms
step:469/500 train_loss:4.3314 train_time:126188ms step_avg:274.92ms
step:470/500 train_loss:4.2423 train_time:126462ms step_avg:274.92ms
step:471/500 train_loss:4.3268 train_time:126733ms step_avg:274.91ms
step:472/500 train_loss:4.3750 train_time:127006ms step_avg:274.90ms
step:473/500 train_loss:4.2800 train_time:127277ms step_avg:274.90ms
step:474/500 train_loss:4.2595 train_time:127550ms step_avg:274.89ms
step:475/500 train_loss:4.1272 train_time:127824ms step_avg:274.89ms
step:476/500 train_loss:4.5585 train_time:128095ms step_avg:274.88ms
step:477/500 train_loss:4.3085 train_time:128367ms step_avg:274.88ms
step:478/500 train_loss:4.1201 train_time:128641ms step_avg:274.87ms
step:479/500 train_loss:4.3107 train_time:128909ms step_avg:274.86ms
step:480/500 train_loss:4.2977 train_time:129183ms step_avg:274.86ms
step:481/500 train_loss:4.4212 train_time:129455ms step_avg:274.85ms
step:482/500 train_loss:4.2551 train_time:129728ms step_avg:274.85ms
step:483/500 train_loss:4.0677 train_time:130000ms step_avg:274.84ms
step:484/500 train_loss:4.3440 train_time:130268ms step_avg:274.83ms
step:485/500 train_loss:4.1901 train_time:130543ms step_avg:274.83ms
step:486/500 train_loss:4.2212 train_time:130817ms step_avg:274.82ms
step:487/500 train_loss:4.1684 train_time:131087ms step_avg:274.82ms
step:488/500 train_loss:4.1866 train_time:131360ms step_avg:274.81ms
step:489/500 train_loss:4.4010 train_time:131633ms step_avg:274.81ms
step:490/500 train_loss:4.2554 train_time:131905ms step_avg:274.80ms
step:491/500 train_loss:4.1586 train_time:132178ms step_avg:274.80ms
step:492/500 train_loss:4.1624 train_time:132447ms step_avg:274.79ms
step:493/500 train_loss:4.2707 train_time:132723ms step_avg:274.79ms
step:494/500 train_loss:4.1159 train_time:132994ms step_avg:274.78ms
step:495/500 train_loss:4.2711 train_time:133267ms step_avg:274.78ms
step:496/500 train_loss:4.1830 train_time:133538ms step_avg:274.77ms
step:497/500 train_loss:4.1305 train_time:133808ms step_avg:274.76ms
step:498/500 train_loss:4.2758 train_time:134084ms step_avg:274.76ms
step:499/500 train_loss:4.3631 train_time:134356ms step_avg:274.76ms
step:500/500 train_loss:4.4140 train_time:134627ms step_avg:274.75ms
step:500/500 val_loss:4.2596 train_time:134628ms step_avg:274.75ms
Checkpoint saving disabled; skipping state serialization.
peak memory consumption: 30603 MiB
