Command: torchrun --nproc_per_node=8 train_tw.py --seed=123 --num_iterations=500 --val_loss_every=125 --tw_enabled --tw_function=linear --tw_clamp_min=0.5 --tw_clamp_max=2.0 --tw_schedule=constant --tw_warmup_steps=1000 --tw_anneal_final=0.3 --tw_cyclical_period=500 --tw_focal_gamma=2.0 --tw_log_every=50 --tw_log_weights
Started: 2025-12-09T21:08:53.137927
============================================================

W1209 21:08:54.269000 56186 torch/distributed/run.py:774] 
W1209 21:08:54.269000 56186 torch/distributed/run.py:774] *****************************************
W1209 21:08:54.269000 56186 torch/distributed/run.py:774] Setting OMP_NUM_THREADS environment variable for each process to be 1 in default, to avoid your system being overloaded, please further tune the variable for optimal performance in your application as needed. 
W1209 21:08:54.269000 56186 torch/distributed/run.py:774] *****************************************
/root/ese-3060-project/tw_nano_experiments/train_tw.py:218: SyntaxWarning: invalid escape sequence '\s'
  """
/root/ese-3060-project/tw_nano_experiments/train_tw.py/root/ese-3060-project/tw_nano_experiments/train_tw.py:218: SyntaxWarning: invalid escape sequence '\s'
:218: SyntaxWarning: invalid escape sequence '\s'
    """
"""
/root/ese-3060-project/tw_nano_experiments/train_tw.py/root/ese-3060-project/tw_nano_experiments/train_tw.py:218: SyntaxWarning: invalid escape sequence '\s':218: SyntaxWarning: 
invalid escape sequence '\s'
  """
  """
/root/ese-3060-project/tw_nano_experiments/train_tw.py:218: SyntaxWarning: invalid escape sequence '\s'
  """
/root/ese-3060-project/tw_nano_experiments/train_tw.py:218: SyntaxWarning: invalid escape sequence '\s'
  """
/root/ese-3060-project/tw_nano_experiments/train_tw.py:218: SyntaxWarning: invalid escape sequence '\s'
  """
using device: cuda:6
using device: cuda:5
using device: cuda:7
using device: cuda:3
using device: cuda:1
using device: cuda:0
Random seed set to 123 (deterministic=False)
using device: cuda:4
using device: cuda:2
Training DataLoader: total number of tokens: 900000000 across 9 files
Validation DataLoader: total number of tokens: 100000000 across 1 files
Token Weighting: ENABLED
  function=linear, clamp=[0.5, 2.0], schedule=constant
step:0/500 val_loss:16.0073 train_time:277ms step_avg:nanms
step:1/500 train_loss:15.9981 train_time:52742ms step_avg:nanms w_mean:1.000 w_std:0.042 w_min:0.500 w_max:1.155
step:2/500 train_loss:9.3701 train_time:53460ms step_avg:nanms
step:3/500 train_loss:9.0167 train_time:53731ms step_avg:nanms
step:4/500 train_loss:8.7552 train_time:54002ms step_avg:nanms
step:5/500 train_loss:8.1530 train_time:54271ms step_avg:nanms
step:6/500 train_loss:7.7098 train_time:54544ms step_avg:nanms
step:7/500 train_loss:7.4021 train_time:54814ms step_avg:nanms
step:8/500 train_loss:7.5647 train_time:55085ms step_avg:nanms
step:9/500 train_loss:7.3006 train_time:55358ms step_avg:nanms
step:10/500 train_loss:7.0958 train_time:55634ms step_avg:nanms
step:11/500 train_loss:7.0840 train_time:271ms step_avg:nanms
step:12/500 train_loss:7.0430 train_time:543ms step_avg:nanms
step:13/500 train_loss:6.8363 train_time:813ms step_avg:271.15ms
step:14/500 train_loss:6.9163 train_time:1085ms step_avg:271.23ms
step:15/500 train_loss:6.8314 train_time:1358ms step_avg:271.57ms
step:16/500 train_loss:6.7935 train_time:1630ms step_avg:271.65ms
step:17/500 train_loss:6.7777 train_time:1902ms step_avg:271.78ms
step:18/500 train_loss:6.8096 train_time:2174ms step_avg:271.81ms
step:19/500 train_loss:6.6315 train_time:2447ms step_avg:271.86ms
step:20/500 train_loss:6.6469 train_time:2719ms step_avg:271.86ms
step:21/500 train_loss:6.3117 train_time:2989ms step_avg:271.76ms
step:22/500 train_loss:6.7027 train_time:3258ms step_avg:271.53ms
step:23/500 train_loss:6.9001 train_time:3531ms step_avg:271.65ms
step:24/500 train_loss:6.5952 train_time:3804ms step_avg:271.70ms
step:25/500 train_loss:6.6502 train_time:4079ms step_avg:271.91ms
step:26/500 train_loss:6.4302 train_time:4350ms step_avg:271.87ms
step:27/500 train_loss:6.3138 train_time:4626ms step_avg:272.10ms
step:28/500 train_loss:6.5076 train_time:4898ms step_avg:272.13ms
step:29/500 train_loss:6.1550 train_time:5171ms step_avg:272.14ms
step:30/500 train_loss:6.4350 train_time:5443ms step_avg:272.13ms
step:31/500 train_loss:6.2923 train_time:5714ms step_avg:272.08ms
step:32/500 train_loss:6.2561 train_time:5986ms step_avg:272.07ms
step:33/500 train_loss:6.0761 train_time:6260ms step_avg:272.15ms
step:34/500 train_loss:6.4068 train_time:6531ms step_avg:272.14ms
step:35/500 train_loss:6.3036 train_time:6803ms step_avg:272.13ms
step:36/500 train_loss:6.4567 train_time:7075ms step_avg:272.11ms
step:37/500 train_loss:6.3833 train_time:7348ms step_avg:272.14ms
step:38/500 train_loss:6.2736 train_time:7619ms step_avg:272.12ms
step:39/500 train_loss:6.1673 train_time:7892ms step_avg:272.12ms
step:40/500 train_loss:6.2271 train_time:8165ms step_avg:272.16ms
step:41/500 train_loss:6.1321 train_time:8437ms step_avg:272.17ms
step:42/500 train_loss:6.1601 train_time:8710ms step_avg:272.18ms
step:43/500 train_loss:6.0367 train_time:8982ms step_avg:272.17ms
step:44/500 train_loss:6.1253 train_time:9257ms step_avg:272.26ms
step:45/500 train_loss:6.1079 train_time:9529ms step_avg:272.27ms
step:46/500 train_loss:6.2947 train_time:9802ms step_avg:272.28ms
step:47/500 train_loss:6.0913 train_time:10075ms step_avg:272.29ms
step:48/500 train_loss:5.9619 train_time:10348ms step_avg:272.30ms
step:49/500 train_loss:6.1775 train_time:10619ms step_avg:272.29ms
step:50/500 train_loss:6.0520 train_time:10892ms step_avg:272.29ms
step:51/500 train_loss:6.1892 train_time:11164ms step_avg:272.30ms w_mean:1.000 w_std:0.426 w_min:0.487 w_max:1.949
step:52/500 train_loss:6.0678 train_time:11438ms step_avg:272.33ms
step:53/500 train_loss:5.9306 train_time:11708ms step_avg:272.28ms
step:54/500 train_loss:6.0263 train_time:11980ms step_avg:272.28ms
step:55/500 train_loss:5.9958 train_time:12253ms step_avg:272.29ms
step:56/500 train_loss:6.2350 train_time:12526ms step_avg:272.31ms
step:57/500 train_loss:5.9936 train_time:12800ms step_avg:272.33ms
step:58/500 train_loss:5.8285 train_time:13073ms step_avg:272.35ms
step:59/500 train_loss:6.0176 train_time:13346ms step_avg:272.36ms
step:60/500 train_loss:5.9272 train_time:13618ms step_avg:272.37ms
step:61/500 train_loss:6.0319 train_time:13891ms step_avg:272.37ms
step:62/500 train_loss:5.8393 train_time:14165ms step_avg:272.41ms
step:63/500 train_loss:5.9230 train_time:14438ms step_avg:272.41ms
step:64/500 train_loss:5.9172 train_time:14710ms step_avg:272.40ms
step:65/500 train_loss:5.7789 train_time:14980ms step_avg:272.37ms
step:66/500 train_loss:5.7536 train_time:15252ms step_avg:272.36ms
step:67/500 train_loss:5.8849 train_time:15526ms step_avg:272.38ms
step:68/500 train_loss:5.7878 train_time:15798ms step_avg:272.39ms
step:69/500 train_loss:5.9920 train_time:16070ms step_avg:272.38ms
step:70/500 train_loss:5.7008 train_time:16343ms step_avg:272.39ms
step:71/500 train_loss:5.7100 train_time:16615ms step_avg:272.38ms
step:72/500 train_loss:5.9075 train_time:16888ms step_avg:272.38ms
step:73/500 train_loss:5.8345 train_time:17161ms step_avg:272.40ms
step:74/500 train_loss:5.7497 train_time:17434ms step_avg:272.40ms
step:75/500 train_loss:5.8457 train_time:17707ms step_avg:272.42ms
step:76/500 train_loss:5.8066 train_time:17980ms step_avg:272.42ms
step:77/500 train_loss:5.7815 train_time:18252ms step_avg:272.42ms
step:78/500 train_loss:5.8628 train_time:18524ms step_avg:272.41ms
step:79/500 train_loss:5.8914 train_time:18796ms step_avg:272.40ms
step:80/500 train_loss:5.7469 train_time:19073ms step_avg:272.47ms
step:81/500 train_loss:5.8348 train_time:19346ms step_avg:272.48ms
step:82/500 train_loss:5.6029 train_time:19619ms step_avg:272.48ms
step:83/500 train_loss:5.7862 train_time:19890ms step_avg:272.46ms
step:84/500 train_loss:5.7368 train_time:20164ms step_avg:272.49ms
step:85/500 train_loss:5.7276 train_time:20438ms step_avg:272.51ms
step:86/500 train_loss:5.5559 train_time:20711ms step_avg:272.51ms
step:87/500 train_loss:5.7983 train_time:20982ms step_avg:272.49ms
step:88/500 train_loss:5.6680 train_time:21254ms step_avg:272.49ms
step:89/500 train_loss:5.7606 train_time:21528ms step_avg:272.51ms
step:90/500 train_loss:5.7236 train_time:21801ms step_avg:272.51ms
step:91/500 train_loss:5.6473 train_time:22074ms step_avg:272.51ms
step:92/500 train_loss:5.6593 train_time:22346ms step_avg:272.51ms
step:93/500 train_loss:5.7302 train_time:22619ms step_avg:272.51ms
step:94/500 train_loss:5.6180 train_time:22892ms step_avg:272.53ms
step:95/500 train_loss:5.5553 train_time:23166ms step_avg:272.54ms
step:96/500 train_loss:5.6424 train_time:23438ms step_avg:272.54ms
step:97/500 train_loss:5.5046 train_time:23711ms step_avg:272.54ms
step:98/500 train_loss:5.6271 train_time:23983ms step_avg:272.54ms
step:99/500 train_loss:5.5025 train_time:24257ms step_avg:272.55ms
step:100/500 train_loss:5.6618 train_time:24531ms step_avg:272.56ms
step:101/500 train_loss:5.5866 train_time:24804ms step_avg:272.57ms w_mean:1.000 w_std:0.450 w_min:0.486 w_max:1.943
step:102/500 train_loss:5.5165 train_time:25077ms step_avg:272.58ms
step:103/500 train_loss:5.5887 train_time:25349ms step_avg:272.57ms
step:104/500 train_loss:5.5817 train_time:25621ms step_avg:272.56ms
step:105/500 train_loss:5.4085 train_time:25893ms step_avg:272.56ms
step:106/500 train_loss:5.5412 train_time:26166ms step_avg:272.56ms
step:107/500 train_loss:5.6801 train_time:26439ms step_avg:272.56ms
step:108/500 train_loss:5.5290 train_time:26711ms step_avg:272.56ms
step:109/500 train_loss:5.2638 train_time:26984ms step_avg:272.56ms
step:110/500 train_loss:5.4944 train_time:27257ms step_avg:272.57ms
step:111/500 train_loss:5.4328 train_time:27531ms step_avg:272.58ms
step:112/500 train_loss:5.4390 train_time:27805ms step_avg:272.59ms
step:113/500 train_loss:5.4976 train_time:28077ms step_avg:272.59ms
step:114/500 train_loss:5.4722 train_time:28350ms step_avg:272.59ms
step:115/500 train_loss:5.2894 train_time:28622ms step_avg:272.59ms
step:116/500 train_loss:5.5007 train_time:28894ms step_avg:272.59ms
step:117/500 train_loss:5.3141 train_time:29168ms step_avg:272.60ms
step:118/500 train_loss:5.3623 train_time:29441ms step_avg:272.60ms
step:119/500 train_loss:5.4294 train_time:29713ms step_avg:272.60ms
step:120/500 train_loss:5.4572 train_time:29986ms step_avg:272.60ms
step:121/500 train_loss:5.3600 train_time:30259ms step_avg:272.61ms
step:122/500 train_loss:5.2853 train_time:30532ms step_avg:272.61ms
step:123/500 train_loss:5.3343 train_time:30806ms step_avg:272.62ms
step:124/500 train_loss:5.2554 train_time:31078ms step_avg:272.62ms
step:125/500 train_loss:5.4951 train_time:31354ms step_avg:272.64ms
step:125/500 val_loss:5.3725 train_time:31355ms step_avg:272.65ms
step:126/500 train_loss:5.3845 train_time:31627ms step_avg:272.65ms
step:127/500 train_loss:5.3319 train_time:31907ms step_avg:272.71ms
step:128/500 train_loss:5.4369 train_time:32182ms step_avg:272.73ms
step:129/500 train_loss:5.2613 train_time:32453ms step_avg:272.71ms
step:130/500 train_loss:5.5475 train_time:32725ms step_avg:272.70ms
step:131/500 train_loss:5.3195 train_time:32998ms step_avg:272.71ms
step:132/500 train_loss:5.3408 train_time:33272ms step_avg:272.72ms
step:133/500 train_loss:5.2608 train_time:33545ms step_avg:272.72ms
step:134/500 train_loss:5.3302 train_time:33817ms step_avg:272.72ms
step:135/500 train_loss:5.2289 train_time:34090ms step_avg:272.72ms
step:136/500 train_loss:5.3308 train_time:34362ms step_avg:272.71ms
step:137/500 train_loss:5.1119 train_time:34635ms step_avg:272.72ms
step:138/500 train_loss:5.2797 train_time:34909ms step_avg:272.73ms
step:139/500 train_loss:5.2386 train_time:35182ms step_avg:272.73ms
step:140/500 train_loss:5.2451 train_time:35455ms step_avg:272.73ms
step:141/500 train_loss:5.2848 train_time:35728ms step_avg:272.73ms
step:142/500 train_loss:5.2022 train_time:36001ms step_avg:272.73ms
step:143/500 train_loss:5.2836 train_time:36275ms step_avg:272.75ms
step:144/500 train_loss:5.1087 train_time:36548ms step_avg:272.74ms
step:145/500 train_loss:5.2429 train_time:36821ms step_avg:272.74ms
step:146/500 train_loss:5.1928 train_time:37093ms step_avg:272.74ms
step:147/500 train_loss:5.1031 train_time:37367ms step_avg:272.75ms
step:148/500 train_loss:5.2054 train_time:37641ms step_avg:272.76ms
step:149/500 train_loss:5.1964 train_time:37914ms step_avg:272.76ms
step:150/500 train_loss:5.2310 train_time:38186ms step_avg:272.76ms
step:151/500 train_loss:5.2754 train_time:38460ms step_avg:272.76ms w_mean:1.000 w_std:0.457 w_min:0.487 w_max:1.947
step:152/500 train_loss:5.1713 train_time:38733ms step_avg:272.77ms
step:153/500 train_loss:5.1757 train_time:39008ms step_avg:272.78ms
step:154/500 train_loss:5.2112 train_time:39281ms step_avg:272.78ms
step:155/500 train_loss:5.1831 train_time:39555ms step_avg:272.79ms
step:156/500 train_loss:5.1586 train_time:39829ms step_avg:272.80ms
step:157/500 train_loss:5.1786 train_time:40102ms step_avg:272.80ms
step:158/500 train_loss:5.2946 train_time:40376ms step_avg:272.81ms
step:159/500 train_loss:5.0872 train_time:40648ms step_avg:272.81ms
step:160/500 train_loss:5.1576 train_time:40923ms step_avg:272.82ms
step:161/500 train_loss:4.9929 train_time:41195ms step_avg:272.82ms
step:162/500 train_loss:5.1655 train_time:41467ms step_avg:272.81ms
step:163/500 train_loss:5.1662 train_time:41741ms step_avg:272.82ms
step:164/500 train_loss:5.1932 train_time:42014ms step_avg:272.82ms
step:165/500 train_loss:4.9980 train_time:42286ms step_avg:272.82ms
step:166/500 train_loss:5.1303 train_time:42559ms step_avg:272.81ms
step:167/500 train_loss:5.2552 train_time:42833ms step_avg:272.82ms
step:168/500 train_loss:5.0668 train_time:43107ms step_avg:272.83ms
step:169/500 train_loss:5.1094 train_time:43381ms step_avg:272.83ms
step:170/500 train_loss:5.0112 train_time:43653ms step_avg:272.83ms
step:171/500 train_loss:4.9453 train_time:43927ms step_avg:272.84ms
step:172/500 train_loss:5.0583 train_time:44201ms step_avg:272.84ms
step:173/500 train_loss:5.0187 train_time:44475ms step_avg:272.85ms
step:174/500 train_loss:5.0884 train_time:44749ms step_avg:272.86ms
step:175/500 train_loss:5.2001 train_time:45022ms step_avg:272.86ms
step:176/500 train_loss:5.1114 train_time:45295ms step_avg:272.86ms
step:177/500 train_loss:4.9485 train_time:45568ms step_avg:272.86ms
step:178/500 train_loss:4.9225 train_time:45843ms step_avg:272.88ms
step:179/500 train_loss:4.9693 train_time:46116ms step_avg:272.88ms
step:180/500 train_loss:4.9965 train_time:46388ms step_avg:272.87ms
step:181/500 train_loss:5.0020 train_time:46660ms step_avg:272.87ms
step:182/500 train_loss:5.0895 train_time:46933ms step_avg:272.86ms
step:183/500 train_loss:5.0132 train_time:47207ms step_avg:272.87ms
step:184/500 train_loss:4.9171 train_time:47481ms step_avg:272.88ms
step:185/500 train_loss:4.9607 train_time:47755ms step_avg:272.88ms
step:186/500 train_loss:5.0688 train_time:48029ms step_avg:272.89ms
step:187/500 train_loss:4.9658 train_time:48302ms step_avg:272.89ms
step:188/500 train_loss:5.1818 train_time:48575ms step_avg:272.89ms
step:189/500 train_loss:5.0008 train_time:49111ms step_avg:274.36ms
step:190/500 train_loss:4.9133 train_time:49720ms step_avg:276.22ms
step:191/500 train_loss:5.0694 train_time:49992ms step_avg:276.20ms
step:192/500 train_loss:4.9179 train_time:50263ms step_avg:276.17ms
step:193/500 train_loss:4.8344 train_time:50535ms step_avg:276.15ms
step:194/500 train_loss:5.0329 train_time:50811ms step_avg:276.15ms
step:195/500 train_loss:4.9648 train_time:51083ms step_avg:276.13ms
step:196/500 train_loss:5.1578 train_time:51355ms step_avg:276.10ms
step:197/500 train_loss:5.0321 train_time:51626ms step_avg:276.08ms
step:198/500 train_loss:4.9049 train_time:51899ms step_avg:276.06ms
step:199/500 train_loss:4.9233 train_time:52176ms step_avg:276.06ms
step:200/500 train_loss:4.8436 train_time:52448ms step_avg:276.04ms
step:201/500 train_loss:4.9063 train_time:52720ms step_avg:276.02ms w_mean:1.000 w_std:0.474 w_min:0.485 w_max:1.942
step:202/500 train_loss:4.8557 train_time:52992ms step_avg:276.00ms
step:203/500 train_loss:5.0315 train_time:53265ms step_avg:275.99ms
step:204/500 train_loss:4.9843 train_time:53538ms step_avg:275.97ms
step:205/500 train_loss:4.9033 train_time:53811ms step_avg:275.95ms
step:206/500 train_loss:5.0862 train_time:54083ms step_avg:275.93ms
step:207/500 train_loss:4.7478 train_time:54354ms step_avg:275.91ms
step:208/500 train_loss:4.9215 train_time:54628ms step_avg:275.90ms
step:209/500 train_loss:4.8509 train_time:54901ms step_avg:275.88ms
step:210/500 train_loss:5.0310 train_time:55174ms step_avg:275.87ms
step:211/500 train_loss:4.9544 train_time:55448ms step_avg:275.86ms
step:212/500 train_loss:4.8425 train_time:55723ms step_avg:275.86ms
step:213/500 train_loss:4.9723 train_time:55995ms step_avg:275.84ms
step:214/500 train_loss:4.8132 train_time:56267ms step_avg:275.82ms
step:215/500 train_loss:4.8992 train_time:56540ms step_avg:275.80ms
step:216/500 train_loss:4.7818 train_time:56813ms step_avg:275.79ms
step:217/500 train_loss:4.8826 train_time:57085ms step_avg:275.77ms
step:218/500 train_loss:4.8666 train_time:57357ms step_avg:275.75ms
step:219/500 train_loss:4.8230 train_time:57630ms step_avg:275.74ms
step:220/500 train_loss:4.8546 train_time:57904ms step_avg:275.73ms
step:221/500 train_loss:4.8662 train_time:58177ms step_avg:275.72ms
step:222/500 train_loss:4.9095 train_time:58450ms step_avg:275.71ms
step:223/500 train_loss:4.8442 train_time:58725ms step_avg:275.70ms
step:224/500 train_loss:4.8625 train_time:58996ms step_avg:275.68ms
step:225/500 train_loss:4.9588 train_time:59268ms step_avg:275.66ms
step:226/500 train_loss:4.7240 train_time:59541ms step_avg:275.65ms
step:227/500 train_loss:4.7483 train_time:59814ms step_avg:275.64ms
step:228/500 train_loss:4.7536 train_time:60087ms step_avg:275.63ms
step:229/500 train_loss:4.8915 train_time:60361ms step_avg:275.62ms
step:230/500 train_loss:4.7471 train_time:60634ms step_avg:275.61ms
step:231/500 train_loss:4.8696 train_time:60908ms step_avg:275.60ms
step:232/500 train_loss:4.7707 train_time:61181ms step_avg:275.59ms
step:233/500 train_loss:4.6945 train_time:61453ms step_avg:275.57ms
step:234/500 train_loss:4.9229 train_time:61727ms step_avg:275.57ms
step:235/500 train_loss:4.7462 train_time:62001ms step_avg:275.56ms
step:236/500 train_loss:4.6992 train_time:62274ms step_avg:275.55ms
step:237/500 train_loss:4.9409 train_time:62548ms step_avg:275.54ms
step:238/500 train_loss:4.8160 train_time:62820ms step_avg:275.53ms
step:239/500 train_loss:4.7450 train_time:63092ms step_avg:275.51ms
step:240/500 train_loss:4.8630 train_time:63366ms step_avg:275.51ms
step:241/500 train_loss:4.8660 train_time:63639ms step_avg:275.49ms
step:242/500 train_loss:4.7565 train_time:63912ms step_avg:275.48ms
step:243/500 train_loss:4.9261 train_time:64184ms step_avg:275.47ms
step:244/500 train_loss:4.7490 train_time:64456ms step_avg:275.45ms
step:245/500 train_loss:4.7843 train_time:64729ms step_avg:275.44ms
step:246/500 train_loss:4.8269 train_time:65002ms step_avg:275.43ms
step:247/500 train_loss:4.8003 train_time:65275ms step_avg:275.42ms
step:248/500 train_loss:4.7456 train_time:65548ms step_avg:275.41ms
step:249/500 train_loss:4.9232 train_time:65820ms step_avg:275.40ms
step:250/500 train_loss:4.6610 train_time:66094ms step_avg:275.39ms
step:250/500 val_loss:4.7576 train_time:66095ms step_avg:275.40ms
step:251/500 train_loss:4.6926 train_time:66364ms step_avg:275.37ms w_mean:1.000 w_std:0.482 w_min:0.485 w_max:1.941
step:252/500 train_loss:4.8309 train_time:66639ms step_avg:275.37ms
step:253/500 train_loss:4.8045 train_time:66915ms step_avg:275.37ms
step:254/500 train_loss:4.7136 train_time:67186ms step_avg:275.35ms
step:255/500 train_loss:4.7177 train_time:67459ms step_avg:275.34ms
step:256/500 train_loss:4.8409 train_time:67731ms step_avg:275.33ms
step:257/500 train_loss:4.7888 train_time:68006ms step_avg:275.33ms
step:258/500 train_loss:4.7745 train_time:68279ms step_avg:275.32ms
step:259/500 train_loss:4.6988 train_time:68552ms step_avg:275.31ms
step:260/500 train_loss:4.7209 train_time:68825ms step_avg:275.30ms
step:261/500 train_loss:4.7779 train_time:69098ms step_avg:275.29ms
step:262/500 train_loss:4.7803 train_time:69370ms step_avg:275.28ms
step:263/500 train_loss:4.6995 train_time:69644ms step_avg:275.27ms
step:264/500 train_loss:4.6487 train_time:69920ms step_avg:275.27ms
step:265/500 train_loss:4.6984 train_time:70192ms step_avg:275.26ms
step:266/500 train_loss:4.5747 train_time:70464ms step_avg:275.25ms
step:267/500 train_loss:4.6077 train_time:70736ms step_avg:275.24ms
step:268/500 train_loss:4.6646 train_time:71009ms step_avg:275.23ms
step:269/500 train_loss:4.6086 train_time:71284ms step_avg:275.23ms
step:270/500 train_loss:4.6019 train_time:71556ms step_avg:275.22ms
step:271/500 train_loss:4.7860 train_time:71830ms step_avg:275.21ms
step:272/500 train_loss:4.7437 train_time:72103ms step_avg:275.20ms
step:273/500 train_loss:4.5959 train_time:72375ms step_avg:275.19ms
step:274/500 train_loss:4.6564 train_time:72646ms step_avg:275.18ms
step:275/500 train_loss:4.7544 train_time:72919ms step_avg:275.17ms
step:276/500 train_loss:4.7705 train_time:73193ms step_avg:275.16ms
step:277/500 train_loss:4.9652 train_time:73465ms step_avg:275.15ms
step:278/500 train_loss:4.7141 train_time:73737ms step_avg:275.14ms
step:279/500 train_loss:4.8510 train_time:74013ms step_avg:275.14ms
step:280/500 train_loss:4.6971 train_time:74286ms step_avg:275.13ms
step:281/500 train_loss:4.7519 train_time:74558ms step_avg:275.12ms
step:282/500 train_loss:4.6642 train_time:74829ms step_avg:275.11ms
step:283/500 train_loss:4.7692 train_time:75106ms step_avg:275.11ms
step:284/500 train_loss:4.5961 train_time:75379ms step_avg:275.11ms
step:285/500 train_loss:4.7529 train_time:75652ms step_avg:275.10ms
step:286/500 train_loss:4.7474 train_time:75925ms step_avg:275.09ms
step:287/500 train_loss:4.7672 train_time:76198ms step_avg:275.08ms
step:288/500 train_loss:4.6430 train_time:76471ms step_avg:275.08ms
step:289/500 train_loss:4.7040 train_time:76744ms step_avg:275.07ms
step:290/500 train_loss:4.5647 train_time:77017ms step_avg:275.06ms
step:291/500 train_loss:4.5742 train_time:77291ms step_avg:275.06ms
step:292/500 train_loss:4.6941 train_time:77564ms step_avg:275.05ms
step:293/500 train_loss:4.5837 train_time:77838ms step_avg:275.05ms
step:294/500 train_loss:4.6315 train_time:78111ms step_avg:275.04ms
step:295/500 train_loss:4.6545 train_time:78385ms step_avg:275.04ms
step:296/500 train_loss:4.5230 train_time:78659ms step_avg:275.03ms
step:297/500 train_loss:4.5149 train_time:78934ms step_avg:275.03ms
step:298/500 train_loss:4.5385 train_time:79206ms step_avg:275.02ms
step:299/500 train_loss:4.6396 train_time:79479ms step_avg:275.02ms
step:300/500 train_loss:4.5257 train_time:79753ms step_avg:275.01ms
step:301/500 train_loss:4.7104 train_time:80027ms step_avg:275.01ms w_mean:1.000 w_std:0.479 w_min:0.486 w_max:1.944
step:302/500 train_loss:4.6662 train_time:80299ms step_avg:275.00ms
step:303/500 train_loss:4.6037 train_time:80578ms step_avg:275.01ms
step:304/500 train_loss:4.6571 train_time:80850ms step_avg:275.00ms
step:305/500 train_loss:4.6445 train_time:81123ms step_avg:274.99ms
step:306/500 train_loss:5.0939 train_time:81395ms step_avg:274.98ms
step:307/500 train_loss:4.6103 train_time:81668ms step_avg:274.98ms
step:308/500 train_loss:4.5098 train_time:81940ms step_avg:274.97ms
step:309/500 train_loss:4.6876 train_time:82213ms step_avg:274.96ms
step:310/500 train_loss:4.5092 train_time:82487ms step_avg:274.96ms
step:311/500 train_loss:4.7181 train_time:82760ms step_avg:274.95ms
step:312/500 train_loss:4.6530 train_time:83033ms step_avg:274.94ms
step:313/500 train_loss:4.5479 train_time:83306ms step_avg:274.94ms
step:314/500 train_loss:4.6842 train_time:83579ms step_avg:274.93ms
step:315/500 train_loss:4.8059 train_time:83856ms step_avg:274.94ms
step:316/500 train_loss:4.6578 train_time:84130ms step_avg:274.93ms
step:317/500 train_loss:4.5400 train_time:84403ms step_avg:274.93ms
step:318/500 train_loss:4.5552 train_time:84677ms step_avg:274.92ms
step:319/500 train_loss:4.5673 train_time:84949ms step_avg:274.91ms
step:320/500 train_loss:4.5236 train_time:85222ms step_avg:274.91ms
step:321/500 train_loss:4.6115 train_time:85495ms step_avg:274.90ms
step:322/500 train_loss:4.6200 train_time:85767ms step_avg:274.90ms
step:323/500 train_loss:4.5841 train_time:86042ms step_avg:274.89ms
step:324/500 train_loss:4.6514 train_time:86312ms step_avg:274.88ms
step:325/500 train_loss:4.6423 train_time:86586ms step_avg:274.88ms
step:326/500 train_loss:4.7128 train_time:86859ms step_avg:274.87ms
step:327/500 train_loss:4.5643 train_time:87132ms step_avg:274.87ms
step:328/500 train_loss:4.9981 train_time:87405ms step_avg:274.86ms
step:329/500 train_loss:4.7163 train_time:87680ms step_avg:274.86ms
step:330/500 train_loss:4.5200 train_time:87951ms step_avg:274.85ms
step:331/500 train_loss:4.4848 train_time:88225ms step_avg:274.84ms
step:332/500 train_loss:4.6260 train_time:88498ms step_avg:274.84ms
step:333/500 train_loss:4.5585 train_time:88770ms step_avg:274.83ms
step:334/500 train_loss:4.5357 train_time:89043ms step_avg:274.82ms
step:335/500 train_loss:4.5026 train_time:89315ms step_avg:274.82ms
step:336/500 train_loss:4.6807 train_time:89589ms step_avg:274.81ms
step:337/500 train_loss:4.6372 train_time:89862ms step_avg:274.81ms
step:338/500 train_loss:5.1300 train_time:90134ms step_avg:274.80ms
step:339/500 train_loss:4.6038 train_time:90408ms step_avg:274.80ms
step:340/500 train_loss:4.5643 train_time:90681ms step_avg:274.79ms
step:341/500 train_loss:4.5508 train_time:90954ms step_avg:274.79ms
step:342/500 train_loss:4.4970 train_time:91227ms step_avg:274.78ms
step:343/500 train_loss:4.4783 train_time:91500ms step_avg:274.77ms
step:344/500 train_loss:4.5341 train_time:91772ms step_avg:274.77ms
step:345/500 train_loss:4.6176 train_time:92045ms step_avg:274.76ms
step:346/500 train_loss:4.5168 train_time:92319ms step_avg:274.76ms
step:347/500 train_loss:4.4666 train_time:92592ms step_avg:274.75ms
step:348/500 train_loss:4.5308 train_time:92864ms step_avg:274.75ms
step:349/500 train_loss:4.5171 train_time:93136ms step_avg:274.74ms
step:350/500 train_loss:4.4424 train_time:93409ms step_avg:274.73ms
step:351/500 train_loss:4.1458 train_time:93685ms step_avg:274.74ms w_mean:1.000 w_std:0.492 w_min:0.490 w_max:1.960
step:352/500 train_loss:4.4224 train_time:93958ms step_avg:274.73ms
step:353/500 train_loss:4.7531 train_time:94231ms step_avg:274.73ms
step:354/500 train_loss:4.3190 train_time:94504ms step_avg:274.72ms
step:355/500 train_loss:4.5450 train_time:94777ms step_avg:274.72ms
step:356/500 train_loss:4.4664 train_time:95049ms step_avg:274.71ms
step:357/500 train_loss:4.5488 train_time:95322ms step_avg:274.70ms
step:358/500 train_loss:4.5676 train_time:95594ms step_avg:274.70ms
step:359/500 train_loss:4.4615 train_time:95866ms step_avg:274.69ms
step:360/500 train_loss:4.8122 train_time:96139ms step_avg:274.68ms
step:361/500 train_loss:4.2105 train_time:96413ms step_avg:274.68ms
step:362/500 train_loss:4.6734 train_time:96691ms step_avg:274.69ms
step:363/500 train_loss:4.5767 train_time:96958ms step_avg:274.67ms
step:364/500 train_loss:4.4681 train_time:97231ms step_avg:274.67ms
step:365/500 train_loss:4.4048 train_time:97506ms step_avg:274.66ms
step:366/500 train_loss:4.5603 train_time:97779ms step_avg:274.66ms
step:367/500 train_loss:4.4839 train_time:98053ms step_avg:274.66ms
step:368/500 train_loss:4.4740 train_time:98326ms step_avg:274.65ms
step:369/500 train_loss:4.4781 train_time:98599ms step_avg:274.65ms
step:370/500 train_loss:4.3838 train_time:98872ms step_avg:274.65ms
step:371/500 train_loss:4.5070 train_time:99146ms step_avg:274.64ms
step:372/500 train_loss:4.4651 train_time:99419ms step_avg:274.64ms
step:373/500 train_loss:4.3319 train_time:99692ms step_avg:274.63ms
step:374/500 train_loss:4.5181 train_time:99964ms step_avg:274.63ms
step:375/500 train_loss:4.4619 train_time:100236ms step_avg:274.62ms
step:375/500 val_loss:4.4717 train_time:100237ms step_avg:274.62ms
step:376/500 train_loss:4.4489 train_time:100507ms step_avg:274.61ms
step:377/500 train_loss:4.5136 train_time:100785ms step_avg:274.62ms
step:378/500 train_loss:4.4105 train_time:101314ms step_avg:275.31ms
step:379/500 train_loss:4.4401 train_time:101586ms step_avg:275.30ms
step:380/500 train_loss:4.5471 train_time:102185ms step_avg:276.18ms
step:381/500 train_loss:4.5490 train_time:102456ms step_avg:276.16ms
step:382/500 train_loss:4.5109 train_time:102729ms step_avg:276.15ms
step:383/500 train_loss:4.4928 train_time:102999ms step_avg:276.14ms
step:384/500 train_loss:4.3915 train_time:103275ms step_avg:276.14ms
step:385/500 train_loss:4.4857 train_time:103547ms step_avg:276.13ms
step:386/500 train_loss:4.4068 train_time:103819ms step_avg:276.11ms
step:387/500 train_loss:4.5316 train_time:104091ms step_avg:276.10ms
step:388/500 train_loss:4.7247 train_time:104364ms step_avg:276.09ms
step:389/500 train_loss:4.4256 train_time:104636ms step_avg:276.09ms
step:390/500 train_loss:4.3870 train_time:104910ms step_avg:276.08ms
step:391/500 train_loss:4.5090 train_time:105182ms step_avg:276.07ms
step:392/500 train_loss:4.4423 train_time:105455ms step_avg:276.06ms
step:393/500 train_loss:4.5328 train_time:105727ms step_avg:276.05ms
step:394/500 train_loss:4.3737 train_time:106000ms step_avg:276.04ms
step:395/500 train_loss:4.4966 train_time:106273ms step_avg:276.03ms
step:396/500 train_loss:4.2873 train_time:106547ms step_avg:276.03ms
step:397/500 train_loss:4.4429 train_time:106819ms step_avg:276.02ms
step:398/500 train_loss:4.5438 train_time:107092ms step_avg:276.01ms
step:399/500 train_loss:4.4785 train_time:107365ms step_avg:276.00ms
step:400/500 train_loss:4.4149 train_time:107638ms step_avg:275.99ms
step:401/500 train_loss:4.4874 train_time:107910ms step_avg:275.99ms w_mean:1.000 w_std:0.488 w_min:0.486 w_max:1.943
step:402/500 train_loss:4.5069 train_time:108183ms step_avg:275.98ms
step:403/500 train_loss:4.4801 train_time:108456ms step_avg:275.97ms
step:404/500 train_loss:4.5655 train_time:108728ms step_avg:275.96ms
step:405/500 train_loss:4.3631 train_time:109002ms step_avg:275.96ms
step:406/500 train_loss:4.4037 train_time:109275ms step_avg:275.95ms
step:407/500 train_loss:4.6719 train_time:109547ms step_avg:275.94ms
step:408/500 train_loss:4.4423 train_time:109822ms step_avg:275.93ms
step:409/500 train_loss:4.4304 train_time:110096ms step_avg:275.93ms
step:410/500 train_loss:4.4850 train_time:110369ms step_avg:275.92ms
step:411/500 train_loss:4.3694 train_time:110641ms step_avg:275.91ms
step:412/500 train_loss:4.3850 train_time:110912ms step_avg:275.90ms
step:413/500 train_loss:4.7990 train_time:111186ms step_avg:275.90ms
step:414/500 train_loss:4.2652 train_time:111461ms step_avg:275.89ms
step:415/500 train_loss:4.6069 train_time:111734ms step_avg:275.89ms
step:416/500 train_loss:4.4005 train_time:112010ms step_avg:275.89ms
step:417/500 train_loss:4.3848 train_time:112282ms step_avg:275.88ms
step:418/500 train_loss:4.5574 train_time:112556ms step_avg:275.87ms
step:419/500 train_loss:4.3098 train_time:112830ms step_avg:275.87ms
step:420/500 train_loss:4.4035 train_time:113102ms step_avg:275.86ms
step:421/500 train_loss:4.3877 train_time:113375ms step_avg:275.85ms
step:422/500 train_loss:4.2680 train_time:113647ms step_avg:275.84ms
step:423/500 train_loss:4.3678 train_time:113921ms step_avg:275.84ms
step:424/500 train_loss:4.4781 train_time:114194ms step_avg:275.83ms
step:425/500 train_loss:4.3070 train_time:114467ms step_avg:275.83ms
step:426/500 train_loss:4.4593 train_time:114740ms step_avg:275.82ms
step:427/500 train_loss:4.3346 train_time:115011ms step_avg:275.81ms
step:428/500 train_loss:4.5007 train_time:115283ms step_avg:275.80ms
step:429/500 train_loss:4.4629 train_time:115556ms step_avg:275.79ms
step:430/500 train_loss:4.3696 train_time:115829ms step_avg:275.78ms
step:431/500 train_loss:4.3550 train_time:116103ms step_avg:275.78ms
step:432/500 train_loss:4.3203 train_time:116376ms step_avg:275.77ms
step:433/500 train_loss:4.3816 train_time:116648ms step_avg:275.76ms
step:434/500 train_loss:4.4600 train_time:116923ms step_avg:275.76ms
step:435/500 train_loss:4.3922 train_time:117197ms step_avg:275.76ms
step:436/500 train_loss:4.4308 train_time:117470ms step_avg:275.75ms
step:437/500 train_loss:4.4489 train_time:117743ms step_avg:275.74ms
step:438/500 train_loss:4.3422 train_time:118014ms step_avg:275.73ms
step:439/500 train_loss:4.3520 train_time:118289ms step_avg:275.73ms
step:440/500 train_loss:4.2995 train_time:118562ms step_avg:275.73ms
step:441/500 train_loss:4.4970 train_time:118836ms step_avg:275.72ms
step:442/500 train_loss:4.4075 train_time:119110ms step_avg:275.72ms
step:443/500 train_loss:4.3714 train_time:119384ms step_avg:275.71ms
step:444/500 train_loss:4.2708 train_time:119656ms step_avg:275.71ms
step:445/500 train_loss:4.5179 train_time:119929ms step_avg:275.70ms
step:446/500 train_loss:4.4493 train_time:120203ms step_avg:275.69ms
step:447/500 train_loss:4.4464 train_time:120477ms step_avg:275.69ms
step:448/500 train_loss:4.3713 train_time:120749ms step_avg:275.68ms
step:449/500 train_loss:4.4431 train_time:121022ms step_avg:275.68ms
step:450/500 train_loss:4.2912 train_time:121296ms step_avg:275.67ms
step:451/500 train_loss:4.3364 train_time:121568ms step_avg:275.66ms w_mean:1.000 w_std:0.493 w_min:0.487 w_max:1.948
step:452/500 train_loss:4.2263 train_time:121840ms step_avg:275.66ms
step:453/500 train_loss:4.3263 train_time:122113ms step_avg:275.65ms
step:454/500 train_loss:4.3011 train_time:122386ms step_avg:275.64ms
step:455/500 train_loss:4.2733 train_time:122661ms step_avg:275.64ms
step:456/500 train_loss:4.4722 train_time:122935ms step_avg:275.64ms
step:457/500 train_loss:4.3311 train_time:123210ms step_avg:275.64ms
step:458/500 train_loss:4.4206 train_time:123485ms step_avg:275.64ms
step:459/500 train_loss:4.4579 train_time:123757ms step_avg:275.63ms
step:460/500 train_loss:4.2623 train_time:124030ms step_avg:275.62ms
step:461/500 train_loss:4.4271 train_time:124303ms step_avg:275.62ms
step:462/500 train_loss:4.3385 train_time:124576ms step_avg:275.61ms
step:463/500 train_loss:4.3213 train_time:124849ms step_avg:275.60ms
step:464/500 train_loss:4.4047 train_time:125122ms step_avg:275.60ms
step:465/500 train_loss:4.3385 train_time:125396ms step_avg:275.60ms
step:466/500 train_loss:4.3427 train_time:125668ms step_avg:275.59ms
step:467/500 train_loss:4.4661 train_time:125940ms step_avg:275.58ms
step:468/500 train_loss:4.4722 train_time:126212ms step_avg:275.57ms
step:469/500 train_loss:4.4268 train_time:126486ms step_avg:275.57ms
step:470/500 train_loss:4.3425 train_time:126758ms step_avg:275.56ms
step:471/500 train_loss:4.4368 train_time:127032ms step_avg:275.56ms
step:472/500 train_loss:4.4775 train_time:127304ms step_avg:275.55ms
step:473/500 train_loss:4.3822 train_time:127578ms step_avg:275.55ms
step:474/500 train_loss:4.3560 train_time:127850ms step_avg:275.54ms
step:475/500 train_loss:4.2363 train_time:128123ms step_avg:275.53ms
step:476/500 train_loss:4.6472 train_time:128396ms step_avg:275.53ms
step:477/500 train_loss:4.4057 train_time:128669ms step_avg:275.52ms
step:478/500 train_loss:4.2259 train_time:128942ms step_avg:275.52ms
step:479/500 train_loss:4.4083 train_time:129214ms step_avg:275.51ms
step:480/500 train_loss:4.3980 train_time:129489ms step_avg:275.51ms
step:481/500 train_loss:4.5154 train_time:129763ms step_avg:275.50ms
step:482/500 train_loss:4.3583 train_time:130035ms step_avg:275.50ms
step:483/500 train_loss:4.1813 train_time:130308ms step_avg:275.49ms
step:484/500 train_loss:4.4466 train_time:130583ms step_avg:275.49ms
step:485/500 train_loss:4.3010 train_time:130857ms step_avg:275.49ms
step:486/500 train_loss:4.3220 train_time:131130ms step_avg:275.48ms
step:487/500 train_loss:4.2779 train_time:131404ms step_avg:275.48ms
step:488/500 train_loss:4.2911 train_time:131677ms step_avg:275.48ms
step:489/500 train_loss:4.4978 train_time:131950ms step_avg:275.47ms
step:490/500 train_loss:4.3604 train_time:132222ms step_avg:275.46ms
step:491/500 train_loss:4.2610 train_time:132496ms step_avg:275.46ms
step:492/500 train_loss:4.2679 train_time:132769ms step_avg:275.45ms
step:493/500 train_loss:4.3761 train_time:133041ms step_avg:275.45ms
step:494/500 train_loss:4.2267 train_time:133314ms step_avg:275.44ms
step:495/500 train_loss:4.3702 train_time:133587ms step_avg:275.44ms
step:496/500 train_loss:4.2935 train_time:133861ms step_avg:275.44ms
step:497/500 train_loss:4.2491 train_time:134133ms step_avg:275.43ms
step:498/500 train_loss:4.3730 train_time:134407ms step_avg:275.42ms
step:499/500 train_loss:4.4603 train_time:134682ms step_avg:275.42ms
step:500/500 train_loss:4.5140 train_time:134955ms step_avg:275.42ms
step:500/500 val_loss:4.3623 train_time:134956ms step_avg:275.42ms
peak memory consumption: 30603 MiB
