Command: torchrun --nproc_per_node=8 train_tw.py --seed=42 --num_iterations=500 --val_loss_every=125 --tw_enabled --tw_function=focal --tw_clamp_min=0.5 --tw_clamp_max=2.0 --tw_schedule=constant --tw_warmup_steps=1000 --tw_anneal_final=0.3 --tw_cyclical_period=500 --tw_focal_gamma=2.0 --tw_log_every=50 --tw_log_weights --tw_percentile_clamp --tw_percentile_low=0.05 --tw_percentile_high=0.95
Started: 2025-12-09T23:12:58.267346
============================================================

W1209 23:12:59.412000 85695 torch/distributed/run.py:774] 
W1209 23:12:59.412000 85695 torch/distributed/run.py:774] *****************************************
W1209 23:12:59.412000 85695 torch/distributed/run.py:774] Setting OMP_NUM_THREADS environment variable for each process to be 1 in default, to avoid your system being overloaded, please further tune the variable for optimal performance in your application as needed. 
W1209 23:12:59.412000 85695 torch/distributed/run.py:774] *****************************************
/root/ese-3060-project/tw_nano_experiments/train_tw.py/root/ese-3060-project/tw_nano_experiments/train_tw.py:218: SyntaxWarning: invalid escape sequence '\s':218: 
SyntaxWarning: invalid escape sequence '\s'
    """
"""
/root/ese-3060-project/tw_nano_experiments/train_tw.py:218: SyntaxWarning: invalid escape sequence '\s'
  """
/root/ese-3060-project/tw_nano_experiments/train_tw.py:218: SyntaxWarning: invalid escape sequence '\s'
  """
/root/ese-3060-project/tw_nano_experiments/train_tw.py/root/ese-3060-project/tw_nano_experiments/train_tw.py:218: SyntaxWarning: invalid escape sequence '\s':218: 
SyntaxWarning: invalid escape sequence '\s'
/root/ese-3060-project/tw_nano_experiments/train_tw.py:218: SyntaxWarning: invalid escape sequence '\s'
    """"""

  """
/root/ese-3060-project/tw_nano_experiments/train_tw.py:218: SyntaxWarning: invalid escape sequence '\s'
  """
using device: cuda:5
using device: cuda:7
using device: cuda:6
using device: cuda:4
using device: cuda:3
using device: cuda:0
Random seed set to 42 (deterministic=False)
using device: cuda:1
using device: cuda:2
Training DataLoader: total number of tokens: 900000000 across 9 files
Validation DataLoader: total number of tokens: 100000000 across 1 files
Token Weighting: ENABLED
  function=focal, clamp=[0.5, 2.0], schedule=constant
step:0/500 val_loss:15.9787 train_time:284ms step_avg:nanms
step:1/500 train_loss:15.9775 train_time:60827ms step_avg:nanms w_mean:1.000 w_std:0.071 w_min:0.875 w_max:1.129
step:2/500 train_loss:9.3662 train_time:61363ms step_avg:nanms
step:3/500 train_loss:9.1001 train_time:61647ms step_avg:nanms
step:4/500 train_loss:8.7111 train_time:61931ms step_avg:nanms
step:5/500 train_loss:8.2220 train_time:62213ms step_avg:nanms
step:6/500 train_loss:7.8073 train_time:62495ms step_avg:nanms
step:7/500 train_loss:7.4871 train_time:62777ms step_avg:nanms
step:8/500 train_loss:7.6958 train_time:63059ms step_avg:nanms
step:9/500 train_loss:7.3920 train_time:63342ms step_avg:nanms
step:10/500 train_loss:7.2691 train_time:63626ms step_avg:nanms
step:11/500 train_loss:7.2312 train_time:285ms step_avg:nanms
step:12/500 train_loss:7.1910 train_time:568ms step_avg:nanms
step:13/500 train_loss:7.0154 train_time:851ms step_avg:283.65ms
step:14/500 train_loss:7.0860 train_time:1135ms step_avg:283.67ms
step:15/500 train_loss:6.9871 train_time:1419ms step_avg:283.89ms
step:16/500 train_loss:7.0006 train_time:1705ms step_avg:284.09ms
step:17/500 train_loss:6.9254 train_time:1989ms step_avg:284.19ms
step:18/500 train_loss:7.0163 train_time:2271ms step_avg:283.91ms
step:19/500 train_loss:6.8019 train_time:2554ms step_avg:283.82ms
step:20/500 train_loss:6.8429 train_time:2839ms step_avg:283.89ms
step:21/500 train_loss:6.5094 train_time:3125ms step_avg:284.10ms
step:22/500 train_loss:6.8737 train_time:3410ms step_avg:284.14ms
step:23/500 train_loss:7.0786 train_time:3694ms step_avg:284.12ms
step:24/500 train_loss:6.7457 train_time:3979ms step_avg:284.23ms
step:25/500 train_loss:6.8301 train_time:4266ms step_avg:284.42ms
step:26/500 train_loss:6.5857 train_time:4550ms step_avg:284.35ms
step:27/500 train_loss:6.5025 train_time:4832ms step_avg:284.25ms
step:28/500 train_loss:6.6751 train_time:5118ms step_avg:284.36ms
step:29/500 train_loss:6.3539 train_time:5403ms step_avg:284.39ms
step:30/500 train_loss:6.5881 train_time:5689ms step_avg:284.47ms
step:31/500 train_loss:6.4809 train_time:5972ms step_avg:284.39ms
step:32/500 train_loss:6.4130 train_time:6257ms step_avg:284.41ms
step:33/500 train_loss:6.2885 train_time:6546ms step_avg:284.61ms
step:34/500 train_loss:6.5736 train_time:6830ms step_avg:284.60ms
step:35/500 train_loss:6.4946 train_time:7115ms step_avg:284.59ms
step:36/500 train_loss:6.6020 train_time:7402ms step_avg:284.69ms
step:37/500 train_loss:6.5624 train_time:7688ms step_avg:284.76ms
step:38/500 train_loss:6.4275 train_time:7973ms step_avg:284.73ms
step:39/500 train_loss:6.3440 train_time:8257ms step_avg:284.72ms
step:40/500 train_loss:6.4033 train_time:8545ms step_avg:284.82ms
step:41/500 train_loss:6.3018 train_time:8831ms step_avg:284.87ms
step:42/500 train_loss:6.3292 train_time:9116ms step_avg:284.88ms
step:43/500 train_loss:6.2149 train_time:9402ms step_avg:284.91ms
step:44/500 train_loss:6.2913 train_time:9687ms step_avg:284.92ms
step:45/500 train_loss:6.2905 train_time:9972ms step_avg:284.93ms
step:46/500 train_loss:6.4451 train_time:10257ms step_avg:284.92ms
step:47/500 train_loss:6.2821 train_time:10545ms step_avg:284.99ms
step:48/500 train_loss:6.1300 train_time:10832ms step_avg:285.06ms
step:49/500 train_loss:6.3508 train_time:11114ms step_avg:284.98ms
step:50/500 train_loss:6.2193 train_time:11401ms step_avg:285.01ms
step:51/500 train_loss:6.3637 train_time:11684ms step_avg:284.98ms w_mean:1.000 w_std:0.714 w_min:0.154 w_max:2.555
step:52/500 train_loss:6.2304 train_time:11969ms step_avg:284.98ms
step:53/500 train_loss:6.1375 train_time:12254ms step_avg:284.97ms
step:54/500 train_loss:6.1949 train_time:12539ms step_avg:284.97ms
step:55/500 train_loss:6.1757 train_time:12827ms step_avg:285.05ms
step:56/500 train_loss:6.4000 train_time:13113ms step_avg:285.06ms
step:57/500 train_loss:6.1800 train_time:13399ms step_avg:285.09ms
step:58/500 train_loss:6.0083 train_time:13689ms step_avg:285.18ms
step:59/500 train_loss:6.2042 train_time:13974ms step_avg:285.18ms
step:60/500 train_loss:6.1076 train_time:14259ms step_avg:285.19ms
step:61/500 train_loss:6.2227 train_time:14548ms step_avg:285.25ms
step:62/500 train_loss:6.0241 train_time:14833ms step_avg:285.26ms
step:63/500 train_loss:6.1281 train_time:15122ms step_avg:285.31ms
step:64/500 train_loss:6.0764 train_time:15409ms step_avg:285.36ms
step:65/500 train_loss:5.9968 train_time:15694ms step_avg:285.34ms
step:66/500 train_loss:5.9120 train_time:15982ms step_avg:285.40ms
step:67/500 train_loss:6.1234 train_time:16268ms step_avg:285.40ms
step:68/500 train_loss:5.9310 train_time:16553ms step_avg:285.40ms
step:69/500 train_loss:6.2105 train_time:16841ms step_avg:285.44ms
step:70/500 train_loss:5.8596 train_time:17129ms step_avg:285.48ms
step:71/500 train_loss:5.9321 train_time:17414ms step_avg:285.47ms
step:72/500 train_loss:6.0645 train_time:17701ms step_avg:285.50ms
step:73/500 train_loss:6.0462 train_time:17990ms step_avg:285.55ms
step:74/500 train_loss:5.9403 train_time:18274ms step_avg:285.54ms
step:75/500 train_loss:6.0272 train_time:18562ms step_avg:285.56ms
step:76/500 train_loss:6.0211 train_time:18849ms step_avg:285.60ms
step:77/500 train_loss:5.9714 train_time:19134ms step_avg:285.58ms
step:78/500 train_loss:6.0579 train_time:19423ms step_avg:285.63ms
step:79/500 train_loss:6.0568 train_time:19710ms step_avg:285.66ms
step:80/500 train_loss:5.9409 train_time:19997ms step_avg:285.67ms
step:81/500 train_loss:6.0070 train_time:20288ms step_avg:285.75ms
step:82/500 train_loss:5.8194 train_time:20573ms step_avg:285.74ms
step:83/500 train_loss:5.9624 train_time:20860ms step_avg:285.75ms
step:84/500 train_loss:5.9419 train_time:21149ms step_avg:285.80ms
step:85/500 train_loss:5.9114 train_time:21435ms step_avg:285.80ms
step:86/500 train_loss:5.7499 train_time:21725ms step_avg:285.85ms
step:87/500 train_loss:5.9762 train_time:22011ms step_avg:285.86ms
step:88/500 train_loss:5.8588 train_time:22298ms step_avg:285.87ms
step:89/500 train_loss:5.9551 train_time:22587ms step_avg:285.92ms
step:90/500 train_loss:5.9157 train_time:22873ms step_avg:285.92ms
step:91/500 train_loss:5.8431 train_time:23160ms step_avg:285.93ms
step:92/500 train_loss:5.8432 train_time:23450ms step_avg:285.97ms
step:93/500 train_loss:5.9343 train_time:23736ms step_avg:285.98ms
step:94/500 train_loss:5.7749 train_time:24028ms step_avg:286.05ms
step:95/500 train_loss:5.7902 train_time:24314ms step_avg:286.05ms
step:96/500 train_loss:5.7777 train_time:24602ms step_avg:286.07ms
step:97/500 train_loss:5.7552 train_time:24890ms step_avg:286.10ms
step:98/500 train_loss:5.7754 train_time:25177ms step_avg:286.10ms
step:99/500 train_loss:5.7463 train_time:25464ms step_avg:286.11ms
step:100/500 train_loss:5.8133 train_time:25751ms step_avg:286.12ms
step:101/500 train_loss:5.8121 train_time:26036ms step_avg:286.11ms w_mean:1.000 w_std:0.751 w_min:0.137 w_max:2.719
step:102/500 train_loss:5.7061 train_time:26326ms step_avg:286.15ms
step:103/500 train_loss:5.8206 train_time:26613ms step_avg:286.17ms
step:104/500 train_loss:5.7604 train_time:26901ms step_avg:286.18ms
step:105/500 train_loss:5.6470 train_time:27190ms step_avg:286.22ms
step:106/500 train_loss:5.7114 train_time:27476ms step_avg:286.21ms
step:107/500 train_loss:5.9075 train_time:27765ms step_avg:286.23ms
step:108/500 train_loss:5.7021 train_time:28051ms step_avg:286.24ms
step:109/500 train_loss:5.5083 train_time:28339ms step_avg:286.25ms
step:110/500 train_loss:5.6791 train_time:28628ms step_avg:286.28ms
step:111/500 train_loss:5.6651 train_time:28914ms step_avg:286.28ms
step:112/500 train_loss:5.6344 train_time:29203ms step_avg:286.31ms
step:113/500 train_loss:5.7080 train_time:29492ms step_avg:286.33ms
step:114/500 train_loss:5.6861 train_time:29780ms step_avg:286.35ms
step:115/500 train_loss:5.4869 train_time:30068ms step_avg:286.36ms
step:116/500 train_loss:5.7245 train_time:30354ms step_avg:286.36ms
step:117/500 train_loss:5.5152 train_time:30644ms step_avg:286.39ms
step:118/500 train_loss:5.5794 train_time:30931ms step_avg:286.40ms
step:119/500 train_loss:5.6274 train_time:31218ms step_avg:286.40ms
step:120/500 train_loss:5.6628 train_time:31505ms step_avg:286.41ms
step:121/500 train_loss:5.5629 train_time:31793ms step_avg:286.43ms
step:122/500 train_loss:5.4972 train_time:32081ms step_avg:286.44ms
step:123/500 train_loss:5.5338 train_time:32371ms step_avg:286.47ms
step:124/500 train_loss:5.4711 train_time:32659ms step_avg:286.49ms
step:125/500 train_loss:5.7016 train_time:32950ms step_avg:286.52ms
step:125/500 val_loss:5.5824 train_time:32950ms step_avg:286.52ms
step:126/500 train_loss:5.5864 train_time:33223ms step_avg:286.41ms
step:127/500 train_loss:5.5452 train_time:33516ms step_avg:286.46ms
step:128/500 train_loss:5.6485 train_time:33804ms step_avg:286.47ms
step:129/500 train_loss:5.4829 train_time:34091ms step_avg:286.48ms
step:130/500 train_loss:5.7264 train_time:34380ms step_avg:286.50ms
step:131/500 train_loss:5.5681 train_time:34667ms step_avg:286.50ms
step:132/500 train_loss:5.5220 train_time:34957ms step_avg:286.54ms
step:133/500 train_loss:5.5124 train_time:35245ms step_avg:286.54ms
step:134/500 train_loss:5.4949 train_time:35534ms step_avg:286.57ms
step:135/500 train_loss:5.4880 train_time:35822ms step_avg:286.58ms
step:136/500 train_loss:5.5287 train_time:36109ms step_avg:286.58ms
step:137/500 train_loss:5.3743 train_time:36397ms step_avg:286.59ms
step:138/500 train_loss:5.4585 train_time:36684ms step_avg:286.60ms
step:139/500 train_loss:5.4824 train_time:36972ms step_avg:286.60ms
step:140/500 train_loss:5.4351 train_time:37261ms step_avg:286.62ms
step:141/500 train_loss:5.5207 train_time:37547ms step_avg:286.62ms
step:142/500 train_loss:5.4175 train_time:37837ms step_avg:286.65ms
step:143/500 train_loss:5.5144 train_time:38124ms step_avg:286.65ms
step:144/500 train_loss:5.3273 train_time:38413ms step_avg:286.66ms
step:145/500 train_loss:5.4895 train_time:38702ms step_avg:286.68ms
step:146/500 train_loss:5.4031 train_time:38988ms step_avg:286.68ms
step:147/500 train_loss:5.3470 train_time:39278ms step_avg:286.70ms
step:148/500 train_loss:5.4270 train_time:39565ms step_avg:286.71ms
step:149/500 train_loss:5.4151 train_time:39852ms step_avg:286.70ms
step:150/500 train_loss:5.4576 train_time:40141ms step_avg:286.72ms
step:151/500 train_loss:5.4882 train_time:40428ms step_avg:286.73ms w_mean:1.000 w_std:0.794 w_min:0.120 w_max:2.854
step:152/500 train_loss:5.4184 train_time:40717ms step_avg:286.74ms
step:153/500 train_loss:5.3799 train_time:41006ms step_avg:286.75ms
step:154/500 train_loss:5.4392 train_time:41294ms step_avg:286.77ms
step:155/500 train_loss:5.4154 train_time:41583ms step_avg:286.78ms
step:156/500 train_loss:5.3701 train_time:41871ms step_avg:286.79ms
step:157/500 train_loss:5.4118 train_time:42160ms step_avg:286.81ms
step:158/500 train_loss:5.5005 train_time:42447ms step_avg:286.80ms
step:159/500 train_loss:5.3475 train_time:42737ms step_avg:286.82ms
step:160/500 train_loss:5.3432 train_time:43024ms step_avg:286.83ms
step:161/500 train_loss:5.2652 train_time:43311ms step_avg:286.83ms
step:162/500 train_loss:5.3602 train_time:43601ms step_avg:286.85ms
step:163/500 train_loss:5.4183 train_time:43888ms step_avg:286.85ms
step:164/500 train_loss:5.4011 train_time:44178ms step_avg:286.87ms
step:165/500 train_loss:5.2311 train_time:44465ms step_avg:286.87ms
step:166/500 train_loss:5.3565 train_time:44751ms step_avg:286.87ms
step:167/500 train_loss:5.4636 train_time:45042ms step_avg:286.89ms
step:168/500 train_loss:5.3124 train_time:45329ms step_avg:286.89ms
step:169/500 train_loss:5.3360 train_time:45617ms step_avg:286.90ms
step:170/500 train_loss:5.2579 train_time:45904ms step_avg:286.90ms
step:171/500 train_loss:5.1947 train_time:46192ms step_avg:286.91ms
step:172/500 train_loss:5.2868 train_time:46481ms step_avg:286.92ms
step:173/500 train_loss:5.2534 train_time:46769ms step_avg:286.92ms
step:174/500 train_loss:5.3146 train_time:47058ms step_avg:286.94ms
step:175/500 train_loss:5.4197 train_time:47345ms step_avg:286.94ms
step:176/500 train_loss:5.3472 train_time:47632ms step_avg:286.94ms
step:177/500 train_loss:5.1800 train_time:47921ms step_avg:286.95ms
step:178/500 train_loss:5.1741 train_time:48208ms step_avg:286.95ms
step:179/500 train_loss:5.1898 train_time:48497ms step_avg:286.97ms
step:180/500 train_loss:5.2589 train_time:48785ms step_avg:286.97ms
step:181/500 train_loss:5.2216 train_time:49074ms step_avg:286.98ms
step:182/500 train_loss:5.3436 train_time:49361ms step_avg:286.98ms
step:183/500 train_loss:5.2187 train_time:49649ms step_avg:286.99ms
step:184/500 train_loss:5.1913 train_time:49940ms step_avg:287.01ms
step:185/500 train_loss:5.1741 train_time:50226ms step_avg:287.01ms
step:186/500 train_loss:5.3395 train_time:50514ms step_avg:287.01ms
step:187/500 train_loss:5.1789 train_time:50803ms step_avg:287.02ms
step:188/500 train_loss:5.4279 train_time:51091ms step_avg:287.03ms
step:189/500 train_loss:5.2326 train_time:51690ms step_avg:288.77ms
step:190/500 train_loss:5.1683 train_time:52314ms step_avg:290.64ms
step:191/500 train_loss:5.2957 train_time:52602ms step_avg:290.62ms
step:192/500 train_loss:5.1756 train_time:52888ms step_avg:290.60ms
step:193/500 train_loss:5.0634 train_time:53179ms step_avg:290.59ms
step:194/500 train_loss:5.2728 train_time:53464ms step_avg:290.57ms
step:195/500 train_loss:5.1965 train_time:53751ms step_avg:290.54ms
step:196/500 train_loss:5.3890 train_time:54040ms step_avg:290.54ms
step:197/500 train_loss:5.2773 train_time:54326ms step_avg:290.51ms
step:198/500 train_loss:5.1563 train_time:54614ms step_avg:290.50ms
step:199/500 train_loss:5.1669 train_time:54902ms step_avg:290.49ms
step:200/500 train_loss:5.0881 train_time:55190ms step_avg:290.47ms
step:201/500 train_loss:5.1566 train_time:55479ms step_avg:290.47ms w_mean:1.000 w_std:0.829 w_min:0.100 w_max:2.981
step:202/500 train_loss:5.1077 train_time:55765ms step_avg:290.44ms
step:203/500 train_loss:5.2599 train_time:56053ms step_avg:290.43ms
step:204/500 train_loss:5.2463 train_time:56343ms step_avg:290.43ms
step:205/500 train_loss:5.1347 train_time:56626ms step_avg:290.39ms
step:206/500 train_loss:5.3361 train_time:56914ms step_avg:290.38ms
step:207/500 train_loss:5.0054 train_time:57202ms step_avg:290.37ms
step:208/500 train_loss:5.1807 train_time:57488ms step_avg:290.34ms
step:209/500 train_loss:5.1006 train_time:57777ms step_avg:290.34ms
step:210/500 train_loss:5.2765 train_time:58064ms step_avg:290.32ms
step:211/500 train_loss:5.1844 train_time:58352ms step_avg:290.31ms
step:212/500 train_loss:5.1046 train_time:58643ms step_avg:290.31ms
step:213/500 train_loss:5.2219 train_time:58929ms step_avg:290.29ms
step:214/500 train_loss:5.0827 train_time:59217ms step_avg:290.28ms
step:215/500 train_loss:5.1337 train_time:59504ms step_avg:290.27ms
step:216/500 train_loss:5.0555 train_time:59792ms step_avg:290.25ms
step:217/500 train_loss:5.1288 train_time:60081ms step_avg:290.25ms
step:218/500 train_loss:5.1396 train_time:60369ms step_avg:290.24ms
step:219/500 train_loss:5.0614 train_time:60656ms step_avg:290.22ms
step:220/500 train_loss:5.1149 train_time:60944ms step_avg:290.21ms
step:221/500 train_loss:5.1169 train_time:61231ms step_avg:290.20ms
step:222/500 train_loss:5.1528 train_time:61520ms step_avg:290.19ms
step:223/500 train_loss:5.1115 train_time:61807ms step_avg:290.17ms
step:224/500 train_loss:5.1284 train_time:62096ms step_avg:290.17ms
step:225/500 train_loss:5.2039 train_time:62384ms step_avg:290.16ms
step:226/500 train_loss:4.9755 train_time:62671ms step_avg:290.14ms
step:227/500 train_loss:5.0075 train_time:62960ms step_avg:290.14ms
step:228/500 train_loss:5.0078 train_time:63247ms step_avg:290.13ms
step:229/500 train_loss:5.1241 train_time:63538ms step_avg:290.13ms
step:230/500 train_loss:5.0292 train_time:63825ms step_avg:290.12ms
step:231/500 train_loss:5.1231 train_time:64113ms step_avg:290.10ms
step:232/500 train_loss:5.0342 train_time:64402ms step_avg:290.10ms
step:233/500 train_loss:4.9521 train_time:64696ms step_avg:290.12ms
step:234/500 train_loss:5.1854 train_time:64983ms step_avg:290.10ms
step:235/500 train_loss:5.0006 train_time:65271ms step_avg:290.09ms
step:236/500 train_loss:4.9669 train_time:65560ms step_avg:290.09ms
step:237/500 train_loss:5.1938 train_time:65846ms step_avg:290.07ms
step:238/500 train_loss:5.0680 train_time:66137ms step_avg:290.07ms
step:239/500 train_loss:5.0106 train_time:66425ms step_avg:290.07ms
step:240/500 train_loss:5.1304 train_time:66712ms step_avg:290.05ms
step:241/500 train_loss:5.1104 train_time:67003ms step_avg:290.06ms
step:242/500 train_loss:5.0233 train_time:67290ms step_avg:290.04ms
step:243/500 train_loss:5.1784 train_time:67580ms step_avg:290.04ms
step:244/500 train_loss:5.0056 train_time:67867ms step_avg:290.03ms
step:245/500 train_loss:5.0404 train_time:68156ms step_avg:290.02ms
step:246/500 train_loss:5.0800 train_time:68442ms step_avg:290.01ms
step:247/500 train_loss:5.0549 train_time:68729ms step_avg:289.99ms
step:248/500 train_loss:5.0060 train_time:69017ms step_avg:289.99ms
step:249/500 train_loss:5.1905 train_time:69304ms step_avg:289.98ms
step:250/500 train_loss:4.9257 train_time:69591ms step_avg:289.96ms
step:250/500 val_loss:5.0139 train_time:69592ms step_avg:289.97ms
step:251/500 train_loss:4.9569 train_time:69866ms step_avg:289.90ms w_mean:1.000 w_std:0.857 w_min:0.083 w_max:3.075
step:252/500 train_loss:5.0839 train_time:70160ms step_avg:289.92ms
step:253/500 train_loss:5.0478 train_time:70448ms step_avg:289.91ms
step:254/500 train_loss:4.9937 train_time:70736ms step_avg:289.90ms
step:255/500 train_loss:4.9665 train_time:71024ms step_avg:289.89ms
step:256/500 train_loss:5.0954 train_time:71310ms step_avg:289.88ms
step:257/500 train_loss:5.0549 train_time:71599ms step_avg:289.87ms
step:258/500 train_loss:5.0428 train_time:71886ms step_avg:289.86ms
step:259/500 train_loss:4.9582 train_time:72173ms step_avg:289.85ms
step:260/500 train_loss:4.9799 train_time:72463ms step_avg:289.85ms
step:261/500 train_loss:5.0334 train_time:72748ms step_avg:289.83ms
step:262/500 train_loss:5.0328 train_time:73038ms step_avg:289.83ms
step:263/500 train_loss:4.9697 train_time:73327ms step_avg:289.83ms
step:264/500 train_loss:4.9144 train_time:73616ms step_avg:289.83ms
step:265/500 train_loss:4.9640 train_time:73903ms step_avg:289.81ms
step:266/500 train_loss:4.8576 train_time:74191ms step_avg:289.81ms
step:267/500 train_loss:4.8670 train_time:74482ms step_avg:289.81ms
step:268/500 train_loss:4.9454 train_time:74769ms step_avg:289.80ms
step:269/500 train_loss:4.8605 train_time:75058ms step_avg:289.80ms
step:270/500 train_loss:4.8810 train_time:75346ms step_avg:289.79ms
step:271/500 train_loss:5.0320 train_time:75634ms step_avg:289.79ms
step:272/500 train_loss:5.0143 train_time:75923ms step_avg:289.78ms
step:273/500 train_loss:4.8595 train_time:76210ms step_avg:289.77ms
step:274/500 train_loss:4.9224 train_time:76498ms step_avg:289.77ms
step:275/500 train_loss:5.0137 train_time:76786ms step_avg:289.76ms
step:276/500 train_loss:5.0201 train_time:77073ms step_avg:289.75ms
step:277/500 train_loss:5.2179 train_time:77360ms step_avg:289.74ms
step:278/500 train_loss:4.9754 train_time:77646ms step_avg:289.72ms
step:279/500 train_loss:5.1122 train_time:77935ms step_avg:289.72ms
step:280/500 train_loss:4.9528 train_time:78223ms step_avg:289.71ms
step:281/500 train_loss:5.0069 train_time:78511ms step_avg:289.71ms
step:282/500 train_loss:4.9163 train_time:78801ms step_avg:289.71ms
step:283/500 train_loss:5.0396 train_time:79087ms step_avg:289.69ms
step:284/500 train_loss:4.8584 train_time:79376ms step_avg:289.69ms
step:285/500 train_loss:5.0205 train_time:79663ms step_avg:289.68ms
step:286/500 train_loss:5.0044 train_time:79950ms step_avg:289.68ms
step:287/500 train_loss:5.0286 train_time:80241ms step_avg:289.68ms
step:288/500 train_loss:4.9155 train_time:80528ms step_avg:289.67ms
step:289/500 train_loss:4.9590 train_time:80822ms step_avg:289.68ms
step:290/500 train_loss:4.8295 train_time:81103ms step_avg:289.65ms
step:291/500 train_loss:4.8388 train_time:81390ms step_avg:289.65ms
step:292/500 train_loss:4.9631 train_time:81682ms step_avg:289.65ms
step:293/500 train_loss:4.8623 train_time:81968ms step_avg:289.64ms
step:294/500 train_loss:4.8943 train_time:82256ms step_avg:289.63ms
step:295/500 train_loss:4.9292 train_time:82544ms step_avg:289.63ms
step:296/500 train_loss:4.8000 train_time:82832ms step_avg:289.62ms
step:297/500 train_loss:4.7929 train_time:83122ms step_avg:289.62ms
step:298/500 train_loss:4.8219 train_time:83408ms step_avg:289.61ms
step:299/500 train_loss:4.9001 train_time:83695ms step_avg:289.60ms
step:300/500 train_loss:4.8040 train_time:83983ms step_avg:289.60ms
step:301/500 train_loss:4.9679 train_time:84270ms step_avg:289.59ms w_mean:1.000 w_std:0.852 w_min:0.085 w_max:3.067
step:302/500 train_loss:4.9364 train_time:84559ms step_avg:289.58ms
step:303/500 train_loss:4.8586 train_time:84845ms step_avg:289.57ms
step:304/500 train_loss:4.9242 train_time:85132ms step_avg:289.57ms
step:305/500 train_loss:4.9131 train_time:85422ms step_avg:289.57ms
step:306/500 train_loss:5.3355 train_time:85707ms step_avg:289.55ms
step:307/500 train_loss:4.8836 train_time:85997ms step_avg:289.55ms
step:308/500 train_loss:4.7815 train_time:86285ms step_avg:289.55ms
step:309/500 train_loss:4.9638 train_time:86572ms step_avg:289.54ms
step:310/500 train_loss:4.7864 train_time:86861ms step_avg:289.54ms
step:311/500 train_loss:4.9744 train_time:87147ms step_avg:289.52ms
step:312/500 train_loss:4.9369 train_time:87436ms step_avg:289.52ms
step:313/500 train_loss:4.8135 train_time:87723ms step_avg:289.52ms
step:314/500 train_loss:4.9622 train_time:88011ms step_avg:289.51ms
step:315/500 train_loss:5.0603 train_time:88300ms step_avg:289.51ms
step:316/500 train_loss:4.9272 train_time:88585ms step_avg:289.49ms
step:317/500 train_loss:4.8252 train_time:88873ms step_avg:289.49ms
step:318/500 train_loss:4.8342 train_time:89162ms step_avg:289.49ms
step:319/500 train_loss:4.8334 train_time:89449ms step_avg:289.48ms
step:320/500 train_loss:4.7904 train_time:89739ms step_avg:289.48ms
step:321/500 train_loss:4.8784 train_time:90026ms step_avg:289.47ms
step:322/500 train_loss:4.8801 train_time:90315ms step_avg:289.47ms
step:323/500 train_loss:4.8505 train_time:90603ms step_avg:289.47ms
step:324/500 train_loss:4.9265 train_time:90890ms step_avg:289.46ms
step:325/500 train_loss:4.9211 train_time:91181ms step_avg:289.46ms
step:326/500 train_loss:4.9712 train_time:91467ms step_avg:289.45ms
step:327/500 train_loss:4.8323 train_time:91754ms step_avg:289.44ms
step:328/500 train_loss:5.2364 train_time:92043ms step_avg:289.44ms
step:329/500 train_loss:4.9843 train_time:92330ms step_avg:289.44ms
step:330/500 train_loss:4.8047 train_time:92621ms step_avg:289.44ms
step:331/500 train_loss:4.7609 train_time:92909ms step_avg:289.43ms
step:332/500 train_loss:4.8995 train_time:93196ms step_avg:289.43ms
step:333/500 train_loss:4.8297 train_time:93484ms step_avg:289.42ms
step:334/500 train_loss:4.8084 train_time:93771ms step_avg:289.42ms
step:335/500 train_loss:4.7812 train_time:94061ms step_avg:289.42ms
step:336/500 train_loss:4.9620 train_time:94348ms step_avg:289.41ms
step:337/500 train_loss:4.9065 train_time:94637ms step_avg:289.41ms
step:338/500 train_loss:5.3834 train_time:94923ms step_avg:289.40ms
step:339/500 train_loss:4.8891 train_time:95212ms step_avg:289.40ms
step:340/500 train_loss:4.8301 train_time:95501ms step_avg:289.40ms
step:341/500 train_loss:4.8250 train_time:95788ms step_avg:289.39ms
step:342/500 train_loss:4.7698 train_time:96077ms step_avg:289.39ms
step:343/500 train_loss:4.7558 train_time:96364ms step_avg:289.38ms
step:344/500 train_loss:4.8255 train_time:96651ms step_avg:289.37ms
step:345/500 train_loss:4.8873 train_time:96942ms step_avg:289.38ms
step:346/500 train_loss:4.8007 train_time:97228ms step_avg:289.37ms
step:347/500 train_loss:4.7560 train_time:97520ms step_avg:289.38ms
step:348/500 train_loss:4.8111 train_time:97808ms step_avg:289.37ms
step:349/500 train_loss:4.7984 train_time:98096ms step_avg:289.37ms
step:350/500 train_loss:4.7222 train_time:98384ms step_avg:289.37ms
step:351/500 train_loss:4.4350 train_time:98672ms step_avg:289.36ms w_mean:1.000 w_std:0.904 w_min:0.078 w_max:3.324
step:352/500 train_loss:4.7088 train_time:98960ms step_avg:289.36ms
step:353/500 train_loss:5.0165 train_time:99247ms step_avg:289.35ms
step:354/500 train_loss:4.6135 train_time:99535ms step_avg:289.35ms
step:355/500 train_loss:4.8122 train_time:99823ms step_avg:289.34ms
step:356/500 train_loss:4.7513 train_time:100116ms step_avg:289.35ms
step:357/500 train_loss:4.8245 train_time:100404ms step_avg:289.35ms
step:358/500 train_loss:4.8808 train_time:100693ms step_avg:289.35ms
step:359/500 train_loss:4.7427 train_time:100984ms step_avg:289.35ms
step:360/500 train_loss:5.0621 train_time:101271ms step_avg:289.35ms
step:361/500 train_loss:4.5336 train_time:101560ms step_avg:289.34ms
step:362/500 train_loss:4.9385 train_time:101846ms step_avg:289.34ms
step:363/500 train_loss:4.8530 train_time:102133ms step_avg:289.33ms
step:364/500 train_loss:4.7433 train_time:102422ms step_avg:289.33ms
step:365/500 train_loss:4.6913 train_time:102709ms step_avg:289.32ms
step:366/500 train_loss:4.8344 train_time:102998ms step_avg:289.32ms
step:367/500 train_loss:4.7607 train_time:103286ms step_avg:289.32ms
step:368/500 train_loss:4.7496 train_time:103573ms step_avg:289.31ms
step:369/500 train_loss:4.7543 train_time:103861ms step_avg:289.31ms
step:370/500 train_loss:4.6676 train_time:104148ms step_avg:289.30ms
step:371/500 train_loss:4.7850 train_time:104437ms step_avg:289.30ms
step:372/500 train_loss:4.7536 train_time:104726ms step_avg:289.30ms
step:373/500 train_loss:4.6205 train_time:105014ms step_avg:289.29ms
step:374/500 train_loss:4.7820 train_time:105303ms step_avg:289.29ms
step:375/500 train_loss:4.7564 train_time:105589ms step_avg:289.29ms
step:375/500 val_loss:4.7531 train_time:105590ms step_avg:289.29ms
step:376/500 train_loss:4.7368 train_time:105862ms step_avg:289.24ms
step:377/500 train_loss:4.8082 train_time:106155ms step_avg:289.25ms
step:378/500 train_loss:4.6962 train_time:106755ms step_avg:290.10ms
step:379/500 train_loss:4.7188 train_time:107042ms step_avg:290.09ms
step:380/500 train_loss:4.8200 train_time:107638ms step_avg:290.91ms
step:381/500 train_loss:4.8226 train_time:107922ms step_avg:290.90ms
step:382/500 train_loss:4.7966 train_time:108209ms step_avg:290.88ms
step:383/500 train_loss:4.7958 train_time:108498ms step_avg:290.88ms
step:384/500 train_loss:4.6728 train_time:108784ms step_avg:290.87ms
step:385/500 train_loss:4.7650 train_time:109073ms step_avg:290.86ms
step:386/500 train_loss:4.6923 train_time:109361ms step_avg:290.85ms
step:387/500 train_loss:4.8058 train_time:109647ms step_avg:290.84ms
step:388/500 train_loss:5.0045 train_time:109937ms step_avg:290.84ms
step:389/500 train_loss:4.7072 train_time:110224ms step_avg:290.83ms
step:390/500 train_loss:4.6688 train_time:110511ms step_avg:290.82ms
step:391/500 train_loss:4.7775 train_time:110801ms step_avg:290.81ms
step:392/500 train_loss:4.7246 train_time:111087ms step_avg:290.80ms
step:393/500 train_loss:4.8051 train_time:111374ms step_avg:290.79ms
step:394/500 train_loss:4.6573 train_time:111659ms step_avg:290.78ms
step:395/500 train_loss:4.7740 train_time:111946ms step_avg:290.77ms
step:396/500 train_loss:4.6030 train_time:112237ms step_avg:290.77ms
step:397/500 train_loss:4.7154 train_time:112522ms step_avg:290.76ms
step:398/500 train_loss:4.8385 train_time:112810ms step_avg:290.75ms
step:399/500 train_loss:4.7516 train_time:113100ms step_avg:290.75ms
step:400/500 train_loss:4.7012 train_time:113385ms step_avg:290.73ms
step:401/500 train_loss:4.7632 train_time:113674ms step_avg:290.73ms w_mean:1.000 w_std:0.881 w_min:0.074 w_max:3.175
step:402/500 train_loss:4.7802 train_time:113960ms step_avg:290.71ms
step:403/500 train_loss:4.7687 train_time:114247ms step_avg:290.70ms
step:404/500 train_loss:4.8352 train_time:114538ms step_avg:290.71ms
step:405/500 train_loss:4.6587 train_time:114824ms step_avg:290.69ms
step:406/500 train_loss:4.6803 train_time:115112ms step_avg:290.69ms
step:407/500 train_loss:4.9313 train_time:115401ms step_avg:290.68ms
step:408/500 train_loss:4.7239 train_time:115688ms step_avg:290.67ms
step:409/500 train_loss:4.7079 train_time:115978ms step_avg:290.67ms
step:410/500 train_loss:4.7567 train_time:116264ms step_avg:290.66ms
step:411/500 train_loss:4.6586 train_time:116551ms step_avg:290.65ms
step:412/500 train_loss:4.6783 train_time:116841ms step_avg:290.65ms
step:413/500 train_loss:5.0589 train_time:117128ms step_avg:290.64ms
step:414/500 train_loss:4.5661 train_time:117417ms step_avg:290.64ms
step:415/500 train_loss:4.8763 train_time:117704ms step_avg:290.63ms
step:416/500 train_loss:4.6818 train_time:117991ms step_avg:290.62ms
step:417/500 train_loss:4.6728 train_time:118281ms step_avg:290.62ms
step:418/500 train_loss:4.8233 train_time:118567ms step_avg:290.60ms
step:419/500 train_loss:4.5937 train_time:118856ms step_avg:290.60ms
step:420/500 train_loss:4.6774 train_time:119144ms step_avg:290.60ms
step:421/500 train_loss:4.6875 train_time:119431ms step_avg:290.59ms
step:422/500 train_loss:4.5610 train_time:119719ms step_avg:290.58ms
step:423/500 train_loss:4.6452 train_time:120005ms step_avg:290.57ms
step:424/500 train_loss:4.7518 train_time:120295ms step_avg:290.57ms
step:425/500 train_loss:4.6063 train_time:120582ms step_avg:290.56ms
step:426/500 train_loss:4.7546 train_time:120868ms step_avg:290.55ms
step:427/500 train_loss:4.6264 train_time:121155ms step_avg:290.54ms
step:428/500 train_loss:4.7664 train_time:121443ms step_avg:290.53ms
step:429/500 train_loss:4.7508 train_time:121730ms step_avg:290.52ms
step:430/500 train_loss:4.6463 train_time:122017ms step_avg:290.52ms
step:431/500 train_loss:4.6371 train_time:122304ms step_avg:290.51ms
step:432/500 train_loss:4.6133 train_time:122593ms step_avg:290.51ms
step:433/500 train_loss:4.6728 train_time:122882ms step_avg:290.50ms
step:434/500 train_loss:4.7509 train_time:123169ms step_avg:290.49ms
step:435/500 train_loss:4.6850 train_time:123459ms step_avg:290.49ms
step:436/500 train_loss:4.7190 train_time:123745ms step_avg:290.48ms
step:437/500 train_loss:4.7288 train_time:124034ms step_avg:290.48ms
step:438/500 train_loss:4.6376 train_time:124321ms step_avg:290.47ms
step:439/500 train_loss:4.6434 train_time:124609ms step_avg:290.46ms
step:440/500 train_loss:4.5724 train_time:124900ms step_avg:290.46ms
step:441/500 train_loss:4.7703 train_time:125186ms step_avg:290.45ms
step:442/500 train_loss:4.6984 train_time:125476ms step_avg:290.45ms
step:443/500 train_loss:4.6569 train_time:125762ms step_avg:290.44ms
step:444/500 train_loss:4.5717 train_time:126050ms step_avg:290.44ms
step:445/500 train_loss:4.7897 train_time:126341ms step_avg:290.44ms
step:446/500 train_loss:4.7265 train_time:126627ms step_avg:290.43ms
step:447/500 train_loss:4.7286 train_time:126916ms step_avg:290.43ms
step:448/500 train_loss:4.6578 train_time:127204ms step_avg:290.42ms
step:449/500 train_loss:4.7211 train_time:127493ms step_avg:290.42ms
step:450/500 train_loss:4.5773 train_time:127781ms step_avg:290.41ms
step:451/500 train_loss:4.6107 train_time:128069ms step_avg:290.41ms w_mean:1.000 w_std:0.896 w_min:0.076 w_max:3.237
step:452/500 train_loss:4.5216 train_time:128358ms step_avg:290.40ms
step:453/500 train_loss:4.6145 train_time:128645ms step_avg:290.40ms
step:454/500 train_loss:4.5839 train_time:128935ms step_avg:290.39ms
step:455/500 train_loss:4.5818 train_time:129221ms step_avg:290.39ms
step:456/500 train_loss:4.7443 train_time:129510ms step_avg:290.38ms
step:457/500 train_loss:4.6122 train_time:129800ms step_avg:290.38ms
step:458/500 train_loss:4.7017 train_time:130086ms step_avg:290.37ms
step:459/500 train_loss:4.7396 train_time:130376ms step_avg:290.37ms
step:460/500 train_loss:4.5571 train_time:130663ms step_avg:290.36ms
step:461/500 train_loss:4.7084 train_time:130950ms step_avg:290.36ms
step:462/500 train_loss:4.6410 train_time:131241ms step_avg:290.36ms
step:463/500 train_loss:4.5943 train_time:131528ms step_avg:290.35ms
step:464/500 train_loss:4.6991 train_time:131817ms step_avg:290.35ms
step:465/500 train_loss:4.6263 train_time:132104ms step_avg:290.34ms
step:466/500 train_loss:4.6351 train_time:132393ms step_avg:290.34ms
step:467/500 train_loss:4.7490 train_time:132682ms step_avg:290.33ms
step:468/500 train_loss:4.7574 train_time:132969ms step_avg:290.33ms
step:469/500 train_loss:4.7089 train_time:133258ms step_avg:290.32ms
step:470/500 train_loss:4.6241 train_time:133545ms step_avg:290.31ms
step:471/500 train_loss:4.7189 train_time:133833ms step_avg:290.31ms
step:472/500 train_loss:4.7646 train_time:134121ms step_avg:290.30ms
step:473/500 train_loss:4.6716 train_time:134408ms step_avg:290.30ms
step:474/500 train_loss:4.6403 train_time:134697ms step_avg:290.30ms
step:475/500 train_loss:4.5380 train_time:134984ms step_avg:290.29ms
step:476/500 train_loss:4.9249 train_time:135273ms step_avg:290.29ms
step:477/500 train_loss:4.6851 train_time:135565ms step_avg:290.29ms
step:478/500 train_loss:4.5274 train_time:135851ms step_avg:290.28ms
step:479/500 train_loss:4.6824 train_time:136142ms step_avg:290.28ms
step:480/500 train_loss:4.6835 train_time:136429ms step_avg:290.27ms
step:481/500 train_loss:4.7905 train_time:136718ms step_avg:290.27ms
step:482/500 train_loss:4.6490 train_time:137005ms step_avg:290.26ms
step:483/500 train_loss:4.4823 train_time:137293ms step_avg:290.26ms
step:484/500 train_loss:4.7280 train_time:137583ms step_avg:290.26ms
step:485/500 train_loss:4.6032 train_time:137870ms step_avg:290.25ms
step:486/500 train_loss:4.6193 train_time:138159ms step_avg:290.25ms
step:487/500 train_loss:4.5748 train_time:138445ms step_avg:290.24ms
step:488/500 train_loss:4.5812 train_time:138735ms step_avg:290.24ms
step:489/500 train_loss:4.7758 train_time:139022ms step_avg:290.23ms
step:490/500 train_loss:4.6557 train_time:139310ms step_avg:290.23ms
step:491/500 train_loss:4.5615 train_time:139601ms step_avg:290.23ms
step:492/500 train_loss:4.5604 train_time:139888ms step_avg:290.22ms
step:493/500 train_loss:4.6677 train_time:140177ms step_avg:290.22ms
step:494/500 train_loss:4.5161 train_time:140464ms step_avg:290.22ms
step:495/500 train_loss:4.6595 train_time:140754ms step_avg:290.21ms
step:496/500 train_loss:4.5897 train_time:141041ms step_avg:290.21ms
step:497/500 train_loss:4.5684 train_time:141327ms step_avg:290.20ms
step:498/500 train_loss:4.6591 train_time:141617ms step_avg:290.20ms
step:499/500 train_loss:4.7461 train_time:141905ms step_avg:290.19ms
step:500/500 train_loss:4.8077 train_time:142192ms step_avg:290.19ms
step:500/500 val_loss:4.6509 train_time:142193ms step_avg:290.19ms
Checkpoint saving disabled; skipping state serialization.
peak memory consumption: 30603 MiB
