Command: torchrun --nproc_per_node=8 train_tw.py --seed=123 --num_iterations=500 --val_loss_every=125 --tw_enabled --tw_function=focal --tw_clamp_min=0.8 --tw_clamp_max=1.2 --tw_schedule=constant --tw_warmup_steps=1000 --tw_anneal_final=0.3 --tw_cyclical_period=500 --tw_focal_gamma=2.0 --tw_log_every=50 --tw_log_weights
Started: 2025-12-09T22:41:12.891758
============================================================

W1209 22:41:14.076000 77820 torch/distributed/run.py:774] 
W1209 22:41:14.076000 77820 torch/distributed/run.py:774] *****************************************
W1209 22:41:14.076000 77820 torch/distributed/run.py:774] Setting OMP_NUM_THREADS environment variable for each process to be 1 in default, to avoid your system being overloaded, please further tune the variable for optimal performance in your application as needed. 
W1209 22:41:14.076000 77820 torch/distributed/run.py:774] *****************************************
/root/ese-3060-project/tw_nano_experiments/train_tw.py:218: SyntaxWarning: invalid escape sequence '\s'
  """
/root/ese-3060-project/tw_nano_experiments/train_tw.py/root/ese-3060-project/tw_nano_experiments/train_tw.py:218: SyntaxWarning: invalid escape sequence '\s'
:218: SyntaxWarning: invalid escape sequence '\s'
/root/ese-3060-project/tw_nano_experiments/train_tw.py:218: SyntaxWarning: invalid escape sequence '\s'
  """
  """
  """
/root/ese-3060-project/tw_nano_experiments/train_tw.py:218: SyntaxWarning: invalid escape sequence '\s'
  """
/root/ese-3060-project/tw_nano_experiments/train_tw.py:218: SyntaxWarning: invalid escape sequence '\s'
  """
/root/ese-3060-project/tw_nano_experiments/train_tw.py:218: SyntaxWarning: invalid escape sequence '\s'
  """
/root/ese-3060-project/tw_nano_experiments/train_tw.py:218: SyntaxWarning: invalid escape sequence '\s'
  """
using device: cuda:7
using device: cuda:0
Random seed set to 123 (deterministic=False)
Training DataLoader: total number of tokens: 900000000 across 9 files
Validation DataLoader: total number of tokens: 100000000 across 1 files
using device: cuda:6
using device: cuda:2
using device: cuda:5
using device: cuda:4
using device: cuda:3
using device: cuda:1
Token Weighting: ENABLED
  function=focal, clamp=[0.8, 1.2], schedule=constant
step:0/500 val_loss:16.0073 train_time:269ms step_avg:nanms
step:1/500 train_loss:15.9981 train_time:56014ms step_avg:nanms w_mean:1.000 w_std:0.024 w_min:0.991 w_max:1.239
step:2/500 train_loss:9.3702 train_time:56390ms step_avg:nanms
step:3/500 train_loss:8.9749 train_time:56655ms step_avg:nanms
step:4/500 train_loss:8.6395 train_time:56920ms step_avg:nanms
step:5/500 train_loss:8.0956 train_time:57187ms step_avg:nanms
step:6/500 train_loss:7.7852 train_time:57464ms step_avg:nanms
step:7/500 train_loss:7.3915 train_time:57731ms step_avg:nanms
step:8/500 train_loss:7.5078 train_time:57999ms step_avg:nanms
step:9/500 train_loss:7.2765 train_time:58264ms step_avg:nanms
step:10/500 train_loss:7.0984 train_time:58537ms step_avg:nanms
step:11/500 train_loss:7.0928 train_time:267ms step_avg:nanms
step:12/500 train_loss:7.0474 train_time:535ms step_avg:nanms
step:13/500 train_loss:6.8631 train_time:803ms step_avg:267.77ms
step:14/500 train_loss:6.8648 train_time:1069ms step_avg:267.24ms
step:15/500 train_loss:6.8218 train_time:1343ms step_avg:268.57ms
step:16/500 train_loss:6.7357 train_time:1610ms step_avg:268.36ms
step:17/500 train_loss:6.7389 train_time:1879ms step_avg:268.44ms
step:18/500 train_loss:6.7719 train_time:2147ms step_avg:268.32ms
step:19/500 train_loss:6.5864 train_time:2417ms step_avg:268.51ms
step:20/500 train_loss:6.5920 train_time:2687ms step_avg:268.66ms
step:21/500 train_loss:6.2598 train_time:2960ms step_avg:269.07ms
step:22/500 train_loss:6.6538 train_time:3227ms step_avg:268.91ms
step:23/500 train_loss:6.9015 train_time:3495ms step_avg:268.88ms
step:24/500 train_loss:6.5298 train_time:3768ms step_avg:269.14ms
step:25/500 train_loss:6.6486 train_time:4035ms step_avg:269.00ms
step:26/500 train_loss:6.3739 train_time:4304ms step_avg:269.01ms
step:27/500 train_loss:6.2808 train_time:4571ms step_avg:268.90ms
step:28/500 train_loss:6.4554 train_time:4845ms step_avg:269.18ms
step:29/500 train_loss:6.1062 train_time:5112ms step_avg:269.06ms
step:30/500 train_loss:6.3883 train_time:5385ms step_avg:269.27ms
step:31/500 train_loss:6.2349 train_time:5651ms step_avg:269.12ms
step:32/500 train_loss:6.1967 train_time:5922ms step_avg:269.17ms
step:33/500 train_loss:6.0076 train_time:6190ms step_avg:269.12ms
step:34/500 train_loss:6.3489 train_time:6462ms step_avg:269.24ms
step:35/500 train_loss:6.2616 train_time:6729ms step_avg:269.15ms
step:36/500 train_loss:6.4153 train_time:6999ms step_avg:269.19ms
step:37/500 train_loss:6.3388 train_time:7269ms step_avg:269.21ms
step:38/500 train_loss:6.2299 train_time:7541ms step_avg:269.33ms
step:39/500 train_loss:6.1233 train_time:7810ms step_avg:269.30ms
step:40/500 train_loss:6.1753 train_time:8082ms step_avg:269.39ms
step:41/500 train_loss:6.0773 train_time:8351ms step_avg:269.38ms
step:42/500 train_loss:6.1228 train_time:8623ms step_avg:269.46ms
step:43/500 train_loss:5.9897 train_time:8891ms step_avg:269.43ms
step:44/500 train_loss:6.0694 train_time:9165ms step_avg:269.55ms
step:45/500 train_loss:6.0583 train_time:9431ms step_avg:269.45ms
step:46/500 train_loss:6.2466 train_time:9706ms step_avg:269.61ms
step:47/500 train_loss:6.0445 train_time:9979ms step_avg:269.70ms
step:48/500 train_loss:5.8854 train_time:10249ms step_avg:269.71ms
step:49/500 train_loss:6.1337 train_time:10518ms step_avg:269.69ms
step:50/500 train_loss:6.0002 train_time:10789ms step_avg:269.73ms
step:51/500 train_loss:6.1568 train_time:11064ms step_avg:269.86ms w_mean:1.000 w_std:0.001 w_min:1.000 w_max:1.250
step:52/500 train_loss:6.0157 train_time:11334ms step_avg:269.86ms
step:53/500 train_loss:5.8650 train_time:11605ms step_avg:269.88ms
step:54/500 train_loss:5.9956 train_time:11876ms step_avg:269.91ms
step:55/500 train_loss:5.9127 train_time:12150ms step_avg:269.99ms
step:56/500 train_loss:6.2217 train_time:12420ms step_avg:269.99ms
step:57/500 train_loss:5.9070 train_time:12690ms step_avg:269.99ms
step:58/500 train_loss:5.7881 train_time:12965ms step_avg:270.09ms
step:59/500 train_loss:5.9454 train_time:13236ms step_avg:270.11ms
step:60/500 train_loss:5.8851 train_time:13507ms step_avg:270.14ms
step:61/500 train_loss:5.9702 train_time:13781ms step_avg:270.22ms
step:62/500 train_loss:5.7734 train_time:14051ms step_avg:270.21ms
step:63/500 train_loss:5.8754 train_time:14322ms step_avg:270.23ms
step:64/500 train_loss:5.8420 train_time:14592ms step_avg:270.23ms
step:65/500 train_loss:5.7648 train_time:14865ms step_avg:270.27ms
step:66/500 train_loss:5.6720 train_time:15135ms step_avg:270.27ms
step:67/500 train_loss:5.8430 train_time:15407ms step_avg:270.30ms
step:68/500 train_loss:5.7060 train_time:15678ms step_avg:270.32ms
step:69/500 train_loss:5.9550 train_time:15949ms step_avg:270.33ms
step:70/500 train_loss:5.6209 train_time:16221ms step_avg:270.35ms
step:71/500 train_loss:5.6437 train_time:16492ms step_avg:270.36ms
step:72/500 train_loss:5.8525 train_time:16763ms step_avg:270.37ms
step:73/500 train_loss:5.7936 train_time:17035ms step_avg:270.39ms
step:74/500 train_loss:5.6827 train_time:17307ms step_avg:270.42ms
step:75/500 train_loss:5.7889 train_time:17581ms step_avg:270.48ms
step:76/500 train_loss:5.7552 train_time:17851ms step_avg:270.47ms
step:77/500 train_loss:5.7187 train_time:18122ms step_avg:270.48ms
step:78/500 train_loss:5.8106 train_time:18393ms step_avg:270.48ms
step:79/500 train_loss:5.8371 train_time:18666ms step_avg:270.52ms
step:80/500 train_loss:5.6921 train_time:18940ms step_avg:270.57ms
step:81/500 train_loss:5.7800 train_time:19210ms step_avg:270.56ms
step:82/500 train_loss:5.5469 train_time:19485ms step_avg:270.62ms
step:83/500 train_loss:5.7151 train_time:19757ms step_avg:270.64ms
step:84/500 train_loss:5.6869 train_time:20028ms step_avg:270.65ms
step:85/500 train_loss:5.6486 train_time:20301ms step_avg:270.68ms
step:86/500 train_loss:5.5168 train_time:20572ms step_avg:270.68ms
step:87/500 train_loss:5.7223 train_time:20845ms step_avg:270.71ms
step:88/500 train_loss:5.6306 train_time:21116ms step_avg:270.72ms
step:89/500 train_loss:5.6853 train_time:21390ms step_avg:270.76ms
step:90/500 train_loss:5.6693 train_time:21663ms step_avg:270.79ms
step:91/500 train_loss:5.5809 train_time:21935ms step_avg:270.80ms
step:92/500 train_loss:5.5912 train_time:22207ms step_avg:270.82ms
step:93/500 train_loss:5.6824 train_time:22482ms step_avg:270.87ms
step:94/500 train_loss:5.5319 train_time:22752ms step_avg:270.85ms
step:95/500 train_loss:5.5231 train_time:23024ms step_avg:270.87ms
step:96/500 train_loss:5.5429 train_time:23295ms step_avg:270.87ms
step:97/500 train_loss:5.4586 train_time:23569ms step_avg:270.91ms
step:98/500 train_loss:5.5346 train_time:23845ms step_avg:270.96ms
step:99/500 train_loss:5.4570 train_time:24115ms step_avg:270.96ms
step:100/500 train_loss:5.5813 train_time:24389ms step_avg:270.99ms
step:101/500 train_loss:5.5423 train_time:24662ms step_avg:271.01ms w_mean:1.000 w_std:0.002 w_min:1.000 w_max:1.250
step:102/500 train_loss:5.4330 train_time:24931ms step_avg:270.99ms
step:103/500 train_loss:5.5418 train_time:25206ms step_avg:271.04ms
step:104/500 train_loss:5.5058 train_time:25477ms step_avg:271.04ms
step:105/500 train_loss:5.3404 train_time:25751ms step_avg:271.06ms
step:106/500 train_loss:5.4518 train_time:26021ms step_avg:271.05ms
step:107/500 train_loss:5.6500 train_time:26292ms step_avg:271.05ms
step:108/500 train_loss:5.4378 train_time:26566ms step_avg:271.08ms
step:109/500 train_loss:5.2021 train_time:26839ms step_avg:271.10ms
step:110/500 train_loss:5.4051 train_time:27110ms step_avg:271.10ms
step:111/500 train_loss:5.3692 train_time:27386ms step_avg:271.15ms
step:112/500 train_loss:5.3459 train_time:27658ms step_avg:271.16ms
step:113/500 train_loss:5.4502 train_time:27930ms step_avg:271.16ms
step:114/500 train_loss:5.3826 train_time:28204ms step_avg:271.19ms
step:115/500 train_loss:5.2323 train_time:28475ms step_avg:271.19ms
step:116/500 train_loss:5.4012 train_time:28749ms step_avg:271.22ms
step:117/500 train_loss:5.2611 train_time:29019ms step_avg:271.21ms
step:118/500 train_loss:5.2541 train_time:29292ms step_avg:271.22ms
step:119/500 train_loss:5.3744 train_time:29565ms step_avg:271.24ms
step:120/500 train_loss:5.3623 train_time:29838ms step_avg:271.26ms
step:121/500 train_loss:5.2904 train_time:30110ms step_avg:271.26ms
step:122/500 train_loss:5.1840 train_time:30386ms step_avg:271.30ms
step:123/500 train_loss:5.2758 train_time:30660ms step_avg:271.32ms
step:124/500 train_loss:5.1452 train_time:30930ms step_avg:271.31ms
step:125/500 train_loss:5.4415 train_time:31205ms step_avg:271.34ms
step:125/500 val_loss:5.2721 train_time:31205ms step_avg:271.35ms
step:126/500 train_loss:5.2932 train_time:31480ms step_avg:271.38ms
step:127/500 train_loss:5.2704 train_time:31758ms step_avg:271.44ms
step:128/500 train_loss:5.3385 train_time:32031ms step_avg:271.45ms
step:129/500 train_loss:5.1938 train_time:32299ms step_avg:271.42ms
step:130/500 train_loss:5.4653 train_time:32574ms step_avg:271.45ms
step:131/500 train_loss:5.2481 train_time:32852ms step_avg:271.51ms
step:132/500 train_loss:5.2461 train_time:33127ms step_avg:271.53ms
step:133/500 train_loss:5.1933 train_time:33397ms step_avg:271.52ms
step:134/500 train_loss:5.2390 train_time:33670ms step_avg:271.53ms
step:135/500 train_loss:5.1667 train_time:33945ms step_avg:271.56ms
step:136/500 train_loss:5.2367 train_time:34216ms step_avg:271.55ms
step:137/500 train_loss:5.0329 train_time:34489ms step_avg:271.57ms
step:138/500 train_loss:5.1976 train_time:34764ms step_avg:271.59ms
step:139/500 train_loss:5.1523 train_time:35036ms step_avg:271.60ms
step:140/500 train_loss:5.1629 train_time:35308ms step_avg:271.60ms
step:141/500 train_loss:5.2165 train_time:35579ms step_avg:271.60ms
step:142/500 train_loss:5.1194 train_time:35852ms step_avg:271.61ms
step:143/500 train_loss:5.1950 train_time:36130ms step_avg:271.66ms
step:144/500 train_loss:5.0043 train_time:36401ms step_avg:271.65ms
step:145/500 train_loss:5.1621 train_time:36676ms step_avg:271.67ms
step:146/500 train_loss:5.1057 train_time:36951ms step_avg:271.70ms
step:147/500 train_loss:5.0134 train_time:37224ms step_avg:271.71ms
step:148/500 train_loss:5.1316 train_time:37495ms step_avg:271.70ms
step:149/500 train_loss:5.1059 train_time:37769ms step_avg:271.72ms
step:150/500 train_loss:5.1671 train_time:38042ms step_avg:271.73ms
step:151/500 train_loss:5.1820 train_time:38315ms step_avg:271.74ms w_mean:1.000 w_std:0.002 w_min:1.000 w_max:1.250
step:152/500 train_loss:5.1020 train_time:38589ms step_avg:271.76ms
step:153/500 train_loss:5.0780 train_time:38862ms step_avg:271.76ms
step:154/500 train_loss:5.1552 train_time:39134ms step_avg:271.77ms
step:155/500 train_loss:5.0941 train_time:39407ms step_avg:271.77ms
step:156/500 train_loss:5.0737 train_time:39679ms step_avg:271.77ms
step:157/500 train_loss:5.0896 train_time:39951ms step_avg:271.78ms
step:158/500 train_loss:5.2141 train_time:40226ms step_avg:271.80ms
step:159/500 train_loss:5.0067 train_time:40497ms step_avg:271.79ms
step:160/500 train_loss:5.0605 train_time:40773ms step_avg:271.82ms
step:161/500 train_loss:4.9168 train_time:41046ms step_avg:271.83ms
step:162/500 train_loss:5.0673 train_time:41315ms step_avg:271.81ms
step:163/500 train_loss:5.1019 train_time:41590ms step_avg:271.83ms
step:164/500 train_loss:5.0866 train_time:41865ms step_avg:271.85ms
step:165/500 train_loss:4.9166 train_time:42137ms step_avg:271.85ms
step:166/500 train_loss:5.0311 train_time:42411ms step_avg:271.86ms
step:167/500 train_loss:5.1897 train_time:42683ms step_avg:271.86ms
step:168/500 train_loss:4.9599 train_time:42955ms step_avg:271.87ms
step:169/500 train_loss:5.0458 train_time:43231ms step_avg:271.89ms
step:170/500 train_loss:4.9129 train_time:43501ms step_avg:271.88ms
step:171/500 train_loss:4.8496 train_time:43774ms step_avg:271.89ms
step:172/500 train_loss:4.9625 train_time:44050ms step_avg:271.91ms
step:173/500 train_loss:4.9381 train_time:44324ms step_avg:271.93ms
step:174/500 train_loss:4.9917 train_time:44594ms step_avg:271.91ms
step:175/500 train_loss:5.1334 train_time:44870ms step_avg:271.94ms
step:176/500 train_loss:5.0184 train_time:45143ms step_avg:271.95ms
step:177/500 train_loss:4.8543 train_time:45415ms step_avg:271.95ms
step:178/500 train_loss:4.8378 train_time:45688ms step_avg:271.95ms
step:179/500 train_loss:4.8742 train_time:45962ms step_avg:271.96ms
step:180/500 train_loss:4.9137 train_time:46236ms step_avg:271.97ms
step:181/500 train_loss:4.9023 train_time:46508ms step_avg:271.98ms
step:182/500 train_loss:5.0156 train_time:46779ms step_avg:271.97ms
step:183/500 train_loss:4.9073 train_time:47055ms step_avg:271.99ms
step:184/500 train_loss:4.8342 train_time:47330ms step_avg:272.01ms
step:185/500 train_loss:4.8637 train_time:47601ms step_avg:272.00ms
step:186/500 train_loss:4.9891 train_time:47872ms step_avg:272.00ms
step:187/500 train_loss:4.8735 train_time:48148ms step_avg:272.02ms
step:188/500 train_loss:5.1130 train_time:48422ms step_avg:272.03ms
step:189/500 train_loss:4.9087 train_time:48953ms step_avg:273.48ms
step:190/500 train_loss:4.8230 train_time:49493ms step_avg:274.96ms
step:191/500 train_loss:4.9849 train_time:49761ms step_avg:274.93ms
step:192/500 train_loss:4.8222 train_time:50032ms step_avg:274.90ms
step:193/500 train_loss:4.7412 train_time:50301ms step_avg:274.87ms
step:194/500 train_loss:4.9424 train_time:50576ms step_avg:274.87ms
step:195/500 train_loss:4.8825 train_time:50850ms step_avg:274.87ms
step:196/500 train_loss:5.0656 train_time:51120ms step_avg:274.84ms
step:197/500 train_loss:4.9589 train_time:51389ms step_avg:274.81ms
step:198/500 train_loss:4.7987 train_time:51665ms step_avg:274.81ms
step:199/500 train_loss:4.8409 train_time:51937ms step_avg:274.80ms
step:200/500 train_loss:4.7363 train_time:52210ms step_avg:274.79ms
step:201/500 train_loss:4.8206 train_time:52480ms step_avg:274.76ms w_mean:1.000 w_std:0.001 w_min:1.000 w_max:1.250
step:202/500 train_loss:4.7395 train_time:52753ms step_avg:274.76ms
step:203/500 train_loss:4.9660 train_time:53028ms step_avg:274.76ms
step:204/500 train_loss:4.8680 train_time:53300ms step_avg:274.74ms
step:205/500 train_loss:4.8378 train_time:53572ms step_avg:274.73ms
step:206/500 train_loss:4.9893 train_time:53846ms step_avg:274.73ms
step:207/500 train_loss:4.6685 train_time:54118ms step_avg:274.71ms
step:208/500 train_loss:4.8135 train_time:54391ms step_avg:274.70ms
step:209/500 train_loss:4.7715 train_time:54665ms step_avg:274.70ms
step:210/500 train_loss:4.9327 train_time:54937ms step_avg:274.69ms
step:211/500 train_loss:4.8570 train_time:55210ms step_avg:274.68ms
step:212/500 train_loss:4.7459 train_time:55484ms step_avg:274.67ms
step:213/500 train_loss:4.8747 train_time:55756ms step_avg:274.66ms
step:214/500 train_loss:4.7145 train_time:56031ms step_avg:274.66ms
step:215/500 train_loss:4.8087 train_time:56302ms step_avg:274.64ms
step:216/500 train_loss:4.6641 train_time:56575ms step_avg:274.64ms
step:217/500 train_loss:4.7818 train_time:56849ms step_avg:274.63ms
step:218/500 train_loss:4.7683 train_time:57120ms step_avg:274.62ms
step:219/500 train_loss:4.7417 train_time:57393ms step_avg:274.61ms
step:220/500 train_loss:4.7522 train_time:57668ms step_avg:274.61ms
step:221/500 train_loss:4.7792 train_time:57941ms step_avg:274.60ms
step:222/500 train_loss:4.8137 train_time:58212ms step_avg:274.59ms
step:223/500 train_loss:4.7556 train_time:58487ms step_avg:274.58ms
step:224/500 train_loss:4.7585 train_time:58757ms step_avg:274.57ms
step:225/500 train_loss:4.8848 train_time:59032ms step_avg:274.57ms
step:226/500 train_loss:4.6277 train_time:59303ms step_avg:274.55ms
step:227/500 train_loss:4.6575 train_time:59575ms step_avg:274.54ms
step:228/500 train_loss:4.6488 train_time:59851ms step_avg:274.55ms
step:229/500 train_loss:4.8113 train_time:60127ms step_avg:274.55ms
step:230/500 train_loss:4.6360 train_time:60395ms step_avg:274.52ms
step:231/500 train_loss:4.7913 train_time:60670ms step_avg:274.53ms
step:232/500 train_loss:4.6549 train_time:60944ms step_avg:274.52ms
step:233/500 train_loss:4.6190 train_time:61216ms step_avg:274.51ms
step:234/500 train_loss:4.8203 train_time:61489ms step_avg:274.50ms
step:235/500 train_loss:4.6605 train_time:61762ms step_avg:274.50ms
step:236/500 train_loss:4.5972 train_time:62036ms step_avg:274.49ms
step:237/500 train_loss:4.8479 train_time:62307ms step_avg:274.48ms
step:238/500 train_loss:4.7323 train_time:62578ms step_avg:274.46ms
step:239/500 train_loss:4.6411 train_time:62851ms step_avg:274.46ms
step:240/500 train_loss:4.7832 train_time:63126ms step_avg:274.46ms
step:241/500 train_loss:4.7666 train_time:63396ms step_avg:274.44ms
step:242/500 train_loss:4.6731 train_time:63671ms step_avg:274.44ms
step:243/500 train_loss:4.8255 train_time:63943ms step_avg:274.44ms
step:244/500 train_loss:4.6681 train_time:64216ms step_avg:274.43ms
step:245/500 train_loss:4.6752 train_time:64489ms step_avg:274.42ms
step:246/500 train_loss:4.7478 train_time:64760ms step_avg:274.41ms
step:247/500 train_loss:4.6986 train_time:65034ms step_avg:274.41ms
step:248/500 train_loss:4.6602 train_time:65307ms step_avg:274.40ms
step:249/500 train_loss:4.8230 train_time:65579ms step_avg:274.39ms
step:250/500 train_loss:4.5637 train_time:65852ms step_avg:274.38ms
step:250/500 val_loss:4.6688 train_time:65853ms step_avg:274.39ms
step:251/500 train_loss:4.6025 train_time:66128ms step_avg:274.39ms w_mean:1.000 w_std:0.001 w_min:1.000 w_max:1.250
step:252/500 train_loss:4.7388 train_time:66404ms step_avg:274.40ms
step:253/500 train_loss:4.7246 train_time:66680ms step_avg:274.40ms
step:254/500 train_loss:4.6030 train_time:66949ms step_avg:274.38ms
step:255/500 train_loss:4.6290 train_time:67219ms step_avg:274.36ms
step:256/500 train_loss:4.7502 train_time:67494ms step_avg:274.37ms
step:257/500 train_loss:4.7007 train_time:67768ms step_avg:274.36ms
step:258/500 train_loss:4.6689 train_time:68040ms step_avg:274.35ms
step:259/500 train_loss:4.6049 train_time:68316ms step_avg:274.36ms
step:260/500 train_loss:4.6198 train_time:68588ms step_avg:274.35ms
step:261/500 train_loss:4.6895 train_time:68862ms step_avg:274.35ms
step:262/500 train_loss:4.6941 train_time:69136ms step_avg:274.35ms
step:263/500 train_loss:4.5992 train_time:69409ms step_avg:274.34ms
step:264/500 train_loss:4.5494 train_time:69681ms step_avg:274.34ms
step:265/500 train_loss:4.6070 train_time:69956ms step_avg:274.34ms
step:266/500 train_loss:4.4611 train_time:70229ms step_avg:274.33ms
step:267/500 train_loss:4.5195 train_time:70500ms step_avg:274.32ms
step:268/500 train_loss:4.5593 train_time:70775ms step_avg:274.32ms
step:269/500 train_loss:4.5219 train_time:71052ms step_avg:274.33ms
step:270/500 train_loss:4.4853 train_time:71323ms step_avg:274.32ms
step:271/500 train_loss:4.7063 train_time:71596ms step_avg:274.31ms
step:272/500 train_loss:4.6377 train_time:71868ms step_avg:274.30ms
step:273/500 train_loss:4.4957 train_time:72141ms step_avg:274.30ms
step:274/500 train_loss:4.5462 train_time:72418ms step_avg:274.31ms
step:275/500 train_loss:4.6698 train_time:72690ms step_avg:274.30ms
step:276/500 train_loss:4.6800 train_time:72961ms step_avg:274.29ms
step:277/500 train_loss:4.8730 train_time:73238ms step_avg:274.30ms
step:278/500 train_loss:4.6267 train_time:73513ms step_avg:274.30ms
step:279/500 train_loss:4.7578 train_time:73784ms step_avg:274.29ms
step:280/500 train_loss:4.6044 train_time:74058ms step_avg:274.29ms
step:281/500 train_loss:4.6699 train_time:74335ms step_avg:274.30ms
step:282/500 train_loss:4.5618 train_time:74608ms step_avg:274.29ms
step:283/500 train_loss:4.6811 train_time:74880ms step_avg:274.29ms
step:284/500 train_loss:4.5018 train_time:75156ms step_avg:274.29ms
step:285/500 train_loss:4.6644 train_time:75427ms step_avg:274.28ms
step:286/500 train_loss:4.6498 train_time:75701ms step_avg:274.28ms
step:287/500 train_loss:4.6830 train_time:75975ms step_avg:274.28ms
step:288/500 train_loss:4.5438 train_time:76247ms step_avg:274.27ms
step:289/500 train_loss:4.6119 train_time:76521ms step_avg:274.27ms
step:290/500 train_loss:4.4738 train_time:76792ms step_avg:274.26ms
step:291/500 train_loss:4.4722 train_time:77062ms step_avg:274.24ms
step:292/500 train_loss:4.5949 train_time:77337ms step_avg:274.24ms
step:293/500 train_loss:4.4809 train_time:77611ms step_avg:274.24ms
step:294/500 train_loss:4.5312 train_time:77883ms step_avg:274.24ms
step:295/500 train_loss:4.5557 train_time:78156ms step_avg:274.23ms
step:296/500 train_loss:4.4231 train_time:78430ms step_avg:274.23ms
step:297/500 train_loss:4.4119 train_time:78702ms step_avg:274.22ms
step:298/500 train_loss:4.4348 train_time:78977ms step_avg:274.22ms
step:299/500 train_loss:4.5445 train_time:79252ms step_avg:274.23ms
step:300/500 train_loss:4.4300 train_time:79523ms step_avg:274.22ms
step:301/500 train_loss:4.6040 train_time:79796ms step_avg:274.21ms w_mean:1.000 w_std:0.002 w_min:1.000 w_max:1.250
step:302/500 train_loss:4.5790 train_time:80071ms step_avg:274.22ms
step:303/500 train_loss:4.5010 train_time:80343ms step_avg:274.21ms
step:304/500 train_loss:4.5657 train_time:80617ms step_avg:274.21ms
step:305/500 train_loss:4.5476 train_time:80887ms step_avg:274.19ms
step:306/500 train_loss:5.0227 train_time:81160ms step_avg:274.19ms
step:307/500 train_loss:4.5086 train_time:81437ms step_avg:274.20ms
step:308/500 train_loss:4.4111 train_time:81711ms step_avg:274.20ms
step:309/500 train_loss:4.5971 train_time:81983ms step_avg:274.19ms
step:310/500 train_loss:4.4027 train_time:82258ms step_avg:274.19ms
step:311/500 train_loss:4.6369 train_time:82531ms step_avg:274.19ms
step:312/500 train_loss:4.5438 train_time:82802ms step_avg:274.18ms
step:313/500 train_loss:4.4581 train_time:83076ms step_avg:274.18ms
step:314/500 train_loss:4.5820 train_time:83351ms step_avg:274.18ms
step:315/500 train_loss:4.7140 train_time:83623ms step_avg:274.17ms
step:316/500 train_loss:4.5521 train_time:83894ms step_avg:274.16ms
step:317/500 train_loss:4.4370 train_time:84167ms step_avg:274.16ms
step:318/500 train_loss:4.4493 train_time:84440ms step_avg:274.16ms
step:319/500 train_loss:4.4688 train_time:84718ms step_avg:274.17ms
step:320/500 train_loss:4.4166 train_time:84988ms step_avg:274.16ms
step:321/500 train_loss:4.5101 train_time:85261ms step_avg:274.15ms
step:322/500 train_loss:4.5253 train_time:85535ms step_avg:274.15ms
step:323/500 train_loss:4.4834 train_time:85810ms step_avg:274.15ms
step:324/500 train_loss:4.5545 train_time:86081ms step_avg:274.14ms
step:325/500 train_loss:4.5510 train_time:86357ms step_avg:274.15ms
step:326/500 train_loss:4.6223 train_time:86630ms step_avg:274.15ms
step:327/500 train_loss:4.4688 train_time:86901ms step_avg:274.14ms
step:328/500 train_loss:4.9098 train_time:87177ms step_avg:274.14ms
step:329/500 train_loss:4.6240 train_time:87453ms step_avg:274.15ms
step:330/500 train_loss:4.4116 train_time:87728ms step_avg:274.15ms
step:331/500 train_loss:4.3826 train_time:87999ms step_avg:274.14ms
step:332/500 train_loss:4.5278 train_time:88270ms step_avg:274.13ms
step:333/500 train_loss:4.4484 train_time:88543ms step_avg:274.13ms
step:334/500 train_loss:4.4360 train_time:88818ms step_avg:274.13ms
step:335/500 train_loss:4.3930 train_time:89089ms step_avg:274.12ms
step:336/500 train_loss:4.5869 train_time:89360ms step_avg:274.11ms
step:337/500 train_loss:4.5227 train_time:89637ms step_avg:274.12ms
step:338/500 train_loss:5.0577 train_time:89913ms step_avg:274.12ms
step:339/500 train_loss:4.4988 train_time:90182ms step_avg:274.11ms
step:340/500 train_loss:4.4675 train_time:90456ms step_avg:274.11ms
step:341/500 train_loss:4.4444 train_time:90731ms step_avg:274.11ms
step:342/500 train_loss:4.3922 train_time:91003ms step_avg:274.10ms
step:343/500 train_loss:4.3656 train_time:91276ms step_avg:274.10ms
step:344/500 train_loss:4.4297 train_time:91550ms step_avg:274.10ms
step:345/500 train_loss:4.5202 train_time:91822ms step_avg:274.10ms
step:346/500 train_loss:4.4180 train_time:92096ms step_avg:274.09ms
step:347/500 train_loss:4.3594 train_time:92369ms step_avg:274.09ms
step:348/500 train_loss:4.4057 train_time:92643ms step_avg:274.09ms
step:349/500 train_loss:4.4090 train_time:92917ms step_avg:274.09ms
step:350/500 train_loss:4.3374 train_time:93189ms step_avg:274.08ms
step:351/500 train_loss:4.0262 train_time:93461ms step_avg:274.08ms w_mean:1.000 w_std:0.002 w_min:1.000 w_max:1.250
step:352/500 train_loss:4.3169 train_time:93737ms step_avg:274.09ms
step:353/500 train_loss:4.6568 train_time:94012ms step_avg:274.09ms
step:354/500 train_loss:4.1974 train_time:94282ms step_avg:274.07ms
step:355/500 train_loss:4.4484 train_time:94556ms step_avg:274.08ms
step:356/500 train_loss:4.3469 train_time:94833ms step_avg:274.08ms
step:357/500 train_loss:4.4496 train_time:95103ms step_avg:274.07ms
step:358/500 train_loss:4.4506 train_time:95376ms step_avg:274.07ms
step:359/500 train_loss:4.3614 train_time:95647ms step_avg:274.06ms
step:360/500 train_loss:4.6618 train_time:95922ms step_avg:274.06ms
step:361/500 train_loss:4.0948 train_time:96194ms step_avg:274.06ms
step:362/500 train_loss:4.5757 train_time:96466ms step_avg:274.05ms
step:363/500 train_loss:4.4725 train_time:96739ms step_avg:274.05ms
step:364/500 train_loss:4.3589 train_time:97017ms step_avg:274.06ms
step:365/500 train_loss:4.2954 train_time:97287ms step_avg:274.05ms
step:366/500 train_loss:4.4471 train_time:97561ms step_avg:274.05ms
step:367/500 train_loss:4.3794 train_time:97833ms step_avg:274.04ms
step:368/500 train_loss:4.3641 train_time:98103ms step_avg:274.03ms
step:369/500 train_loss:4.3719 train_time:98376ms step_avg:274.03ms
step:370/500 train_loss:4.2611 train_time:98651ms step_avg:274.03ms
step:371/500 train_loss:4.4184 train_time:98923ms step_avg:274.02ms
step:372/500 train_loss:4.3440 train_time:99195ms step_avg:274.02ms
step:373/500 train_loss:4.2246 train_time:99466ms step_avg:274.01ms
step:374/500 train_loss:4.4174 train_time:99739ms step_avg:274.01ms
step:375/500 train_loss:4.3523 train_time:100016ms step_avg:274.02ms
step:375/500 val_loss:4.3650 train_time:100017ms step_avg:274.02ms
step:376/500 train_loss:4.3457 train_time:100291ms step_avg:274.02ms
step:377/500 train_loss:4.4006 train_time:100573ms step_avg:274.04ms
step:378/500 train_loss:4.3012 train_time:101102ms step_avg:274.73ms
step:379/500 train_loss:4.3515 train_time:101370ms step_avg:274.71ms
step:380/500 train_loss:4.4256 train_time:101900ms step_avg:275.41ms
step:381/500 train_loss:4.4544 train_time:102168ms step_avg:275.38ms
step:382/500 train_loss:4.3985 train_time:102436ms step_avg:275.37ms
step:383/500 train_loss:4.3773 train_time:102707ms step_avg:275.36ms
step:384/500 train_loss:4.2801 train_time:102983ms step_avg:275.36ms
step:385/500 train_loss:4.3852 train_time:103254ms step_avg:275.34ms
step:386/500 train_loss:4.2966 train_time:103525ms step_avg:275.33ms
step:387/500 train_loss:4.4225 train_time:103797ms step_avg:275.32ms
step:388/500 train_loss:4.6252 train_time:104076ms step_avg:275.33ms
step:389/500 train_loss:4.3209 train_time:104348ms step_avg:275.33ms
step:390/500 train_loss:4.2830 train_time:104619ms step_avg:275.31ms
step:391/500 train_loss:4.4080 train_time:104890ms step_avg:275.30ms
step:392/500 train_loss:4.3303 train_time:105165ms step_avg:275.30ms
step:393/500 train_loss:4.4349 train_time:105439ms step_avg:275.30ms
step:394/500 train_loss:4.2551 train_time:105709ms step_avg:275.28ms
step:395/500 train_loss:4.3904 train_time:105982ms step_avg:275.28ms
step:396/500 train_loss:4.1755 train_time:106252ms step_avg:275.26ms
step:397/500 train_loss:4.3381 train_time:106528ms step_avg:275.26ms
step:398/500 train_loss:4.4276 train_time:106799ms step_avg:275.25ms
step:399/500 train_loss:4.3786 train_time:107071ms step_avg:275.25ms
step:400/500 train_loss:4.3027 train_time:107346ms step_avg:275.25ms
step:401/500 train_loss:4.3680 train_time:107620ms step_avg:275.24ms w_mean:1.000 w_std:0.001 w_min:1.000 w_max:1.250
step:402/500 train_loss:4.4061 train_time:107888ms step_avg:275.22ms
step:403/500 train_loss:4.3726 train_time:108165ms step_avg:275.23ms
step:404/500 train_loss:4.4698 train_time:108440ms step_avg:275.23ms
step:405/500 train_loss:4.2513 train_time:108711ms step_avg:275.22ms
step:406/500 train_loss:4.2950 train_time:108983ms step_avg:275.21ms
step:407/500 train_loss:4.5731 train_time:109252ms step_avg:275.20ms
step:408/500 train_loss:4.3385 train_time:109528ms step_avg:275.20ms
step:409/500 train_loss:4.3330 train_time:109803ms step_avg:275.19ms
step:410/500 train_loss:4.3782 train_time:110072ms step_avg:275.18ms
step:411/500 train_loss:4.2613 train_time:110346ms step_avg:275.18ms
step:412/500 train_loss:4.2751 train_time:110618ms step_avg:275.17ms
step:413/500 train_loss:4.6981 train_time:110890ms step_avg:275.16ms
step:414/500 train_loss:4.1484 train_time:111166ms step_avg:275.16ms
step:415/500 train_loss:4.5114 train_time:111440ms step_avg:275.16ms
step:416/500 train_loss:4.2857 train_time:111713ms step_avg:275.16ms
step:417/500 train_loss:4.2802 train_time:111987ms step_avg:275.15ms
step:418/500 train_loss:4.4640 train_time:112260ms step_avg:275.15ms
step:419/500 train_loss:4.1997 train_time:112531ms step_avg:275.14ms
step:420/500 train_loss:4.2966 train_time:112807ms step_avg:275.14ms
step:421/500 train_loss:4.2665 train_time:113077ms step_avg:275.13ms
step:422/500 train_loss:4.1522 train_time:113350ms step_avg:275.12ms
step:423/500 train_loss:4.2606 train_time:113625ms step_avg:275.12ms
step:424/500 train_loss:4.3763 train_time:113900ms step_avg:275.12ms
step:425/500 train_loss:4.1751 train_time:114171ms step_avg:275.11ms
step:426/500 train_loss:4.3322 train_time:114446ms step_avg:275.11ms
step:427/500 train_loss:4.2188 train_time:114720ms step_avg:275.11ms
step:428/500 train_loss:4.3973 train_time:114991ms step_avg:275.10ms
step:429/500 train_loss:4.3507 train_time:115265ms step_avg:275.10ms
step:430/500 train_loss:4.2645 train_time:115540ms step_avg:275.10ms
step:431/500 train_loss:4.2411 train_time:115813ms step_avg:275.09ms
step:432/500 train_loss:4.1931 train_time:116085ms step_avg:275.08ms
step:433/500 train_loss:4.2724 train_time:116356ms step_avg:275.07ms
step:434/500 train_loss:4.3444 train_time:116630ms step_avg:275.07ms
step:435/500 train_loss:4.2813 train_time:116905ms step_avg:275.07ms
step:436/500 train_loss:4.3279 train_time:117176ms step_avg:275.06ms
step:437/500 train_loss:4.3359 train_time:117450ms step_avg:275.06ms
step:438/500 train_loss:4.2210 train_time:117726ms step_avg:275.06ms
step:439/500 train_loss:4.2382 train_time:118001ms step_avg:275.06ms
step:440/500 train_loss:4.2097 train_time:118271ms step_avg:275.05ms
step:441/500 train_loss:4.3857 train_time:118547ms step_avg:275.05ms
step:442/500 train_loss:4.2885 train_time:118820ms step_avg:275.05ms
step:443/500 train_loss:4.2694 train_time:119091ms step_avg:275.04ms
step:444/500 train_loss:4.1569 train_time:119365ms step_avg:275.03ms
step:445/500 train_loss:4.4206 train_time:119639ms step_avg:275.03ms
step:446/500 train_loss:4.3429 train_time:119910ms step_avg:275.02ms
step:447/500 train_loss:4.3417 train_time:120183ms step_avg:275.02ms
step:448/500 train_loss:4.2575 train_time:120456ms step_avg:275.01ms
step:449/500 train_loss:4.3439 train_time:120729ms step_avg:275.01ms
step:450/500 train_loss:4.1767 train_time:121005ms step_avg:275.01ms
step:451/500 train_loss:4.2266 train_time:121275ms step_avg:275.00ms w_mean:1.000 w_std:0.001 w_min:1.000 w_max:1.250
step:452/500 train_loss:4.1059 train_time:121551ms step_avg:275.00ms
step:453/500 train_loss:4.2084 train_time:121824ms step_avg:275.00ms
step:454/500 train_loss:4.1854 train_time:122096ms step_avg:274.99ms
step:455/500 train_loss:4.1583 train_time:122367ms step_avg:274.98ms
step:456/500 train_loss:4.3755 train_time:122641ms step_avg:274.98ms
step:457/500 train_loss:4.2270 train_time:122914ms step_avg:274.98ms
step:458/500 train_loss:4.3148 train_time:123186ms step_avg:274.97ms
step:459/500 train_loss:4.3506 train_time:123460ms step_avg:274.97ms
step:460/500 train_loss:4.1483 train_time:123733ms step_avg:274.96ms
step:461/500 train_loss:4.3229 train_time:124008ms step_avg:274.96ms
step:462/500 train_loss:4.2255 train_time:124280ms step_avg:274.96ms
step:463/500 train_loss:4.2133 train_time:124551ms step_avg:274.95ms
step:464/500 train_loss:4.2928 train_time:124827ms step_avg:274.95ms
step:465/500 train_loss:4.2321 train_time:125102ms step_avg:274.95ms
step:466/500 train_loss:4.2309 train_time:125372ms step_avg:274.94ms
step:467/500 train_loss:4.3584 train_time:125647ms step_avg:274.94ms
step:468/500 train_loss:4.3647 train_time:125922ms step_avg:274.94ms
step:469/500 train_loss:4.3270 train_time:126192ms step_avg:274.93ms
step:470/500 train_loss:4.2374 train_time:126464ms step_avg:274.92ms
step:471/500 train_loss:4.3181 train_time:126734ms step_avg:274.91ms
step:472/500 train_loss:4.3659 train_time:127009ms step_avg:274.91ms
step:473/500 train_loss:4.2728 train_time:127280ms step_avg:274.90ms
step:474/500 train_loss:4.2481 train_time:127553ms step_avg:274.90ms
step:475/500 train_loss:4.1203 train_time:127828ms step_avg:274.90ms
step:476/500 train_loss:4.5473 train_time:128102ms step_avg:274.90ms
step:477/500 train_loss:4.3027 train_time:128371ms step_avg:274.89ms
step:478/500 train_loss:4.1053 train_time:128646ms step_avg:274.89ms
step:479/500 train_loss:4.3102 train_time:128919ms step_avg:274.88ms
step:480/500 train_loss:4.2909 train_time:129191ms step_avg:274.87ms
step:481/500 train_loss:4.4117 train_time:129465ms step_avg:274.87ms
step:482/500 train_loss:4.2438 train_time:129740ms step_avg:274.87ms
step:483/500 train_loss:4.0637 train_time:130013ms step_avg:274.87ms
step:484/500 train_loss:4.3379 train_time:130283ms step_avg:274.86ms
step:485/500 train_loss:4.1830 train_time:130553ms step_avg:274.85ms
step:486/500 train_loss:4.2110 train_time:130827ms step_avg:274.85ms
step:487/500 train_loss:4.1552 train_time:131104ms step_avg:274.85ms
step:488/500 train_loss:4.1835 train_time:131374ms step_avg:274.84ms
step:489/500 train_loss:4.3924 train_time:131648ms step_avg:274.84ms
step:490/500 train_loss:4.2454 train_time:131923ms step_avg:274.84ms
step:491/500 train_loss:4.1491 train_time:132196ms step_avg:274.84ms
step:492/500 train_loss:4.1534 train_time:132469ms step_avg:274.83ms
step:493/500 train_loss:4.2660 train_time:132743ms step_avg:274.83ms
step:494/500 train_loss:4.1138 train_time:133015ms step_avg:274.82ms
step:495/500 train_loss:4.2594 train_time:133288ms step_avg:274.82ms
step:496/500 train_loss:4.1743 train_time:133562ms step_avg:274.82ms
step:497/500 train_loss:4.1177 train_time:133833ms step_avg:274.81ms
step:498/500 train_loss:4.2715 train_time:134108ms step_avg:274.81ms
step:499/500 train_loss:4.3507 train_time:134380ms step_avg:274.81ms
step:500/500 train_loss:4.4033 train_time:134652ms step_avg:274.80ms
step:500/500 val_loss:4.2518 train_time:134653ms step_avg:274.80ms
Checkpoint saving disabled; skipping state serialization.
peak memory consumption: 30603 MiB
