Command: torchrun --nproc_per_node=8 train_tw.py --seed=123 --num_iterations=500 --val_loss_every=125 --tw_enabled --tw_function=focal --tw_clamp_min=0.6 --tw_clamp_max=1.5 --tw_schedule=constant --tw_warmup_steps=1000 --tw_anneal_final=0.3 --tw_cyclical_period=500 --tw_focal_gamma=2.0 --tw_log_every=50 --tw_log_weights
Started: 2025-12-09T22:50:16.187544
============================================================

W1209 22:50:17.327000 80151 torch/distributed/run.py:774] 
W1209 22:50:17.327000 80151 torch/distributed/run.py:774] *****************************************
W1209 22:50:17.327000 80151 torch/distributed/run.py:774] Setting OMP_NUM_THREADS environment variable for each process to be 1 in default, to avoid your system being overloaded, please further tune the variable for optimal performance in your application as needed. 
W1209 22:50:17.327000 80151 torch/distributed/run.py:774] *****************************************
/root/ese-3060-project/tw_nano_experiments/train_tw.py:218: SyntaxWarning: invalid escape sequence '\s'
  """
/root/ese-3060-project/tw_nano_experiments/train_tw.py:218: SyntaxWarning: invalid escape sequence '\s'
  """
/root/ese-3060-project/tw_nano_experiments/train_tw.py:218: SyntaxWarning: invalid escape sequence '\s'
/root/ese-3060-project/tw_nano_experiments/train_tw.py/root/ese-3060-project/tw_nano_experiments/train_tw.py:218: :218: SyntaxWarningSyntaxWarning: : invalid escape sequence '\s'invalid escape sequence '\s'

  """
    """
"""
/root/ese-3060-project/tw_nano_experiments/train_tw.py:218: SyntaxWarning: invalid escape sequence '\s'
  """
/root/ese-3060-project/tw_nano_experiments/train_tw.py:218: SyntaxWarning: invalid escape sequence '\s'
  """
/root/ese-3060-project/tw_nano_experiments/train_tw.py:218: SyntaxWarning: invalid escape sequence '\s'
  """
using device: cuda:0
Random seed set to 123 (deterministic=False)
Training DataLoader: total number of tokens: 900000000 across 9 files
Validation DataLoader: total number of tokens: 100000000 across 1 files
using device: cuda:1
using device: cuda:5
using device: cuda:2
using device: cuda:3
using device: cuda:7
using device: cuda:4
using device: cuda:6
Token Weighting: ENABLED
  function=focal, clamp=[0.6, 1.5], schedule=constant
step:0/500 val_loss:16.0073 train_time:268ms step_avg:nanms
step:1/500 train_loss:15.9981 train_time:61827ms step_avg:nanms w_mean:1.000 w_std:0.080 w_min:0.799 w_max:1.332
step:2/500 train_loss:9.3712 train_time:62421ms step_avg:nanms
step:3/500 train_loss:8.9606 train_time:62706ms step_avg:nanms
step:4/500 train_loss:8.6543 train_time:62994ms step_avg:nanms
step:5/500 train_loss:8.1059 train_time:63277ms step_avg:nanms
step:6/500 train_loss:7.7442 train_time:63561ms step_avg:nanms
step:7/500 train_loss:7.3093 train_time:63845ms step_avg:nanms
step:8/500 train_loss:7.4773 train_time:64130ms step_avg:nanms
step:9/500 train_loss:7.2709 train_time:64415ms step_avg:nanms
step:10/500 train_loss:7.0928 train_time:64704ms step_avg:nanms
step:11/500 train_loss:7.0825 train_time:287ms step_avg:nanms
step:12/500 train_loss:7.0083 train_time:571ms step_avg:nanms
step:13/500 train_loss:6.8258 train_time:853ms step_avg:284.49ms
step:14/500 train_loss:6.8316 train_time:1136ms step_avg:284.00ms
step:15/500 train_loss:6.7881 train_time:1420ms step_avg:283.98ms
step:16/500 train_loss:6.7087 train_time:1707ms step_avg:284.55ms
step:17/500 train_loss:6.7155 train_time:1992ms step_avg:284.60ms
step:18/500 train_loss:6.7462 train_time:2277ms step_avg:284.57ms
step:19/500 train_loss:6.5667 train_time:2561ms step_avg:284.59ms
step:20/500 train_loss:6.5750 train_time:2848ms step_avg:284.80ms
step:21/500 train_loss:6.2458 train_time:3131ms step_avg:284.68ms
step:22/500 train_loss:6.6344 train_time:3416ms step_avg:284.64ms
step:23/500 train_loss:6.8773 train_time:3703ms step_avg:284.82ms
step:24/500 train_loss:6.5093 train_time:3990ms step_avg:284.98ms
step:25/500 train_loss:6.6295 train_time:4273ms step_avg:284.88ms
step:26/500 train_loss:6.3570 train_time:4558ms step_avg:284.88ms
step:27/500 train_loss:6.2738 train_time:4844ms step_avg:284.94ms
step:28/500 train_loss:6.4506 train_time:5130ms step_avg:284.99ms
step:29/500 train_loss:6.0998 train_time:5412ms step_avg:284.83ms
step:30/500 train_loss:6.3782 train_time:5693ms step_avg:284.67ms
step:31/500 train_loss:6.2257 train_time:5976ms step_avg:284.59ms
step:32/500 train_loss:6.1893 train_time:6262ms step_avg:284.63ms
step:33/500 train_loss:6.0003 train_time:6549ms step_avg:284.72ms
step:34/500 train_loss:6.3416 train_time:6832ms step_avg:284.69ms
step:35/500 train_loss:6.2526 train_time:7114ms step_avg:284.57ms
step:36/500 train_loss:6.4082 train_time:7394ms step_avg:284.39ms
step:37/500 train_loss:6.3315 train_time:7692ms step_avg:284.89ms
step:38/500 train_loss:6.2227 train_time:7976ms step_avg:284.85ms
step:39/500 train_loss:6.1165 train_time:8261ms step_avg:284.86ms
step:40/500 train_loss:6.1734 train_time:8545ms step_avg:284.85ms
step:41/500 train_loss:6.0745 train_time:8830ms step_avg:284.83ms
step:42/500 train_loss:6.1147 train_time:9112ms step_avg:284.75ms
step:43/500 train_loss:5.9815 train_time:9395ms step_avg:284.68ms
step:44/500 train_loss:6.0614 train_time:9682ms step_avg:284.76ms
step:45/500 train_loss:6.0532 train_time:9967ms step_avg:284.78ms
step:46/500 train_loss:6.2396 train_time:10251ms step_avg:284.76ms
step:47/500 train_loss:6.0371 train_time:10533ms step_avg:284.68ms
step:48/500 train_loss:5.8776 train_time:10814ms step_avg:284.59ms
step:49/500 train_loss:6.1274 train_time:11098ms step_avg:284.57ms
step:50/500 train_loss:5.9973 train_time:11384ms step_avg:284.60ms
step:51/500 train_loss:6.1546 train_time:11670ms step_avg:284.64ms w_mean:1.000 w_std:0.010 w_min:1.000 w_max:1.666
step:52/500 train_loss:6.0131 train_time:11953ms step_avg:284.59ms
step:53/500 train_loss:5.8600 train_time:12236ms step_avg:284.57ms
step:54/500 train_loss:5.9913 train_time:12520ms step_avg:284.54ms
step:55/500 train_loss:5.9071 train_time:12805ms step_avg:284.55ms
step:56/500 train_loss:6.2159 train_time:13091ms step_avg:284.58ms
step:57/500 train_loss:5.8995 train_time:13373ms step_avg:284.54ms
step:58/500 train_loss:5.7811 train_time:13657ms step_avg:284.52ms
step:59/500 train_loss:5.9381 train_time:13941ms step_avg:284.51ms
step:60/500 train_loss:5.8797 train_time:14226ms step_avg:284.53ms
step:61/500 train_loss:5.9670 train_time:14510ms step_avg:284.52ms
step:62/500 train_loss:5.7671 train_time:14793ms step_avg:284.48ms
step:63/500 train_loss:5.8669 train_time:15078ms step_avg:284.49ms
step:64/500 train_loss:5.8333 train_time:15361ms step_avg:284.47ms
step:65/500 train_loss:5.7479 train_time:15648ms step_avg:284.51ms
step:66/500 train_loss:5.6649 train_time:15932ms step_avg:284.50ms
step:67/500 train_loss:5.8335 train_time:16215ms step_avg:284.47ms
step:68/500 train_loss:5.7015 train_time:16499ms step_avg:284.47ms
step:69/500 train_loss:5.9461 train_time:16784ms step_avg:284.47ms
step:70/500 train_loss:5.6157 train_time:17070ms step_avg:284.50ms
step:71/500 train_loss:5.6436 train_time:17352ms step_avg:284.46ms
step:72/500 train_loss:5.8429 train_time:17633ms step_avg:284.40ms
step:73/500 train_loss:5.7824 train_time:17913ms step_avg:284.33ms
step:74/500 train_loss:5.6700 train_time:18197ms step_avg:284.32ms
step:75/500 train_loss:5.7828 train_time:18483ms step_avg:284.35ms
step:76/500 train_loss:5.7473 train_time:18771ms step_avg:284.41ms
step:77/500 train_loss:5.7129 train_time:19053ms step_avg:284.37ms
step:78/500 train_loss:5.8007 train_time:19336ms step_avg:284.35ms
step:79/500 train_loss:5.8274 train_time:19619ms step_avg:284.33ms
step:80/500 train_loss:5.6954 train_time:19904ms step_avg:284.34ms
step:81/500 train_loss:5.7760 train_time:20191ms step_avg:284.38ms
step:82/500 train_loss:5.5413 train_time:20473ms step_avg:284.34ms
step:83/500 train_loss:5.7173 train_time:20754ms step_avg:284.30ms
step:84/500 train_loss:5.6798 train_time:21034ms step_avg:284.25ms
step:85/500 train_loss:5.6435 train_time:21315ms step_avg:284.20ms
step:86/500 train_loss:5.5121 train_time:21600ms step_avg:284.21ms
step:87/500 train_loss:5.7215 train_time:21887ms step_avg:284.24ms
step:88/500 train_loss:5.6236 train_time:22170ms step_avg:284.23ms
step:89/500 train_loss:5.6861 train_time:22452ms step_avg:284.21ms
step:90/500 train_loss:5.6635 train_time:22735ms step_avg:284.18ms
step:91/500 train_loss:5.5755 train_time:23016ms step_avg:284.15ms
step:92/500 train_loss:5.5852 train_time:23297ms step_avg:284.12ms
step:93/500 train_loss:5.6814 train_time:23584ms step_avg:284.14ms
step:94/500 train_loss:5.5308 train_time:23869ms step_avg:284.16ms
step:95/500 train_loss:5.5185 train_time:24152ms step_avg:284.14ms
step:96/500 train_loss:5.5410 train_time:24436ms step_avg:284.14ms
step:97/500 train_loss:5.4574 train_time:24720ms step_avg:284.14ms
step:98/500 train_loss:5.5325 train_time:25003ms step_avg:284.12ms
step:99/500 train_loss:5.4558 train_time:25290ms step_avg:284.15ms
step:100/500 train_loss:5.5758 train_time:25573ms step_avg:284.15ms
step:101/500 train_loss:5.5397 train_time:25857ms step_avg:284.15ms w_mean:1.000 w_std:0.013 w_min:0.999 w_max:1.665
step:102/500 train_loss:5.4313 train_time:26142ms step_avg:284.16ms
step:103/500 train_loss:5.5392 train_time:26428ms step_avg:284.17ms
step:104/500 train_loss:5.5044 train_time:26713ms step_avg:284.18ms
step:105/500 train_loss:5.3364 train_time:26998ms step_avg:284.19ms
step:106/500 train_loss:5.4502 train_time:27289ms step_avg:284.26ms
step:107/500 train_loss:5.6462 train_time:27572ms step_avg:284.25ms
step:108/500 train_loss:5.4358 train_time:27856ms step_avg:284.24ms
step:109/500 train_loss:5.1976 train_time:28140ms step_avg:284.24ms
step:110/500 train_loss:5.3965 train_time:28423ms step_avg:284.23ms
step:111/500 train_loss:5.3655 train_time:28709ms step_avg:284.24ms
step:112/500 train_loss:5.3414 train_time:28992ms step_avg:284.23ms
step:113/500 train_loss:5.4463 train_time:29274ms step_avg:284.21ms
step:114/500 train_loss:5.3793 train_time:29556ms step_avg:284.20ms
step:115/500 train_loss:5.2314 train_time:29843ms step_avg:284.22ms
step:116/500 train_loss:5.4007 train_time:30128ms step_avg:284.23ms
step:117/500 train_loss:5.2612 train_time:30411ms step_avg:284.22ms
step:118/500 train_loss:5.2530 train_time:30694ms step_avg:284.20ms
step:119/500 train_loss:5.3738 train_time:30979ms step_avg:284.21ms
step:120/500 train_loss:5.3591 train_time:31264ms step_avg:284.22ms
step:121/500 train_loss:5.2866 train_time:31554ms step_avg:284.27ms
step:122/500 train_loss:5.1810 train_time:31838ms step_avg:284.26ms
step:123/500 train_loss:5.2767 train_time:32121ms step_avg:284.26ms
step:124/500 train_loss:5.1451 train_time:32407ms step_avg:284.27ms
step:125/500 train_loss:5.4368 train_time:32691ms step_avg:284.27ms
step:125/500 val_loss:5.2682 train_time:32692ms step_avg:284.27ms
step:126/500 train_loss:5.2904 train_time:32962ms step_avg:284.15ms
step:127/500 train_loss:5.2668 train_time:33250ms step_avg:284.18ms
step:128/500 train_loss:5.3315 train_time:33534ms step_avg:284.18ms
step:129/500 train_loss:5.1898 train_time:33819ms step_avg:284.19ms
step:130/500 train_loss:5.4615 train_time:34101ms step_avg:284.18ms
step:131/500 train_loss:5.2462 train_time:34384ms step_avg:284.17ms
step:132/500 train_loss:5.2453 train_time:34669ms step_avg:284.18ms
step:133/500 train_loss:5.1928 train_time:34955ms step_avg:284.19ms
step:134/500 train_loss:5.2366 train_time:35240ms step_avg:284.19ms
step:135/500 train_loss:5.1628 train_time:35521ms step_avg:284.17ms
step:136/500 train_loss:5.2325 train_time:35802ms step_avg:284.14ms
step:137/500 train_loss:5.0309 train_time:36085ms step_avg:284.13ms
step:138/500 train_loss:5.1940 train_time:36370ms step_avg:284.14ms
step:139/500 train_loss:5.1532 train_time:36656ms step_avg:284.15ms
step:140/500 train_loss:5.1609 train_time:36940ms step_avg:284.15ms
step:141/500 train_loss:5.2131 train_time:37221ms step_avg:284.13ms
step:142/500 train_loss:5.1161 train_time:37502ms step_avg:284.10ms
step:143/500 train_loss:5.1914 train_time:37782ms step_avg:284.08ms
step:144/500 train_loss:5.0071 train_time:38066ms step_avg:284.07ms
step:145/500 train_loss:5.1630 train_time:38351ms step_avg:284.08ms
step:146/500 train_loss:5.1012 train_time:38636ms step_avg:284.09ms
step:147/500 train_loss:5.0090 train_time:38921ms step_avg:284.09ms
step:148/500 train_loss:5.1317 train_time:39202ms step_avg:284.07ms
step:149/500 train_loss:5.1089 train_time:39482ms step_avg:284.04ms
step:150/500 train_loss:5.1691 train_time:39765ms step_avg:284.03ms
step:151/500 train_loss:5.1784 train_time:40050ms step_avg:284.05ms w_mean:1.000 w_std:0.012 w_min:0.999 w_max:1.666
step:152/500 train_loss:5.0997 train_time:40336ms step_avg:284.06ms
step:153/500 train_loss:5.0772 train_time:40620ms step_avg:284.06ms
step:154/500 train_loss:5.1562 train_time:40902ms step_avg:284.04ms
step:155/500 train_loss:5.0903 train_time:41182ms step_avg:284.01ms
step:156/500 train_loss:5.0708 train_time:41466ms step_avg:284.02ms
step:157/500 train_loss:5.0865 train_time:41753ms step_avg:284.03ms
step:158/500 train_loss:5.2114 train_time:42038ms step_avg:284.04ms
step:159/500 train_loss:4.9991 train_time:42321ms step_avg:284.03ms
step:160/500 train_loss:5.0562 train_time:42603ms step_avg:284.02ms
step:161/500 train_loss:4.9169 train_time:42883ms step_avg:283.99ms
step:162/500 train_loss:5.0635 train_time:43167ms step_avg:283.99ms
step:163/500 train_loss:5.1022 train_time:43452ms step_avg:284.00ms
step:164/500 train_loss:5.0862 train_time:43737ms step_avg:284.01ms
step:165/500 train_loss:4.9151 train_time:44021ms step_avg:284.00ms
step:166/500 train_loss:5.0324 train_time:44304ms step_avg:284.00ms
step:167/500 train_loss:5.1847 train_time:44583ms step_avg:283.97ms
step:168/500 train_loss:4.9645 train_time:44869ms step_avg:283.98ms
step:169/500 train_loss:5.0444 train_time:45154ms step_avg:283.99ms
step:170/500 train_loss:4.9115 train_time:45439ms step_avg:283.99ms
step:171/500 train_loss:4.8530 train_time:45721ms step_avg:283.98ms
step:172/500 train_loss:4.9582 train_time:46002ms step_avg:283.96ms
step:173/500 train_loss:4.9372 train_time:46285ms step_avg:283.95ms
step:174/500 train_loss:4.9932 train_time:46566ms step_avg:283.94ms
step:175/500 train_loss:5.1348 train_time:46852ms step_avg:283.95ms
step:176/500 train_loss:5.0184 train_time:47138ms step_avg:283.96ms
step:177/500 train_loss:4.8548 train_time:47422ms step_avg:283.96ms
step:178/500 train_loss:4.8347 train_time:47704ms step_avg:283.95ms
step:179/500 train_loss:4.8709 train_time:47984ms step_avg:283.93ms
step:180/500 train_loss:4.9147 train_time:48269ms step_avg:283.93ms
step:181/500 train_loss:4.8996 train_time:48555ms step_avg:283.95ms
step:182/500 train_loss:5.0154 train_time:48842ms step_avg:283.96ms
step:183/500 train_loss:4.9044 train_time:49122ms step_avg:283.94ms
step:184/500 train_loss:4.8295 train_time:49404ms step_avg:283.93ms
step:185/500 train_loss:4.8603 train_time:49688ms step_avg:283.93ms
step:186/500 train_loss:4.9847 train_time:49975ms step_avg:283.95ms
step:187/500 train_loss:4.8711 train_time:50260ms step_avg:283.95ms
step:188/500 train_loss:5.1081 train_time:50542ms step_avg:283.94ms
step:189/500 train_loss:4.9049 train_time:51070ms step_avg:285.31ms
step:190/500 train_loss:4.8192 train_time:51646ms step_avg:286.92ms
step:191/500 train_loss:4.9810 train_time:51935ms step_avg:286.93ms
step:192/500 train_loss:4.8178 train_time:52221ms step_avg:286.93ms
step:193/500 train_loss:4.7447 train_time:52503ms step_avg:286.90ms
step:194/500 train_loss:4.9420 train_time:52786ms step_avg:286.88ms
step:195/500 train_loss:4.8807 train_time:53071ms step_avg:286.87ms
step:196/500 train_loss:5.0656 train_time:53359ms step_avg:286.88ms
step:197/500 train_loss:4.9597 train_time:53640ms step_avg:286.85ms
step:198/500 train_loss:4.8002 train_time:53922ms step_avg:286.82ms
step:199/500 train_loss:4.8415 train_time:54203ms step_avg:286.79ms
step:200/500 train_loss:4.7339 train_time:54487ms step_avg:286.78ms
step:201/500 train_loss:4.8175 train_time:54771ms step_avg:286.76ms w_mean:1.000 w_std:0.010 w_min:1.000 w_max:1.666
step:202/500 train_loss:4.7432 train_time:55057ms step_avg:286.76ms
step:203/500 train_loss:4.9687 train_time:55340ms step_avg:286.74ms
step:204/500 train_loss:4.8666 train_time:55623ms step_avg:286.72ms
step:205/500 train_loss:4.8353 train_time:55906ms step_avg:286.70ms
step:206/500 train_loss:4.9898 train_time:56191ms step_avg:286.69ms
step:207/500 train_loss:4.6682 train_time:56476ms step_avg:286.68ms
step:208/500 train_loss:4.8134 train_time:56761ms step_avg:286.67ms
step:209/500 train_loss:4.7675 train_time:57044ms step_avg:286.65ms
step:210/500 train_loss:4.9329 train_time:57327ms step_avg:286.63ms
step:211/500 train_loss:4.8513 train_time:57610ms step_avg:286.62ms
step:212/500 train_loss:4.7445 train_time:57895ms step_avg:286.61ms
step:213/500 train_loss:4.8796 train_time:58180ms step_avg:286.60ms
step:214/500 train_loss:4.7164 train_time:58462ms step_avg:286.58ms
step:215/500 train_loss:4.8092 train_time:58744ms step_avg:286.56ms
step:216/500 train_loss:4.6675 train_time:59028ms step_avg:286.55ms
step:217/500 train_loss:4.7835 train_time:59315ms step_avg:286.55ms
step:218/500 train_loss:4.7633 train_time:59599ms step_avg:286.53ms
step:219/500 train_loss:4.7408 train_time:59882ms step_avg:286.51ms
step:220/500 train_loss:4.7513 train_time:60163ms step_avg:286.49ms
step:221/500 train_loss:4.7783 train_time:60446ms step_avg:286.48ms
step:222/500 train_loss:4.8126 train_time:60731ms step_avg:286.47ms
step:223/500 train_loss:4.7558 train_time:61016ms step_avg:286.46ms
step:224/500 train_loss:4.7587 train_time:61300ms step_avg:286.45ms
step:225/500 train_loss:4.8817 train_time:61582ms step_avg:286.43ms
step:226/500 train_loss:4.6299 train_time:61866ms step_avg:286.42ms
step:227/500 train_loss:4.6533 train_time:62152ms step_avg:286.42ms
step:228/500 train_loss:4.6486 train_time:62439ms step_avg:286.42ms
step:229/500 train_loss:4.8119 train_time:62721ms step_avg:286.40ms
step:230/500 train_loss:4.6356 train_time:63004ms step_avg:286.38ms
step:231/500 train_loss:4.7941 train_time:63284ms step_avg:286.35ms
step:232/500 train_loss:4.6542 train_time:63568ms step_avg:286.34ms
step:233/500 train_loss:4.6171 train_time:63854ms step_avg:286.34ms
step:234/500 train_loss:4.8252 train_time:64139ms step_avg:286.34ms
step:235/500 train_loss:4.6593 train_time:64421ms step_avg:286.31ms
step:236/500 train_loss:4.5984 train_time:64702ms step_avg:286.29ms
step:237/500 train_loss:4.8507 train_time:64982ms step_avg:286.26ms
step:238/500 train_loss:4.7298 train_time:65267ms step_avg:286.26ms
step:239/500 train_loss:4.6422 train_time:65552ms step_avg:286.25ms
step:240/500 train_loss:4.7814 train_time:65838ms step_avg:286.25ms
step:241/500 train_loss:4.7672 train_time:66121ms step_avg:286.24ms
step:242/500 train_loss:4.6745 train_time:66402ms step_avg:286.22ms
step:243/500 train_loss:4.8288 train_time:66684ms step_avg:286.20ms
step:244/500 train_loss:4.6670 train_time:66968ms step_avg:286.19ms
step:245/500 train_loss:4.6772 train_time:67257ms step_avg:286.20ms
step:246/500 train_loss:4.7470 train_time:67541ms step_avg:286.19ms
step:247/500 train_loss:4.7002 train_time:67824ms step_avg:286.18ms
step:248/500 train_loss:4.6591 train_time:68106ms step_avg:286.16ms
step:249/500 train_loss:4.8211 train_time:68390ms step_avg:286.15ms
step:250/500 train_loss:4.5633 train_time:68676ms step_avg:286.15ms
step:250/500 val_loss:4.6696 train_time:68676ms step_avg:286.15ms
step:251/500 train_loss:4.6054 train_time:68944ms step_avg:286.07ms w_mean:1.000 w_std:0.011 w_min:1.000 w_max:1.666
step:252/500 train_loss:4.7338 train_time:69232ms step_avg:286.08ms
step:253/500 train_loss:4.7278 train_time:69517ms step_avg:286.08ms
step:254/500 train_loss:4.6031 train_time:69800ms step_avg:286.07ms
step:255/500 train_loss:4.6270 train_time:70083ms step_avg:286.05ms
step:256/500 train_loss:4.7601 train_time:70365ms step_avg:286.04ms
step:257/500 train_loss:4.6998 train_time:70650ms step_avg:286.03ms
step:258/500 train_loss:4.6732 train_time:70935ms step_avg:286.03ms
step:259/500 train_loss:4.6074 train_time:71220ms step_avg:286.02ms
step:260/500 train_loss:4.6214 train_time:71501ms step_avg:286.01ms
step:261/500 train_loss:4.6908 train_time:71785ms step_avg:286.00ms
step:262/500 train_loss:4.6998 train_time:72069ms step_avg:285.99ms
step:263/500 train_loss:4.6038 train_time:72353ms step_avg:285.98ms
step:264/500 train_loss:4.5514 train_time:72638ms step_avg:285.98ms
step:265/500 train_loss:4.6064 train_time:72921ms step_avg:285.96ms
step:266/500 train_loss:4.4574 train_time:73205ms step_avg:285.96ms
step:267/500 train_loss:4.5182 train_time:73490ms step_avg:285.95ms
step:268/500 train_loss:4.5614 train_time:73775ms step_avg:285.95ms
step:269/500 train_loss:4.5181 train_time:74060ms step_avg:285.94ms
step:270/500 train_loss:4.4897 train_time:74341ms step_avg:285.93ms
step:271/500 train_loss:4.7076 train_time:74624ms step_avg:285.92ms
step:272/500 train_loss:4.6453 train_time:74910ms step_avg:285.91ms
step:273/500 train_loss:4.5026 train_time:75195ms step_avg:285.91ms
step:274/500 train_loss:4.5484 train_time:75479ms step_avg:285.90ms
step:275/500 train_loss:4.6726 train_time:75760ms step_avg:285.89ms
step:276/500 train_loss:4.6775 train_time:76041ms step_avg:285.87ms
step:277/500 train_loss:4.8809 train_time:76324ms step_avg:285.86ms
step:278/500 train_loss:4.6250 train_time:76609ms step_avg:285.86ms
step:279/500 train_loss:4.7596 train_time:76895ms step_avg:285.85ms
step:280/500 train_loss:4.6112 train_time:77179ms step_avg:285.85ms
step:281/500 train_loss:4.6630 train_time:77460ms step_avg:285.83ms
step:282/500 train_loss:4.5671 train_time:77742ms step_avg:285.82ms
step:283/500 train_loss:4.6836 train_time:78025ms step_avg:285.81ms
step:284/500 train_loss:4.5026 train_time:78310ms step_avg:285.80ms
step:285/500 train_loss:4.6713 train_time:78595ms step_avg:285.80ms
step:286/500 train_loss:4.6538 train_time:78880ms step_avg:285.80ms
step:287/500 train_loss:4.6856 train_time:79162ms step_avg:285.78ms
step:288/500 train_loss:4.5510 train_time:79441ms step_avg:285.76ms
step:289/500 train_loss:4.6149 train_time:79724ms step_avg:285.75ms
step:290/500 train_loss:4.4765 train_time:80010ms step_avg:285.75ms
step:291/500 train_loss:4.4746 train_time:80296ms step_avg:285.75ms
step:292/500 train_loss:4.5990 train_time:80579ms step_avg:285.74ms
step:293/500 train_loss:4.4855 train_time:80863ms step_avg:285.73ms
step:294/500 train_loss:4.5370 train_time:81142ms step_avg:285.71ms
step:295/500 train_loss:4.5578 train_time:81425ms step_avg:285.70ms
step:296/500 train_loss:4.4254 train_time:81709ms step_avg:285.70ms
step:297/500 train_loss:4.4142 train_time:81996ms step_avg:285.70ms
step:298/500 train_loss:4.4419 train_time:82280ms step_avg:285.69ms
step:299/500 train_loss:4.5485 train_time:82561ms step_avg:285.68ms
step:300/500 train_loss:4.4320 train_time:82842ms step_avg:285.66ms
step:301/500 train_loss:4.6133 train_time:83126ms step_avg:285.66ms w_mean:1.000 w_std:0.007 w_min:1.000 w_max:1.666
step:302/500 train_loss:4.5841 train_time:83411ms step_avg:285.65ms
step:303/500 train_loss:4.5097 train_time:83696ms step_avg:285.65ms
step:304/500 train_loss:4.5717 train_time:83980ms step_avg:285.65ms
step:305/500 train_loss:4.5576 train_time:84262ms step_avg:285.63ms
step:306/500 train_loss:5.0281 train_time:84542ms step_avg:285.61ms
step:307/500 train_loss:4.5156 train_time:84825ms step_avg:285.61ms
step:308/500 train_loss:4.4128 train_time:85114ms step_avg:285.62ms
step:309/500 train_loss:4.6071 train_time:85399ms step_avg:285.62ms
step:310/500 train_loss:4.4040 train_time:85681ms step_avg:285.60ms
step:311/500 train_loss:4.6383 train_time:85961ms step_avg:285.59ms
step:312/500 train_loss:4.5505 train_time:86242ms step_avg:285.57ms
step:313/500 train_loss:4.4671 train_time:86525ms step_avg:285.56ms
step:314/500 train_loss:4.5909 train_time:86812ms step_avg:285.57ms
step:315/500 train_loss:4.7257 train_time:87098ms step_avg:285.57ms
step:316/500 train_loss:4.5596 train_time:87380ms step_avg:285.56ms
step:317/500 train_loss:4.4516 train_time:87663ms step_avg:285.55ms
step:318/500 train_loss:4.4609 train_time:87943ms step_avg:285.53ms
step:319/500 train_loss:4.4758 train_time:88228ms step_avg:285.53ms
step:320/500 train_loss:4.4229 train_time:88512ms step_avg:285.52ms
step:321/500 train_loss:4.5193 train_time:88797ms step_avg:285.52ms
step:322/500 train_loss:4.5332 train_time:89082ms step_avg:285.52ms
step:323/500 train_loss:4.4928 train_time:89363ms step_avg:285.51ms
step:324/500 train_loss:4.5646 train_time:89645ms step_avg:285.49ms
step:325/500 train_loss:4.5555 train_time:89931ms step_avg:285.50ms
step:326/500 train_loss:4.6367 train_time:90216ms step_avg:285.49ms
step:327/500 train_loss:4.4831 train_time:90499ms step_avg:285.49ms
step:328/500 train_loss:4.9187 train_time:90781ms step_avg:285.47ms
step:329/500 train_loss:4.6321 train_time:91064ms step_avg:285.47ms
step:330/500 train_loss:4.4219 train_time:91344ms step_avg:285.45ms
step:331/500 train_loss:4.4024 train_time:91629ms step_avg:285.45ms
step:332/500 train_loss:4.5375 train_time:91914ms step_avg:285.45ms
step:333/500 train_loss:4.4579 train_time:92199ms step_avg:285.45ms
step:334/500 train_loss:4.4505 train_time:92481ms step_avg:285.44ms
step:335/500 train_loss:4.4016 train_time:92764ms step_avg:285.43ms
step:336/500 train_loss:4.6055 train_time:93046ms step_avg:285.42ms
step:337/500 train_loss:4.5365 train_time:93330ms step_avg:285.41ms
step:338/500 train_loss:5.0806 train_time:93616ms step_avg:285.41ms
step:339/500 train_loss:4.5127 train_time:93900ms step_avg:285.41ms
step:340/500 train_loss:4.4821 train_time:94182ms step_avg:285.40ms
step:341/500 train_loss:4.4559 train_time:94465ms step_avg:285.39ms
step:342/500 train_loss:4.4053 train_time:94748ms step_avg:285.39ms
step:343/500 train_loss:4.3754 train_time:95032ms step_avg:285.38ms
step:344/500 train_loss:4.4437 train_time:95318ms step_avg:285.38ms
step:345/500 train_loss:4.5315 train_time:95601ms step_avg:285.38ms
step:346/500 train_loss:4.4258 train_time:95883ms step_avg:285.37ms
step:347/500 train_loss:4.3755 train_time:96164ms step_avg:285.35ms
step:348/500 train_loss:4.4356 train_time:96446ms step_avg:285.34ms
step:349/500 train_loss:4.4236 train_time:96730ms step_avg:285.34ms
step:350/500 train_loss:4.3479 train_time:97017ms step_avg:285.34ms
step:351/500 train_loss:4.0345 train_time:97300ms step_avg:285.34ms w_mean:1.000 w_std:0.009 w_min:1.000 w_max:1.666
step:352/500 train_loss:4.3245 train_time:97581ms step_avg:285.33ms
step:353/500 train_loss:4.6733 train_time:97864ms step_avg:285.32ms
step:354/500 train_loss:4.2113 train_time:98144ms step_avg:285.30ms
step:355/500 train_loss:4.4621 train_time:98429ms step_avg:285.30ms
step:356/500 train_loss:4.3746 train_time:98714ms step_avg:285.30ms
step:357/500 train_loss:4.4643 train_time:98999ms step_avg:285.30ms
step:358/500 train_loss:4.4872 train_time:99281ms step_avg:285.29ms
step:359/500 train_loss:4.3758 train_time:99561ms step_avg:285.28ms
step:360/500 train_loss:4.7212 train_time:99844ms step_avg:285.27ms
step:361/500 train_loss:4.1109 train_time:100129ms step_avg:285.27ms
step:362/500 train_loss:4.5930 train_time:100415ms step_avg:285.27ms
step:363/500 train_loss:4.4934 train_time:100700ms step_avg:285.27ms
step:364/500 train_loss:4.3753 train_time:100982ms step_avg:285.26ms
step:365/500 train_loss:4.3113 train_time:101262ms step_avg:285.25ms
step:366/500 train_loss:4.4690 train_time:101545ms step_avg:285.24ms
step:367/500 train_loss:4.3919 train_time:101830ms step_avg:285.24ms
step:368/500 train_loss:4.3802 train_time:102116ms step_avg:285.24ms
step:369/500 train_loss:4.3909 train_time:102399ms step_avg:285.23ms
step:370/500 train_loss:4.2772 train_time:102682ms step_avg:285.23ms
step:371/500 train_loss:4.4264 train_time:102965ms step_avg:285.22ms
step:372/500 train_loss:4.3680 train_time:103247ms step_avg:285.21ms
step:373/500 train_loss:4.2436 train_time:103531ms step_avg:285.21ms
step:374/500 train_loss:4.4303 train_time:103818ms step_avg:285.21ms
step:375/500 train_loss:4.3640 train_time:104101ms step_avg:285.21ms
step:375/500 val_loss:4.3818 train_time:104102ms step_avg:285.21ms
step:376/500 train_loss:4.3675 train_time:104370ms step_avg:285.16ms
step:377/500 train_loss:4.4173 train_time:104653ms step_avg:285.16ms
step:378/500 train_loss:4.3154 train_time:105180ms step_avg:285.81ms
step:379/500 train_loss:4.3650 train_time:105466ms step_avg:285.81ms
step:380/500 train_loss:4.4418 train_time:106061ms step_avg:286.65ms
step:381/500 train_loss:4.4775 train_time:106346ms step_avg:286.65ms
step:382/500 train_loss:4.4219 train_time:106626ms step_avg:286.63ms
step:383/500 train_loss:4.4003 train_time:106907ms step_avg:286.61ms
step:384/500 train_loss:4.2946 train_time:107192ms step_avg:286.61ms
step:385/500 train_loss:4.3990 train_time:107478ms step_avg:286.61ms
step:386/500 train_loss:4.3109 train_time:107764ms step_avg:286.61ms
step:387/500 train_loss:4.4451 train_time:108047ms step_avg:286.60ms
step:388/500 train_loss:4.6415 train_time:108329ms step_avg:286.58ms
step:389/500 train_loss:4.3351 train_time:108612ms step_avg:286.57ms
step:390/500 train_loss:4.2908 train_time:108898ms step_avg:286.57ms
step:391/500 train_loss:4.4265 train_time:109185ms step_avg:286.57ms
step:392/500 train_loss:4.3447 train_time:109467ms step_avg:286.56ms
step:393/500 train_loss:4.4497 train_time:109749ms step_avg:286.55ms
step:394/500 train_loss:4.2732 train_time:110031ms step_avg:286.54ms
step:395/500 train_loss:4.4026 train_time:110315ms step_avg:286.53ms
step:396/500 train_loss:4.1963 train_time:110604ms step_avg:286.54ms
step:397/500 train_loss:4.3529 train_time:110887ms step_avg:286.53ms
step:398/500 train_loss:4.4507 train_time:111172ms step_avg:286.53ms
step:399/500 train_loss:4.4097 train_time:111458ms step_avg:286.52ms
step:400/500 train_loss:4.3135 train_time:111743ms step_avg:286.52ms
step:401/500 train_loss:4.3881 train_time:112028ms step_avg:286.52ms w_mean:1.000 w_std:0.007 w_min:1.000 w_max:1.666
step:402/500 train_loss:4.4199 train_time:112310ms step_avg:286.51ms
step:403/500 train_loss:4.3866 train_time:112599ms step_avg:286.51ms
step:404/500 train_loss:4.4810 train_time:112885ms step_avg:286.51ms
step:405/500 train_loss:4.2730 train_time:113168ms step_avg:286.50ms
step:406/500 train_loss:4.3109 train_time:113452ms step_avg:286.49ms
step:407/500 train_loss:4.5895 train_time:113735ms step_avg:286.49ms
step:408/500 train_loss:4.3496 train_time:114021ms step_avg:286.48ms
step:409/500 train_loss:4.3427 train_time:114307ms step_avg:286.48ms
step:410/500 train_loss:4.3934 train_time:114590ms step_avg:286.48ms
step:411/500 train_loss:4.2806 train_time:114874ms step_avg:286.47ms
step:412/500 train_loss:4.2949 train_time:115156ms step_avg:286.46ms
step:413/500 train_loss:4.7228 train_time:115441ms step_avg:286.46ms
step:414/500 train_loss:4.1626 train_time:115725ms step_avg:286.45ms
step:415/500 train_loss:4.5237 train_time:116006ms step_avg:286.43ms
step:416/500 train_loss:4.3009 train_time:116287ms step_avg:286.42ms
step:417/500 train_loss:4.2966 train_time:116570ms step_avg:286.41ms
step:418/500 train_loss:4.4802 train_time:116854ms step_avg:286.41ms
step:419/500 train_loss:4.2120 train_time:117141ms step_avg:286.41ms
step:420/500 train_loss:4.3109 train_time:117427ms step_avg:286.41ms
step:421/500 train_loss:4.2878 train_time:117707ms step_avg:286.39ms
step:422/500 train_loss:4.1659 train_time:117988ms step_avg:286.38ms
step:423/500 train_loss:4.2726 train_time:118269ms step_avg:286.37ms
step:424/500 train_loss:4.3874 train_time:118561ms step_avg:286.38ms
step:425/500 train_loss:4.2020 train_time:118840ms step_avg:286.36ms
step:426/500 train_loss:4.3518 train_time:119125ms step_avg:286.36ms
step:427/500 train_loss:4.2405 train_time:119407ms step_avg:286.35ms
step:428/500 train_loss:4.4145 train_time:119690ms step_avg:286.34ms
step:429/500 train_loss:4.3672 train_time:119976ms step_avg:286.34ms
step:430/500 train_loss:4.2774 train_time:120268ms step_avg:286.35ms
step:431/500 train_loss:4.2569 train_time:120548ms step_avg:286.34ms
step:432/500 train_loss:4.2208 train_time:120829ms step_avg:286.33ms
step:433/500 train_loss:4.2805 train_time:121112ms step_avg:286.32ms
step:434/500 train_loss:4.3601 train_time:121397ms step_avg:286.31ms
step:435/500 train_loss:4.2992 train_time:121683ms step_avg:286.31ms
step:436/500 train_loss:4.3356 train_time:121967ms step_avg:286.31ms
step:437/500 train_loss:4.3533 train_time:122250ms step_avg:286.30ms
step:438/500 train_loss:4.2395 train_time:122532ms step_avg:286.29ms
step:439/500 train_loss:4.2534 train_time:122815ms step_avg:286.28ms
step:440/500 train_loss:4.2191 train_time:123099ms step_avg:286.28ms
step:441/500 train_loss:4.4057 train_time:123385ms step_avg:286.28ms
step:442/500 train_loss:4.3133 train_time:123667ms step_avg:286.27ms
step:443/500 train_loss:4.2832 train_time:123949ms step_avg:286.26ms
step:444/500 train_loss:4.1725 train_time:124229ms step_avg:286.24ms
step:445/500 train_loss:4.4401 train_time:124511ms step_avg:286.23ms
step:446/500 train_loss:4.3535 train_time:124794ms step_avg:286.22ms
step:447/500 train_loss:4.3489 train_time:125078ms step_avg:286.22ms
step:448/500 train_loss:4.2714 train_time:125364ms step_avg:286.22ms
step:449/500 train_loss:4.3543 train_time:125647ms step_avg:286.21ms
step:450/500 train_loss:4.1997 train_time:125928ms step_avg:286.20ms
step:451/500 train_loss:4.2296 train_time:126208ms step_avg:286.19ms w_mean:1.000 w_std:0.005 w_min:1.000 w_max:1.666
step:452/500 train_loss:4.1255 train_time:126491ms step_avg:286.18ms
step:453/500 train_loss:4.2236 train_time:126773ms step_avg:286.17ms
step:454/500 train_loss:4.1970 train_time:127056ms step_avg:286.16ms
step:455/500 train_loss:4.1717 train_time:127340ms step_avg:286.16ms
step:456/500 train_loss:4.3862 train_time:127625ms step_avg:286.15ms
step:457/500 train_loss:4.2402 train_time:127907ms step_avg:286.15ms
step:458/500 train_loss:4.3334 train_time:128188ms step_avg:286.13ms
step:459/500 train_loss:4.3596 train_time:128472ms step_avg:286.13ms
step:460/500 train_loss:4.1604 train_time:128755ms step_avg:286.12ms
step:461/500 train_loss:4.3336 train_time:129039ms step_avg:286.12ms
step:462/500 train_loss:4.2409 train_time:129323ms step_avg:286.11ms
step:463/500 train_loss:4.2185 train_time:129606ms step_avg:286.11ms
step:464/500 train_loss:4.3069 train_time:129888ms step_avg:286.10ms
step:465/500 train_loss:4.2447 train_time:130172ms step_avg:286.09ms
step:466/500 train_loss:4.2454 train_time:130455ms step_avg:286.09ms
step:467/500 train_loss:4.3747 train_time:130737ms step_avg:286.08ms
step:468/500 train_loss:4.3902 train_time:131022ms step_avg:286.07ms
step:469/500 train_loss:4.3369 train_time:131306ms step_avg:286.07ms
step:470/500 train_loss:4.2546 train_time:131588ms step_avg:286.06ms
step:471/500 train_loss:4.3374 train_time:131870ms step_avg:286.05ms
step:472/500 train_loss:4.3806 train_time:132154ms step_avg:286.05ms
step:473/500 train_loss:4.2827 train_time:132437ms step_avg:286.04ms
step:474/500 train_loss:4.2635 train_time:132723ms step_avg:286.04ms
step:475/500 train_loss:4.1329 train_time:133008ms step_avg:286.04ms
step:476/500 train_loss:4.5704 train_time:133288ms step_avg:286.03ms
step:477/500 train_loss:4.3143 train_time:133571ms step_avg:286.02ms
step:478/500 train_loss:4.1240 train_time:133856ms step_avg:286.02ms
step:479/500 train_loss:4.3178 train_time:134142ms step_avg:286.02ms
step:480/500 train_loss:4.3047 train_time:134425ms step_avg:286.01ms
step:481/500 train_loss:4.4285 train_time:134708ms step_avg:286.00ms
step:482/500 train_loss:4.2592 train_time:134992ms step_avg:286.00ms
step:483/500 train_loss:4.0728 train_time:135276ms step_avg:286.00ms
step:484/500 train_loss:4.3479 train_time:135561ms step_avg:285.99ms
step:485/500 train_loss:4.1937 train_time:135846ms step_avg:285.99ms
step:486/500 train_loss:4.2303 train_time:136127ms step_avg:285.98ms
step:487/500 train_loss:4.1758 train_time:136408ms step_avg:285.97ms
step:488/500 train_loss:4.1926 train_time:136690ms step_avg:285.96ms
step:489/500 train_loss:4.4088 train_time:136974ms step_avg:285.96ms
step:490/500 train_loss:4.2665 train_time:137258ms step_avg:285.95ms
step:491/500 train_loss:4.1661 train_time:137543ms step_avg:285.95ms
step:492/500 train_loss:4.1668 train_time:137828ms step_avg:285.95ms
step:493/500 train_loss:4.2793 train_time:138109ms step_avg:285.94ms
step:494/500 train_loss:4.1227 train_time:138393ms step_avg:285.94ms
step:495/500 train_loss:4.2738 train_time:138677ms step_avg:285.93ms
step:496/500 train_loss:4.1881 train_time:138963ms step_avg:285.93ms
step:497/500 train_loss:4.1436 train_time:139246ms step_avg:285.93ms
step:498/500 train_loss:4.2868 train_time:139528ms step_avg:285.92ms
step:499/500 train_loss:4.3728 train_time:139808ms step_avg:285.91ms
step:500/500 train_loss:4.4228 train_time:140091ms step_avg:285.90ms
step:500/500 val_loss:4.2662 train_time:140092ms step_avg:285.90ms
Checkpoint saving disabled; skipping state serialization.
peak memory consumption: 30603 MiB
