Command: torchrun --nproc_per_node=8 train_tw.py --seed=456 --num_iterations=500 --val_loss_every=125 --tw_enabled --tw_function=focal --tw_clamp_min=0.5 --tw_clamp_max=2.0 --tw_schedule=constant --tw_warmup_steps=1000 --tw_anneal_final=0.3 --tw_cyclical_period=500 --tw_focal_gamma=2.0 --tw_log_every=50 --tw_log_weights
Started: 2025-12-09T21:54:27.154846
============================================================

W1209 21:54:28.291000 72697 torch/distributed/run.py:774] 
W1209 21:54:28.291000 72697 torch/distributed/run.py:774] *****************************************
W1209 21:54:28.291000 72697 torch/distributed/run.py:774] Setting OMP_NUM_THREADS environment variable for each process to be 1 in default, to avoid your system being overloaded, please further tune the variable for optimal performance in your application as needed. 
W1209 21:54:28.291000 72697 torch/distributed/run.py:774] *****************************************
/root/ese-3060-project/tw_nano_experiments/train_tw.py:218: SyntaxWarning: invalid escape sequence '\s'
  """
/root/ese-3060-project/tw_nano_experiments/train_tw.py:218: SyntaxWarning: invalid escape sequence '\s'
  """
/root/ese-3060-project/tw_nano_experiments/train_tw.py/root/ese-3060-project/tw_nano_experiments/train_tw.py:218: SyntaxWarning: invalid escape sequence '\s'
:218: SyntaxWarning: invalid escape sequence '\s'
    """
"""
/root/ese-3060-project/tw_nano_experiments/train_tw.py:218: SyntaxWarning: invalid escape sequence '\s'
  """
/root/ese-3060-project/tw_nano_experiments/train_tw.py:218: SyntaxWarning: invalid escape sequence '\s'
  """
/root/ese-3060-project/tw_nano_experiments/train_tw.py:218: SyntaxWarning: invalid escape sequence '\s'
  """
/root/ese-3060-project/tw_nano_experiments/train_tw.py:218: SyntaxWarning: invalid escape sequence '\s'
  """
using device: cuda:5
using device: cuda:0
Random seed set to 456 (deterministic=False)
using device: cuda:1
using device: cuda:4
using device: cuda:3
Training DataLoader: total number of tokens: 900000000 across 9 files
Validation DataLoader: total number of tokens: 100000000 across 1 files
using device: cuda:2
using device: cuda:7
using device: cuda:6
Token Weighting: ENABLED
  function=focal, clamp=[0.5, 2.0], schedule=constant
step:0/500 val_loss:16.0011 train_time:268ms step_avg:nanms
step:1/500 train_loss:15.9963 train_time:57968ms step_avg:nanms w_mean:1.000 w_std:0.079 w_min:0.687 w_max:1.374
step:2/500 train_loss:9.3818 train_time:58838ms step_avg:nanms
step:3/500 train_loss:8.9700 train_time:59117ms step_avg:nanms
step:4/500 train_loss:8.7044 train_time:59396ms step_avg:nanms
step:5/500 train_loss:8.2115 train_time:59676ms step_avg:nanms
step:6/500 train_loss:7.7013 train_time:59955ms step_avg:nanms
step:7/500 train_loss:7.3570 train_time:60237ms step_avg:nanms
step:8/500 train_loss:7.5633 train_time:60518ms step_avg:nanms
step:9/500 train_loss:7.3357 train_time:60798ms step_avg:nanms
step:10/500 train_loss:7.0925 train_time:61078ms step_avg:nanms
step:11/500 train_loss:7.0576 train_time:279ms step_avg:nanms
step:12/500 train_loss:7.0221 train_time:559ms step_avg:nanms
step:13/500 train_loss:6.8197 train_time:839ms step_avg:279.60ms
step:14/500 train_loss:6.8131 train_time:1118ms step_avg:279.56ms
step:15/500 train_loss:6.7916 train_time:1399ms step_avg:279.70ms
step:16/500 train_loss:6.7201 train_time:1679ms step_avg:279.80ms
step:17/500 train_loss:6.7217 train_time:1959ms step_avg:279.90ms
step:18/500 train_loss:6.7386 train_time:2238ms step_avg:279.76ms
step:19/500 train_loss:6.5791 train_time:2517ms step_avg:279.66ms
step:20/500 train_loss:6.5703 train_time:2799ms step_avg:279.87ms
step:21/500 train_loss:6.2441 train_time:3079ms step_avg:279.92ms
step:22/500 train_loss:6.6359 train_time:3362ms step_avg:280.15ms
step:23/500 train_loss:6.8703 train_time:3640ms step_avg:280.00ms
step:24/500 train_loss:6.5138 train_time:3920ms step_avg:279.97ms
step:25/500 train_loss:6.6262 train_time:4200ms step_avg:280.00ms
step:26/500 train_loss:6.3573 train_time:4484ms step_avg:280.27ms
step:27/500 train_loss:6.2819 train_time:4762ms step_avg:280.10ms
step:28/500 train_loss:6.4484 train_time:5042ms step_avg:280.11ms
step:29/500 train_loss:6.1040 train_time:5322ms step_avg:280.10ms
step:30/500 train_loss:6.3867 train_time:5603ms step_avg:280.17ms
step:31/500 train_loss:6.2258 train_time:5883ms step_avg:280.16ms
step:32/500 train_loss:6.1882 train_time:6164ms step_avg:280.19ms
step:33/500 train_loss:6.0018 train_time:6445ms step_avg:280.23ms
step:34/500 train_loss:6.3395 train_time:6726ms step_avg:280.24ms
step:35/500 train_loss:6.2526 train_time:7007ms step_avg:280.29ms
step:36/500 train_loss:6.4196 train_time:7288ms step_avg:280.31ms
step:37/500 train_loss:6.3362 train_time:7569ms step_avg:280.33ms
step:38/500 train_loss:6.2258 train_time:7850ms step_avg:280.36ms
step:39/500 train_loss:6.1155 train_time:8133ms step_avg:280.44ms
step:40/500 train_loss:6.1759 train_time:8413ms step_avg:280.42ms
step:41/500 train_loss:6.0731 train_time:8694ms step_avg:280.44ms
step:42/500 train_loss:6.1141 train_time:8976ms step_avg:280.49ms
step:43/500 train_loss:5.9864 train_time:9256ms step_avg:280.49ms
step:44/500 train_loss:6.0676 train_time:9538ms step_avg:280.54ms
step:45/500 train_loss:6.0513 train_time:9818ms step_avg:280.51ms
step:46/500 train_loss:6.2356 train_time:10099ms step_avg:280.52ms
step:47/500 train_loss:6.0396 train_time:10380ms step_avg:280.53ms
step:48/500 train_loss:5.8798 train_time:10661ms step_avg:280.54ms
step:49/500 train_loss:6.1253 train_time:10942ms step_avg:280.56ms
step:50/500 train_loss:5.9959 train_time:11223ms step_avg:280.57ms
step:51/500 train_loss:6.1434 train_time:11504ms step_avg:280.60ms w_mean:1.000 w_std:0.040 w_min:0.994 w_max:1.989
step:52/500 train_loss:6.0104 train_time:11786ms step_avg:280.61ms
step:53/500 train_loss:5.8568 train_time:12067ms step_avg:280.63ms
step:54/500 train_loss:5.9881 train_time:12350ms step_avg:280.67ms
step:55/500 train_loss:5.9049 train_time:12634ms step_avg:280.76ms
step:56/500 train_loss:6.2147 train_time:12914ms step_avg:280.75ms
step:57/500 train_loss:5.8996 train_time:13196ms step_avg:280.77ms
step:58/500 train_loss:5.7880 train_time:13477ms step_avg:280.78ms
step:59/500 train_loss:5.9428 train_time:13758ms step_avg:280.78ms
step:60/500 train_loss:5.8826 train_time:14041ms step_avg:280.83ms
step:61/500 train_loss:5.9776 train_time:14322ms step_avg:280.82ms
step:62/500 train_loss:5.7683 train_time:14602ms step_avg:280.81ms
step:63/500 train_loss:5.8696 train_time:14883ms step_avg:280.81ms
step:64/500 train_loss:5.8379 train_time:15164ms step_avg:280.82ms
step:65/500 train_loss:5.8345 train_time:15445ms step_avg:280.82ms
step:66/500 train_loss:5.6673 train_time:15727ms step_avg:280.84ms
step:67/500 train_loss:5.8388 train_time:16009ms step_avg:280.86ms
step:68/500 train_loss:5.6969 train_time:16291ms step_avg:280.88ms
step:69/500 train_loss:5.9445 train_time:16574ms step_avg:280.91ms
step:70/500 train_loss:5.6143 train_time:16855ms step_avg:280.91ms
step:71/500 train_loss:5.6300 train_time:17137ms step_avg:280.93ms
step:72/500 train_loss:5.8455 train_time:17417ms step_avg:280.92ms
step:73/500 train_loss:5.7853 train_time:17697ms step_avg:280.91ms
step:74/500 train_loss:5.6787 train_time:17978ms step_avg:280.91ms
step:75/500 train_loss:5.7877 train_time:18259ms step_avg:280.91ms
step:76/500 train_loss:5.7496 train_time:18539ms step_avg:280.90ms
step:77/500 train_loss:5.7117 train_time:18818ms step_avg:280.87ms
step:78/500 train_loss:5.7976 train_time:19098ms step_avg:280.86ms
step:79/500 train_loss:5.8183 train_time:19379ms step_avg:280.85ms
step:80/500 train_loss:5.6940 train_time:19659ms step_avg:280.84ms
step:81/500 train_loss:5.7724 train_time:19939ms step_avg:280.84ms
step:82/500 train_loss:5.5452 train_time:20219ms step_avg:280.82ms
step:83/500 train_loss:5.7122 train_time:20500ms step_avg:280.82ms
step:84/500 train_loss:5.6753 train_time:20781ms step_avg:280.82ms
step:85/500 train_loss:5.6367 train_time:21061ms step_avg:280.82ms
step:86/500 train_loss:5.5121 train_time:21342ms step_avg:280.82ms
step:87/500 train_loss:5.7173 train_time:21623ms step_avg:280.82ms
step:88/500 train_loss:5.6235 train_time:21904ms step_avg:280.82ms
step:89/500 train_loss:5.6814 train_time:22184ms step_avg:280.82ms
step:90/500 train_loss:5.6579 train_time:22466ms step_avg:280.82ms
step:91/500 train_loss:5.5755 train_time:22747ms step_avg:280.83ms
step:92/500 train_loss:5.5706 train_time:23031ms step_avg:280.87ms
step:93/500 train_loss:5.6734 train_time:23312ms step_avg:280.87ms
step:94/500 train_loss:5.5225 train_time:23596ms step_avg:280.90ms
step:95/500 train_loss:5.5125 train_time:23877ms step_avg:280.91ms
step:96/500 train_loss:5.5318 train_time:24158ms step_avg:280.91ms
step:97/500 train_loss:5.4498 train_time:24439ms step_avg:280.90ms
step:98/500 train_loss:5.5256 train_time:24719ms step_avg:280.90ms
step:99/500 train_loss:5.4451 train_time:25000ms step_avg:280.90ms
step:100/500 train_loss:5.5712 train_time:25281ms step_avg:280.90ms
step:101/500 train_loss:5.5324 train_time:25562ms step_avg:280.90ms w_mean:1.000 w_std:0.026 w_min:0.998 w_max:1.995
step:102/500 train_loss:5.4309 train_time:25843ms step_avg:280.90ms
step:103/500 train_loss:5.5415 train_time:26123ms step_avg:280.90ms
step:104/500 train_loss:5.5005 train_time:26404ms step_avg:280.90ms
step:105/500 train_loss:5.3327 train_time:26685ms step_avg:280.89ms
step:106/500 train_loss:5.4446 train_time:26967ms step_avg:280.91ms
step:107/500 train_loss:5.6325 train_time:27249ms step_avg:280.92ms
step:108/500 train_loss:5.4337 train_time:27534ms step_avg:280.96ms
step:109/500 train_loss:5.1909 train_time:27814ms step_avg:280.95ms
step:110/500 train_loss:5.3991 train_time:28096ms step_avg:280.96ms
step:111/500 train_loss:5.3629 train_time:28378ms step_avg:280.97ms
step:112/500 train_loss:5.3362 train_time:28658ms step_avg:280.96ms
step:113/500 train_loss:5.4383 train_time:28940ms step_avg:280.97ms
step:114/500 train_loss:5.3678 train_time:29219ms step_avg:280.95ms
step:115/500 train_loss:5.2248 train_time:29499ms step_avg:280.95ms
step:116/500 train_loss:5.3934 train_time:29780ms step_avg:280.94ms
step:117/500 train_loss:5.2621 train_time:30060ms step_avg:280.93ms
step:118/500 train_loss:5.2486 train_time:30340ms step_avg:280.93ms
step:119/500 train_loss:5.3589 train_time:30620ms step_avg:280.91ms
step:120/500 train_loss:5.3530 train_time:30901ms step_avg:280.92ms
step:121/500 train_loss:5.2785 train_time:31181ms step_avg:280.91ms
step:122/500 train_loss:5.1743 train_time:31462ms step_avg:280.91ms
step:123/500 train_loss:5.2687 train_time:31743ms step_avg:280.91ms
step:124/500 train_loss:5.1363 train_time:32025ms step_avg:280.92ms
step:125/500 train_loss:5.4315 train_time:32308ms step_avg:280.94ms
step:125/500 val_loss:5.2649 train_time:32310ms step_avg:280.95ms
step:126/500 train_loss:5.2929 train_time:32582ms step_avg:280.88ms
step:127/500 train_loss:5.2647 train_time:32864ms step_avg:280.89ms
step:128/500 train_loss:5.3241 train_time:33147ms step_avg:280.90ms
step:129/500 train_loss:5.1873 train_time:33429ms step_avg:280.91ms
step:130/500 train_loss:5.4489 train_time:33710ms step_avg:280.91ms
step:131/500 train_loss:5.2496 train_time:33991ms step_avg:280.92ms
step:132/500 train_loss:5.2436 train_time:34272ms step_avg:280.92ms
step:133/500 train_loss:5.1845 train_time:34553ms step_avg:280.92ms
step:134/500 train_loss:5.2294 train_time:34834ms step_avg:280.92ms
step:135/500 train_loss:5.1611 train_time:35116ms step_avg:280.93ms
step:136/500 train_loss:5.2242 train_time:35398ms step_avg:280.93ms
step:137/500 train_loss:5.0290 train_time:35679ms step_avg:280.94ms
step:138/500 train_loss:5.1920 train_time:35962ms step_avg:280.95ms
step:139/500 train_loss:5.1459 train_time:36243ms step_avg:280.95ms
step:140/500 train_loss:5.1554 train_time:36527ms step_avg:280.98ms
step:141/500 train_loss:5.2038 train_time:36807ms step_avg:280.97ms
step:142/500 train_loss:5.1118 train_time:37088ms step_avg:280.97ms
step:143/500 train_loss:5.1818 train_time:37369ms step_avg:280.97ms
step:144/500 train_loss:5.0038 train_time:37650ms step_avg:280.97ms
step:145/500 train_loss:5.1538 train_time:37933ms step_avg:280.98ms
step:146/500 train_loss:5.0951 train_time:38214ms step_avg:280.98ms
step:147/500 train_loss:5.0036 train_time:38494ms step_avg:280.98ms
step:148/500 train_loss:5.1285 train_time:38776ms step_avg:280.98ms
step:149/500 train_loss:5.1066 train_time:39058ms step_avg:280.99ms
step:150/500 train_loss:5.1569 train_time:39340ms step_avg:281.00ms
step:151/500 train_loss:5.1747 train_time:39624ms step_avg:281.02ms w_mean:1.000 w_std:0.043 w_min:0.995 w_max:1.989
step:152/500 train_loss:5.0956 train_time:39905ms step_avg:281.02ms
step:153/500 train_loss:5.0748 train_time:40187ms step_avg:281.03ms
step:154/500 train_loss:5.1547 train_time:40469ms step_avg:281.03ms
step:155/500 train_loss:5.0909 train_time:40750ms step_avg:281.03ms
step:156/500 train_loss:5.0671 train_time:41032ms step_avg:281.04ms
step:157/500 train_loss:5.0795 train_time:41312ms step_avg:281.04ms
step:158/500 train_loss:5.2064 train_time:41594ms step_avg:281.04ms
step:159/500 train_loss:4.9941 train_time:41876ms step_avg:281.05ms
step:160/500 train_loss:5.0461 train_time:42158ms step_avg:281.05ms
step:161/500 train_loss:4.9038 train_time:42440ms step_avg:281.06ms
step:162/500 train_loss:5.0611 train_time:42724ms step_avg:281.08ms
step:163/500 train_loss:5.0910 train_time:43005ms step_avg:281.08ms
step:164/500 train_loss:5.0813 train_time:43287ms step_avg:281.08ms
step:165/500 train_loss:4.9121 train_time:43568ms step_avg:281.09ms
step:166/500 train_loss:5.0200 train_time:43848ms step_avg:281.08ms
step:167/500 train_loss:5.1773 train_time:44130ms step_avg:281.08ms
step:168/500 train_loss:4.9557 train_time:44411ms step_avg:281.08ms
step:169/500 train_loss:5.0369 train_time:44691ms step_avg:281.08ms
step:170/500 train_loss:4.9026 train_time:44972ms step_avg:281.07ms
step:171/500 train_loss:4.8487 train_time:45253ms step_avg:281.08ms
step:172/500 train_loss:4.9542 train_time:45535ms step_avg:281.08ms
step:173/500 train_loss:4.9300 train_time:45817ms step_avg:281.09ms
step:174/500 train_loss:4.9845 train_time:46098ms step_avg:281.09ms
step:175/500 train_loss:5.1263 train_time:46381ms step_avg:281.10ms
step:176/500 train_loss:5.0131 train_time:46664ms step_avg:281.11ms
step:177/500 train_loss:4.8451 train_time:46944ms step_avg:281.10ms
step:178/500 train_loss:4.8282 train_time:47228ms step_avg:281.12ms
step:179/500 train_loss:4.8625 train_time:47508ms step_avg:281.11ms
step:180/500 train_loss:4.9093 train_time:47789ms step_avg:281.11ms
step:181/500 train_loss:4.8992 train_time:48070ms step_avg:281.11ms
step:182/500 train_loss:5.0035 train_time:48350ms step_avg:281.11ms
step:183/500 train_loss:4.8984 train_time:48632ms step_avg:281.11ms
step:184/500 train_loss:4.8294 train_time:48912ms step_avg:281.11ms
step:185/500 train_loss:4.8557 train_time:49194ms step_avg:281.11ms
step:186/500 train_loss:4.9805 train_time:49474ms step_avg:281.10ms
step:187/500 train_loss:4.8639 train_time:49756ms step_avg:281.11ms
step:188/500 train_loss:5.1058 train_time:50038ms step_avg:281.11ms
step:189/500 train_loss:4.9045 train_time:50575ms step_avg:282.54ms
step:190/500 train_loss:4.8129 train_time:51162ms step_avg:284.23ms
step:191/500 train_loss:4.9726 train_time:51443ms step_avg:284.22ms
step:192/500 train_loss:4.8120 train_time:51726ms step_avg:284.21ms
step:193/500 train_loss:4.7374 train_time:52007ms step_avg:284.19ms
step:194/500 train_loss:4.9340 train_time:52288ms step_avg:284.17ms
step:195/500 train_loss:4.8780 train_time:52568ms step_avg:284.15ms
step:196/500 train_loss:5.0573 train_time:52851ms step_avg:284.15ms
step:197/500 train_loss:4.9540 train_time:53132ms step_avg:284.13ms
step:198/500 train_loss:4.7947 train_time:53414ms step_avg:284.12ms
step:199/500 train_loss:4.8334 train_time:53695ms step_avg:284.10ms
step:200/500 train_loss:4.7244 train_time:53977ms step_avg:284.09ms
step:201/500 train_loss:4.8135 train_time:54258ms step_avg:284.08ms w_mean:1.000 w_std:0.028 w_min:0.998 w_max:1.995
step:202/500 train_loss:4.7301 train_time:54541ms step_avg:284.07ms
step:203/500 train_loss:4.9543 train_time:54823ms step_avg:284.06ms
step:204/500 train_loss:4.8596 train_time:55104ms step_avg:284.04ms
step:205/500 train_loss:4.8300 train_time:55388ms step_avg:284.04ms
step:206/500 train_loss:4.9881 train_time:55669ms step_avg:284.03ms
step:207/500 train_loss:4.6633 train_time:55951ms step_avg:284.02ms
step:208/500 train_loss:4.8118 train_time:56231ms step_avg:284.00ms
step:209/500 train_loss:4.7655 train_time:56511ms step_avg:283.98ms
step:210/500 train_loss:4.9280 train_time:56792ms step_avg:283.96ms
step:211/500 train_loss:4.8467 train_time:57073ms step_avg:283.95ms
step:212/500 train_loss:4.7388 train_time:57354ms step_avg:283.93ms
step:213/500 train_loss:4.8694 train_time:57634ms step_avg:283.91ms
step:214/500 train_loss:4.7096 train_time:57913ms step_avg:283.89ms
step:215/500 train_loss:4.8008 train_time:58194ms step_avg:283.87ms
step:216/500 train_loss:4.6586 train_time:58474ms step_avg:283.86ms
step:217/500 train_loss:4.7730 train_time:58756ms step_avg:283.84ms
step:218/500 train_loss:4.7620 train_time:59037ms step_avg:283.83ms
step:219/500 train_loss:4.7325 train_time:59319ms step_avg:283.82ms
step:220/500 train_loss:4.7445 train_time:59600ms step_avg:283.81ms
step:221/500 train_loss:4.7750 train_time:59883ms step_avg:283.81ms
step:222/500 train_loss:4.8077 train_time:60166ms step_avg:283.80ms
step:223/500 train_loss:4.7505 train_time:60447ms step_avg:283.79ms
step:224/500 train_loss:4.7513 train_time:60728ms step_avg:283.78ms
step:225/500 train_loss:4.8816 train_time:61008ms step_avg:283.76ms
step:226/500 train_loss:4.6154 train_time:61289ms step_avg:283.75ms
step:227/500 train_loss:4.6516 train_time:61570ms step_avg:283.73ms
step:228/500 train_loss:4.6401 train_time:61851ms step_avg:283.72ms
step:229/500 train_loss:4.8052 train_time:62132ms step_avg:283.71ms
step:230/500 train_loss:4.6348 train_time:62412ms step_avg:283.69ms
step:231/500 train_loss:4.7821 train_time:62693ms step_avg:283.68ms
step:232/500 train_loss:4.6425 train_time:62973ms step_avg:283.66ms
step:233/500 train_loss:4.6141 train_time:63255ms step_avg:283.65ms
step:234/500 train_loss:4.8123 train_time:63535ms step_avg:283.64ms
step:235/500 train_loss:4.6565 train_time:63815ms step_avg:283.62ms
step:236/500 train_loss:4.5933 train_time:64097ms step_avg:283.61ms
step:237/500 train_loss:4.8394 train_time:64378ms step_avg:283.61ms
step:238/500 train_loss:4.7241 train_time:64660ms step_avg:283.60ms
step:239/500 train_loss:4.6382 train_time:64942ms step_avg:283.59ms
step:240/500 train_loss:4.7803 train_time:65224ms step_avg:283.58ms
step:241/500 train_loss:4.7618 train_time:65505ms step_avg:283.57ms
step:242/500 train_loss:4.6703 train_time:65787ms step_avg:283.56ms
step:243/500 train_loss:4.8160 train_time:66068ms step_avg:283.55ms
step:244/500 train_loss:4.6621 train_time:66348ms step_avg:283.54ms
step:245/500 train_loss:4.6737 train_time:66629ms step_avg:283.53ms
step:246/500 train_loss:4.7419 train_time:66913ms step_avg:283.53ms
step:247/500 train_loss:4.6965 train_time:67192ms step_avg:283.51ms
step:248/500 train_loss:4.6561 train_time:67473ms step_avg:283.50ms
step:249/500 train_loss:4.8179 train_time:67753ms step_avg:283.48ms
step:250/500 train_loss:4.5583 train_time:68034ms step_avg:283.47ms
step:250/500 val_loss:4.6622 train_time:68035ms step_avg:283.48ms
step:251/500 train_loss:4.5941 train_time:68307ms step_avg:283.43ms w_mean:1.000 w_std:0.033 w_min:0.997 w_max:1.994
step:252/500 train_loss:4.7283 train_time:68588ms step_avg:283.42ms
step:253/500 train_loss:4.7248 train_time:68871ms step_avg:283.42ms
step:254/500 train_loss:4.6013 train_time:69153ms step_avg:283.42ms
step:255/500 train_loss:4.6197 train_time:69434ms step_avg:283.41ms
step:256/500 train_loss:4.7523 train_time:69718ms step_avg:283.41ms
step:257/500 train_loss:4.6936 train_time:69998ms step_avg:283.39ms
step:258/500 train_loss:4.6694 train_time:70278ms step_avg:283.38ms
step:259/500 train_loss:4.5998 train_time:70560ms step_avg:283.37ms
step:260/500 train_loss:4.6176 train_time:70840ms step_avg:283.36ms
step:261/500 train_loss:4.6903 train_time:71123ms step_avg:283.36ms
step:262/500 train_loss:4.6949 train_time:71406ms step_avg:283.36ms
step:263/500 train_loss:4.5995 train_time:71688ms step_avg:283.35ms
step:264/500 train_loss:4.5411 train_time:71970ms step_avg:283.35ms
step:265/500 train_loss:4.5996 train_time:72252ms step_avg:283.34ms
step:266/500 train_loss:4.4480 train_time:72533ms step_avg:283.33ms
step:267/500 train_loss:4.5150 train_time:72815ms step_avg:283.33ms
step:268/500 train_loss:4.5532 train_time:73095ms step_avg:283.32ms
step:269/500 train_loss:4.5151 train_time:73376ms step_avg:283.31ms
step:270/500 train_loss:4.4834 train_time:73657ms step_avg:283.29ms
step:271/500 train_loss:4.7026 train_time:73937ms step_avg:283.28ms
step:272/500 train_loss:4.6349 train_time:74219ms step_avg:283.28ms
step:273/500 train_loss:4.4946 train_time:74500ms step_avg:283.27ms
step:274/500 train_loss:4.5469 train_time:74781ms step_avg:283.26ms
step:275/500 train_loss:4.6629 train_time:75063ms step_avg:283.25ms
step:276/500 train_loss:4.6783 train_time:75345ms step_avg:283.25ms
step:277/500 train_loss:4.8660 train_time:75626ms step_avg:283.24ms
step:278/500 train_loss:4.6200 train_time:75910ms step_avg:283.25ms
step:279/500 train_loss:4.7538 train_time:76191ms step_avg:283.24ms
step:280/500 train_loss:4.5932 train_time:76474ms step_avg:283.24ms
step:281/500 train_loss:4.6578 train_time:76755ms step_avg:283.23ms
step:282/500 train_loss:4.5638 train_time:77036ms step_avg:283.22ms
step:283/500 train_loss:4.6754 train_time:77317ms step_avg:283.21ms
step:284/500 train_loss:4.5000 train_time:77598ms step_avg:283.20ms
step:285/500 train_loss:4.6562 train_time:77879ms step_avg:283.20ms
step:286/500 train_loss:4.6446 train_time:78159ms step_avg:283.18ms
step:287/500 train_loss:4.6787 train_time:78439ms step_avg:283.17ms
step:288/500 train_loss:4.5422 train_time:78720ms step_avg:283.17ms
step:289/500 train_loss:4.6081 train_time:79001ms step_avg:283.16ms
step:290/500 train_loss:4.4718 train_time:79282ms step_avg:283.15ms
step:291/500 train_loss:4.4610 train_time:79563ms step_avg:283.14ms
step:292/500 train_loss:4.5890 train_time:79844ms step_avg:283.13ms
step:293/500 train_loss:4.4767 train_time:80126ms step_avg:283.13ms
step:294/500 train_loss:4.5266 train_time:80410ms step_avg:283.13ms
step:295/500 train_loss:4.5466 train_time:80692ms step_avg:283.13ms
step:296/500 train_loss:4.4174 train_time:80975ms step_avg:283.13ms
step:297/500 train_loss:4.4059 train_time:81256ms step_avg:283.12ms
step:298/500 train_loss:4.4334 train_time:81537ms step_avg:283.11ms
step:299/500 train_loss:4.5407 train_time:81817ms step_avg:283.10ms
step:300/500 train_loss:4.4248 train_time:82098ms step_avg:283.10ms
step:301/500 train_loss:4.5992 train_time:82379ms step_avg:283.09ms w_mean:1.000 w_std:0.014 w_min:0.999 w_max:1.999
step:302/500 train_loss:4.5751 train_time:82659ms step_avg:283.08ms
step:303/500 train_loss:4.4942 train_time:82940ms step_avg:283.07ms
step:304/500 train_loss:4.5654 train_time:83222ms step_avg:283.07ms
step:305/500 train_loss:4.5507 train_time:83504ms step_avg:283.07ms
step:306/500 train_loss:5.0191 train_time:83786ms step_avg:283.06ms
step:307/500 train_loss:4.5057 train_time:84069ms step_avg:283.06ms
step:308/500 train_loss:4.4041 train_time:84351ms step_avg:283.06ms
step:309/500 train_loss:4.5998 train_time:84632ms step_avg:283.05ms
step:310/500 train_loss:4.3952 train_time:84913ms step_avg:283.04ms
step:311/500 train_loss:4.6354 train_time:85194ms step_avg:283.04ms
step:312/500 train_loss:4.5384 train_time:85475ms step_avg:283.03ms
step:313/500 train_loss:4.4547 train_time:85757ms step_avg:283.03ms
step:314/500 train_loss:4.5793 train_time:86037ms step_avg:283.02ms
step:315/500 train_loss:4.7120 train_time:86318ms step_avg:283.01ms
step:316/500 train_loss:4.5487 train_time:86605ms step_avg:283.02ms
step:317/500 train_loss:4.4347 train_time:86887ms step_avg:283.02ms
step:318/500 train_loss:4.4504 train_time:87170ms step_avg:283.02ms
step:319/500 train_loss:4.4699 train_time:87451ms step_avg:283.01ms
step:320/500 train_loss:4.4151 train_time:87733ms step_avg:283.01ms
step:321/500 train_loss:4.5026 train_time:88014ms step_avg:283.00ms
step:322/500 train_loss:4.5210 train_time:88295ms step_avg:283.00ms
step:323/500 train_loss:4.4836 train_time:88576ms step_avg:282.99ms
step:324/500 train_loss:4.5515 train_time:88858ms step_avg:282.99ms
step:325/500 train_loss:4.5440 train_time:89138ms step_avg:282.98ms
step:326/500 train_loss:4.6214 train_time:89420ms step_avg:282.97ms
step:327/500 train_loss:4.4667 train_time:89700ms step_avg:282.97ms
step:328/500 train_loss:4.9118 train_time:89982ms step_avg:282.96ms
step:329/500 train_loss:4.6201 train_time:90263ms step_avg:282.96ms
step:330/500 train_loss:4.4057 train_time:90545ms step_avg:282.95ms
step:331/500 train_loss:4.3732 train_time:90828ms step_avg:282.95ms
step:332/500 train_loss:4.5212 train_time:91112ms step_avg:282.96ms
step:333/500 train_loss:4.4480 train_time:91394ms step_avg:282.95ms
step:334/500 train_loss:4.4373 train_time:91676ms step_avg:282.95ms
step:335/500 train_loss:4.3950 train_time:91957ms step_avg:282.94ms
step:336/500 train_loss:4.5871 train_time:92237ms step_avg:282.94ms
step:337/500 train_loss:4.5191 train_time:92518ms step_avg:282.93ms
step:338/500 train_loss:5.0672 train_time:92798ms step_avg:282.92ms
step:339/500 train_loss:4.4983 train_time:93079ms step_avg:282.92ms
step:340/500 train_loss:4.4697 train_time:93360ms step_avg:282.91ms
step:341/500 train_loss:4.4460 train_time:93642ms step_avg:282.91ms
step:342/500 train_loss:4.3919 train_time:93923ms step_avg:282.90ms
step:343/500 train_loss:4.3636 train_time:94208ms step_avg:282.91ms
step:344/500 train_loss:4.4295 train_time:94487ms step_avg:282.90ms
step:345/500 train_loss:4.5177 train_time:94770ms step_avg:282.90ms
step:346/500 train_loss:4.4157 train_time:95052ms step_avg:282.89ms
step:347/500 train_loss:4.3588 train_time:95333ms step_avg:282.89ms
step:348/500 train_loss:4.4143 train_time:95615ms step_avg:282.88ms
step:349/500 train_loss:4.4085 train_time:95895ms step_avg:282.87ms
step:350/500 train_loss:4.3373 train_time:96176ms step_avg:282.87ms
step:351/500 train_loss:4.0253 train_time:96457ms step_avg:282.86ms w_mean:1.000 w_std:0.022 w_min:0.999 w_max:1.997
step:352/500 train_loss:4.3157 train_time:96737ms step_avg:282.86ms
step:353/500 train_loss:4.6670 train_time:97018ms step_avg:282.85ms
step:354/500 train_loss:4.2003 train_time:97297ms step_avg:282.84ms
step:355/500 train_loss:4.4469 train_time:97579ms step_avg:282.84ms
step:356/500 train_loss:4.3489 train_time:97859ms step_avg:282.83ms
step:357/500 train_loss:4.4486 train_time:98140ms step_avg:282.83ms
step:358/500 train_loss:4.4499 train_time:98421ms step_avg:282.82ms
step:359/500 train_loss:4.3629 train_time:98703ms step_avg:282.82ms
step:360/500 train_loss:4.6584 train_time:98986ms step_avg:282.82ms
step:361/500 train_loss:4.0940 train_time:99269ms step_avg:282.82ms
step:362/500 train_loss:4.5764 train_time:99551ms step_avg:282.82ms
step:363/500 train_loss:4.4728 train_time:99832ms step_avg:282.81ms
step:364/500 train_loss:4.3612 train_time:100114ms step_avg:282.81ms
step:365/500 train_loss:4.2927 train_time:100395ms step_avg:282.80ms
step:366/500 train_loss:4.4538 train_time:100676ms step_avg:282.80ms
step:367/500 train_loss:4.3841 train_time:100957ms step_avg:282.79ms
step:368/500 train_loss:4.3696 train_time:101237ms step_avg:282.79ms
step:369/500 train_loss:4.3744 train_time:101518ms step_avg:282.78ms
step:370/500 train_loss:4.2608 train_time:101798ms step_avg:282.77ms
step:371/500 train_loss:4.4175 train_time:102079ms step_avg:282.77ms
step:372/500 train_loss:4.3444 train_time:102359ms step_avg:282.76ms
step:373/500 train_loss:4.2278 train_time:102640ms step_avg:282.75ms
step:374/500 train_loss:4.4195 train_time:102921ms step_avg:282.75ms
step:375/500 train_loss:4.3461 train_time:103202ms step_avg:282.74ms
step:375/500 val_loss:4.3655 train_time:103204ms step_avg:282.75ms
step:376/500 train_loss:4.3463 train_time:103476ms step_avg:282.72ms
step:377/500 train_loss:4.4015 train_time:103758ms step_avg:282.72ms
step:378/500 train_loss:4.2990 train_time:104288ms step_avg:283.39ms
step:379/500 train_loss:4.3541 train_time:104570ms step_avg:283.39ms
step:380/500 train_loss:4.4282 train_time:105158ms step_avg:284.21ms
step:381/500 train_loss:4.4603 train_time:105440ms step_avg:284.20ms
step:382/500 train_loss:4.4012 train_time:105720ms step_avg:284.19ms
step:383/500 train_loss:4.3822 train_time:106000ms step_avg:284.18ms
step:384/500 train_loss:4.2860 train_time:106281ms step_avg:284.17ms
step:385/500 train_loss:4.3846 train_time:106562ms step_avg:284.17ms
step:386/500 train_loss:4.2965 train_time:106842ms step_avg:284.16ms
step:387/500 train_loss:4.4244 train_time:107124ms step_avg:284.15ms
step:388/500 train_loss:4.6245 train_time:107404ms step_avg:284.14ms
step:389/500 train_loss:4.3246 train_time:107686ms step_avg:284.13ms
step:390/500 train_loss:4.2791 train_time:107968ms step_avg:284.13ms
step:391/500 train_loss:4.4066 train_time:108249ms step_avg:284.12ms
step:392/500 train_loss:4.3270 train_time:108531ms step_avg:284.11ms
step:393/500 train_loss:4.4392 train_time:108812ms step_avg:284.10ms
step:394/500 train_loss:4.2592 train_time:109095ms step_avg:284.10ms
step:395/500 train_loss:4.3936 train_time:109375ms step_avg:284.09ms
step:396/500 train_loss:4.1730 train_time:109657ms step_avg:284.09ms
step:397/500 train_loss:4.3370 train_time:109939ms step_avg:284.08ms
step:398/500 train_loss:4.4310 train_time:110219ms step_avg:284.07ms
step:399/500 train_loss:4.3805 train_time:110500ms step_avg:284.06ms
step:400/500 train_loss:4.3024 train_time:110780ms step_avg:284.05ms
step:401/500 train_loss:4.3662 train_time:111060ms step_avg:284.04ms w_mean:1.000 w_std:0.021 w_min:0.999 w_max:1.997
step:402/500 train_loss:4.4042 train_time:111340ms step_avg:284.03ms
step:403/500 train_loss:4.3693 train_time:111621ms step_avg:284.02ms
step:404/500 train_loss:4.4659 train_time:111901ms step_avg:284.01ms
step:405/500 train_loss:4.2462 train_time:112181ms step_avg:284.00ms
step:406/500 train_loss:4.2959 train_time:112461ms step_avg:283.99ms
step:407/500 train_loss:4.5726 train_time:112742ms step_avg:283.98ms
step:408/500 train_loss:4.3296 train_time:113023ms step_avg:283.98ms
step:409/500 train_loss:4.3254 train_time:113303ms step_avg:283.97ms
step:410/500 train_loss:4.3789 train_time:113584ms step_avg:283.96ms
step:411/500 train_loss:4.2629 train_time:113867ms step_avg:283.96ms
step:412/500 train_loss:4.2776 train_time:114149ms step_avg:283.95ms
step:413/500 train_loss:4.6899 train_time:114431ms step_avg:283.95ms
step:414/500 train_loss:4.1448 train_time:114712ms step_avg:283.94ms
step:415/500 train_loss:4.5102 train_time:114994ms step_avg:283.94ms
step:416/500 train_loss:4.2826 train_time:115275ms step_avg:283.93ms
step:417/500 train_loss:4.2762 train_time:115557ms step_avg:283.92ms
step:418/500 train_loss:4.4634 train_time:115839ms step_avg:283.92ms
step:419/500 train_loss:4.1966 train_time:116119ms step_avg:283.91ms
step:420/500 train_loss:4.2969 train_time:116399ms step_avg:283.90ms
step:421/500 train_loss:4.2644 train_time:116679ms step_avg:283.89ms
step:422/500 train_loss:4.1553 train_time:116959ms step_avg:283.88ms
step:423/500 train_loss:4.2641 train_time:117240ms step_avg:283.87ms
step:424/500 train_loss:4.3774 train_time:117520ms step_avg:283.87ms
step:425/500 train_loss:4.1736 train_time:117801ms step_avg:283.86ms
step:426/500 train_loss:4.3395 train_time:118083ms step_avg:283.85ms
step:427/500 train_loss:4.2208 train_time:118364ms step_avg:283.85ms
step:428/500 train_loss:4.4055 train_time:118645ms step_avg:283.84ms
step:429/500 train_loss:4.3481 train_time:118925ms step_avg:283.83ms
step:430/500 train_loss:4.2657 train_time:119206ms step_avg:283.82ms
step:431/500 train_loss:4.2358 train_time:119487ms step_avg:283.82ms
step:432/500 train_loss:4.1865 train_time:119769ms step_avg:283.81ms
step:433/500 train_loss:4.2740 train_time:120052ms step_avg:283.81ms
step:434/500 train_loss:4.3510 train_time:120334ms step_avg:283.81ms
step:435/500 train_loss:4.2761 train_time:120615ms step_avg:283.80ms
step:436/500 train_loss:4.3247 train_time:120898ms step_avg:283.80ms
step:437/500 train_loss:4.3380 train_time:121178ms step_avg:283.79ms
step:438/500 train_loss:4.2160 train_time:121461ms step_avg:283.79ms
step:439/500 train_loss:4.2405 train_time:121741ms step_avg:283.78ms
step:440/500 train_loss:4.2110 train_time:122021ms step_avg:283.77ms
step:441/500 train_loss:4.3960 train_time:122301ms step_avg:283.76ms
step:442/500 train_loss:4.2968 train_time:122581ms step_avg:283.75ms
step:443/500 train_loss:4.2754 train_time:122863ms step_avg:283.75ms
step:444/500 train_loss:4.1631 train_time:123142ms step_avg:283.74ms
step:445/500 train_loss:4.4184 train_time:123423ms step_avg:283.73ms
step:446/500 train_loss:4.3372 train_time:123704ms step_avg:283.72ms
step:447/500 train_loss:4.3439 train_time:123984ms step_avg:283.72ms
step:448/500 train_loss:4.2574 train_time:124267ms step_avg:283.71ms
step:449/500 train_loss:4.3474 train_time:124551ms step_avg:283.72ms
step:450/500 train_loss:4.1823 train_time:124832ms step_avg:283.71ms
step:451/500 train_loss:4.2221 train_time:125114ms step_avg:283.70ms w_mean:1.000 w_std:0.016 w_min:0.999 w_max:1.998
step:452/500 train_loss:4.1104 train_time:125397ms step_avg:283.70ms
step:453/500 train_loss:4.2099 train_time:125677ms step_avg:283.70ms
step:454/500 train_loss:4.1823 train_time:125959ms step_avg:283.69ms
step:455/500 train_loss:4.1667 train_time:126240ms step_avg:283.68ms
step:456/500 train_loss:4.3767 train_time:126519ms step_avg:283.67ms
step:457/500 train_loss:4.2250 train_time:126800ms step_avg:283.67ms
step:458/500 train_loss:4.3144 train_time:127080ms step_avg:283.66ms
step:459/500 train_loss:4.3472 train_time:127362ms step_avg:283.66ms
step:460/500 train_loss:4.1497 train_time:127642ms step_avg:283.65ms
step:461/500 train_loss:4.3245 train_time:127924ms step_avg:283.65ms
step:462/500 train_loss:4.2212 train_time:128205ms step_avg:283.64ms
step:463/500 train_loss:4.2044 train_time:128487ms step_avg:283.63ms
step:464/500 train_loss:4.2984 train_time:128769ms step_avg:283.63ms
step:465/500 train_loss:4.2305 train_time:129050ms step_avg:283.63ms
step:466/500 train_loss:4.2278 train_time:129333ms step_avg:283.62ms
step:467/500 train_loss:4.3660 train_time:129614ms step_avg:283.62ms
step:468/500 train_loss:4.3650 train_time:129897ms step_avg:283.62ms
step:469/500 train_loss:4.3279 train_time:130178ms step_avg:283.61ms
step:470/500 train_loss:4.2357 train_time:130459ms step_avg:283.61ms
step:471/500 train_loss:4.3235 train_time:130740ms step_avg:283.60ms
step:472/500 train_loss:4.3646 train_time:131020ms step_avg:283.59ms
step:473/500 train_loss:4.2692 train_time:131300ms step_avg:283.59ms
step:474/500 train_loss:4.2466 train_time:131581ms step_avg:283.58ms
step:475/500 train_loss:4.1175 train_time:131862ms step_avg:283.57ms
step:476/500 train_loss:4.5499 train_time:132142ms step_avg:283.57ms
step:477/500 train_loss:4.3001 train_time:132423ms step_avg:283.56ms
step:478/500 train_loss:4.1033 train_time:132704ms step_avg:283.55ms
step:479/500 train_loss:4.3073 train_time:132984ms step_avg:283.55ms
step:480/500 train_loss:4.2907 train_time:133264ms step_avg:283.54ms
step:481/500 train_loss:4.4174 train_time:133544ms step_avg:283.53ms
step:482/500 train_loss:4.2465 train_time:133826ms step_avg:283.53ms
step:483/500 train_loss:4.0674 train_time:134108ms step_avg:283.53ms
step:484/500 train_loss:4.3350 train_time:134390ms step_avg:283.52ms
step:485/500 train_loss:4.1811 train_time:134672ms step_avg:283.52ms
step:486/500 train_loss:4.2111 train_time:134953ms step_avg:283.51ms
step:487/500 train_loss:4.1566 train_time:135238ms step_avg:283.52ms
step:488/500 train_loss:4.1839 train_time:135516ms step_avg:283.51ms
step:489/500 train_loss:4.3981 train_time:135797ms step_avg:283.50ms
step:490/500 train_loss:4.2458 train_time:136077ms step_avg:283.49ms
step:491/500 train_loss:4.1499 train_time:136359ms step_avg:283.49ms
step:492/500 train_loss:4.1533 train_time:136641ms step_avg:283.49ms
step:493/500 train_loss:4.2687 train_time:136921ms step_avg:283.48ms
step:494/500 train_loss:4.1075 train_time:137202ms step_avg:283.47ms
step:495/500 train_loss:4.2602 train_time:137482ms step_avg:283.47ms
step:496/500 train_loss:4.1777 train_time:137763ms step_avg:283.46ms
step:497/500 train_loss:4.1225 train_time:138044ms step_avg:283.46ms
step:498/500 train_loss:4.2729 train_time:138325ms step_avg:283.45ms
step:499/500 train_loss:4.3536 train_time:138607ms step_avg:283.45ms
step:500/500 train_loss:4.4118 train_time:138888ms step_avg:283.44ms
step:500/500 val_loss:4.2522 train_time:138889ms step_avg:283.45ms
peak memory consumption: 30603 MiB
