Command: torchrun --nproc_per_node=8 train_tw.py --seed=42 --num_iterations=500 --val_loss_every=125 --tw_enabled --tw_function=sqrt --tw_clamp_min=0.7 --tw_clamp_max=1.5 --tw_schedule=constant --tw_warmup_steps=1000 --tw_anneal_final=0.3 --tw_cyclical_period=500 --tw_focal_gamma=2.0 --tw_log_every=50 --tw_log_weights
Started: 2025-12-09T21:17:42.465663
============================================================

W1209 21:17:43.598000 60368 torch/distributed/run.py:774] 
W1209 21:17:43.598000 60368 torch/distributed/run.py:774] *****************************************
W1209 21:17:43.598000 60368 torch/distributed/run.py:774] Setting OMP_NUM_THREADS environment variable for each process to be 1 in default, to avoid your system being overloaded, please further tune the variable for optimal performance in your application as needed. 
W1209 21:17:43.598000 60368 torch/distributed/run.py:774] *****************************************
/root/ese-3060-project/tw_nano_experiments/train_tw.py:218: SyntaxWarning: invalid escape sequence '\s'
  """
/root/ese-3060-project/tw_nano_experiments/train_tw.py:218: SyntaxWarning: invalid escape sequence '\s'
/root/ese-3060-project/tw_nano_experiments/train_tw.py:218: SyntaxWarning: invalid escape sequence '\s'
  """
  """
/root/ese-3060-project/tw_nano_experiments/train_tw.py/root/ese-3060-project/tw_nano_experiments/train_tw.py:218: SyntaxWarning: invalid escape sequence '\s'
:218: SyntaxWarning: invalid escape sequence '\s'
    """
"""
/root/ese-3060-project/tw_nano_experiments/train_tw.py:218: SyntaxWarning: invalid escape sequence '\s'
  """
/root/ese-3060-project/tw_nano_experiments/train_tw.py:218: SyntaxWarning: invalid escape sequence '\s'
  """
/root/ese-3060-project/tw_nano_experiments/train_tw.py:218: SyntaxWarning: invalid escape sequence '\s'
  """
using device: cuda:5
using device: cuda:4
using device: cuda:1
using device: cuda:6
using device: cuda:7
using device: cuda:0
Random seed set to 42 (deterministic=False)
using device: cuda:3
using device: cuda:2
Training DataLoader: total number of tokens: 900000000 across 9 files
Validation DataLoader: total number of tokens: 100000000 across 1 files
Token Weighting: ENABLED
  function=sqrt, clamp=[0.7, 1.5], schedule=constant
step:0/500 val_loss:15.9787 train_time:273ms step_avg:nanms
step:1/500 train_loss:15.9775 train_time:63251ms step_avg:nanms w_mean:1.000 w_std:0.021 w_min:0.700 w_max:1.076
step:2/500 train_loss:9.3666 train_time:63518ms step_avg:nanms
step:3/500 train_loss:8.9352 train_time:63785ms step_avg:nanms
step:4/500 train_loss:8.7466 train_time:64051ms step_avg:nanms
step:5/500 train_loss:8.2503 train_time:64324ms step_avg:nanms
step:6/500 train_loss:7.7270 train_time:64591ms step_avg:nanms
step:7/500 train_loss:7.3842 train_time:64858ms step_avg:nanms
step:8/500 train_loss:7.5397 train_time:65127ms step_avg:nanms
step:9/500 train_loss:7.2968 train_time:65395ms step_avg:nanms
step:10/500 train_loss:7.1056 train_time:65660ms step_avg:nanms
step:11/500 train_loss:7.0640 train_time:267ms step_avg:nanms
step:12/500 train_loss:7.0243 train_time:535ms step_avg:nanms
step:13/500 train_loss:6.8286 train_time:802ms step_avg:267.45ms
step:14/500 train_loss:6.8415 train_time:1071ms step_avg:267.63ms
step:15/500 train_loss:6.8061 train_time:1338ms step_avg:267.63ms
step:16/500 train_loss:6.7309 train_time:1607ms step_avg:267.81ms
step:17/500 train_loss:6.7329 train_time:1875ms step_avg:267.81ms
step:18/500 train_loss:6.7833 train_time:2142ms step_avg:267.73ms
step:19/500 train_loss:6.5919 train_time:2413ms step_avg:268.13ms
step:20/500 train_loss:6.6119 train_time:2680ms step_avg:268.00ms
step:21/500 train_loss:6.2639 train_time:2950ms step_avg:268.15ms
step:22/500 train_loss:6.6628 train_time:3219ms step_avg:268.27ms
step:23/500 train_loss:6.8757 train_time:3488ms step_avg:268.31ms
step:24/500 train_loss:6.5347 train_time:3755ms step_avg:268.24ms
step:25/500 train_loss:6.6333 train_time:4024ms step_avg:268.29ms
step:26/500 train_loss:6.3673 train_time:4293ms step_avg:268.32ms
step:27/500 train_loss:6.2725 train_time:4562ms step_avg:268.34ms
step:28/500 train_loss:6.4531 train_time:4832ms step_avg:268.47ms
step:29/500 train_loss:6.1085 train_time:5102ms step_avg:268.55ms
step:30/500 train_loss:6.3869 train_time:5373ms step_avg:268.67ms
step:31/500 train_loss:6.2374 train_time:5642ms step_avg:268.65ms
step:32/500 train_loss:6.2009 train_time:5911ms step_avg:268.68ms
step:33/500 train_loss:6.0351 train_time:6179ms step_avg:268.67ms
step:34/500 train_loss:6.3507 train_time:6449ms step_avg:268.73ms
step:35/500 train_loss:6.2700 train_time:6719ms step_avg:268.75ms
step:36/500 train_loss:6.4102 train_time:6988ms step_avg:268.78ms
step:37/500 train_loss:6.3448 train_time:7258ms step_avg:268.80ms
step:38/500 train_loss:6.2225 train_time:7528ms step_avg:268.85ms
step:39/500 train_loss:6.1296 train_time:7798ms step_avg:268.89ms
step:40/500 train_loss:6.1800 train_time:8068ms step_avg:268.93ms
step:41/500 train_loss:6.0822 train_time:8339ms step_avg:269.00ms
step:42/500 train_loss:6.1169 train_time:8610ms step_avg:269.08ms
step:43/500 train_loss:5.9929 train_time:8880ms step_avg:269.10ms
step:44/500 train_loss:6.0715 train_time:9150ms step_avg:269.11ms
step:45/500 train_loss:6.0683 train_time:9420ms step_avg:269.15ms
step:46/500 train_loss:6.2401 train_time:9692ms step_avg:269.22ms
step:47/500 train_loss:6.0460 train_time:9963ms step_avg:269.27ms
step:48/500 train_loss:5.8991 train_time:10232ms step_avg:269.27ms
step:49/500 train_loss:6.1309 train_time:10503ms step_avg:269.31ms
step:50/500 train_loss:6.0094 train_time:10774ms step_avg:269.34ms
step:51/500 train_loss:6.1524 train_time:11046ms step_avg:269.41ms w_mean:1.000 w_std:0.233 w_min:0.706 w_max:1.514
step:52/500 train_loss:6.0320 train_time:11314ms step_avg:269.38ms
step:53/500 train_loss:5.8683 train_time:11584ms step_avg:269.38ms
step:54/500 train_loss:6.0018 train_time:11852ms step_avg:269.37ms
step:55/500 train_loss:5.9065 train_time:12124ms step_avg:269.42ms
step:56/500 train_loss:6.2273 train_time:12392ms step_avg:269.40ms
step:57/500 train_loss:5.9014 train_time:12665ms step_avg:269.46ms
step:58/500 train_loss:5.8007 train_time:12931ms step_avg:269.40ms
step:59/500 train_loss:5.9418 train_time:13205ms step_avg:269.48ms
step:60/500 train_loss:5.8985 train_time:13472ms step_avg:269.45ms
step:61/500 train_loss:5.9708 train_time:13743ms step_avg:269.48ms
step:62/500 train_loss:5.7957 train_time:14013ms step_avg:269.48ms
step:63/500 train_loss:5.8725 train_time:14282ms step_avg:269.47ms
step:64/500 train_loss:5.8617 train_time:14553ms step_avg:269.51ms
step:65/500 train_loss:5.7507 train_time:14825ms step_avg:269.54ms
step:66/500 train_loss:5.7020 train_time:15094ms step_avg:269.53ms
step:67/500 train_loss:5.8398 train_time:15366ms step_avg:269.57ms
step:68/500 train_loss:5.7185 train_time:15637ms step_avg:269.60ms
step:69/500 train_loss:5.9516 train_time:15909ms step_avg:269.65ms
step:70/500 train_loss:5.6359 train_time:16179ms step_avg:269.65ms
step:71/500 train_loss:5.6413 train_time:16448ms step_avg:269.64ms
step:72/500 train_loss:5.8448 train_time:16720ms step_avg:269.69ms
step:73/500 train_loss:5.7948 train_time:16992ms step_avg:269.71ms
step:74/500 train_loss:5.6787 train_time:17263ms step_avg:269.74ms
step:75/500 train_loss:5.8049 train_time:17532ms step_avg:269.72ms
step:76/500 train_loss:5.7455 train_time:17805ms step_avg:269.77ms
step:77/500 train_loss:5.7332 train_time:18074ms step_avg:269.76ms
step:78/500 train_loss:5.7996 train_time:18347ms step_avg:269.81ms
step:79/500 train_loss:5.8328 train_time:18617ms step_avg:269.81ms
step:80/500 train_loss:5.6863 train_time:18889ms step_avg:269.84ms
step:81/500 train_loss:5.7808 train_time:19159ms step_avg:269.84ms
step:82/500 train_loss:5.5473 train_time:19431ms step_avg:269.87ms
step:83/500 train_loss:5.7216 train_time:19702ms step_avg:269.90ms
step:84/500 train_loss:5.6786 train_time:19971ms step_avg:269.87ms
step:85/500 train_loss:5.6534 train_time:20242ms step_avg:269.89ms
step:86/500 train_loss:5.5002 train_time:20514ms step_avg:269.92ms
step:87/500 train_loss:5.7375 train_time:20784ms step_avg:269.93ms
step:88/500 train_loss:5.6170 train_time:21052ms step_avg:269.89ms
step:89/500 train_loss:5.7024 train_time:21325ms step_avg:269.93ms
step:90/500 train_loss:5.6622 train_time:21595ms step_avg:269.94ms
step:91/500 train_loss:5.5874 train_time:21870ms step_avg:270.00ms
step:92/500 train_loss:5.5804 train_time:22140ms step_avg:270.00ms
step:93/500 train_loss:5.6803 train_time:22417ms step_avg:270.08ms
step:94/500 train_loss:5.5254 train_time:22687ms step_avg:270.08ms
step:95/500 train_loss:5.5180 train_time:22957ms step_avg:270.08ms
step:96/500 train_loss:5.5406 train_time:23228ms step_avg:270.10ms
step:97/500 train_loss:5.4658 train_time:23501ms step_avg:270.13ms
step:98/500 train_loss:5.5309 train_time:23772ms step_avg:270.14ms
step:99/500 train_loss:5.4506 train_time:24044ms step_avg:270.15ms
step:100/500 train_loss:5.5767 train_time:24312ms step_avg:270.13ms
step:101/500 train_loss:5.5287 train_time:24582ms step_avg:270.13ms w_mean:1.000 w_std:0.244 w_min:0.706 w_max:1.513
step:102/500 train_loss:5.4554 train_time:24853ms step_avg:270.14ms
step:103/500 train_loss:5.5281 train_time:25125ms step_avg:270.16ms
step:104/500 train_loss:5.5179 train_time:25395ms step_avg:270.16ms
step:105/500 train_loss:5.3273 train_time:25668ms step_avg:270.19ms
step:106/500 train_loss:5.4659 train_time:25938ms step_avg:270.18ms
step:107/500 train_loss:5.6307 train_time:26216ms step_avg:270.27ms
step:108/500 train_loss:5.4559 train_time:26488ms step_avg:270.28ms
step:109/500 train_loss:5.1884 train_time:26760ms step_avg:270.30ms
step:110/500 train_loss:5.4065 train_time:27031ms step_avg:270.31ms
step:111/500 train_loss:5.3668 train_time:27306ms step_avg:270.36ms
step:112/500 train_loss:5.3522 train_time:27577ms step_avg:270.36ms
step:113/500 train_loss:5.4389 train_time:27849ms step_avg:270.37ms
step:114/500 train_loss:5.3802 train_time:28120ms step_avg:270.38ms
step:115/500 train_loss:5.2331 train_time:28393ms step_avg:270.40ms
step:116/500 train_loss:5.4003 train_time:28665ms step_avg:270.43ms
step:117/500 train_loss:5.2577 train_time:28935ms step_avg:270.42ms
step:118/500 train_loss:5.2486 train_time:29209ms step_avg:270.46ms
step:119/500 train_loss:5.3739 train_time:29479ms step_avg:270.45ms
step:120/500 train_loss:5.3560 train_time:29750ms step_avg:270.46ms
step:121/500 train_loss:5.3009 train_time:30022ms step_avg:270.47ms
step:122/500 train_loss:5.1666 train_time:30292ms step_avg:270.47ms
step:123/500 train_loss:5.2898 train_time:30565ms step_avg:270.49ms
step:124/500 train_loss:5.1291 train_time:30837ms step_avg:270.50ms
step:125/500 train_loss:5.4528 train_time:31111ms step_avg:270.53ms
step:125/500 val_loss:5.2578 train_time:31112ms step_avg:270.54ms
step:126/500 train_loss:5.2799 train_time:31385ms step_avg:270.56ms
step:127/500 train_loss:5.2743 train_time:31662ms step_avg:270.61ms
step:128/500 train_loss:5.3251 train_time:31936ms step_avg:270.64ms
step:129/500 train_loss:5.1976 train_time:32203ms step_avg:270.61ms
step:130/500 train_loss:5.4490 train_time:32473ms step_avg:270.61ms
step:131/500 train_loss:5.2616 train_time:32747ms step_avg:270.64ms
step:132/500 train_loss:5.2348 train_time:33019ms step_avg:270.65ms
step:133/500 train_loss:5.2038 train_time:33289ms step_avg:270.64ms
step:134/500 train_loss:5.2208 train_time:33559ms step_avg:270.63ms
step:135/500 train_loss:5.1746 train_time:33833ms step_avg:270.67ms
step:136/500 train_loss:5.2218 train_time:34103ms step_avg:270.66ms
step:137/500 train_loss:5.0523 train_time:34377ms step_avg:270.68ms
step:138/500 train_loss:5.1874 train_time:34648ms step_avg:270.69ms
step:139/500 train_loss:5.1614 train_time:34922ms step_avg:270.71ms
step:140/500 train_loss:5.1605 train_time:35191ms step_avg:270.70ms
step:141/500 train_loss:5.2107 train_time:35461ms step_avg:270.69ms
step:142/500 train_loss:5.1166 train_time:35734ms step_avg:270.71ms
step:143/500 train_loss:5.2011 train_time:36004ms step_avg:270.71ms
step:144/500 train_loss:5.0126 train_time:36278ms step_avg:270.73ms
step:145/500 train_loss:5.1688 train_time:36548ms step_avg:270.73ms
step:146/500 train_loss:5.1064 train_time:36820ms step_avg:270.74ms
step:147/500 train_loss:5.0103 train_time:37091ms step_avg:270.74ms
step:148/500 train_loss:5.1453 train_time:37362ms step_avg:270.74ms
step:149/500 train_loss:5.1020 train_time:37635ms step_avg:270.75ms
step:150/500 train_loss:5.1738 train_time:37904ms step_avg:270.74ms
step:151/500 train_loss:5.1736 train_time:38177ms step_avg:270.76ms w_mean:1.000 w_std:0.253 w_min:0.707 w_max:1.514
step:152/500 train_loss:5.1113 train_time:38449ms step_avg:270.77ms
step:153/500 train_loss:5.0768 train_time:38721ms step_avg:270.78ms
step:154/500 train_loss:5.1586 train_time:38992ms step_avg:270.78ms
step:155/500 train_loss:5.0964 train_time:39266ms step_avg:270.80ms
step:156/500 train_loss:5.0765 train_time:39539ms step_avg:270.81ms
step:157/500 train_loss:5.0931 train_time:39809ms step_avg:270.81ms
step:158/500 train_loss:5.2065 train_time:40080ms step_avg:270.81ms
step:159/500 train_loss:5.0107 train_time:40353ms step_avg:270.82ms
step:160/500 train_loss:5.0513 train_time:40623ms step_avg:270.82ms
step:161/500 train_loss:4.9260 train_time:40894ms step_avg:270.82ms
step:162/500 train_loss:5.0667 train_time:41164ms step_avg:270.81ms
step:163/500 train_loss:5.1078 train_time:41438ms step_avg:270.84ms
step:164/500 train_loss:5.0959 train_time:41710ms step_avg:270.84ms
step:165/500 train_loss:4.9195 train_time:41981ms step_avg:270.84ms
step:166/500 train_loss:5.0441 train_time:42253ms step_avg:270.85ms
step:167/500 train_loss:5.1760 train_time:42524ms step_avg:270.85ms
step:168/500 train_loss:4.9827 train_time:42795ms step_avg:270.86ms
step:169/500 train_loss:5.0457 train_time:43065ms step_avg:270.85ms
step:170/500 train_loss:4.9301 train_time:43340ms step_avg:270.87ms
step:171/500 train_loss:4.8676 train_time:43613ms step_avg:270.89ms
step:172/500 train_loss:4.9769 train_time:43887ms step_avg:270.90ms
step:173/500 train_loss:4.9396 train_time:44160ms step_avg:270.92ms
step:174/500 train_loss:5.0029 train_time:44431ms step_avg:270.92ms
step:175/500 train_loss:5.1270 train_time:44701ms step_avg:270.92ms
step:176/500 train_loss:5.0329 train_time:44975ms step_avg:270.94ms
step:177/500 train_loss:4.8609 train_time:45244ms step_avg:270.92ms
step:178/500 train_loss:4.8525 train_time:45519ms step_avg:270.95ms
step:179/500 train_loss:4.8777 train_time:45788ms step_avg:270.93ms
step:180/500 train_loss:4.9326 train_time:46061ms step_avg:270.95ms
step:181/500 train_loss:4.9070 train_time:46334ms step_avg:270.96ms
step:182/500 train_loss:5.0336 train_time:46604ms step_avg:270.95ms
step:183/500 train_loss:4.9099 train_time:46876ms step_avg:270.96ms
step:184/500 train_loss:4.8516 train_time:47149ms step_avg:270.97ms
step:185/500 train_loss:4.8734 train_time:47421ms step_avg:270.98ms
step:186/500 train_loss:5.0036 train_time:47694ms step_avg:270.99ms
step:187/500 train_loss:4.8728 train_time:47962ms step_avg:270.97ms
step:188/500 train_loss:5.1213 train_time:48235ms step_avg:270.98ms
step:189/500 train_loss:4.9128 train_time:48761ms step_avg:272.41ms
step:190/500 train_loss:4.8357 train_time:49300ms step_avg:273.89ms
step:191/500 train_loss:4.9870 train_time:49566ms step_avg:273.85ms
step:192/500 train_loss:4.8363 train_time:49834ms step_avg:273.81ms
step:193/500 train_loss:4.7502 train_time:50101ms step_avg:273.78ms
step:194/500 train_loss:4.9555 train_time:50381ms step_avg:273.81ms
step:195/500 train_loss:4.8908 train_time:50653ms step_avg:273.80ms
step:196/500 train_loss:5.0783 train_time:50921ms step_avg:273.77ms
step:197/500 train_loss:4.9597 train_time:51190ms step_avg:273.75ms
step:198/500 train_loss:4.8204 train_time:51463ms step_avg:273.74ms
step:199/500 train_loss:4.8495 train_time:51737ms step_avg:273.74ms
step:200/500 train_loss:4.7593 train_time:52008ms step_avg:273.72ms
step:201/500 train_loss:4.8258 train_time:52277ms step_avg:273.70ms w_mean:1.000 w_std:0.259 w_min:0.707 w_max:1.515
step:202/500 train_loss:4.7538 train_time:52551ms step_avg:273.70ms
step:203/500 train_loss:4.9699 train_time:52822ms step_avg:273.69ms
step:204/500 train_loss:4.8984 train_time:53093ms step_avg:273.68ms
step:205/500 train_loss:4.8514 train_time:53362ms step_avg:273.65ms
step:206/500 train_loss:5.0117 train_time:53636ms step_avg:273.66ms
step:207/500 train_loss:4.6825 train_time:53908ms step_avg:273.65ms
step:208/500 train_loss:4.8386 train_time:54180ms step_avg:273.64ms
step:209/500 train_loss:4.7828 train_time:54450ms step_avg:273.62ms
step:210/500 train_loss:4.9481 train_time:54722ms step_avg:273.61ms
step:211/500 train_loss:4.8786 train_time:54992ms step_avg:273.59ms
step:212/500 train_loss:4.7626 train_time:55264ms step_avg:273.58ms
step:213/500 train_loss:4.8900 train_time:55537ms step_avg:273.58ms
step:214/500 train_loss:4.7322 train_time:55810ms step_avg:273.58ms
step:215/500 train_loss:4.8246 train_time:56081ms step_avg:273.57ms
step:216/500 train_loss:4.6818 train_time:56354ms step_avg:273.57ms
step:217/500 train_loss:4.8056 train_time:56623ms step_avg:273.54ms
step:218/500 train_loss:4.7805 train_time:56896ms step_avg:273.54ms
step:219/500 train_loss:4.7588 train_time:57167ms step_avg:273.52ms
step:220/500 train_loss:4.7667 train_time:57440ms step_avg:273.52ms
step:221/500 train_loss:4.7975 train_time:57712ms step_avg:273.52ms
step:222/500 train_loss:4.8251 train_time:57982ms step_avg:273.50ms
step:223/500 train_loss:4.7775 train_time:58256ms step_avg:273.50ms
step:224/500 train_loss:4.7711 train_time:58528ms step_avg:273.49ms
step:225/500 train_loss:4.8974 train_time:58798ms step_avg:273.48ms
step:226/500 train_loss:4.6375 train_time:59069ms step_avg:273.47ms
step:227/500 train_loss:4.6803 train_time:59343ms step_avg:273.47ms
step:228/500 train_loss:4.6646 train_time:59618ms step_avg:273.48ms
step:229/500 train_loss:4.8217 train_time:59888ms step_avg:273.46ms
step:230/500 train_loss:4.6648 train_time:60160ms step_avg:273.45ms
step:231/500 train_loss:4.7981 train_time:60432ms step_avg:273.45ms
step:232/500 train_loss:4.6769 train_time:60703ms step_avg:273.44ms
step:233/500 train_loss:4.6348 train_time:60975ms step_avg:273.43ms
step:234/500 train_loss:4.8444 train_time:61243ms step_avg:273.41ms
step:235/500 train_loss:4.6752 train_time:61518ms step_avg:273.41ms
step:236/500 train_loss:4.6313 train_time:61789ms step_avg:273.40ms
step:237/500 train_loss:4.8591 train_time:62062ms step_avg:273.40ms
step:238/500 train_loss:4.7504 train_time:62333ms step_avg:273.39ms
step:239/500 train_loss:4.6625 train_time:62603ms step_avg:273.38ms
step:240/500 train_loss:4.8086 train_time:62877ms step_avg:273.38ms
step:241/500 train_loss:4.7763 train_time:63151ms step_avg:273.38ms
step:242/500 train_loss:4.7027 train_time:63422ms step_avg:273.37ms
step:243/500 train_loss:4.8324 train_time:63693ms step_avg:273.36ms
step:244/500 train_loss:4.6915 train_time:63963ms step_avg:273.35ms
step:245/500 train_loss:4.6849 train_time:64238ms step_avg:273.35ms
step:246/500 train_loss:4.7675 train_time:64510ms step_avg:273.35ms
step:247/500 train_loss:4.7134 train_time:64781ms step_avg:273.34ms
step:248/500 train_loss:4.6870 train_time:65055ms step_avg:273.34ms
step:249/500 train_loss:4.8445 train_time:65328ms step_avg:273.34ms
step:250/500 train_loss:4.5890 train_time:65598ms step_avg:273.33ms
step:250/500 val_loss:4.6815 train_time:65600ms step_avg:273.33ms
step:251/500 train_loss:4.6183 train_time:65872ms step_avg:273.33ms w_mean:1.000 w_std:0.265 w_min:0.707 w_max:1.515
step:252/500 train_loss:4.7594 train_time:66153ms step_avg:273.36ms
step:253/500 train_loss:4.7374 train_time:66427ms step_avg:273.36ms
step:254/500 train_loss:4.6308 train_time:66698ms step_avg:273.35ms
step:255/500 train_loss:4.6372 train_time:66968ms step_avg:273.34ms
step:256/500 train_loss:4.7724 train_time:67243ms step_avg:273.34ms
step:257/500 train_loss:4.7180 train_time:67517ms step_avg:273.35ms
step:258/500 train_loss:4.6988 train_time:67786ms step_avg:273.33ms
step:259/500 train_loss:4.6267 train_time:68056ms step_avg:273.32ms
step:260/500 train_loss:4.6410 train_time:68330ms step_avg:273.32ms
step:261/500 train_loss:4.7157 train_time:68603ms step_avg:273.32ms
step:262/500 train_loss:4.7081 train_time:68873ms step_avg:273.31ms
step:263/500 train_loss:4.6281 train_time:69147ms step_avg:273.31ms
step:264/500 train_loss:4.5662 train_time:69420ms step_avg:273.31ms
step:265/500 train_loss:4.6301 train_time:69691ms step_avg:273.30ms
step:266/500 train_loss:4.4818 train_time:69961ms step_avg:273.28ms
step:267/500 train_loss:4.5453 train_time:70235ms step_avg:273.29ms
step:268/500 train_loss:4.5763 train_time:70510ms step_avg:273.30ms
step:269/500 train_loss:4.5434 train_time:70780ms step_avg:273.28ms
step:270/500 train_loss:4.5185 train_time:71052ms step_avg:273.28ms
step:271/500 train_loss:4.7200 train_time:71326ms step_avg:273.28ms
step:272/500 train_loss:4.6672 train_time:71600ms step_avg:273.28ms
step:273/500 train_loss:4.5179 train_time:71871ms step_avg:273.28ms
step:274/500 train_loss:4.5772 train_time:72143ms step_avg:273.27ms
step:275/500 train_loss:4.6790 train_time:72416ms step_avg:273.27ms
step:276/500 train_loss:4.7089 train_time:72688ms step_avg:273.26ms
step:277/500 train_loss:4.8898 train_time:72959ms step_avg:273.25ms
step:278/500 train_loss:4.6501 train_time:73233ms step_avg:273.26ms
step:279/500 train_loss:4.7766 train_time:73507ms step_avg:273.26ms
step:280/500 train_loss:4.6187 train_time:73778ms step_avg:273.25ms
step:281/500 train_loss:4.6838 train_time:74049ms step_avg:273.24ms
step:282/500 train_loss:4.5840 train_time:74321ms step_avg:273.24ms
step:283/500 train_loss:4.7001 train_time:74595ms step_avg:273.24ms
step:284/500 train_loss:4.5213 train_time:74868ms step_avg:273.24ms
step:285/500 train_loss:4.6795 train_time:75140ms step_avg:273.24ms
step:286/500 train_loss:4.6756 train_time:75413ms step_avg:273.23ms
step:287/500 train_loss:4.6991 train_time:75684ms step_avg:273.23ms
step:288/500 train_loss:4.5701 train_time:75954ms step_avg:273.21ms
step:289/500 train_loss:4.6337 train_time:76227ms step_avg:273.21ms
step:290/500 train_loss:4.4921 train_time:76498ms step_avg:273.21ms
step:291/500 train_loss:4.4912 train_time:76771ms step_avg:273.21ms
step:292/500 train_loss:4.6131 train_time:77041ms step_avg:273.19ms
step:293/500 train_loss:4.5064 train_time:77313ms step_avg:273.19ms
step:294/500 train_loss:4.5556 train_time:77583ms step_avg:273.18ms
step:295/500 train_loss:4.5788 train_time:77857ms step_avg:273.18ms
step:296/500 train_loss:4.4475 train_time:78131ms step_avg:273.19ms
step:297/500 train_loss:4.4376 train_time:78403ms step_avg:273.18ms
step:298/500 train_loss:4.4746 train_time:78672ms step_avg:273.17ms
step:299/500 train_loss:4.5587 train_time:78946ms step_avg:273.17ms
step:300/500 train_loss:4.4603 train_time:79219ms step_avg:273.17ms
step:301/500 train_loss:4.6253 train_time:79490ms step_avg:273.16ms w_mean:1.000 w_std:0.265 w_min:0.707 w_max:1.516
step:302/500 train_loss:4.6029 train_time:79759ms step_avg:273.15ms
step:303/500 train_loss:4.5203 train_time:80035ms step_avg:273.16ms
step:304/500 train_loss:4.5899 train_time:80309ms step_avg:273.16ms
step:305/500 train_loss:4.5713 train_time:80578ms step_avg:273.15ms
step:306/500 train_loss:5.0422 train_time:80850ms step_avg:273.14ms
step:307/500 train_loss:4.5289 train_time:81124ms step_avg:273.14ms
step:308/500 train_loss:4.4412 train_time:81394ms step_avg:273.13ms
step:309/500 train_loss:4.6172 train_time:81667ms step_avg:273.13ms
step:310/500 train_loss:4.4301 train_time:81939ms step_avg:273.13ms
step:311/500 train_loss:4.6518 train_time:82213ms step_avg:273.13ms
step:312/500 train_loss:4.5704 train_time:82484ms step_avg:273.12ms
step:313/500 train_loss:4.4769 train_time:82755ms step_avg:273.12ms
step:314/500 train_loss:4.6034 train_time:83030ms step_avg:273.13ms
step:315/500 train_loss:4.7344 train_time:83304ms step_avg:273.13ms
step:316/500 train_loss:4.5751 train_time:83573ms step_avg:273.11ms
step:317/500 train_loss:4.4617 train_time:83846ms step_avg:273.11ms
step:318/500 train_loss:4.4746 train_time:84116ms step_avg:273.10ms
step:319/500 train_loss:4.4912 train_time:84389ms step_avg:273.10ms
step:320/500 train_loss:4.4461 train_time:84660ms step_avg:273.10ms
step:321/500 train_loss:4.5377 train_time:84932ms step_avg:273.09ms
step:322/500 train_loss:4.5419 train_time:85205ms step_avg:273.09ms
step:323/500 train_loss:4.5078 train_time:85475ms step_avg:273.08ms
step:324/500 train_loss:4.5797 train_time:85748ms step_avg:273.08ms
step:325/500 train_loss:4.5770 train_time:86020ms step_avg:273.08ms
step:326/500 train_loss:4.6368 train_time:86292ms step_avg:273.08ms
step:327/500 train_loss:4.4879 train_time:86565ms step_avg:273.08ms
step:328/500 train_loss:4.9283 train_time:86834ms step_avg:273.06ms
step:329/500 train_loss:4.6442 train_time:87109ms step_avg:273.07ms
step:330/500 train_loss:4.4423 train_time:87380ms step_avg:273.06ms
step:331/500 train_loss:4.3984 train_time:87653ms step_avg:273.06ms
step:332/500 train_loss:4.5550 train_time:87925ms step_avg:273.06ms
step:333/500 train_loss:4.4762 train_time:88195ms step_avg:273.05ms
step:334/500 train_loss:4.4624 train_time:88467ms step_avg:273.05ms
step:335/500 train_loss:4.4264 train_time:88742ms step_avg:273.05ms
step:336/500 train_loss:4.6106 train_time:89017ms step_avg:273.06ms
step:337/500 train_loss:4.5542 train_time:89287ms step_avg:273.05ms
step:338/500 train_loss:5.0737 train_time:89557ms step_avg:273.04ms
step:339/500 train_loss:4.5264 train_time:89832ms step_avg:273.05ms
step:340/500 train_loss:4.4847 train_time:90108ms step_avg:273.05ms
step:341/500 train_loss:4.4775 train_time:90378ms step_avg:273.04ms
step:342/500 train_loss:4.4154 train_time:90650ms step_avg:273.04ms
step:343/500 train_loss:4.3998 train_time:90922ms step_avg:273.04ms
step:344/500 train_loss:4.4579 train_time:91194ms step_avg:273.04ms
step:345/500 train_loss:4.5443 train_time:91468ms step_avg:273.04ms
step:346/500 train_loss:4.4358 train_time:91740ms step_avg:273.04ms
step:347/500 train_loss:4.3856 train_time:92013ms step_avg:273.04ms
step:348/500 train_loss:4.4405 train_time:92284ms step_avg:273.03ms
step:349/500 train_loss:4.4404 train_time:92555ms step_avg:273.02ms
step:350/500 train_loss:4.3670 train_time:92830ms step_avg:273.03ms
step:351/500 train_loss:4.0645 train_time:93102ms step_avg:273.03ms w_mean:1.000 w_std:0.271 w_min:0.711 w_max:1.523
step:352/500 train_loss:4.3491 train_time:93373ms step_avg:273.02ms
step:353/500 train_loss:4.6825 train_time:93646ms step_avg:273.02ms
step:354/500 train_loss:4.2333 train_time:93920ms step_avg:273.02ms
step:355/500 train_loss:4.4704 train_time:94192ms step_avg:273.02ms
step:356/500 train_loss:4.3855 train_time:94465ms step_avg:273.02ms
step:357/500 train_loss:4.4733 train_time:94736ms step_avg:273.01ms
step:358/500 train_loss:4.4865 train_time:95010ms step_avg:273.02ms
step:359/500 train_loss:4.3920 train_time:95279ms step_avg:273.01ms
step:360/500 train_loss:4.7072 train_time:95553ms step_avg:273.01ms
step:361/500 train_loss:4.1323 train_time:95826ms step_avg:273.01ms
step:362/500 train_loss:4.6024 train_time:96097ms step_avg:273.00ms
step:363/500 train_loss:4.4999 train_time:96368ms step_avg:273.00ms
step:364/500 train_loss:4.3873 train_time:96641ms step_avg:273.00ms
step:365/500 train_loss:4.3261 train_time:96914ms step_avg:273.00ms
step:366/500 train_loss:4.4791 train_time:97186ms step_avg:272.99ms
step:367/500 train_loss:4.4079 train_time:97454ms step_avg:272.98ms
step:368/500 train_loss:4.3974 train_time:97729ms step_avg:272.99ms
step:369/500 train_loss:4.4010 train_time:98002ms step_avg:272.99ms
step:370/500 train_loss:4.3005 train_time:98274ms step_avg:272.98ms
step:371/500 train_loss:4.4372 train_time:98546ms step_avg:272.98ms
step:372/500 train_loss:4.3789 train_time:98819ms step_avg:272.98ms
step:373/500 train_loss:4.2577 train_time:99091ms step_avg:272.98ms
step:374/500 train_loss:4.4458 train_time:99362ms step_avg:272.97ms
step:375/500 train_loss:4.3807 train_time:99636ms step_avg:272.98ms
step:375/500 val_loss:4.3954 train_time:99638ms step_avg:272.98ms
step:376/500 train_loss:4.3757 train_time:99911ms step_avg:272.98ms
step:377/500 train_loss:4.4401 train_time:100192ms step_avg:273.00ms
step:378/500 train_loss:4.3271 train_time:100716ms step_avg:273.69ms
step:379/500 train_loss:4.3749 train_time:100987ms step_avg:273.68ms
step:380/500 train_loss:4.4557 train_time:101517ms step_avg:274.37ms
step:381/500 train_loss:4.4803 train_time:101785ms step_avg:274.35ms
step:382/500 train_loss:4.4294 train_time:102054ms step_avg:274.34ms
step:383/500 train_loss:4.4110 train_time:102324ms step_avg:274.33ms
step:384/500 train_loss:4.3156 train_time:102601ms step_avg:274.33ms
step:385/500 train_loss:4.4147 train_time:102870ms step_avg:274.32ms
step:386/500 train_loss:4.3263 train_time:103140ms step_avg:274.31ms
step:387/500 train_loss:4.4538 train_time:103411ms step_avg:274.30ms
step:388/500 train_loss:4.6539 train_time:103687ms step_avg:274.30ms
step:389/500 train_loss:4.3496 train_time:103958ms step_avg:274.30ms
step:390/500 train_loss:4.3078 train_time:104229ms step_avg:274.29ms
step:391/500 train_loss:4.4334 train_time:104499ms step_avg:274.28ms
step:392/500 train_loss:4.3604 train_time:104771ms step_avg:274.27ms
step:393/500 train_loss:4.4603 train_time:105045ms step_avg:274.27ms
step:394/500 train_loss:4.2893 train_time:105315ms step_avg:274.26ms
step:395/500 train_loss:4.4227 train_time:105588ms step_avg:274.26ms
step:396/500 train_loss:4.2147 train_time:105859ms step_avg:274.25ms
step:397/500 train_loss:4.3673 train_time:106133ms step_avg:274.24ms
step:398/500 train_loss:4.4640 train_time:106406ms step_avg:274.24ms
step:399/500 train_loss:4.4079 train_time:106678ms step_avg:274.24ms
step:400/500 train_loss:4.3335 train_time:106949ms step_avg:274.23ms
step:401/500 train_loss:4.3989 train_time:107220ms step_avg:274.22ms w_mean:1.000 w_std:0.270 w_min:0.708 w_max:1.516
step:402/500 train_loss:4.4325 train_time:107492ms step_avg:274.21ms
step:403/500 train_loss:4.4040 train_time:107762ms step_avg:274.20ms
step:404/500 train_loss:4.4970 train_time:108032ms step_avg:274.19ms
step:405/500 train_loss:4.2755 train_time:108302ms step_avg:274.18ms
step:406/500 train_loss:4.3241 train_time:108572ms step_avg:274.17ms
step:407/500 train_loss:4.5939 train_time:108846ms step_avg:274.17ms
step:408/500 train_loss:4.3664 train_time:109118ms step_avg:274.17ms
step:409/500 train_loss:4.3532 train_time:109391ms step_avg:274.16ms
step:410/500 train_loss:4.4073 train_time:109660ms step_avg:274.15ms
step:411/500 train_loss:4.2962 train_time:109932ms step_avg:274.15ms
step:412/500 train_loss:4.3098 train_time:110204ms step_avg:274.14ms
step:413/500 train_loss:4.7206 train_time:110474ms step_avg:274.13ms
step:414/500 train_loss:4.1845 train_time:110747ms step_avg:274.13ms
step:415/500 train_loss:4.5329 train_time:111020ms step_avg:274.12ms
step:416/500 train_loss:4.3143 train_time:111292ms step_avg:274.12ms
step:417/500 train_loss:4.3068 train_time:111564ms step_avg:274.11ms
step:418/500 train_loss:4.4865 train_time:111833ms step_avg:274.10ms
step:419/500 train_loss:4.2266 train_time:112106ms step_avg:274.10ms
step:420/500 train_loss:4.3255 train_time:112377ms step_avg:274.09ms
step:421/500 train_loss:4.3055 train_time:112649ms step_avg:274.09ms
step:422/500 train_loss:4.1915 train_time:112919ms step_avg:274.07ms
step:423/500 train_loss:4.2975 train_time:113194ms step_avg:274.08ms
step:424/500 train_loss:4.4028 train_time:113463ms step_avg:274.07ms
step:425/500 train_loss:4.2111 train_time:113735ms step_avg:274.06ms
step:426/500 train_loss:4.3807 train_time:114006ms step_avg:274.05ms
step:427/500 train_loss:4.2527 train_time:114280ms step_avg:274.05ms
step:428/500 train_loss:4.4243 train_time:114549ms step_avg:274.04ms
step:429/500 train_loss:4.3835 train_time:114823ms step_avg:274.04ms
step:430/500 train_loss:4.2928 train_time:115093ms step_avg:274.03ms
step:431/500 train_loss:4.2765 train_time:115364ms step_avg:274.02ms
step:432/500 train_loss:4.2245 train_time:115634ms step_avg:274.01ms
step:433/500 train_loss:4.3034 train_time:115908ms step_avg:274.01ms
step:434/500 train_loss:4.3823 train_time:116181ms step_avg:274.01ms
step:435/500 train_loss:4.3115 train_time:116452ms step_avg:274.00ms
step:436/500 train_loss:4.3563 train_time:116725ms step_avg:274.00ms
step:437/500 train_loss:4.3678 train_time:116998ms step_avg:274.00ms
step:438/500 train_loss:4.2580 train_time:117269ms step_avg:273.99ms
step:439/500 train_loss:4.2736 train_time:117540ms step_avg:273.99ms
step:440/500 train_loss:4.2294 train_time:117813ms step_avg:273.98ms
step:441/500 train_loss:4.4219 train_time:118088ms step_avg:273.99ms
step:442/500 train_loss:4.3256 train_time:118358ms step_avg:273.98ms
step:443/500 train_loss:4.3021 train_time:118630ms step_avg:273.97ms
step:444/500 train_loss:4.2001 train_time:118904ms step_avg:273.97ms
step:445/500 train_loss:4.4402 train_time:119174ms step_avg:273.96ms
step:446/500 train_loss:4.3730 train_time:119446ms step_avg:273.96ms
step:447/500 train_loss:4.3692 train_time:119716ms step_avg:273.95ms
step:448/500 train_loss:4.2956 train_time:119990ms step_avg:273.95ms
step:449/500 train_loss:4.3712 train_time:120261ms step_avg:273.94ms
step:450/500 train_loss:4.2109 train_time:120531ms step_avg:273.93ms
step:451/500 train_loss:4.2630 train_time:120806ms step_avg:273.94ms w_mean:1.000 w_std:0.271 w_min:0.709 w_max:1.519
step:452/500 train_loss:4.1459 train_time:121077ms step_avg:273.93ms
step:453/500 train_loss:4.2392 train_time:121349ms step_avg:273.93ms
step:454/500 train_loss:4.2209 train_time:121621ms step_avg:273.92ms
step:455/500 train_loss:4.2001 train_time:121894ms step_avg:273.92ms
step:456/500 train_loss:4.3964 train_time:122165ms step_avg:273.91ms
step:457/500 train_loss:4.2524 train_time:122435ms step_avg:273.90ms
step:458/500 train_loss:4.3466 train_time:122710ms step_avg:273.91ms
step:459/500 train_loss:4.3814 train_time:122982ms step_avg:273.90ms
step:460/500 train_loss:4.1819 train_time:123253ms step_avg:273.90ms
step:461/500 train_loss:4.3510 train_time:123526ms step_avg:273.89ms
step:462/500 train_loss:4.2572 train_time:123797ms step_avg:273.89ms
step:463/500 train_loss:4.2381 train_time:124070ms step_avg:273.88ms
step:464/500 train_loss:4.3345 train_time:124341ms step_avg:273.88ms
step:465/500 train_loss:4.2607 train_time:124613ms step_avg:273.87ms
step:466/500 train_loss:4.2647 train_time:124887ms step_avg:273.88ms
step:467/500 train_loss:4.3887 train_time:125157ms step_avg:273.87ms
step:468/500 train_loss:4.3869 train_time:125430ms step_avg:273.87ms
step:469/500 train_loss:4.3514 train_time:125703ms step_avg:273.86ms
step:470/500 train_loss:4.2630 train_time:125973ms step_avg:273.85ms
step:471/500 train_loss:4.3527 train_time:126247ms step_avg:273.85ms
step:472/500 train_loss:4.4000 train_time:126518ms step_avg:273.85ms
step:473/500 train_loss:4.3087 train_time:126791ms step_avg:273.85ms
step:474/500 train_loss:4.2752 train_time:127061ms step_avg:273.84ms
step:475/500 train_loss:4.1547 train_time:127334ms step_avg:273.84ms
step:476/500 train_loss:4.5846 train_time:127609ms step_avg:273.84ms
step:477/500 train_loss:4.3312 train_time:127881ms step_avg:273.84ms
step:478/500 train_loss:4.1424 train_time:128151ms step_avg:273.83ms
step:479/500 train_loss:4.3387 train_time:128426ms step_avg:273.83ms
step:480/500 train_loss:4.3225 train_time:128700ms step_avg:273.83ms
step:481/500 train_loss:4.4433 train_time:128970ms step_avg:273.82ms
step:482/500 train_loss:4.2743 train_time:129240ms step_avg:273.81ms
step:483/500 train_loss:4.0988 train_time:129515ms step_avg:273.82ms
step:484/500 train_loss:4.3678 train_time:129788ms step_avg:273.82ms
step:485/500 train_loss:4.2190 train_time:130058ms step_avg:273.81ms
step:486/500 train_loss:4.2446 train_time:130328ms step_avg:273.80ms
step:487/500 train_loss:4.1966 train_time:130602ms step_avg:273.80ms
step:488/500 train_loss:4.2172 train_time:130873ms step_avg:273.79ms
step:489/500 train_loss:4.4215 train_time:131147ms step_avg:273.79ms
step:490/500 train_loss:4.2831 train_time:131416ms step_avg:273.78ms
step:491/500 train_loss:4.1824 train_time:131690ms step_avg:273.78ms
step:492/500 train_loss:4.1877 train_time:131961ms step_avg:273.78ms
step:493/500 train_loss:4.2983 train_time:132232ms step_avg:273.77ms
step:494/500 train_loss:4.1438 train_time:132506ms step_avg:273.77ms
step:495/500 train_loss:4.2938 train_time:132777ms step_avg:273.77ms
step:496/500 train_loss:4.2159 train_time:133050ms step_avg:273.76ms
step:497/500 train_loss:4.1643 train_time:133321ms step_avg:273.76ms
step:498/500 train_loss:4.2950 train_time:133593ms step_avg:273.76ms
step:499/500 train_loss:4.3869 train_time:133864ms step_avg:273.75ms
step:500/500 train_loss:4.4327 train_time:134135ms step_avg:273.74ms
step:500/500 val_loss:4.2852 train_time:134136ms step_avg:273.75ms
peak memory consumption: 30603 MiB
