Command: torchrun --nproc_per_node=8 train_tw.py --seed=42 --num_iterations=500 --val_loss_every=125 --tw_enabled --tw_function=focal --tw_clamp_min=0.4 --tw_clamp_max=2.0 --tw_schedule=constant --tw_warmup_steps=1000 --tw_anneal_final=0.3 --tw_cyclical_period=500 --tw_focal_gamma=2.0 --tw_log_every=50 --tw_log_weights
Started: 2025-12-09T22:54:51.682730
============================================================

W1209 22:54:52.861000 81266 torch/distributed/run.py:774] 
W1209 22:54:52.861000 81266 torch/distributed/run.py:774] *****************************************
W1209 22:54:52.861000 81266 torch/distributed/run.py:774] Setting OMP_NUM_THREADS environment variable for each process to be 1 in default, to avoid your system being overloaded, please further tune the variable for optimal performance in your application as needed. 
W1209 22:54:52.861000 81266 torch/distributed/run.py:774] *****************************************
/root/ese-3060-project/tw_nano_experiments/train_tw.py:218: SyntaxWarning: invalid escape sequence '\s'
  """
/root/ese-3060-project/tw_nano_experiments/train_tw.py:218: SyntaxWarning: invalid escape sequence '\s'
  """
/root/ese-3060-project/tw_nano_experiments/train_tw.py:218: SyntaxWarning: invalid escape sequence '\s'
  """
/root/ese-3060-project/tw_nano_experiments/train_tw.py:218: SyntaxWarning: invalid escape sequence '\s'
  """
/root/ese-3060-project/tw_nano_experiments/train_tw.py:218: SyntaxWarning: invalid escape sequence '\s'
  """
/root/ese-3060-project/tw_nano_experiments/train_tw.py:218: SyntaxWarning: invalid escape sequence '\s'
  """
/root/ese-3060-project/tw_nano_experiments/train_tw.py:218: SyntaxWarning: invalid escape sequence '\s'
  """
/root/ese-3060-project/tw_nano_experiments/train_tw.py:218: SyntaxWarning: invalid escape sequence '\s'
  """
using device: cuda:7
using device: cuda:3
using device: cuda:1
using device: cuda:2
using device: cuda:0
Random seed set to 42 (deterministic=False)
using device: cuda:6
using device: cuda:5
using device: cuda:4
Training DataLoader: total number of tokens: 900000000 across 9 files
Validation DataLoader: total number of tokens: 100000000 across 1 files
Token Weighting: ENABLED
  function=focal, clamp=[0.4, 2.0], schedule=constant
step:0/500 val_loss:15.9787 train_time:286ms step_avg:nanms
step:1/500 train_loss:15.9775 train_time:51115ms step_avg:nanms w_mean:1.000 w_std:0.079 w_min:0.534 w_max:1.335
step:2/500 train_loss:9.3668 train_time:51383ms step_avg:nanms
step:3/500 train_loss:8.9493 train_time:51648ms step_avg:nanms
step:4/500 train_loss:8.5028 train_time:51915ms step_avg:nanms
step:5/500 train_loss:7.9804 train_time:52183ms step_avg:nanms
step:6/500 train_loss:7.8004 train_time:52455ms step_avg:nanms
step:7/500 train_loss:7.4504 train_time:52723ms step_avg:nanms
step:8/500 train_loss:7.5839 train_time:52989ms step_avg:nanms
step:9/500 train_loss:7.2844 train_time:53255ms step_avg:nanms
step:10/500 train_loss:7.0843 train_time:53521ms step_avg:nanms
step:11/500 train_loss:7.0417 train_time:268ms step_avg:nanms
step:12/500 train_loss:6.9859 train_time:536ms step_avg:nanms
step:13/500 train_loss:6.8699 train_time:803ms step_avg:267.55ms
step:14/500 train_loss:6.8325 train_time:1075ms step_avg:268.79ms
step:15/500 train_loss:6.7939 train_time:1342ms step_avg:268.33ms
step:16/500 train_loss:6.7214 train_time:1609ms step_avg:268.17ms
step:17/500 train_loss:6.7329 train_time:1877ms step_avg:268.14ms
step:18/500 train_loss:6.7590 train_time:2145ms step_avg:268.17ms
step:19/500 train_loss:6.5754 train_time:2415ms step_avg:268.30ms
step:20/500 train_loss:6.5889 train_time:2684ms step_avg:268.41ms
step:21/500 train_loss:6.2452 train_time:2952ms step_avg:268.40ms
step:22/500 train_loss:6.6320 train_time:3221ms step_avg:268.39ms
step:23/500 train_loss:6.8641 train_time:3490ms step_avg:268.48ms
step:24/500 train_loss:6.5077 train_time:3760ms step_avg:268.55ms
step:25/500 train_loss:6.6265 train_time:4029ms step_avg:268.57ms
step:26/500 train_loss:6.3445 train_time:4299ms step_avg:268.72ms
step:27/500 train_loss:6.2614 train_time:4569ms step_avg:268.78ms
step:28/500 train_loss:6.4262 train_time:4839ms step_avg:268.82ms
step:29/500 train_loss:6.0917 train_time:5109ms step_avg:268.89ms
step:30/500 train_loss:6.3730 train_time:5380ms step_avg:269.01ms
step:31/500 train_loss:6.2169 train_time:5648ms step_avg:268.94ms
step:32/500 train_loss:6.1836 train_time:5918ms step_avg:269.01ms
step:33/500 train_loss:6.0012 train_time:6187ms step_avg:268.98ms
step:34/500 train_loss:6.3367 train_time:6458ms step_avg:269.07ms
step:35/500 train_loss:6.2445 train_time:6730ms step_avg:269.21ms
step:36/500 train_loss:6.4093 train_time:6999ms step_avg:269.18ms
step:37/500 train_loss:6.3228 train_time:7268ms step_avg:269.19ms
step:38/500 train_loss:6.2194 train_time:7537ms step_avg:269.17ms
step:39/500 train_loss:6.1141 train_time:7805ms step_avg:269.13ms
step:40/500 train_loss:6.1673 train_time:8079ms step_avg:269.30ms
step:41/500 train_loss:6.0672 train_time:8349ms step_avg:269.32ms
step:42/500 train_loss:6.1076 train_time:8621ms step_avg:269.39ms
step:43/500 train_loss:5.9750 train_time:8890ms step_avg:269.39ms
step:44/500 train_loss:6.0608 train_time:9160ms step_avg:269.42ms
step:45/500 train_loss:6.0524 train_time:9431ms step_avg:269.45ms
step:46/500 train_loss:6.2347 train_time:9702ms step_avg:269.51ms
step:47/500 train_loss:6.0385 train_time:9975ms step_avg:269.58ms
step:48/500 train_loss:5.8782 train_time:10243ms step_avg:269.54ms
step:49/500 train_loss:6.1232 train_time:10514ms step_avg:269.58ms
step:50/500 train_loss:5.9918 train_time:10784ms step_avg:269.60ms
step:51/500 train_loss:6.1515 train_time:11054ms step_avg:269.60ms w_mean:1.000 w_std:0.093 w_min:0.978 w_max:2.444
step:52/500 train_loss:6.0090 train_time:11323ms step_avg:269.60ms
step:53/500 train_loss:5.8601 train_time:11596ms step_avg:269.66ms
step:54/500 train_loss:5.9772 train_time:11865ms step_avg:269.66ms
step:55/500 train_loss:5.9040 train_time:12138ms step_avg:269.73ms
step:56/500 train_loss:6.2101 train_time:12410ms step_avg:269.77ms
step:57/500 train_loss:5.8986 train_time:12683ms step_avg:269.85ms
step:58/500 train_loss:5.7759 train_time:12953ms step_avg:269.85ms
step:59/500 train_loss:5.9395 train_time:13225ms step_avg:269.89ms
step:60/500 train_loss:5.8712 train_time:13495ms step_avg:269.90ms
step:61/500 train_loss:5.9726 train_time:13767ms step_avg:269.95ms
step:62/500 train_loss:5.7653 train_time:14040ms step_avg:270.00ms
step:63/500 train_loss:5.8682 train_time:14310ms step_avg:270.00ms
step:64/500 train_loss:5.8280 train_time:14583ms step_avg:270.05ms
step:65/500 train_loss:5.7735 train_time:14852ms step_avg:270.04ms
step:66/500 train_loss:5.6630 train_time:15123ms step_avg:270.05ms
step:67/500 train_loss:5.8367 train_time:15399ms step_avg:270.15ms
step:68/500 train_loss:5.6949 train_time:15670ms step_avg:270.16ms
step:69/500 train_loss:5.9407 train_time:15939ms step_avg:270.16ms
step:70/500 train_loss:5.6105 train_time:16211ms step_avg:270.19ms
step:71/500 train_loss:5.6199 train_time:16483ms step_avg:270.22ms
step:72/500 train_loss:5.8325 train_time:16755ms step_avg:270.24ms
step:73/500 train_loss:5.7805 train_time:17022ms step_avg:270.20ms
step:74/500 train_loss:5.6677 train_time:17298ms step_avg:270.27ms
step:75/500 train_loss:5.7738 train_time:17570ms step_avg:270.32ms
step:76/500 train_loss:5.7459 train_time:17840ms step_avg:270.30ms
step:77/500 train_loss:5.7113 train_time:18112ms step_avg:270.32ms
step:78/500 train_loss:5.7890 train_time:18385ms step_avg:270.36ms
step:79/500 train_loss:5.8131 train_time:18659ms step_avg:270.42ms
step:80/500 train_loss:5.6783 train_time:18929ms step_avg:270.41ms
step:81/500 train_loss:5.7710 train_time:19202ms step_avg:270.46ms
step:82/500 train_loss:5.5292 train_time:19475ms step_avg:270.49ms
step:83/500 train_loss:5.7061 train_time:19744ms step_avg:270.47ms
step:84/500 train_loss:5.6705 train_time:20017ms step_avg:270.49ms
step:85/500 train_loss:5.6342 train_time:20286ms step_avg:270.49ms
step:86/500 train_loss:5.5022 train_time:20560ms step_avg:270.52ms
step:87/500 train_loss:5.7057 train_time:20831ms step_avg:270.53ms
step:88/500 train_loss:5.6129 train_time:21101ms step_avg:270.53ms
step:89/500 train_loss:5.6665 train_time:21375ms step_avg:270.57ms
step:90/500 train_loss:5.6540 train_time:21644ms step_avg:270.55ms
step:91/500 train_loss:5.5641 train_time:21919ms step_avg:270.61ms
step:92/500 train_loss:5.5744 train_time:22191ms step_avg:270.62ms
step:93/500 train_loss:5.6632 train_time:22462ms step_avg:270.62ms
step:94/500 train_loss:5.5174 train_time:22734ms step_avg:270.64ms
step:95/500 train_loss:5.5019 train_time:23006ms step_avg:270.65ms
step:96/500 train_loss:5.5254 train_time:23278ms step_avg:270.68ms
step:97/500 train_loss:5.4435 train_time:23548ms step_avg:270.67ms
step:98/500 train_loss:5.5172 train_time:23822ms step_avg:270.70ms
step:99/500 train_loss:5.4406 train_time:24095ms step_avg:270.73ms
step:100/500 train_loss:5.5682 train_time:24364ms step_avg:270.71ms
step:101/500 train_loss:5.5227 train_time:24637ms step_avg:270.73ms w_mean:1.000 w_std:0.062 w_min:0.989 w_max:2.474
step:102/500 train_loss:5.4335 train_time:24907ms step_avg:270.73ms
step:103/500 train_loss:5.5256 train_time:25181ms step_avg:270.76ms
step:104/500 train_loss:5.4912 train_time:25450ms step_avg:270.75ms
step:105/500 train_loss:5.3211 train_time:25723ms step_avg:270.77ms
step:106/500 train_loss:5.4352 train_time:25996ms step_avg:270.79ms
step:107/500 train_loss:5.6458 train_time:26270ms step_avg:270.82ms
step:108/500 train_loss:5.4212 train_time:26538ms step_avg:270.80ms
step:109/500 train_loss:5.1713 train_time:26807ms step_avg:270.78ms
step:110/500 train_loss:5.3815 train_time:27080ms step_avg:270.80ms
step:111/500 train_loss:5.3542 train_time:27352ms step_avg:270.81ms
step:112/500 train_loss:5.3263 train_time:27623ms step_avg:270.82ms
step:113/500 train_loss:5.4280 train_time:27899ms step_avg:270.87ms
step:114/500 train_loss:5.3589 train_time:28172ms step_avg:270.89ms
step:115/500 train_loss:5.2077 train_time:28442ms step_avg:270.87ms
step:116/500 train_loss:5.3826 train_time:28714ms step_avg:270.89ms
step:117/500 train_loss:5.2411 train_time:28987ms step_avg:270.90ms
step:118/500 train_loss:5.2275 train_time:29258ms step_avg:270.91ms
step:119/500 train_loss:5.3531 train_time:29526ms step_avg:270.88ms
step:120/500 train_loss:5.3379 train_time:29800ms step_avg:270.91ms
step:121/500 train_loss:5.2659 train_time:30074ms step_avg:270.94ms
step:122/500 train_loss:5.1556 train_time:30344ms step_avg:270.93ms
step:123/500 train_loss:5.2571 train_time:30615ms step_avg:270.93ms
step:124/500 train_loss:5.1222 train_time:30886ms step_avg:270.93ms
step:125/500 train_loss:5.4267 train_time:31159ms step_avg:270.94ms
step:125/500 val_loss:5.2494 train_time:31161ms step_avg:270.96ms
step:126/500 train_loss:5.2739 train_time:31432ms step_avg:270.97ms
step:127/500 train_loss:5.2499 train_time:31708ms step_avg:271.01ms
step:128/500 train_loss:5.3176 train_time:31986ms step_avg:271.07ms
step:129/500 train_loss:5.1752 train_time:32254ms step_avg:271.05ms
step:130/500 train_loss:5.4406 train_time:32525ms step_avg:271.04ms
step:131/500 train_loss:5.2338 train_time:32798ms step_avg:271.05ms
step:132/500 train_loss:5.2254 train_time:33069ms step_avg:271.06ms
step:133/500 train_loss:5.1730 train_time:33342ms step_avg:271.07ms
step:134/500 train_loss:5.2158 train_time:33611ms step_avg:271.06ms
step:135/500 train_loss:5.1403 train_time:33885ms step_avg:271.08ms
step:136/500 train_loss:5.2170 train_time:34157ms step_avg:271.09ms
step:137/500 train_loss:5.0175 train_time:34428ms step_avg:271.09ms
step:138/500 train_loss:5.1808 train_time:34703ms step_avg:271.11ms
step:139/500 train_loss:5.1364 train_time:34975ms step_avg:271.13ms
step:140/500 train_loss:5.1450 train_time:35246ms step_avg:271.12ms
step:141/500 train_loss:5.1928 train_time:35518ms step_avg:271.13ms
step:142/500 train_loss:5.0993 train_time:35790ms step_avg:271.14ms
step:143/500 train_loss:5.1741 train_time:36061ms step_avg:271.14ms
step:144/500 train_loss:4.9940 train_time:36331ms step_avg:271.13ms
step:145/500 train_loss:5.1459 train_time:36604ms step_avg:271.14ms
step:146/500 train_loss:5.0858 train_time:36878ms step_avg:271.16ms
step:147/500 train_loss:4.9948 train_time:37147ms step_avg:271.15ms
step:148/500 train_loss:5.1216 train_time:37418ms step_avg:271.15ms
step:149/500 train_loss:5.0930 train_time:37691ms step_avg:271.16ms
step:150/500 train_loss:5.1542 train_time:37963ms step_avg:271.16ms
step:151/500 train_loss:5.1680 train_time:38233ms step_avg:271.15ms w_mean:1.000 w_std:0.063 w_min:0.990 w_max:2.475
step:152/500 train_loss:5.0881 train_time:38506ms step_avg:271.17ms
step:153/500 train_loss:5.0634 train_time:38782ms step_avg:271.20ms
step:154/500 train_loss:5.1388 train_time:39054ms step_avg:271.21ms
step:155/500 train_loss:5.0765 train_time:39327ms step_avg:271.22ms
step:156/500 train_loss:5.0495 train_time:39600ms step_avg:271.23ms
step:157/500 train_loss:5.0664 train_time:39869ms step_avg:271.22ms
step:158/500 train_loss:5.1975 train_time:40144ms step_avg:271.25ms
step:159/500 train_loss:4.9831 train_time:40416ms step_avg:271.25ms
step:160/500 train_loss:5.0424 train_time:40688ms step_avg:271.25ms
step:161/500 train_loss:4.8996 train_time:40959ms step_avg:271.25ms
step:162/500 train_loss:5.0511 train_time:41228ms step_avg:271.24ms
step:163/500 train_loss:5.0842 train_time:41504ms step_avg:271.27ms
step:164/500 train_loss:5.0707 train_time:41777ms step_avg:271.28ms
step:165/500 train_loss:4.9001 train_time:42049ms step_avg:271.29ms
step:166/500 train_loss:5.0112 train_time:42323ms step_avg:271.30ms
step:167/500 train_loss:5.1639 train_time:42595ms step_avg:271.30ms
step:168/500 train_loss:4.9469 train_time:42865ms step_avg:271.30ms
step:169/500 train_loss:5.0315 train_time:43138ms step_avg:271.31ms
step:170/500 train_loss:4.9003 train_time:43411ms step_avg:271.32ms
step:171/500 train_loss:4.8391 train_time:43684ms step_avg:271.33ms
step:172/500 train_loss:4.9495 train_time:43957ms step_avg:271.34ms
step:173/500 train_loss:4.9214 train_time:44228ms step_avg:271.33ms
step:174/500 train_loss:4.9799 train_time:44504ms step_avg:271.36ms
step:175/500 train_loss:5.1130 train_time:44776ms step_avg:271.37ms
step:176/500 train_loss:5.0043 train_time:45047ms step_avg:271.37ms
step:177/500 train_loss:4.8415 train_time:45321ms step_avg:271.38ms
step:178/500 train_loss:4.8165 train_time:45592ms step_avg:271.38ms
step:179/500 train_loss:4.8633 train_time:45864ms step_avg:271.38ms
step:180/500 train_loss:4.9066 train_time:46135ms step_avg:271.39ms
step:181/500 train_loss:4.8901 train_time:46408ms step_avg:271.39ms
step:182/500 train_loss:5.0038 train_time:46684ms step_avg:271.42ms
step:183/500 train_loss:4.8915 train_time:46955ms step_avg:271.42ms
step:184/500 train_loss:4.8185 train_time:47228ms step_avg:271.42ms
step:185/500 train_loss:4.8523 train_time:47502ms step_avg:271.44ms
step:186/500 train_loss:4.9759 train_time:47775ms step_avg:271.45ms
step:187/500 train_loss:4.8557 train_time:48046ms step_avg:271.45ms
step:188/500 train_loss:5.0948 train_time:48318ms step_avg:271.45ms
step:189/500 train_loss:4.8958 train_time:48848ms step_avg:272.89ms
step:190/500 train_loss:4.8105 train_time:49386ms step_avg:274.37ms
step:191/500 train_loss:4.9648 train_time:49653ms step_avg:274.32ms
step:192/500 train_loss:4.8128 train_time:49923ms step_avg:274.30ms
step:193/500 train_loss:4.7315 train_time:50190ms step_avg:274.26ms
step:194/500 train_loss:4.9329 train_time:50465ms step_avg:274.27ms
step:195/500 train_loss:4.8746 train_time:50738ms step_avg:274.26ms
step:196/500 train_loss:5.0514 train_time:51006ms step_avg:274.23ms
step:197/500 train_loss:4.9507 train_time:51276ms step_avg:274.20ms
step:198/500 train_loss:4.7878 train_time:51547ms step_avg:274.19ms
step:199/500 train_loss:4.8330 train_time:51824ms step_avg:274.20ms
step:200/500 train_loss:4.7242 train_time:52095ms step_avg:274.19ms
step:201/500 train_loss:4.8068 train_time:52365ms step_avg:274.16ms w_mean:1.000 w_std:0.053 w_min:0.993 w_max:2.482
step:202/500 train_loss:4.7229 train_time:52636ms step_avg:274.15ms
step:203/500 train_loss:4.9535 train_time:52907ms step_avg:274.13ms
step:204/500 train_loss:4.8622 train_time:53182ms step_avg:274.13ms
step:205/500 train_loss:4.8322 train_time:53449ms step_avg:274.10ms
step:206/500 train_loss:4.9817 train_time:53723ms step_avg:274.10ms
step:207/500 train_loss:4.6569 train_time:53993ms step_avg:274.08ms
step:208/500 train_loss:4.8067 train_time:54265ms step_avg:274.06ms
step:209/500 train_loss:4.7630 train_time:54536ms step_avg:274.05ms
step:210/500 train_loss:4.9238 train_time:54809ms step_avg:274.04ms
step:211/500 train_loss:4.8479 train_time:55086ms step_avg:274.06ms
step:212/500 train_loss:4.7364 train_time:55354ms step_avg:274.03ms
step:213/500 train_loss:4.8604 train_time:55626ms step_avg:274.02ms
step:214/500 train_loss:4.7035 train_time:55898ms step_avg:274.01ms
step:215/500 train_loss:4.7945 train_time:56169ms step_avg:273.99ms
step:216/500 train_loss:4.6471 train_time:56443ms step_avg:274.00ms
step:217/500 train_loss:4.7720 train_time:56714ms step_avg:273.98ms
step:218/500 train_loss:4.7554 train_time:56987ms step_avg:273.98ms
step:219/500 train_loss:4.7282 train_time:57259ms step_avg:273.96ms
step:220/500 train_loss:4.7415 train_time:57529ms step_avg:273.95ms
step:221/500 train_loss:4.7668 train_time:57804ms step_avg:273.95ms
step:222/500 train_loss:4.8055 train_time:58078ms step_avg:273.95ms
step:223/500 train_loss:4.7424 train_time:58351ms step_avg:273.95ms
step:224/500 train_loss:4.7443 train_time:58620ms step_avg:273.93ms
step:225/500 train_loss:4.8717 train_time:58890ms step_avg:273.91ms
step:226/500 train_loss:4.6108 train_time:59162ms step_avg:273.90ms
step:227/500 train_loss:4.6490 train_time:59433ms step_avg:273.89ms
step:228/500 train_loss:4.6340 train_time:59706ms step_avg:273.88ms
step:229/500 train_loss:4.7981 train_time:59979ms step_avg:273.88ms
step:230/500 train_loss:4.6303 train_time:60248ms step_avg:273.86ms
step:231/500 train_loss:4.7802 train_time:60523ms step_avg:273.86ms
step:232/500 train_loss:4.6443 train_time:60798ms step_avg:273.86ms
step:233/500 train_loss:4.6122 train_time:61068ms step_avg:273.85ms
step:234/500 train_loss:4.8142 train_time:61343ms step_avg:273.85ms
step:235/500 train_loss:4.6479 train_time:61616ms step_avg:273.85ms
step:236/500 train_loss:4.5948 train_time:61889ms step_avg:273.84ms
step:237/500 train_loss:4.8346 train_time:62162ms step_avg:273.84ms
step:238/500 train_loss:4.7203 train_time:62430ms step_avg:273.81ms
step:239/500 train_loss:4.6373 train_time:62707ms step_avg:273.83ms
step:240/500 train_loss:4.7769 train_time:62981ms step_avg:273.83ms
step:241/500 train_loss:4.7592 train_time:63250ms step_avg:273.81ms
step:242/500 train_loss:4.6637 train_time:63522ms step_avg:273.80ms
step:243/500 train_loss:4.8191 train_time:63793ms step_avg:273.79ms
step:244/500 train_loss:4.6538 train_time:64065ms step_avg:273.78ms
step:245/500 train_loss:4.6672 train_time:64338ms step_avg:273.78ms
step:246/500 train_loss:4.7359 train_time:64609ms step_avg:273.77ms
step:247/500 train_loss:4.6934 train_time:64884ms step_avg:273.77ms
step:248/500 train_loss:4.6522 train_time:65156ms step_avg:273.76ms
step:249/500 train_loss:4.8203 train_time:65428ms step_avg:273.76ms
step:250/500 train_loss:4.5576 train_time:65700ms step_avg:273.75ms
step:250/500 val_loss:4.6598 train_time:65702ms step_avg:273.76ms
step:251/500 train_loss:4.5969 train_time:65974ms step_avg:273.75ms w_mean:1.000 w_std:0.050 w_min:0.994 w_max:2.484
step:252/500 train_loss:4.7239 train_time:66255ms step_avg:273.78ms
step:253/500 train_loss:4.7190 train_time:66532ms step_avg:273.79ms
step:254/500 train_loss:4.5939 train_time:66803ms step_avg:273.78ms
step:255/500 train_loss:4.6103 train_time:67071ms step_avg:273.76ms
step:256/500 train_loss:4.7466 train_time:67344ms step_avg:273.75ms
step:257/500 train_loss:4.6908 train_time:67616ms step_avg:273.75ms
step:258/500 train_loss:4.6676 train_time:67889ms step_avg:273.75ms
step:259/500 train_loss:4.5993 train_time:68156ms step_avg:273.72ms
step:260/500 train_loss:4.6128 train_time:68432ms step_avg:273.73ms
step:261/500 train_loss:4.6844 train_time:68706ms step_avg:273.73ms
step:262/500 train_loss:4.6875 train_time:68975ms step_avg:273.71ms
step:263/500 train_loss:4.5927 train_time:69247ms step_avg:273.70ms
step:264/500 train_loss:4.5434 train_time:69517ms step_avg:273.69ms
step:265/500 train_loss:4.5953 train_time:69792ms step_avg:273.69ms
step:266/500 train_loss:4.4584 train_time:70063ms step_avg:273.68ms
step:267/500 train_loss:4.5115 train_time:70335ms step_avg:273.68ms
step:268/500 train_loss:4.5489 train_time:70607ms step_avg:273.67ms
step:269/500 train_loss:4.5137 train_time:70877ms step_avg:273.66ms
step:270/500 train_loss:4.4793 train_time:71150ms step_avg:273.65ms
step:271/500 train_loss:4.6941 train_time:71420ms step_avg:273.64ms
step:272/500 train_loss:4.6301 train_time:71695ms step_avg:273.65ms
step:273/500 train_loss:4.4929 train_time:71965ms step_avg:273.63ms
step:274/500 train_loss:4.5417 train_time:72236ms step_avg:273.62ms
step:275/500 train_loss:4.6524 train_time:72510ms step_avg:273.62ms
step:276/500 train_loss:4.6717 train_time:72783ms step_avg:273.62ms
step:277/500 train_loss:4.8687 train_time:73054ms step_avg:273.61ms
step:278/500 train_loss:4.6167 train_time:73328ms step_avg:273.61ms
step:279/500 train_loss:4.7450 train_time:73600ms step_avg:273.61ms
step:280/500 train_loss:4.5871 train_time:73871ms step_avg:273.60ms
step:281/500 train_loss:4.6642 train_time:74142ms step_avg:273.59ms
step:282/500 train_loss:4.5487 train_time:74417ms step_avg:273.59ms
step:283/500 train_loss:4.6629 train_time:74692ms step_avg:273.60ms
step:284/500 train_loss:4.4881 train_time:74963ms step_avg:273.59ms
step:285/500 train_loss:4.6559 train_time:75235ms step_avg:273.58ms
step:286/500 train_loss:4.6408 train_time:75508ms step_avg:273.58ms
step:287/500 train_loss:4.6738 train_time:75778ms step_avg:273.57ms
step:288/500 train_loss:4.5396 train_time:76050ms step_avg:273.56ms
step:289/500 train_loss:4.6052 train_time:76323ms step_avg:273.56ms
step:290/500 train_loss:4.4588 train_time:76596ms step_avg:273.56ms
step:291/500 train_loss:4.4578 train_time:76869ms step_avg:273.56ms
step:292/500 train_loss:4.5816 train_time:77139ms step_avg:273.54ms
step:293/500 train_loss:4.4713 train_time:77413ms step_avg:273.54ms
step:294/500 train_loss:4.5240 train_time:77686ms step_avg:273.54ms
step:295/500 train_loss:4.5432 train_time:77955ms step_avg:273.53ms
step:296/500 train_loss:4.4098 train_time:78228ms step_avg:273.52ms
step:297/500 train_loss:4.4025 train_time:78500ms step_avg:273.52ms
step:298/500 train_loss:4.4301 train_time:78770ms step_avg:273.51ms
step:299/500 train_loss:4.5335 train_time:79042ms step_avg:273.50ms
step:300/500 train_loss:4.4143 train_time:79316ms step_avg:273.50ms
step:301/500 train_loss:4.5942 train_time:79592ms step_avg:273.51ms w_mean:1.000 w_std:0.055 w_min:0.992 w_max:2.481
step:302/500 train_loss:4.5672 train_time:79861ms step_avg:273.50ms
step:303/500 train_loss:4.4882 train_time:80133ms step_avg:273.49ms
step:304/500 train_loss:4.5593 train_time:80406ms step_avg:273.49ms
step:305/500 train_loss:4.5422 train_time:80676ms step_avg:273.48ms
step:306/500 train_loss:5.0125 train_time:80951ms step_avg:273.48ms
step:307/500 train_loss:4.4958 train_time:81222ms step_avg:273.47ms
step:308/500 train_loss:4.4054 train_time:81495ms step_avg:273.47ms
step:309/500 train_loss:4.5888 train_time:81766ms step_avg:273.47ms
step:310/500 train_loss:4.3926 train_time:82037ms step_avg:273.46ms
step:311/500 train_loss:4.6242 train_time:82312ms step_avg:273.46ms
step:312/500 train_loss:4.5303 train_time:82589ms step_avg:273.47ms
step:313/500 train_loss:4.4464 train_time:82857ms step_avg:273.45ms
step:314/500 train_loss:4.5713 train_time:83132ms step_avg:273.46ms
step:315/500 train_loss:4.6916 train_time:83405ms step_avg:273.46ms
step:316/500 train_loss:4.5353 train_time:83676ms step_avg:273.45ms
step:317/500 train_loss:4.4183 train_time:83950ms step_avg:273.45ms
step:318/500 train_loss:4.4439 train_time:84220ms step_avg:273.44ms
step:319/500 train_loss:4.4573 train_time:84493ms step_avg:273.44ms
step:320/500 train_loss:4.4080 train_time:84763ms step_avg:273.43ms
step:321/500 train_loss:4.4980 train_time:85036ms step_avg:273.43ms
step:322/500 train_loss:4.5069 train_time:85311ms step_avg:273.43ms
step:323/500 train_loss:4.4689 train_time:85582ms step_avg:273.42ms
step:324/500 train_loss:4.5448 train_time:85852ms step_avg:273.41ms
step:325/500 train_loss:4.5440 train_time:86126ms step_avg:273.42ms
step:326/500 train_loss:4.6002 train_time:86401ms step_avg:273.42ms
step:327/500 train_loss:4.4541 train_time:86672ms step_avg:273.41ms
step:328/500 train_loss:4.8970 train_time:86941ms step_avg:273.40ms
step:329/500 train_loss:4.6120 train_time:87215ms step_avg:273.40ms
step:330/500 train_loss:4.4010 train_time:87491ms step_avg:273.41ms
step:331/500 train_loss:4.3609 train_time:87762ms step_avg:273.40ms
step:332/500 train_loss:4.5137 train_time:88035ms step_avg:273.40ms
step:333/500 train_loss:4.4369 train_time:88308ms step_avg:273.40ms
step:334/500 train_loss:4.4232 train_time:88577ms step_avg:273.39ms
step:335/500 train_loss:4.3794 train_time:88852ms step_avg:273.39ms
step:336/500 train_loss:4.5706 train_time:89125ms step_avg:273.39ms
step:337/500 train_loss:4.5055 train_time:89397ms step_avg:273.39ms
step:338/500 train_loss:5.0434 train_time:89670ms step_avg:273.38ms
step:339/500 train_loss:4.4851 train_time:89940ms step_avg:273.37ms
step:340/500 train_loss:4.4522 train_time:90214ms step_avg:273.38ms
step:341/500 train_loss:4.4406 train_time:90487ms step_avg:273.38ms
step:342/500 train_loss:4.3783 train_time:90756ms step_avg:273.36ms
step:343/500 train_loss:4.3507 train_time:91032ms step_avg:273.37ms
step:344/500 train_loss:4.4169 train_time:91305ms step_avg:273.37ms
step:345/500 train_loss:4.5084 train_time:91576ms step_avg:273.36ms
step:346/500 train_loss:4.3996 train_time:91848ms step_avg:273.36ms
step:347/500 train_loss:4.3385 train_time:92120ms step_avg:273.35ms
step:348/500 train_loss:4.3876 train_time:92394ms step_avg:273.35ms
step:349/500 train_loss:4.3983 train_time:92665ms step_avg:273.35ms
step:350/500 train_loss:4.3269 train_time:92936ms step_avg:273.34ms
step:351/500 train_loss:4.0139 train_time:93212ms step_avg:273.35ms w_mean:1.000 w_std:0.043 w_min:0.996 w_max:2.489
step:352/500 train_loss:4.3067 train_time:93486ms step_avg:273.35ms
step:353/500 train_loss:4.6456 train_time:93756ms step_avg:273.34ms
step:354/500 train_loss:4.1828 train_time:94029ms step_avg:273.34ms
step:355/500 train_loss:4.4350 train_time:94300ms step_avg:273.33ms
step:356/500 train_loss:4.3357 train_time:94572ms step_avg:273.33ms
step:357/500 train_loss:4.4376 train_time:94845ms step_avg:273.33ms
step:358/500 train_loss:4.4326 train_time:95118ms step_avg:273.33ms
step:359/500 train_loss:4.3490 train_time:95392ms step_avg:273.33ms
step:360/500 train_loss:4.6342 train_time:95663ms step_avg:273.32ms
step:361/500 train_loss:4.0828 train_time:95935ms step_avg:273.32ms
step:362/500 train_loss:4.5609 train_time:96211ms step_avg:273.33ms
step:363/500 train_loss:4.4543 train_time:96484ms step_avg:273.33ms
step:364/500 train_loss:4.3437 train_time:96755ms step_avg:273.32ms
step:365/500 train_loss:4.2804 train_time:97030ms step_avg:273.32ms
step:366/500 train_loss:4.4350 train_time:97305ms step_avg:273.33ms
step:367/500 train_loss:4.3745 train_time:97576ms step_avg:273.32ms
step:368/500 train_loss:4.3569 train_time:97850ms step_avg:273.32ms
step:369/500 train_loss:4.3593 train_time:98123ms step_avg:273.32ms
step:370/500 train_loss:4.2536 train_time:98396ms step_avg:273.32ms
step:371/500 train_loss:4.4049 train_time:98666ms step_avg:273.31ms
step:372/500 train_loss:4.3305 train_time:98936ms step_avg:273.30ms
step:373/500 train_loss:4.2104 train_time:99212ms step_avg:273.31ms
step:374/500 train_loss:4.4088 train_time:99485ms step_avg:273.31ms
step:375/500 train_loss:4.3352 train_time:99756ms step_avg:273.30ms
step:375/500 val_loss:4.3518 train_time:99758ms step_avg:273.31ms
step:376/500 train_loss:4.3295 train_time:100031ms step_avg:273.31ms
step:377/500 train_loss:4.3895 train_time:100306ms step_avg:273.31ms
step:378/500 train_loss:4.2846 train_time:100834ms step_avg:274.01ms
step:379/500 train_loss:4.3373 train_time:101102ms step_avg:273.99ms
step:380/500 train_loss:4.4111 train_time:101643ms step_avg:274.71ms
step:381/500 train_loss:4.4429 train_time:101910ms step_avg:274.69ms
step:382/500 train_loss:4.3839 train_time:102179ms step_avg:274.67ms
step:383/500 train_loss:4.3638 train_time:102447ms step_avg:274.66ms
step:384/500 train_loss:4.2729 train_time:102725ms step_avg:274.67ms
step:385/500 train_loss:4.3779 train_time:102996ms step_avg:274.66ms
step:386/500 train_loss:4.2864 train_time:103267ms step_avg:274.65ms
step:387/500 train_loss:4.4089 train_time:103534ms step_avg:274.63ms
step:388/500 train_loss:4.6137 train_time:103809ms step_avg:274.63ms
step:389/500 train_loss:4.3083 train_time:104080ms step_avg:274.62ms
step:390/500 train_loss:4.2695 train_time:104350ms step_avg:274.61ms
step:391/500 train_loss:4.3954 train_time:104621ms step_avg:274.60ms
step:392/500 train_loss:4.3161 train_time:104895ms step_avg:274.59ms
step:393/500 train_loss:4.4222 train_time:105164ms step_avg:274.58ms
step:394/500 train_loss:4.2409 train_time:105435ms step_avg:274.57ms
step:395/500 train_loss:4.3835 train_time:105707ms step_avg:274.56ms
step:396/500 train_loss:4.1608 train_time:105976ms step_avg:274.55ms
step:397/500 train_loss:4.3261 train_time:106250ms step_avg:274.55ms
step:398/500 train_loss:4.4194 train_time:106517ms step_avg:274.53ms
step:399/500 train_loss:4.3618 train_time:106793ms step_avg:274.53ms
step:400/500 train_loss:4.2966 train_time:107064ms step_avg:274.52ms
step:401/500 train_loss:4.3488 train_time:107335ms step_avg:274.51ms w_mean:1.000 w_std:0.035 w_min:0.997 w_max:2.492
step:402/500 train_loss:4.3968 train_time:107608ms step_avg:274.51ms
step:403/500 train_loss:4.3591 train_time:107882ms step_avg:274.51ms
step:404/500 train_loss:4.4576 train_time:108152ms step_avg:274.50ms
step:405/500 train_loss:4.2303 train_time:108426ms step_avg:274.50ms
step:406/500 train_loss:4.2806 train_time:108697ms step_avg:274.49ms
step:407/500 train_loss:4.5561 train_time:108968ms step_avg:274.48ms
step:408/500 train_loss:4.3287 train_time:109239ms step_avg:274.47ms
step:409/500 train_loss:4.3151 train_time:109511ms step_avg:274.46ms
step:410/500 train_loss:4.3638 train_time:109784ms step_avg:274.46ms
step:411/500 train_loss:4.2540 train_time:110055ms step_avg:274.45ms
step:412/500 train_loss:4.2692 train_time:110329ms step_avg:274.45ms
step:413/500 train_loss:4.6823 train_time:110600ms step_avg:274.44ms
step:414/500 train_loss:4.1324 train_time:110872ms step_avg:274.43ms
step:415/500 train_loss:4.4958 train_time:111145ms step_avg:274.43ms
step:416/500 train_loss:4.2663 train_time:111416ms step_avg:274.42ms
step:417/500 train_loss:4.2691 train_time:111691ms step_avg:274.42ms
step:418/500 train_loss:4.4485 train_time:111962ms step_avg:274.42ms
step:419/500 train_loss:4.1855 train_time:112232ms step_avg:274.41ms
step:420/500 train_loss:4.2891 train_time:112505ms step_avg:274.40ms
step:421/500 train_loss:4.2559 train_time:112776ms step_avg:274.39ms
step:422/500 train_loss:4.1482 train_time:113050ms step_avg:274.39ms
step:423/500 train_loss:4.2572 train_time:113321ms step_avg:274.38ms
step:424/500 train_loss:4.3685 train_time:113594ms step_avg:274.38ms
step:425/500 train_loss:4.1598 train_time:113866ms step_avg:274.38ms
step:426/500 train_loss:4.3246 train_time:114137ms step_avg:274.37ms
step:427/500 train_loss:4.2062 train_time:114412ms step_avg:274.37ms
step:428/500 train_loss:4.3870 train_time:114685ms step_avg:274.36ms
step:429/500 train_loss:4.3386 train_time:114953ms step_avg:274.35ms
step:430/500 train_loss:4.2503 train_time:115226ms step_avg:274.35ms
step:431/500 train_loss:4.2277 train_time:115497ms step_avg:274.34ms
step:432/500 train_loss:4.1664 train_time:115770ms step_avg:274.34ms
step:433/500 train_loss:4.2617 train_time:116038ms step_avg:274.32ms
step:434/500 train_loss:4.3402 train_time:116312ms step_avg:274.32ms
step:435/500 train_loss:4.2611 train_time:116586ms step_avg:274.32ms
step:436/500 train_loss:4.3147 train_time:116855ms step_avg:274.31ms
step:437/500 train_loss:4.3236 train_time:117128ms step_avg:274.31ms
step:438/500 train_loss:4.2069 train_time:117399ms step_avg:274.30ms
step:439/500 train_loss:4.2289 train_time:117671ms step_avg:274.29ms
step:440/500 train_loss:4.1948 train_time:117944ms step_avg:274.29ms
step:441/500 train_loss:4.3779 train_time:118216ms step_avg:274.28ms
step:442/500 train_loss:4.2776 train_time:118491ms step_avg:274.29ms
step:443/500 train_loss:4.2609 train_time:118762ms step_avg:274.28ms
step:444/500 train_loss:4.1558 train_time:119035ms step_avg:274.27ms
step:445/500 train_loss:4.4053 train_time:119310ms step_avg:274.28ms
step:446/500 train_loss:4.3319 train_time:119583ms step_avg:274.27ms
step:447/500 train_loss:4.3333 train_time:119853ms step_avg:274.26ms
step:448/500 train_loss:4.2451 train_time:120127ms step_avg:274.26ms
step:449/500 train_loss:4.3354 train_time:120396ms step_avg:274.25ms
step:450/500 train_loss:4.1704 train_time:120668ms step_avg:274.25ms
step:451/500 train_loss:4.2118 train_time:120938ms step_avg:274.24ms w_mean:1.000 w_std:0.050 w_min:0.994 w_max:2.485
step:452/500 train_loss:4.1018 train_time:121212ms step_avg:274.24ms
step:453/500 train_loss:4.1983 train_time:121486ms step_avg:274.23ms
step:454/500 train_loss:4.1789 train_time:121758ms step_avg:274.23ms
step:455/500 train_loss:4.1547 train_time:122031ms step_avg:274.23ms
step:456/500 train_loss:4.3637 train_time:122305ms step_avg:274.23ms
step:457/500 train_loss:4.2175 train_time:122575ms step_avg:274.22ms
step:458/500 train_loss:4.3039 train_time:122846ms step_avg:274.21ms
step:459/500 train_loss:4.3353 train_time:123116ms step_avg:274.20ms
step:460/500 train_loss:4.1388 train_time:123393ms step_avg:274.21ms
step:461/500 train_loss:4.3110 train_time:123665ms step_avg:274.20ms
step:462/500 train_loss:4.2087 train_time:123935ms step_avg:274.19ms
step:463/500 train_loss:4.1976 train_time:124209ms step_avg:274.19ms
step:464/500 train_loss:4.2866 train_time:124484ms step_avg:274.19ms
step:465/500 train_loss:4.2238 train_time:124754ms step_avg:274.18ms
step:466/500 train_loss:4.2203 train_time:125029ms step_avg:274.19ms
step:467/500 train_loss:4.3439 train_time:125302ms step_avg:274.18ms
step:468/500 train_loss:4.3448 train_time:125573ms step_avg:274.18ms
step:469/500 train_loss:4.3146 train_time:125845ms step_avg:274.17ms
step:470/500 train_loss:4.2239 train_time:126117ms step_avg:274.17ms
step:471/500 train_loss:4.3050 train_time:126391ms step_avg:274.17ms
step:472/500 train_loss:4.3532 train_time:126660ms step_avg:274.16ms
step:473/500 train_loss:4.2654 train_time:126934ms step_avg:274.16ms
step:474/500 train_loss:4.2352 train_time:127207ms step_avg:274.15ms
step:475/500 train_loss:4.1104 train_time:127476ms step_avg:274.14ms
step:476/500 train_loss:4.5386 train_time:127750ms step_avg:274.14ms
step:477/500 train_loss:4.2930 train_time:128023ms step_avg:274.14ms
step:478/500 train_loss:4.0923 train_time:128297ms step_avg:274.14ms
step:479/500 train_loss:4.3045 train_time:128566ms step_avg:274.13ms
step:480/500 train_loss:4.2777 train_time:128835ms step_avg:274.12ms
step:481/500 train_loss:4.4058 train_time:129110ms step_avg:274.12ms
step:482/500 train_loss:4.2364 train_time:129384ms step_avg:274.12ms
step:483/500 train_loss:4.0532 train_time:129655ms step_avg:274.11ms
step:484/500 train_loss:4.3285 train_time:129927ms step_avg:274.11ms
step:485/500 train_loss:4.1730 train_time:130197ms step_avg:274.10ms
step:486/500 train_loss:4.2037 train_time:130471ms step_avg:274.10ms
step:487/500 train_loss:4.1438 train_time:130743ms step_avg:274.09ms
step:488/500 train_loss:4.1746 train_time:131015ms step_avg:274.09ms
step:489/500 train_loss:4.3830 train_time:131291ms step_avg:274.09ms
step:490/500 train_loss:4.2339 train_time:131562ms step_avg:274.09ms
step:491/500 train_loss:4.1328 train_time:131834ms step_avg:274.08ms
step:492/500 train_loss:4.1504 train_time:132106ms step_avg:274.08ms
step:493/500 train_loss:4.2562 train_time:132376ms step_avg:274.07ms
step:494/500 train_loss:4.1037 train_time:132651ms step_avg:274.07ms
step:495/500 train_loss:4.2475 train_time:132925ms step_avg:274.07ms
step:496/500 train_loss:4.1713 train_time:133196ms step_avg:274.07ms
step:497/500 train_loss:4.1076 train_time:133469ms step_avg:274.06ms
step:498/500 train_loss:4.2564 train_time:133738ms step_avg:274.05ms
step:499/500 train_loss:4.3437 train_time:134012ms step_avg:274.05ms
step:500/500 train_loss:4.3908 train_time:134286ms step_avg:274.05ms
step:500/500 val_loss:4.2414 train_time:134288ms step_avg:274.06ms
Checkpoint saving disabled; skipping state serialization.
peak memory consumption: 30603 MiB
