Command: torchrun --nproc_per_node=8 train_tw.py --seed=42 --num_iterations=500 --val_loss_every=125 --tw_enabled --tw_function=log --tw_clamp_min=0.8 --tw_clamp_max=1.3 --tw_schedule=constant --tw_warmup_steps=1000 --tw_anneal_final=0.3 --tw_cyclical_period=500 --tw_focal_gamma=2.0 --tw_log_every=50 --tw_log_weights
Started: 2025-12-09T21:31:28.467363
============================================================

W1209 21:31:29.600000 65631 torch/distributed/run.py:774] 
W1209 21:31:29.600000 65631 torch/distributed/run.py:774] *****************************************
W1209 21:31:29.600000 65631 torch/distributed/run.py:774] Setting OMP_NUM_THREADS environment variable for each process to be 1 in default, to avoid your system being overloaded, please further tune the variable for optimal performance in your application as needed. 
W1209 21:31:29.600000 65631 torch/distributed/run.py:774] *****************************************
/root/ese-3060-project/tw_nano_experiments/train_tw.py/root/ese-3060-project/tw_nano_experiments/train_tw.py:218: SyntaxWarning: invalid escape sequence '\s'
:218: SyntaxWarning: invalid escape sequence '\s'
    """"""

/root/ese-3060-project/tw_nano_experiments/train_tw.py:218: SyntaxWarning: invalid escape sequence '\s'
  """
/root/ese-3060-project/tw_nano_experiments/train_tw.py:218: SyntaxWarning: invalid escape sequence '\s'
  """
/root/ese-3060-project/tw_nano_experiments/train_tw.py:218: SyntaxWarning: invalid escape sequence '\s'
/root/ese-3060-project/tw_nano_experiments/train_tw.py:218: SyntaxWarning: invalid escape sequence '\s'
  """
  """
/root/ese-3060-project/tw_nano_experiments/train_tw.py:218: SyntaxWarning: invalid escape sequence '\s'
  """
/root/ese-3060-project/tw_nano_experiments/train_tw.py:218: SyntaxWarning: invalid escape sequence '\s'
  """
using device: cuda:6
using device: cuda:7
using device: cuda:5
using device: cuda:3
using device: cuda:0
Random seed set to 42 (deterministic=False)
using device: cuda:4
using device: cuda:1
using device: cuda:2
Training DataLoader: total number of tokens: 900000000 across 9 files
Validation DataLoader: total number of tokens: 100000000 across 1 files
Token Weighting: ENABLED
  function=log, clamp=[0.8, 1.3], schedule=constant
step:0/500 val_loss:15.9787 train_time:264ms step_avg:nanms
step:1/500 train_loss:15.9775 train_time:62112ms step_avg:nanms w_mean:1.000 w_std:0.000 w_min:1.000 w_max:1.000
step:2/500 train_loss:9.3675 train_time:63052ms step_avg:nanms
step:3/500 train_loss:8.9261 train_time:63316ms step_avg:nanms
step:4/500 train_loss:8.7460 train_time:63581ms step_avg:nanms
step:5/500 train_loss:8.2629 train_time:63848ms step_avg:nanms
step:6/500 train_loss:7.7564 train_time:64121ms step_avg:nanms
step:7/500 train_loss:7.3455 train_time:64391ms step_avg:nanms
step:8/500 train_loss:7.5402 train_time:64657ms step_avg:nanms
step:9/500 train_loss:7.2727 train_time:64924ms step_avg:nanms
step:10/500 train_loss:7.0942 train_time:65195ms step_avg:nanms
step:11/500 train_loss:7.0471 train_time:265ms step_avg:nanms
step:12/500 train_loss:7.0133 train_time:538ms step_avg:nanms
step:13/500 train_loss:6.8210 train_time:807ms step_avg:268.98ms
step:14/500 train_loss:6.8289 train_time:1077ms step_avg:269.27ms
step:15/500 train_loss:6.7927 train_time:1343ms step_avg:268.67ms
step:16/500 train_loss:6.7182 train_time:1616ms step_avg:269.36ms
step:17/500 train_loss:6.7280 train_time:1883ms step_avg:268.97ms
step:18/500 train_loss:6.7608 train_time:2151ms step_avg:268.91ms
step:19/500 train_loss:6.5843 train_time:2422ms step_avg:269.06ms
step:20/500 train_loss:6.5944 train_time:2693ms step_avg:269.31ms
step:21/500 train_loss:6.2538 train_time:2963ms step_avg:269.36ms
step:22/500 train_loss:6.6466 train_time:3233ms step_avg:269.41ms
step:23/500 train_loss:6.8761 train_time:3499ms step_avg:269.15ms
step:24/500 train_loss:6.5179 train_time:3767ms step_avg:269.09ms
step:25/500 train_loss:6.6313 train_time:4041ms step_avg:269.39ms
step:26/500 train_loss:6.3616 train_time:4313ms step_avg:269.55ms
step:27/500 train_loss:6.2698 train_time:4579ms step_avg:269.37ms
step:28/500 train_loss:6.4501 train_time:4848ms step_avg:269.31ms
step:29/500 train_loss:6.1011 train_time:5119ms step_avg:269.42ms
step:30/500 train_loss:6.3851 train_time:5389ms step_avg:269.44ms
step:31/500 train_loss:6.2250 train_time:5659ms step_avg:269.46ms
step:32/500 train_loss:6.1983 train_time:5928ms step_avg:269.44ms
step:33/500 train_loss:6.0113 train_time:6196ms step_avg:269.40ms
step:34/500 train_loss:6.3487 train_time:6466ms step_avg:269.42ms
step:35/500 train_loss:6.2629 train_time:6737ms step_avg:269.49ms
step:36/500 train_loss:6.4229 train_time:7009ms step_avg:269.58ms
step:37/500 train_loss:6.3389 train_time:7279ms step_avg:269.59ms
step:38/500 train_loss:6.2245 train_time:7550ms step_avg:269.63ms
step:39/500 train_loss:6.1231 train_time:7821ms step_avg:269.70ms
step:40/500 train_loss:6.1763 train_time:8091ms step_avg:269.69ms
step:41/500 train_loss:6.0789 train_time:8360ms step_avg:269.69ms
step:42/500 train_loss:6.1148 train_time:8631ms step_avg:269.71ms
step:43/500 train_loss:5.9886 train_time:8899ms step_avg:269.68ms
step:44/500 train_loss:6.0638 train_time:9168ms step_avg:269.66ms
step:45/500 train_loss:6.0683 train_time:9440ms step_avg:269.71ms
step:46/500 train_loss:6.2374 train_time:9713ms step_avg:269.81ms
step:47/500 train_loss:6.0493 train_time:9983ms step_avg:269.80ms
step:48/500 train_loss:5.8859 train_time:10254ms step_avg:269.85ms
step:49/500 train_loss:6.1402 train_time:10525ms step_avg:269.87ms
step:50/500 train_loss:5.9997 train_time:10797ms step_avg:269.91ms
step:51/500 train_loss:6.1648 train_time:11065ms step_avg:269.88ms w_mean:1.000 w_std:0.104 w_min:0.940 w_max:1.527
step:52/500 train_loss:6.0185 train_time:11337ms step_avg:269.94ms
step:53/500 train_loss:5.8797 train_time:11609ms step_avg:269.99ms
step:54/500 train_loss:5.9864 train_time:11880ms step_avg:269.99ms
step:55/500 train_loss:5.9205 train_time:12152ms step_avg:270.05ms
step:56/500 train_loss:6.2179 train_time:12423ms step_avg:270.07ms
step:57/500 train_loss:5.9087 train_time:12695ms step_avg:270.11ms
step:58/500 train_loss:5.7849 train_time:12966ms step_avg:270.12ms
step:59/500 train_loss:5.9505 train_time:13239ms step_avg:270.19ms
step:60/500 train_loss:5.8862 train_time:13512ms step_avg:270.25ms
step:61/500 train_loss:5.9826 train_time:13782ms step_avg:270.24ms
step:62/500 train_loss:5.7853 train_time:14054ms step_avg:270.27ms
step:63/500 train_loss:5.8769 train_time:14325ms step_avg:270.28ms
step:64/500 train_loss:5.8560 train_time:14595ms step_avg:270.29ms
step:65/500 train_loss:5.7729 train_time:14866ms step_avg:270.29ms
step:66/500 train_loss:5.6838 train_time:15139ms step_avg:270.34ms
step:67/500 train_loss:5.8419 train_time:15414ms step_avg:270.42ms
step:68/500 train_loss:5.7151 train_time:15684ms step_avg:270.41ms
step:69/500 train_loss:5.9550 train_time:15956ms step_avg:270.45ms
step:70/500 train_loss:5.6264 train_time:16229ms step_avg:270.49ms
step:71/500 train_loss:5.6381 train_time:16500ms step_avg:270.50ms
step:72/500 train_loss:5.8471 train_time:16774ms step_avg:270.55ms
step:73/500 train_loss:5.7904 train_time:17047ms step_avg:270.59ms
step:74/500 train_loss:5.6773 train_time:17320ms step_avg:270.63ms
step:75/500 train_loss:5.7982 train_time:17591ms step_avg:270.63ms
step:76/500 train_loss:5.7506 train_time:17861ms step_avg:270.62ms
step:77/500 train_loss:5.7286 train_time:18136ms step_avg:270.68ms
step:78/500 train_loss:5.8022 train_time:18408ms step_avg:270.70ms
step:79/500 train_loss:5.8373 train_time:18679ms step_avg:270.71ms
step:80/500 train_loss:5.6858 train_time:18951ms step_avg:270.72ms
step:81/500 train_loss:5.7872 train_time:19222ms step_avg:270.73ms
step:82/500 train_loss:5.5463 train_time:19493ms step_avg:270.74ms
step:83/500 train_loss:5.7228 train_time:19765ms step_avg:270.75ms
step:84/500 train_loss:5.6804 train_time:20039ms step_avg:270.79ms
step:85/500 train_loss:5.6465 train_time:20312ms step_avg:270.82ms
step:86/500 train_loss:5.5059 train_time:20582ms step_avg:270.81ms
step:87/500 train_loss:5.7217 train_time:20856ms step_avg:270.85ms
step:88/500 train_loss:5.6213 train_time:21127ms step_avg:270.86ms
step:89/500 train_loss:5.6795 train_time:21398ms step_avg:270.86ms
step:90/500 train_loss:5.6658 train_time:21671ms step_avg:270.88ms
step:91/500 train_loss:5.5777 train_time:21941ms step_avg:270.88ms
step:92/500 train_loss:5.5841 train_time:22216ms step_avg:270.92ms
step:93/500 train_loss:5.6772 train_time:22486ms step_avg:270.92ms
step:94/500 train_loss:5.5325 train_time:22758ms step_avg:270.93ms
step:95/500 train_loss:5.5130 train_time:23031ms step_avg:270.96ms
step:96/500 train_loss:5.5387 train_time:23301ms step_avg:270.94ms
step:97/500 train_loss:5.4562 train_time:23575ms step_avg:270.98ms
step:98/500 train_loss:5.5293 train_time:23847ms step_avg:270.99ms
step:99/500 train_loss:5.4539 train_time:24120ms step_avg:271.01ms
step:100/500 train_loss:5.5720 train_time:24391ms step_avg:271.01ms
step:101/500 train_loss:5.5386 train_time:24662ms step_avg:271.01ms w_mean:1.000 w_std:0.118 w_min:0.933 w_max:1.516
step:102/500 train_loss:5.4318 train_time:24936ms step_avg:271.04ms
step:103/500 train_loss:5.5445 train_time:25210ms step_avg:271.07ms
step:104/500 train_loss:5.5018 train_time:25480ms step_avg:271.06ms
step:105/500 train_loss:5.3380 train_time:25754ms step_avg:271.09ms
step:106/500 train_loss:5.4404 train_time:26026ms step_avg:271.10ms
step:107/500 train_loss:5.6389 train_time:26298ms step_avg:271.12ms
step:108/500 train_loss:5.4317 train_time:26572ms step_avg:271.14ms
step:109/500 train_loss:5.1951 train_time:26842ms step_avg:271.13ms
step:110/500 train_loss:5.3905 train_time:27116ms step_avg:271.16ms
step:111/500 train_loss:5.3717 train_time:27386ms step_avg:271.15ms
step:112/500 train_loss:5.3344 train_time:27659ms step_avg:271.16ms
step:113/500 train_loss:5.4446 train_time:27931ms step_avg:271.18ms
step:114/500 train_loss:5.3703 train_time:28203ms step_avg:271.18ms
step:115/500 train_loss:5.2352 train_time:28475ms step_avg:271.19ms
step:116/500 train_loss:5.3929 train_time:28746ms step_avg:271.19ms
step:117/500 train_loss:5.2589 train_time:29021ms step_avg:271.22ms
step:118/500 train_loss:5.2388 train_time:29292ms step_avg:271.22ms
step:119/500 train_loss:5.3670 train_time:29563ms step_avg:271.22ms
step:120/500 train_loss:5.3467 train_time:29835ms step_avg:271.23ms
step:121/500 train_loss:5.2860 train_time:30111ms step_avg:271.27ms
step:122/500 train_loss:5.1717 train_time:30381ms step_avg:271.26ms
step:123/500 train_loss:5.2771 train_time:30656ms step_avg:271.29ms
step:124/500 train_loss:5.1384 train_time:30928ms step_avg:271.30ms
step:125/500 train_loss:5.4413 train_time:31199ms step_avg:271.30ms
step:125/500 val_loss:5.2636 train_time:31201ms step_avg:271.31ms
step:126/500 train_loss:5.2846 train_time:31475ms step_avg:271.34ms
step:127/500 train_loss:5.2662 train_time:31752ms step_avg:271.39ms
step:128/500 train_loss:5.3286 train_time:32028ms step_avg:271.42ms
step:129/500 train_loss:5.1911 train_time:32298ms step_avg:271.41ms
step:130/500 train_loss:5.4540 train_time:32569ms step_avg:271.41ms
step:131/500 train_loss:5.2498 train_time:32846ms step_avg:271.46ms
step:132/500 train_loss:5.2349 train_time:33120ms step_avg:271.48ms
step:133/500 train_loss:5.1877 train_time:33390ms step_avg:271.47ms
step:134/500 train_loss:5.2286 train_time:33663ms step_avg:271.48ms
step:135/500 train_loss:5.1576 train_time:33933ms step_avg:271.47ms
step:136/500 train_loss:5.2245 train_time:34210ms step_avg:271.51ms
step:137/500 train_loss:5.0410 train_time:34483ms step_avg:271.52ms
step:138/500 train_loss:5.1877 train_time:34754ms step_avg:271.51ms
step:139/500 train_loss:5.1516 train_time:35027ms step_avg:271.52ms
step:140/500 train_loss:5.1568 train_time:35302ms step_avg:271.55ms
step:141/500 train_loss:5.2093 train_time:35572ms step_avg:271.55ms
step:142/500 train_loss:5.1121 train_time:35847ms step_avg:271.57ms
step:143/500 train_loss:5.1991 train_time:36118ms step_avg:271.57ms
step:144/500 train_loss:4.9990 train_time:36391ms step_avg:271.57ms
step:145/500 train_loss:5.1570 train_time:36666ms step_avg:271.60ms
step:146/500 train_loss:5.0981 train_time:36939ms step_avg:271.61ms
step:147/500 train_loss:5.0129 train_time:37211ms step_avg:271.61ms
step:148/500 train_loss:5.1295 train_time:37483ms step_avg:271.62ms
step:149/500 train_loss:5.1073 train_time:37754ms step_avg:271.61ms
step:150/500 train_loss:5.1604 train_time:38028ms step_avg:271.63ms
step:151/500 train_loss:5.1782 train_time:38302ms step_avg:271.64ms w_mean:1.000 w_std:0.128 w_min:0.927 w_max:1.506
step:152/500 train_loss:5.0982 train_time:38572ms step_avg:271.64ms
step:153/500 train_loss:5.0769 train_time:38847ms step_avg:271.66ms
step:154/500 train_loss:5.1480 train_time:39120ms step_avg:271.66ms
step:155/500 train_loss:5.0916 train_time:39392ms step_avg:271.67ms
step:156/500 train_loss:5.0664 train_time:39666ms step_avg:271.69ms
step:157/500 train_loss:5.0808 train_time:39942ms step_avg:271.71ms
step:158/500 train_loss:5.2063 train_time:40213ms step_avg:271.71ms
step:159/500 train_loss:4.9984 train_time:40485ms step_avg:271.71ms
step:160/500 train_loss:5.0610 train_time:40759ms step_avg:271.73ms
step:161/500 train_loss:4.9111 train_time:41034ms step_avg:271.75ms
step:162/500 train_loss:5.0671 train_time:41307ms step_avg:271.76ms
step:163/500 train_loss:5.0982 train_time:41576ms step_avg:271.74ms
step:164/500 train_loss:5.0869 train_time:41849ms step_avg:271.75ms
step:165/500 train_loss:4.9144 train_time:42125ms step_avg:271.78ms
step:166/500 train_loss:5.0303 train_time:42400ms step_avg:271.80ms
step:167/500 train_loss:5.1810 train_time:42670ms step_avg:271.78ms
step:168/500 train_loss:4.9637 train_time:42944ms step_avg:271.80ms
step:169/500 train_loss:5.0422 train_time:43221ms step_avg:271.83ms
step:170/500 train_loss:4.9166 train_time:43492ms step_avg:271.82ms
step:171/500 train_loss:4.8581 train_time:43769ms step_avg:271.86ms
step:172/500 train_loss:4.9642 train_time:44039ms step_avg:271.84ms
step:173/500 train_loss:4.9384 train_time:44312ms step_avg:271.85ms
step:174/500 train_loss:4.9933 train_time:44583ms step_avg:271.85ms
step:175/500 train_loss:5.1262 train_time:44854ms step_avg:271.84ms
step:176/500 train_loss:5.0194 train_time:45128ms step_avg:271.85ms
step:177/500 train_loss:4.8525 train_time:45404ms step_avg:271.88ms
step:178/500 train_loss:4.8348 train_time:45674ms step_avg:271.87ms
step:179/500 train_loss:4.8813 train_time:45948ms step_avg:271.88ms
step:180/500 train_loss:4.9165 train_time:46220ms step_avg:271.88ms
step:181/500 train_loss:4.9076 train_time:46492ms step_avg:271.88ms
step:182/500 train_loss:5.0182 train_time:46767ms step_avg:271.90ms
step:183/500 train_loss:4.9091 train_time:47041ms step_avg:271.92ms
step:184/500 train_loss:4.8367 train_time:47312ms step_avg:271.91ms
step:185/500 train_loss:4.8730 train_time:47585ms step_avg:271.91ms
step:186/500 train_loss:4.9863 train_time:47858ms step_avg:271.92ms
step:187/500 train_loss:4.8777 train_time:48132ms step_avg:271.93ms
step:188/500 train_loss:5.1149 train_time:48407ms step_avg:271.95ms
step:189/500 train_loss:4.9093 train_time:48939ms step_avg:273.40ms
step:190/500 train_loss:4.8223 train_time:49569ms step_avg:275.38ms
step:191/500 train_loss:4.9833 train_time:49836ms step_avg:275.34ms
step:192/500 train_loss:4.8237 train_time:50107ms step_avg:275.31ms
step:193/500 train_loss:4.7475 train_time:50374ms step_avg:275.27ms
step:194/500 train_loss:4.9399 train_time:50650ms step_avg:275.27ms
step:195/500 train_loss:4.8898 train_time:50922ms step_avg:275.26ms
step:196/500 train_loss:5.0628 train_time:51190ms step_avg:275.22ms
step:197/500 train_loss:4.9644 train_time:51463ms step_avg:275.20ms
step:198/500 train_loss:4.8004 train_time:51734ms step_avg:275.18ms
step:199/500 train_loss:4.8490 train_time:52008ms step_avg:275.17ms
step:200/500 train_loss:4.7345 train_time:52276ms step_avg:275.14ms
step:201/500 train_loss:4.8270 train_time:52551ms step_avg:275.13ms w_mean:1.000 w_std:0.137 w_min:0.922 w_max:1.499
step:202/500 train_loss:4.7388 train_time:52825ms step_avg:275.13ms
step:203/500 train_loss:4.9710 train_time:53095ms step_avg:275.10ms
step:204/500 train_loss:4.8784 train_time:53366ms step_avg:275.08ms
step:205/500 train_loss:4.8476 train_time:53641ms step_avg:275.08ms
step:206/500 train_loss:5.0021 train_time:53912ms step_avg:275.06ms
step:207/500 train_loss:4.6747 train_time:54184ms step_avg:275.05ms
step:208/500 train_loss:4.8261 train_time:54455ms step_avg:275.03ms
step:209/500 train_loss:4.7733 train_time:54729ms step_avg:275.02ms
step:210/500 train_loss:4.9412 train_time:55002ms step_avg:275.01ms
step:211/500 train_loss:4.8654 train_time:55272ms step_avg:274.98ms
step:212/500 train_loss:4.7545 train_time:55547ms step_avg:274.98ms
step:213/500 train_loss:4.8821 train_time:55821ms step_avg:274.98ms
step:214/500 train_loss:4.7264 train_time:56091ms step_avg:274.96ms
step:215/500 train_loss:4.8090 train_time:56365ms step_avg:274.95ms
step:216/500 train_loss:4.6735 train_time:56640ms step_avg:274.95ms
step:217/500 train_loss:4.7853 train_time:56912ms step_avg:274.94ms
step:218/500 train_loss:4.7783 train_time:57183ms step_avg:274.92ms
step:219/500 train_loss:4.7439 train_time:57455ms step_avg:274.90ms
step:220/500 train_loss:4.7615 train_time:57729ms step_avg:274.90ms
step:221/500 train_loss:4.7850 train_time:58003ms step_avg:274.90ms
step:222/500 train_loss:4.8247 train_time:58272ms step_avg:274.87ms
step:223/500 train_loss:4.7619 train_time:58547ms step_avg:274.87ms
step:224/500 train_loss:4.7601 train_time:58820ms step_avg:274.86ms
step:225/500 train_loss:4.8893 train_time:59092ms step_avg:274.85ms
step:226/500 train_loss:4.6309 train_time:59365ms step_avg:274.84ms
step:227/500 train_loss:4.6710 train_time:59638ms step_avg:274.83ms
step:228/500 train_loss:4.6537 train_time:59910ms step_avg:274.82ms
step:229/500 train_loss:4.8176 train_time:60184ms step_avg:274.81ms
step:230/500 train_loss:4.6483 train_time:60455ms step_avg:274.80ms
step:231/500 train_loss:4.7956 train_time:60730ms step_avg:274.80ms
step:232/500 train_loss:4.6617 train_time:61005ms step_avg:274.80ms
step:233/500 train_loss:4.6272 train_time:61276ms step_avg:274.78ms
step:234/500 train_loss:4.8341 train_time:61549ms step_avg:274.77ms
step:235/500 train_loss:4.6629 train_time:61823ms step_avg:274.77ms
step:236/500 train_loss:4.6188 train_time:62094ms step_avg:274.75ms
step:237/500 train_loss:4.8527 train_time:62368ms step_avg:274.75ms
step:238/500 train_loss:4.7372 train_time:62641ms step_avg:274.74ms
step:239/500 train_loss:4.6548 train_time:62911ms step_avg:274.72ms
step:240/500 train_loss:4.7934 train_time:63186ms step_avg:274.72ms
step:241/500 train_loss:4.7744 train_time:63460ms step_avg:274.72ms
step:242/500 train_loss:4.6842 train_time:63732ms step_avg:274.71ms
step:243/500 train_loss:4.8293 train_time:64007ms step_avg:274.71ms
step:244/500 train_loss:4.6730 train_time:64279ms step_avg:274.70ms
step:245/500 train_loss:4.6864 train_time:64551ms step_avg:274.69ms
step:246/500 train_loss:4.7504 train_time:64826ms step_avg:274.69ms
step:247/500 train_loss:4.7119 train_time:65102ms step_avg:274.69ms
step:248/500 train_loss:4.6684 train_time:65372ms step_avg:274.67ms
step:249/500 train_loss:4.8462 train_time:65647ms step_avg:274.67ms
step:250/500 train_loss:4.5728 train_time:65919ms step_avg:274.66ms
step:250/500 val_loss:4.6800 train_time:65920ms step_avg:274.67ms
step:251/500 train_loss:4.6159 train_time:66194ms step_avg:274.66ms w_mean:1.000 w_std:0.143 w_min:0.918 w_max:1.492
step:252/500 train_loss:4.7461 train_time:66471ms step_avg:274.67ms
step:253/500 train_loss:4.7347 train_time:66748ms step_avg:274.68ms
step:254/500 train_loss:4.6150 train_time:67018ms step_avg:274.67ms
step:255/500 train_loss:4.6274 train_time:67287ms step_avg:274.64ms
step:256/500 train_loss:4.7693 train_time:67562ms step_avg:274.64ms
step:257/500 train_loss:4.7102 train_time:67839ms step_avg:274.65ms
step:258/500 train_loss:4.6907 train_time:68109ms step_avg:274.63ms
step:259/500 train_loss:4.6169 train_time:68381ms step_avg:274.62ms
step:260/500 train_loss:4.6324 train_time:68655ms step_avg:274.62ms
step:261/500 train_loss:4.7028 train_time:68929ms step_avg:274.62ms
step:262/500 train_loss:4.7076 train_time:69203ms step_avg:274.61ms
step:263/500 train_loss:4.6142 train_time:69473ms step_avg:274.60ms
step:264/500 train_loss:4.5642 train_time:69746ms step_avg:274.59ms
step:265/500 train_loss:4.6121 train_time:70023ms step_avg:274.60ms
step:266/500 train_loss:4.4769 train_time:70297ms step_avg:274.60ms
step:267/500 train_loss:4.5279 train_time:70568ms step_avg:274.58ms
step:268/500 train_loss:4.5744 train_time:70844ms step_avg:274.59ms
step:269/500 train_loss:4.5310 train_time:71116ms step_avg:274.58ms
step:270/500 train_loss:4.5057 train_time:71388ms step_avg:274.57ms
step:271/500 train_loss:4.7156 train_time:71662ms step_avg:274.57ms
step:272/500 train_loss:4.6556 train_time:71935ms step_avg:274.56ms
step:273/500 train_loss:4.5129 train_time:72208ms step_avg:274.56ms
step:274/500 train_loss:4.5626 train_time:72480ms step_avg:274.55ms
step:275/500 train_loss:4.6765 train_time:72752ms step_avg:274.53ms
step:276/500 train_loss:4.6910 train_time:73026ms step_avg:274.53ms
step:277/500 train_loss:4.8943 train_time:73301ms step_avg:274.53ms
step:278/500 train_loss:4.6371 train_time:73583ms step_avg:274.57ms
step:279/500 train_loss:4.7682 train_time:73847ms step_avg:274.53ms
step:280/500 train_loss:4.6078 train_time:74121ms step_avg:274.52ms
step:281/500 train_loss:4.6883 train_time:74397ms step_avg:274.53ms
step:282/500 train_loss:4.5702 train_time:74668ms step_avg:274.51ms
step:283/500 train_loss:4.6955 train_time:74942ms step_avg:274.51ms
step:284/500 train_loss:4.5105 train_time:75215ms step_avg:274.51ms
step:285/500 train_loss:4.6754 train_time:75487ms step_avg:274.50ms
step:286/500 train_loss:4.6685 train_time:75762ms step_avg:274.50ms
step:287/500 train_loss:4.6965 train_time:76036ms step_avg:274.50ms
step:288/500 train_loss:4.5640 train_time:76309ms step_avg:274.49ms
step:289/500 train_loss:4.6268 train_time:76581ms step_avg:274.48ms
step:290/500 train_loss:4.4845 train_time:76852ms step_avg:274.47ms
step:291/500 train_loss:4.4807 train_time:77128ms step_avg:274.48ms
step:292/500 train_loss:4.6063 train_time:77403ms step_avg:274.48ms
step:293/500 train_loss:4.4984 train_time:77674ms step_avg:274.47ms
step:294/500 train_loss:4.5425 train_time:77946ms step_avg:274.46ms
step:295/500 train_loss:4.5687 train_time:78221ms step_avg:274.46ms
step:296/500 train_loss:4.4347 train_time:78497ms step_avg:274.46ms
step:297/500 train_loss:4.4293 train_time:78767ms step_avg:274.45ms
step:298/500 train_loss:4.4554 train_time:79042ms step_avg:274.45ms
step:299/500 train_loss:4.5611 train_time:79316ms step_avg:274.45ms
step:300/500 train_loss:4.4435 train_time:79587ms step_avg:274.44ms
step:301/500 train_loss:4.6261 train_time:79863ms step_avg:274.44ms w_mean:1.000 w_std:0.143 w_min:0.919 w_max:1.493
step:302/500 train_loss:4.5920 train_time:80137ms step_avg:274.44ms
step:303/500 train_loss:4.5206 train_time:80408ms step_avg:274.43ms
step:304/500 train_loss:4.5799 train_time:80680ms step_avg:274.42ms
step:305/500 train_loss:4.5672 train_time:80951ms step_avg:274.41ms
step:306/500 train_loss:5.0396 train_time:81225ms step_avg:274.41ms
step:307/500 train_loss:4.5243 train_time:81501ms step_avg:274.41ms
step:308/500 train_loss:4.4300 train_time:81772ms step_avg:274.40ms
step:309/500 train_loss:4.6116 train_time:82045ms step_avg:274.40ms
step:310/500 train_loss:4.4192 train_time:82319ms step_avg:274.40ms
step:311/500 train_loss:4.6455 train_time:82590ms step_avg:274.38ms
step:312/500 train_loss:4.5623 train_time:82862ms step_avg:274.38ms
step:313/500 train_loss:4.4737 train_time:83136ms step_avg:274.38ms
step:314/500 train_loss:4.5989 train_time:83408ms step_avg:274.37ms
step:315/500 train_loss:4.7338 train_time:83681ms step_avg:274.36ms
step:316/500 train_loss:4.5643 train_time:83952ms step_avg:274.35ms
step:317/500 train_loss:4.4545 train_time:84227ms step_avg:274.36ms
step:318/500 train_loss:4.4685 train_time:84504ms step_avg:274.36ms
step:319/500 train_loss:4.4852 train_time:84776ms step_avg:274.35ms
step:320/500 train_loss:4.4380 train_time:85046ms step_avg:274.34ms
step:321/500 train_loss:4.5230 train_time:85322ms step_avg:274.35ms
step:322/500 train_loss:4.5375 train_time:85598ms step_avg:274.35ms
step:323/500 train_loss:4.5032 train_time:85868ms step_avg:274.34ms
step:324/500 train_loss:4.5720 train_time:86144ms step_avg:274.34ms
step:325/500 train_loss:4.5728 train_time:86418ms step_avg:274.34ms
step:326/500 train_loss:4.6277 train_time:86689ms step_avg:274.33ms
step:327/500 train_loss:4.4836 train_time:86963ms step_avg:274.33ms
step:328/500 train_loss:4.9263 train_time:87237ms step_avg:274.33ms
step:329/500 train_loss:4.6408 train_time:87509ms step_avg:274.32ms
step:330/500 train_loss:4.4354 train_time:87782ms step_avg:274.32ms
step:331/500 train_loss:4.3968 train_time:88055ms step_avg:274.31ms
step:332/500 train_loss:4.5476 train_time:88331ms step_avg:274.32ms
step:333/500 train_loss:4.4664 train_time:88604ms step_avg:274.32ms
step:334/500 train_loss:4.4540 train_time:88875ms step_avg:274.30ms
step:335/500 train_loss:4.4164 train_time:89146ms step_avg:274.30ms
step:336/500 train_loss:4.6074 train_time:89425ms step_avg:274.31ms
step:337/500 train_loss:4.5441 train_time:89699ms step_avg:274.31ms
step:338/500 train_loss:5.0809 train_time:89968ms step_avg:274.29ms
step:339/500 train_loss:4.5142 train_time:90242ms step_avg:274.29ms
step:340/500 train_loss:4.4821 train_time:90519ms step_avg:274.30ms
step:341/500 train_loss:4.4719 train_time:90790ms step_avg:274.29ms
step:342/500 train_loss:4.4103 train_time:91063ms step_avg:274.29ms
step:343/500 train_loss:4.3861 train_time:91336ms step_avg:274.28ms
step:344/500 train_loss:4.4507 train_time:91609ms step_avg:274.28ms
step:345/500 train_loss:4.5385 train_time:91880ms step_avg:274.27ms
step:346/500 train_loss:4.4340 train_time:92151ms step_avg:274.26ms
step:347/500 train_loss:4.3789 train_time:92425ms step_avg:274.26ms
step:348/500 train_loss:4.4398 train_time:92699ms step_avg:274.26ms
step:349/500 train_loss:4.4329 train_time:92970ms step_avg:274.25ms
step:350/500 train_loss:4.3593 train_time:93243ms step_avg:274.24ms
step:351/500 train_loss:4.0451 train_time:93516ms step_avg:274.24ms w_mean:1.000 w_std:0.156 w_min:0.914 w_max:1.485
step:352/500 train_loss:4.3387 train_time:93788ms step_avg:274.23ms
step:353/500 train_loss:4.6758 train_time:94063ms step_avg:274.24ms
step:354/500 train_loss:4.2218 train_time:94337ms step_avg:274.24ms
step:355/500 train_loss:4.4649 train_time:94609ms step_avg:274.23ms
step:356/500 train_loss:4.3791 train_time:94880ms step_avg:274.22ms
step:357/500 train_loss:4.4654 train_time:95151ms step_avg:274.21ms
step:358/500 train_loss:4.4892 train_time:95425ms step_avg:274.21ms
step:359/500 train_loss:4.3841 train_time:95702ms step_avg:274.22ms
step:360/500 train_loss:4.7032 train_time:95973ms step_avg:274.21ms
step:361/500 train_loss:4.1242 train_time:96246ms step_avg:274.21ms
step:362/500 train_loss:4.5986 train_time:96520ms step_avg:274.20ms
step:363/500 train_loss:4.4928 train_time:96794ms step_avg:274.20ms
step:364/500 train_loss:4.3795 train_time:97065ms step_avg:274.19ms
step:365/500 train_loss:4.3129 train_time:97341ms step_avg:274.20ms
step:366/500 train_loss:4.4702 train_time:97615ms step_avg:274.20ms
step:367/500 train_loss:4.3986 train_time:97886ms step_avg:274.19ms
step:368/500 train_loss:4.3888 train_time:98160ms step_avg:274.19ms
step:369/500 train_loss:4.3945 train_time:98431ms step_avg:274.18ms
step:370/500 train_loss:4.2885 train_time:98705ms step_avg:274.18ms
step:371/500 train_loss:4.4286 train_time:98976ms step_avg:274.17ms
step:372/500 train_loss:4.3742 train_time:99248ms step_avg:274.17ms
step:373/500 train_loss:4.2518 train_time:99524ms step_avg:274.17ms
step:374/500 train_loss:4.4382 train_time:99798ms step_avg:274.17ms
step:375/500 train_loss:4.3692 train_time:100068ms step_avg:274.16ms
step:375/500 val_loss:4.3865 train_time:100070ms step_avg:274.16ms
step:376/500 train_loss:4.3711 train_time:100345ms step_avg:274.17ms
step:377/500 train_loss:4.4292 train_time:100623ms step_avg:274.18ms
step:378/500 train_loss:4.3181 train_time:101151ms step_avg:274.87ms
step:379/500 train_loss:4.3703 train_time:101420ms step_avg:274.85ms
step:380/500 train_loss:4.4444 train_time:101956ms step_avg:275.56ms
step:381/500 train_loss:4.4748 train_time:102224ms step_avg:275.54ms
step:382/500 train_loss:4.4226 train_time:102492ms step_avg:275.52ms
step:383/500 train_loss:4.4001 train_time:102761ms step_avg:275.50ms
step:384/500 train_loss:4.3068 train_time:103042ms step_avg:275.51ms
step:385/500 train_loss:4.4073 train_time:103315ms step_avg:275.51ms
step:386/500 train_loss:4.3182 train_time:103585ms step_avg:275.49ms
step:387/500 train_loss:4.4472 train_time:103855ms step_avg:275.48ms
step:388/500 train_loss:4.6491 train_time:104133ms step_avg:275.48ms
step:389/500 train_loss:4.3425 train_time:104406ms step_avg:275.48ms
step:390/500 train_loss:4.2965 train_time:104676ms step_avg:275.46ms
step:391/500 train_loss:4.4258 train_time:104947ms step_avg:275.45ms
step:392/500 train_loss:4.3487 train_time:105220ms step_avg:275.44ms
step:393/500 train_loss:4.4544 train_time:105494ms step_avg:275.44ms
step:394/500 train_loss:4.2769 train_time:105764ms step_avg:275.43ms
step:395/500 train_loss:4.4075 train_time:106036ms step_avg:275.42ms
step:396/500 train_loss:4.2067 train_time:106310ms step_avg:275.42ms
step:397/500 train_loss:4.3586 train_time:106582ms step_avg:275.40ms
step:398/500 train_loss:4.4536 train_time:106853ms step_avg:275.39ms
step:399/500 train_loss:4.4043 train_time:107124ms step_avg:275.38ms
step:400/500 train_loss:4.3263 train_time:107397ms step_avg:275.38ms
step:401/500 train_loss:4.3906 train_time:107670ms step_avg:275.37ms w_mean:1.000 w_std:0.150 w_min:0.914 w_max:1.486
step:402/500 train_loss:4.4231 train_time:107939ms step_avg:275.36ms
step:403/500 train_loss:4.3960 train_time:108214ms step_avg:275.35ms
step:404/500 train_loss:4.4855 train_time:108488ms step_avg:275.35ms
step:405/500 train_loss:4.2703 train_time:108758ms step_avg:275.34ms
step:406/500 train_loss:4.3140 train_time:109033ms step_avg:275.34ms
step:407/500 train_loss:4.5881 train_time:109306ms step_avg:275.33ms
step:408/500 train_loss:4.3564 train_time:109578ms step_avg:275.32ms
step:409/500 train_loss:4.3449 train_time:109852ms step_avg:275.32ms
step:410/500 train_loss:4.3958 train_time:110126ms step_avg:275.32ms
step:411/500 train_loss:4.2859 train_time:110398ms step_avg:275.31ms
step:412/500 train_loss:4.2989 train_time:110669ms step_avg:275.30ms
step:413/500 train_loss:4.7188 train_time:110939ms step_avg:275.28ms
step:414/500 train_loss:4.1714 train_time:111215ms step_avg:275.28ms
step:415/500 train_loss:4.5266 train_time:111491ms step_avg:275.29ms
step:416/500 train_loss:4.3057 train_time:111763ms step_avg:275.28ms
step:417/500 train_loss:4.2972 train_time:112037ms step_avg:275.28ms
step:418/500 train_loss:4.4806 train_time:112310ms step_avg:275.27ms
step:419/500 train_loss:4.2158 train_time:112580ms step_avg:275.26ms
step:420/500 train_loss:4.3163 train_time:112854ms step_avg:275.25ms
step:421/500 train_loss:4.2911 train_time:113127ms step_avg:275.25ms
step:422/500 train_loss:4.1828 train_time:113399ms step_avg:275.24ms
step:423/500 train_loss:4.2858 train_time:113671ms step_avg:275.23ms
step:424/500 train_loss:4.3951 train_time:113941ms step_avg:275.22ms
step:425/500 train_loss:4.2023 train_time:114216ms step_avg:275.22ms
step:426/500 train_loss:4.3681 train_time:114491ms step_avg:275.22ms
step:427/500 train_loss:4.2461 train_time:114762ms step_avg:275.21ms
step:428/500 train_loss:4.4202 train_time:115037ms step_avg:275.21ms
step:429/500 train_loss:4.3721 train_time:115310ms step_avg:275.20ms
step:430/500 train_loss:4.2805 train_time:115579ms step_avg:275.19ms
step:431/500 train_loss:4.2611 train_time:115853ms step_avg:275.19ms
step:432/500 train_loss:4.2113 train_time:116127ms step_avg:275.18ms
step:433/500 train_loss:4.2961 train_time:116402ms step_avg:275.18ms
step:434/500 train_loss:4.3699 train_time:116675ms step_avg:275.18ms
step:435/500 train_loss:4.3027 train_time:116947ms step_avg:275.17ms
step:436/500 train_loss:4.3452 train_time:117220ms step_avg:275.16ms
step:437/500 train_loss:4.3570 train_time:117495ms step_avg:275.16ms
step:438/500 train_loss:4.2470 train_time:117767ms step_avg:275.16ms
step:439/500 train_loss:4.2604 train_time:118039ms step_avg:275.15ms
step:440/500 train_loss:4.2195 train_time:118314ms step_avg:275.15ms
step:441/500 train_loss:4.4129 train_time:118588ms step_avg:275.15ms
step:442/500 train_loss:4.3176 train_time:118859ms step_avg:275.14ms
step:443/500 train_loss:4.2932 train_time:119133ms step_avg:275.13ms
step:444/500 train_loss:4.1885 train_time:119407ms step_avg:275.13ms
step:445/500 train_loss:4.4312 train_time:119678ms step_avg:275.12ms
step:446/500 train_loss:4.3625 train_time:119953ms step_avg:275.12ms
step:447/500 train_loss:4.3582 train_time:120228ms step_avg:275.12ms
step:448/500 train_loss:4.2901 train_time:120500ms step_avg:275.11ms
step:449/500 train_loss:4.3635 train_time:120772ms step_avg:275.11ms
step:450/500 train_loss:4.2001 train_time:121043ms step_avg:275.10ms
step:451/500 train_loss:4.2476 train_time:121320ms step_avg:275.10ms w_mean:1.000 w_std:0.152 w_min:0.913 w_max:1.484
step:452/500 train_loss:4.1326 train_time:121595ms step_avg:275.10ms
step:453/500 train_loss:4.2284 train_time:121866ms step_avg:275.09ms
step:454/500 train_loss:4.2098 train_time:122136ms step_avg:275.08ms
step:455/500 train_loss:4.1880 train_time:122414ms step_avg:275.09ms
step:456/500 train_loss:4.3884 train_time:122688ms step_avg:275.09ms
step:457/500 train_loss:4.2435 train_time:122958ms step_avg:275.07ms
step:458/500 train_loss:4.3352 train_time:123232ms step_avg:275.07ms
step:459/500 train_loss:4.3702 train_time:123506ms step_avg:275.07ms
step:460/500 train_loss:4.1702 train_time:123778ms step_avg:275.06ms
step:461/500 train_loss:4.3411 train_time:124054ms step_avg:275.06ms
step:462/500 train_loss:4.2446 train_time:124326ms step_avg:275.06ms
step:463/500 train_loss:4.2257 train_time:124601ms step_avg:275.06ms
step:464/500 train_loss:4.3182 train_time:124873ms step_avg:275.05ms
step:465/500 train_loss:4.2488 train_time:125147ms step_avg:275.05ms
step:466/500 train_loss:4.2531 train_time:125421ms step_avg:275.05ms
step:467/500 train_loss:4.3767 train_time:125695ms step_avg:275.04ms
step:468/500 train_loss:4.3798 train_time:125966ms step_avg:275.03ms
step:469/500 train_loss:4.3435 train_time:126236ms step_avg:275.02ms
step:470/500 train_loss:4.2535 train_time:126513ms step_avg:275.03ms
step:471/500 train_loss:4.3448 train_time:126787ms step_avg:275.03ms
step:472/500 train_loss:4.3906 train_time:127058ms step_avg:275.02ms
step:473/500 train_loss:4.2907 train_time:127332ms step_avg:275.01ms
step:474/500 train_loss:4.2652 train_time:127607ms step_avg:275.01ms
step:475/500 train_loss:4.1422 train_time:127878ms step_avg:275.01ms
step:476/500 train_loss:4.5683 train_time:128153ms step_avg:275.01ms
step:477/500 train_loss:4.3187 train_time:128431ms step_avg:275.01ms
step:478/500 train_loss:4.1326 train_time:128702ms step_avg:275.00ms
step:479/500 train_loss:4.3298 train_time:128975ms step_avg:275.00ms
step:480/500 train_loss:4.3105 train_time:129249ms step_avg:275.00ms
step:481/500 train_loss:4.4330 train_time:129521ms step_avg:274.99ms
step:482/500 train_loss:4.2670 train_time:129795ms step_avg:274.99ms
step:483/500 train_loss:4.0833 train_time:130066ms step_avg:274.98ms
step:484/500 train_loss:4.3584 train_time:130337ms step_avg:274.97ms
step:485/500 train_loss:4.2089 train_time:130613ms step_avg:274.98ms
step:486/500 train_loss:4.2333 train_time:130889ms step_avg:274.98ms
step:487/500 train_loss:4.1847 train_time:131159ms step_avg:274.97ms
step:488/500 train_loss:4.2014 train_time:131434ms step_avg:274.97ms
step:489/500 train_loss:4.4151 train_time:131707ms step_avg:274.96ms
step:490/500 train_loss:4.2713 train_time:131978ms step_avg:274.95ms
step:491/500 train_loss:4.1709 train_time:132254ms step_avg:274.96ms
step:492/500 train_loss:4.1757 train_time:132528ms step_avg:274.95ms
step:493/500 train_loss:4.2888 train_time:132800ms step_avg:274.95ms
step:494/500 train_loss:4.1326 train_time:133071ms step_avg:274.94ms
step:495/500 train_loss:4.2836 train_time:133342ms step_avg:274.93ms
step:496/500 train_loss:4.2013 train_time:133617ms step_avg:274.93ms
step:497/500 train_loss:4.1496 train_time:133891ms step_avg:274.93ms
step:498/500 train_loss:4.2806 train_time:134163ms step_avg:274.92ms
step:499/500 train_loss:4.3751 train_time:134436ms step_avg:274.92ms
step:500/500 train_loss:4.4219 train_time:134711ms step_avg:274.92ms
step:500/500 val_loss:4.2740 train_time:134712ms step_avg:274.92ms
peak memory consumption: 30603 MiB
