Command: torchrun --nproc_per_node=8 train_tw.py --seed=456 --num_iterations=500 --val_loss_every=125 --tw_enabled --tw_function=log --tw_clamp_min=0.8 --tw_clamp_max=1.3 --tw_schedule=constant --tw_warmup_steps=1000 --tw_anneal_final=0.3 --tw_cyclical_period=500 --tw_focal_gamma=2.0 --tw_log_every=50 --tw_log_weights
Started: 2025-12-09T21:40:28.365880
============================================================

W1209 21:40:29.501000 68498 torch/distributed/run.py:774] 
W1209 21:40:29.501000 68498 torch/distributed/run.py:774] *****************************************
W1209 21:40:29.501000 68498 torch/distributed/run.py:774] Setting OMP_NUM_THREADS environment variable for each process to be 1 in default, to avoid your system being overloaded, please further tune the variable for optimal performance in your application as needed. 
W1209 21:40:29.501000 68498 torch/distributed/run.py:774] *****************************************
/root/ese-3060-project/tw_nano_experiments/train_tw.py:218: SyntaxWarning: invalid escape sequence '\s'
  """
/root/ese-3060-project/tw_nano_experiments/train_tw.py:218: SyntaxWarning: invalid escape sequence '\s'
  """
/root/ese-3060-project/tw_nano_experiments/train_tw.py/root/ese-3060-project/tw_nano_experiments/train_tw.py:218: SyntaxWarning: invalid escape sequence '\s'
:218: SyntaxWarning: invalid escape sequence '\s'
    """
"""
/root/ese-3060-project/tw_nano_experiments/train_tw.py:218: SyntaxWarning: invalid escape sequence '\s'
  """
/root/ese-3060-project/tw_nano_experiments/train_tw.py:218: SyntaxWarning: invalid escape sequence '\s'
  """
/root/ese-3060-project/tw_nano_experiments/train_tw.py:218: SyntaxWarning: invalid escape sequence '\s'
  """
/root/ese-3060-project/tw_nano_experiments/train_tw.py:218: SyntaxWarning: invalid escape sequence '\s'
  """
using device: cuda:0
Random seed set to 456 (deterministic=False)
Training DataLoader: total number of tokens: 900000000 across 9 files
Validation DataLoader: total number of tokens: 100000000 across 1 files
using device: cuda:1
using device: cuda:3
using device: cuda:2
using device: cuda:7
using device: cuda:5
using device: cuda:4
using device: cuda:6
Token Weighting: ENABLED
  function=log, clamp=[0.8, 1.3], schedule=constant
step:0/500 val_loss:16.0011 train_time:264ms step_avg:nanms
step:1/500 train_loss:15.9963 train_time:60524ms step_avg:nanms w_mean:1.000 w_std:0.000 w_min:1.000 w_max:1.000
step:2/500 train_loss:9.3784 train_time:61108ms step_avg:nanms
step:3/500 train_loss:8.9730 train_time:61390ms step_avg:nanms
step:4/500 train_loss:8.6926 train_time:61672ms step_avg:nanms
step:5/500 train_loss:8.2171 train_time:61955ms step_avg:nanms
step:6/500 train_loss:7.7159 train_time:62237ms step_avg:nanms
step:7/500 train_loss:7.3418 train_time:62521ms step_avg:nanms
step:8/500 train_loss:7.5474 train_time:62803ms step_avg:nanms
step:9/500 train_loss:7.3343 train_time:63086ms step_avg:nanms
step:10/500 train_loss:7.0993 train_time:63367ms step_avg:nanms
step:11/500 train_loss:7.0796 train_time:282ms step_avg:nanms
step:12/500 train_loss:7.0157 train_time:564ms step_avg:nanms
step:13/500 train_loss:6.8342 train_time:846ms step_avg:282.04ms
step:14/500 train_loss:6.8161 train_time:1129ms step_avg:282.35ms
step:15/500 train_loss:6.8031 train_time:1415ms step_avg:282.99ms
step:16/500 train_loss:6.7201 train_time:1697ms step_avg:282.79ms
step:17/500 train_loss:6.7284 train_time:1981ms step_avg:283.00ms
step:18/500 train_loss:6.7461 train_time:2264ms step_avg:282.95ms
step:19/500 train_loss:6.5814 train_time:2545ms step_avg:282.77ms
step:20/500 train_loss:6.5892 train_time:2829ms step_avg:282.89ms
step:21/500 train_loss:6.2502 train_time:3113ms step_avg:283.03ms
step:22/500 train_loss:6.6500 train_time:3397ms step_avg:283.05ms
step:23/500 train_loss:6.8799 train_time:3682ms step_avg:283.22ms
step:24/500 train_loss:6.5254 train_time:3965ms step_avg:283.23ms
step:25/500 train_loss:6.6315 train_time:4248ms step_avg:283.22ms
step:26/500 train_loss:6.3646 train_time:4533ms step_avg:283.29ms
step:27/500 train_loss:6.2774 train_time:4815ms step_avg:283.24ms
step:28/500 train_loss:6.4557 train_time:5099ms step_avg:283.29ms
step:29/500 train_loss:6.1073 train_time:5383ms step_avg:283.29ms
step:30/500 train_loss:6.3911 train_time:5665ms step_avg:283.25ms
step:31/500 train_loss:6.2340 train_time:5948ms step_avg:283.25ms
step:32/500 train_loss:6.1960 train_time:6233ms step_avg:283.31ms
step:33/500 train_loss:6.0118 train_time:6520ms step_avg:283.48ms
step:34/500 train_loss:6.3457 train_time:6803ms step_avg:283.44ms
step:35/500 train_loss:6.2569 train_time:7086ms step_avg:283.42ms
step:36/500 train_loss:6.4228 train_time:7369ms step_avg:283.41ms
step:37/500 train_loss:6.3434 train_time:7656ms step_avg:283.54ms
step:38/500 train_loss:6.2266 train_time:7939ms step_avg:283.54ms
step:39/500 train_loss:6.1229 train_time:8223ms step_avg:283.57ms
step:40/500 train_loss:6.1770 train_time:8506ms step_avg:283.54ms
step:41/500 train_loss:6.0823 train_time:8790ms step_avg:283.55ms
step:42/500 train_loss:6.1161 train_time:9078ms step_avg:283.68ms
step:43/500 train_loss:5.9954 train_time:9361ms step_avg:283.67ms
step:44/500 train_loss:6.0729 train_time:9645ms step_avg:283.68ms
step:45/500 train_loss:6.0588 train_time:9929ms step_avg:283.70ms
step:46/500 train_loss:6.2394 train_time:10214ms step_avg:283.72ms
step:47/500 train_loss:6.0493 train_time:10499ms step_avg:283.74ms
step:48/500 train_loss:5.8867 train_time:10783ms step_avg:283.78ms
step:49/500 train_loss:6.1343 train_time:11066ms step_avg:283.75ms
step:50/500 train_loss:6.0007 train_time:11351ms step_avg:283.78ms
step:51/500 train_loss:6.1545 train_time:11636ms step_avg:283.80ms w_mean:1.000 w_std:0.104 w_min:0.941 w_max:1.528
step:52/500 train_loss:6.0154 train_time:11922ms step_avg:283.86ms
step:53/500 train_loss:5.8712 train_time:12208ms step_avg:283.90ms
step:54/500 train_loss:5.9906 train_time:12493ms step_avg:283.92ms
step:55/500 train_loss:5.9196 train_time:12780ms step_avg:284.00ms
step:56/500 train_loss:6.2143 train_time:13064ms step_avg:284.01ms
step:57/500 train_loss:5.9126 train_time:13348ms step_avg:284.00ms
step:58/500 train_loss:5.7920 train_time:13632ms step_avg:283.99ms
step:59/500 train_loss:5.9493 train_time:13920ms step_avg:284.09ms
step:60/500 train_loss:5.8860 train_time:14205ms step_avg:284.10ms
step:61/500 train_loss:5.9804 train_time:14490ms step_avg:284.11ms
step:62/500 train_loss:5.7823 train_time:14776ms step_avg:284.15ms
step:63/500 train_loss:5.8762 train_time:15062ms step_avg:284.19ms
step:64/500 train_loss:5.8496 train_time:15347ms step_avg:284.20ms
step:65/500 train_loss:5.8206 train_time:15631ms step_avg:284.21ms
step:66/500 train_loss:5.6822 train_time:15919ms step_avg:284.27ms
step:67/500 train_loss:5.8450 train_time:16204ms step_avg:284.28ms
step:68/500 train_loss:5.7067 train_time:16488ms step_avg:284.28ms
step:69/500 train_loss:5.9563 train_time:16774ms step_avg:284.31ms
step:70/500 train_loss:5.6229 train_time:17062ms step_avg:284.37ms
step:71/500 train_loss:5.6447 train_time:17346ms step_avg:284.37ms
step:72/500 train_loss:5.8500 train_time:17632ms step_avg:284.38ms
step:73/500 train_loss:5.7973 train_time:17919ms step_avg:284.43ms
step:74/500 train_loss:5.6850 train_time:18204ms step_avg:284.44ms
step:75/500 train_loss:5.8043 train_time:18489ms step_avg:284.44ms
step:76/500 train_loss:5.7515 train_time:18775ms step_avg:284.48ms
step:77/500 train_loss:5.7259 train_time:19062ms step_avg:284.51ms
step:78/500 train_loss:5.8012 train_time:19345ms step_avg:284.49ms
step:79/500 train_loss:5.8276 train_time:19630ms step_avg:284.50ms
step:80/500 train_loss:5.6940 train_time:19918ms step_avg:284.55ms
step:81/500 train_loss:5.7820 train_time:20205ms step_avg:284.57ms
step:82/500 train_loss:5.5546 train_time:20489ms step_avg:284.57ms
step:83/500 train_loss:5.7187 train_time:20777ms step_avg:284.61ms
step:84/500 train_loss:5.6835 train_time:21064ms step_avg:284.64ms
step:85/500 train_loss:5.6436 train_time:21347ms step_avg:284.63ms
step:86/500 train_loss:5.5151 train_time:21633ms step_avg:284.65ms
step:87/500 train_loss:5.7223 train_time:21922ms step_avg:284.70ms
step:88/500 train_loss:5.6271 train_time:22207ms step_avg:284.70ms
step:89/500 train_loss:5.6872 train_time:22493ms step_avg:284.72ms
step:90/500 train_loss:5.6611 train_time:22783ms step_avg:284.79ms
step:91/500 train_loss:5.5863 train_time:23067ms step_avg:284.77ms
step:92/500 train_loss:5.5721 train_time:23353ms step_avg:284.80ms
step:93/500 train_loss:5.6895 train_time:23640ms step_avg:284.81ms
step:94/500 train_loss:5.5308 train_time:23925ms step_avg:284.83ms
step:95/500 train_loss:5.5271 train_time:24210ms step_avg:284.82ms
step:96/500 train_loss:5.5385 train_time:24496ms step_avg:284.83ms
step:97/500 train_loss:5.4623 train_time:24783ms step_avg:284.86ms
step:98/500 train_loss:5.5296 train_time:25068ms step_avg:284.86ms
step:99/500 train_loss:5.4556 train_time:25355ms step_avg:284.88ms
step:100/500 train_loss:5.5744 train_time:25641ms step_avg:284.90ms
step:101/500 train_loss:5.5421 train_time:25927ms step_avg:284.91ms w_mean:1.000 w_std:0.118 w_min:0.932 w_max:1.515
step:102/500 train_loss:5.4402 train_time:26213ms step_avg:284.93ms
step:103/500 train_loss:5.5475 train_time:26500ms step_avg:284.94ms
step:104/500 train_loss:5.5057 train_time:26785ms step_avg:284.95ms
step:105/500 train_loss:5.3432 train_time:27069ms step_avg:284.94ms
step:106/500 train_loss:5.4484 train_time:27356ms step_avg:284.96ms
step:107/500 train_loss:5.6467 train_time:27643ms step_avg:284.98ms
step:108/500 train_loss:5.4383 train_time:27927ms step_avg:284.97ms
step:109/500 train_loss:5.2050 train_time:28215ms step_avg:285.00ms
step:110/500 train_loss:5.4045 train_time:28502ms step_avg:285.02ms
step:111/500 train_loss:5.3756 train_time:28786ms step_avg:285.01ms
step:112/500 train_loss:5.3421 train_time:29071ms step_avg:285.01ms
step:113/500 train_loss:5.4582 train_time:29359ms step_avg:285.04ms
step:114/500 train_loss:5.3744 train_time:29644ms step_avg:285.04ms
step:115/500 train_loss:5.2424 train_time:29929ms step_avg:285.04ms
step:116/500 train_loss:5.3988 train_time:30216ms step_avg:285.06ms
step:117/500 train_loss:5.2753 train_time:30502ms step_avg:285.07ms
step:118/500 train_loss:5.2538 train_time:30787ms step_avg:285.07ms
step:119/500 train_loss:5.3747 train_time:31072ms step_avg:285.06ms
step:120/500 train_loss:5.3583 train_time:31360ms step_avg:285.09ms
step:121/500 train_loss:5.2970 train_time:31644ms step_avg:285.08ms
step:122/500 train_loss:5.1850 train_time:31929ms step_avg:285.08ms
step:123/500 train_loss:5.2837 train_time:32219ms step_avg:285.12ms
step:124/500 train_loss:5.1449 train_time:32503ms step_avg:285.11ms
step:125/500 train_loss:5.4450 train_time:32787ms step_avg:285.11ms
step:125/500 val_loss:5.2738 train_time:32788ms step_avg:285.12ms
step:126/500 train_loss:5.3029 train_time:33065ms step_avg:285.04ms
step:127/500 train_loss:5.2787 train_time:33354ms step_avg:285.08ms
step:128/500 train_loss:5.3342 train_time:33643ms step_avg:285.11ms
step:129/500 train_loss:5.1966 train_time:33930ms step_avg:285.12ms
step:130/500 train_loss:5.4631 train_time:34214ms step_avg:285.12ms
step:131/500 train_loss:5.2544 train_time:34502ms step_avg:285.14ms
step:132/500 train_loss:5.2596 train_time:34790ms step_avg:285.16ms
step:133/500 train_loss:5.1916 train_time:35076ms step_avg:285.17ms
step:134/500 train_loss:5.2440 train_time:35363ms step_avg:285.18ms
step:135/500 train_loss:5.1691 train_time:35649ms step_avg:285.19ms
step:136/500 train_loss:5.2376 train_time:35934ms step_avg:285.19ms
step:137/500 train_loss:5.0355 train_time:36220ms step_avg:285.20ms
step:138/500 train_loss:5.2024 train_time:36509ms step_avg:285.22ms
step:139/500 train_loss:5.1608 train_time:36793ms step_avg:285.22ms
step:140/500 train_loss:5.1668 train_time:37079ms step_avg:285.22ms
step:141/500 train_loss:5.2191 train_time:37369ms step_avg:285.26ms
step:142/500 train_loss:5.1184 train_time:37653ms step_avg:285.25ms
step:143/500 train_loss:5.1986 train_time:37939ms step_avg:285.25ms
step:144/500 train_loss:5.0171 train_time:38228ms step_avg:285.28ms
step:145/500 train_loss:5.1719 train_time:38513ms step_avg:285.28ms
step:146/500 train_loss:5.1086 train_time:38799ms step_avg:285.28ms
step:147/500 train_loss:5.0230 train_time:39088ms step_avg:285.31ms
step:148/500 train_loss:5.1411 train_time:39373ms step_avg:285.31ms
step:149/500 train_loss:5.1132 train_time:39659ms step_avg:285.31ms
step:150/500 train_loss:5.1698 train_time:39945ms step_avg:285.32ms
step:151/500 train_loss:5.1806 train_time:40231ms step_avg:285.33ms w_mean:1.000 w_std:0.129 w_min:0.926 w_max:1.504
step:152/500 train_loss:5.1091 train_time:40515ms step_avg:285.32ms
step:153/500 train_loss:5.0801 train_time:40805ms step_avg:285.35ms
step:154/500 train_loss:5.1620 train_time:41103ms step_avg:285.44ms
step:155/500 train_loss:5.0961 train_time:41375ms step_avg:285.34ms
step:156/500 train_loss:5.0791 train_time:41662ms step_avg:285.35ms
step:157/500 train_loss:5.0888 train_time:41948ms step_avg:285.36ms
step:158/500 train_loss:5.2150 train_time:42235ms step_avg:285.37ms
step:159/500 train_loss:5.0052 train_time:42523ms step_avg:285.39ms
step:160/500 train_loss:5.0610 train_time:42809ms step_avg:285.40ms
step:161/500 train_loss:4.9183 train_time:43093ms step_avg:285.38ms
step:162/500 train_loss:5.0701 train_time:43379ms step_avg:285.39ms
step:163/500 train_loss:5.1004 train_time:43667ms step_avg:285.40ms
step:164/500 train_loss:5.0937 train_time:43951ms step_avg:285.40ms
step:165/500 train_loss:4.9282 train_time:44237ms step_avg:285.40ms
step:166/500 train_loss:5.0314 train_time:44526ms step_avg:285.42ms
step:167/500 train_loss:5.1843 train_time:44811ms step_avg:285.42ms
step:168/500 train_loss:4.9694 train_time:45097ms step_avg:285.43ms
step:169/500 train_loss:5.0411 train_time:45386ms step_avg:285.44ms
step:170/500 train_loss:4.9186 train_time:45671ms step_avg:285.45ms
step:171/500 train_loss:4.8570 train_time:45957ms step_avg:285.44ms
step:172/500 train_loss:4.9674 train_time:46243ms step_avg:285.45ms
step:173/500 train_loss:4.9387 train_time:46531ms step_avg:285.47ms
step:174/500 train_loss:5.0013 train_time:46815ms step_avg:285.46ms
step:175/500 train_loss:5.1292 train_time:47103ms step_avg:285.47ms
step:176/500 train_loss:5.0245 train_time:47389ms step_avg:285.47ms
step:177/500 train_loss:4.8540 train_time:47674ms step_avg:285.47ms
step:178/500 train_loss:4.8422 train_time:47960ms step_avg:285.48ms
step:179/500 train_loss:4.8750 train_time:48246ms step_avg:285.48ms
step:180/500 train_loss:4.9246 train_time:48533ms step_avg:285.49ms
step:181/500 train_loss:4.9078 train_time:48818ms step_avg:285.49ms
step:182/500 train_loss:5.0191 train_time:49106ms step_avg:285.50ms
step:183/500 train_loss:4.9108 train_time:49392ms step_avg:285.50ms
step:184/500 train_loss:4.8448 train_time:49678ms step_avg:285.51ms
step:185/500 train_loss:4.8685 train_time:49968ms step_avg:285.53ms
step:186/500 train_loss:4.9949 train_time:50252ms step_avg:285.52ms
step:187/500 train_loss:4.8729 train_time:50538ms step_avg:285.53ms
step:188/500 train_loss:5.1189 train_time:50827ms step_avg:285.54ms
step:189/500 train_loss:4.9141 train_time:51426ms step_avg:287.29ms
step:190/500 train_loss:4.8291 train_time:52023ms step_avg:289.01ms
step:191/500 train_loss:4.9872 train_time:52309ms step_avg:289.00ms
step:192/500 train_loss:4.8291 train_time:52593ms step_avg:288.97ms
step:193/500 train_loss:4.7482 train_time:52876ms step_avg:288.94ms
step:194/500 train_loss:4.9487 train_time:53163ms step_avg:288.93ms
step:195/500 train_loss:4.8881 train_time:53449ms step_avg:288.91ms
step:196/500 train_loss:5.0696 train_time:53733ms step_avg:288.89ms
step:197/500 train_loss:4.9618 train_time:54018ms step_avg:288.87ms
step:198/500 train_loss:4.8086 train_time:54305ms step_avg:288.85ms
step:199/500 train_loss:4.8435 train_time:54591ms step_avg:288.84ms
step:200/500 train_loss:4.7426 train_time:54877ms step_avg:288.82ms
step:201/500 train_loss:4.8228 train_time:55163ms step_avg:288.81ms w_mean:1.000 w_std:0.139 w_min:0.921 w_max:1.496
step:202/500 train_loss:4.7496 train_time:55449ms step_avg:288.80ms
step:203/500 train_loss:4.9623 train_time:55734ms step_avg:288.78ms
step:204/500 train_loss:4.8763 train_time:56021ms step_avg:288.77ms
step:205/500 train_loss:4.8377 train_time:56306ms step_avg:288.75ms
step:206/500 train_loss:4.9990 train_time:56592ms step_avg:288.73ms
step:207/500 train_loss:4.6740 train_time:56876ms step_avg:288.71ms
step:208/500 train_loss:4.8219 train_time:57164ms step_avg:288.71ms
step:209/500 train_loss:4.7762 train_time:57449ms step_avg:288.69ms
step:210/500 train_loss:4.9348 train_time:57734ms step_avg:288.67ms
step:211/500 train_loss:4.8587 train_time:58020ms step_avg:288.66ms
step:212/500 train_loss:4.7446 train_time:58307ms step_avg:288.65ms
step:213/500 train_loss:4.8808 train_time:58591ms step_avg:288.63ms
step:214/500 train_loss:4.7210 train_time:58876ms step_avg:288.61ms
step:215/500 train_loss:4.8143 train_time:59163ms step_avg:288.60ms
step:216/500 train_loss:4.6720 train_time:59449ms step_avg:288.59ms
step:217/500 train_loss:4.7904 train_time:59733ms step_avg:288.57ms
step:218/500 train_loss:4.7742 train_time:60020ms step_avg:288.56ms
step:219/500 train_loss:4.7460 train_time:60308ms step_avg:288.55ms
step:220/500 train_loss:4.7574 train_time:60592ms step_avg:288.54ms
step:221/500 train_loss:4.7866 train_time:60877ms step_avg:288.52ms
step:222/500 train_loss:4.8170 train_time:61165ms step_avg:288.52ms
step:223/500 train_loss:4.7620 train_time:61453ms step_avg:288.51ms
step:224/500 train_loss:4.7636 train_time:61736ms step_avg:288.49ms
step:225/500 train_loss:4.8911 train_time:62025ms step_avg:288.49ms
step:226/500 train_loss:4.6271 train_time:62311ms step_avg:288.48ms
step:227/500 train_loss:4.6655 train_time:62595ms step_avg:288.46ms
step:228/500 train_loss:4.6541 train_time:62881ms step_avg:288.45ms
step:229/500 train_loss:4.8165 train_time:63171ms step_avg:288.45ms
step:230/500 train_loss:4.6515 train_time:63456ms step_avg:288.44ms
step:231/500 train_loss:4.7906 train_time:63742ms step_avg:288.43ms
step:232/500 train_loss:4.6617 train_time:64031ms step_avg:288.43ms
step:233/500 train_loss:4.6226 train_time:64315ms step_avg:288.41ms
step:234/500 train_loss:4.8270 train_time:64603ms step_avg:288.40ms
step:235/500 train_loss:4.6682 train_time:64888ms step_avg:288.39ms
step:236/500 train_loss:4.6072 train_time:65174ms step_avg:288.38ms
step:237/500 train_loss:4.8550 train_time:65459ms step_avg:288.36ms
step:238/500 train_loss:4.7362 train_time:65746ms step_avg:288.36ms
step:239/500 train_loss:4.6539 train_time:66032ms step_avg:288.35ms
step:240/500 train_loss:4.7906 train_time:66317ms step_avg:288.33ms
step:241/500 train_loss:4.7772 train_time:66605ms step_avg:288.33ms
step:242/500 train_loss:4.6830 train_time:66890ms step_avg:288.32ms
step:243/500 train_loss:4.8298 train_time:67174ms step_avg:288.30ms
step:244/500 train_loss:4.6720 train_time:67460ms step_avg:288.29ms
step:245/500 train_loss:4.6833 train_time:67747ms step_avg:288.28ms
step:246/500 train_loss:4.7506 train_time:68032ms step_avg:288.27ms
step:247/500 train_loss:4.7099 train_time:68317ms step_avg:288.26ms
step:248/500 train_loss:4.6674 train_time:68605ms step_avg:288.26ms
step:249/500 train_loss:4.8275 train_time:68891ms step_avg:288.25ms
step:250/500 train_loss:4.5722 train_time:69176ms step_avg:288.23ms
step:250/500 val_loss:4.6716 train_time:69177ms step_avg:288.24ms
step:251/500 train_loss:4.6054 train_time:69447ms step_avg:288.16ms w_mean:1.000 w_std:0.145 w_min:0.917 w_max:1.490
step:252/500 train_loss:4.7438 train_time:69739ms step_avg:288.18ms
step:253/500 train_loss:4.7302 train_time:70026ms step_avg:288.17ms
step:254/500 train_loss:4.6185 train_time:70312ms step_avg:288.16ms
step:255/500 train_loss:4.6272 train_time:70598ms step_avg:288.16ms
step:256/500 train_loss:4.7617 train_time:70885ms step_avg:288.15ms
step:257/500 train_loss:4.7032 train_time:71171ms step_avg:288.14ms
step:258/500 train_loss:4.6854 train_time:71459ms step_avg:288.14ms
step:259/500 train_loss:4.6117 train_time:71743ms step_avg:288.13ms
step:260/500 train_loss:4.6315 train_time:72029ms step_avg:288.12ms
step:261/500 train_loss:4.6974 train_time:72319ms step_avg:288.13ms
step:262/500 train_loss:4.7057 train_time:72604ms step_avg:288.11ms
step:263/500 train_loss:4.6105 train_time:72890ms step_avg:288.10ms
step:264/500 train_loss:4.5566 train_time:73178ms step_avg:288.10ms
step:265/500 train_loss:4.6157 train_time:73464ms step_avg:288.09ms
step:266/500 train_loss:4.4660 train_time:73750ms step_avg:288.08ms
step:267/500 train_loss:4.5268 train_time:74039ms step_avg:288.09ms
step:268/500 train_loss:4.5698 train_time:74324ms step_avg:288.08ms
step:269/500 train_loss:4.5260 train_time:74611ms step_avg:288.07ms
step:270/500 train_loss:4.5003 train_time:74897ms step_avg:288.07ms
step:271/500 train_loss:4.7111 train_time:75182ms step_avg:288.05ms
step:272/500 train_loss:4.6494 train_time:75469ms step_avg:288.05ms
step:273/500 train_loss:4.5069 train_time:75756ms step_avg:288.05ms
step:274/500 train_loss:4.5618 train_time:76042ms step_avg:288.04ms
step:275/500 train_loss:4.6693 train_time:76326ms step_avg:288.02ms
step:276/500 train_loss:4.6879 train_time:76614ms step_avg:288.02ms
step:277/500 train_loss:4.8716 train_time:76901ms step_avg:288.02ms
step:278/500 train_loss:4.6306 train_time:77189ms step_avg:288.02ms
step:279/500 train_loss:4.7653 train_time:77479ms step_avg:288.02ms
step:280/500 train_loss:4.6025 train_time:77764ms step_avg:288.01ms
step:281/500 train_loss:4.6764 train_time:78050ms step_avg:288.01ms
step:282/500 train_loss:4.5708 train_time:78334ms step_avg:287.99ms
step:283/500 train_loss:4.6859 train_time:78622ms step_avg:287.99ms
step:284/500 train_loss:4.5107 train_time:78906ms step_avg:287.98ms
step:285/500 train_loss:4.6681 train_time:79193ms step_avg:287.97ms
step:286/500 train_loss:4.6576 train_time:79482ms step_avg:287.98ms
step:287/500 train_loss:4.6878 train_time:79766ms step_avg:287.96ms
step:288/500 train_loss:4.5542 train_time:80054ms step_avg:287.96ms
step:289/500 train_loss:4.6164 train_time:80340ms step_avg:287.96ms
step:290/500 train_loss:4.4794 train_time:80625ms step_avg:287.95ms
step:291/500 train_loss:4.4756 train_time:80910ms step_avg:287.94ms
step:292/500 train_loss:4.5991 train_time:81198ms step_avg:287.94ms
step:293/500 train_loss:4.4940 train_time:81483ms step_avg:287.93ms
step:294/500 train_loss:4.5358 train_time:81768ms step_avg:287.92ms
step:295/500 train_loss:4.5628 train_time:82055ms step_avg:287.91ms
step:296/500 train_loss:4.4279 train_time:82342ms step_avg:287.91ms
step:297/500 train_loss:4.4207 train_time:82626ms step_avg:287.90ms
step:298/500 train_loss:4.4466 train_time:82913ms step_avg:287.89ms
step:299/500 train_loss:4.5508 train_time:83201ms step_avg:287.89ms
step:300/500 train_loss:4.4410 train_time:83486ms step_avg:287.88ms
step:301/500 train_loss:4.6103 train_time:83773ms step_avg:287.88ms w_mean:1.000 w_std:0.145 w_min:0.917 w_max:1.491
step:302/500 train_loss:4.5885 train_time:84061ms step_avg:287.88ms
step:303/500 train_loss:4.5039 train_time:84345ms step_avg:287.87ms
step:304/500 train_loss:4.5794 train_time:84633ms step_avg:287.87ms
step:305/500 train_loss:4.5596 train_time:84921ms step_avg:287.87ms
step:306/500 train_loss:5.0271 train_time:85205ms step_avg:287.85ms
step:307/500 train_loss:4.5144 train_time:85491ms step_avg:287.85ms
step:308/500 train_loss:4.4193 train_time:85779ms step_avg:287.85ms
step:309/500 train_loss:4.6084 train_time:86063ms step_avg:287.84ms
step:310/500 train_loss:4.4112 train_time:86350ms step_avg:287.83ms
step:311/500 train_loss:4.6417 train_time:86637ms step_avg:287.83ms
step:312/500 train_loss:4.5531 train_time:86923ms step_avg:287.83ms
step:313/500 train_loss:4.4635 train_time:87207ms step_avg:287.81ms
step:314/500 train_loss:4.5932 train_time:87495ms step_avg:287.81ms
step:315/500 train_loss:4.7192 train_time:87782ms step_avg:287.81ms
step:316/500 train_loss:4.5602 train_time:88067ms step_avg:287.80ms
step:317/500 train_loss:4.4452 train_time:88353ms step_avg:287.80ms
step:318/500 train_loss:4.4618 train_time:88638ms step_avg:287.79ms
step:319/500 train_loss:4.4820 train_time:88925ms step_avg:287.78ms
step:320/500 train_loss:4.4285 train_time:89210ms step_avg:287.77ms
step:321/500 train_loss:4.5154 train_time:89498ms step_avg:287.77ms
step:322/500 train_loss:4.5307 train_time:89783ms step_avg:287.77ms
step:323/500 train_loss:4.4946 train_time:90069ms step_avg:287.76ms
step:324/500 train_loss:4.5640 train_time:90357ms step_avg:287.76ms
step:325/500 train_loss:4.5540 train_time:90642ms step_avg:287.75ms
step:326/500 train_loss:4.6309 train_time:90927ms step_avg:287.74ms
step:327/500 train_loss:4.4760 train_time:91219ms step_avg:287.76ms
step:328/500 train_loss:4.9204 train_time:91503ms step_avg:287.75ms
step:329/500 train_loss:4.6287 train_time:91789ms step_avg:287.74ms
step:330/500 train_loss:4.4182 train_time:92077ms step_avg:287.74ms
step:331/500 train_loss:4.3869 train_time:92363ms step_avg:287.73ms
step:332/500 train_loss:4.5324 train_time:92648ms step_avg:287.73ms
step:333/500 train_loss:4.4599 train_time:92935ms step_avg:287.72ms
step:334/500 train_loss:4.4445 train_time:93221ms step_avg:287.72ms
step:335/500 train_loss:4.4110 train_time:93505ms step_avg:287.71ms
step:336/500 train_loss:4.5954 train_time:93792ms step_avg:287.71ms
step:337/500 train_loss:4.5368 train_time:94081ms step_avg:287.71ms
step:338/500 train_loss:5.0671 train_time:94365ms step_avg:287.70ms
step:339/500 train_loss:4.5075 train_time:94651ms step_avg:287.69ms
step:340/500 train_loss:4.4807 train_time:94939ms step_avg:287.69ms
step:341/500 train_loss:4.4587 train_time:95224ms step_avg:287.69ms
step:342/500 train_loss:4.3984 train_time:95510ms step_avg:287.68ms
step:343/500 train_loss:4.3748 train_time:95798ms step_avg:287.68ms
step:344/500 train_loss:4.4407 train_time:96084ms step_avg:287.68ms
step:345/500 train_loss:4.5281 train_time:96369ms step_avg:287.67ms
step:346/500 train_loss:4.4269 train_time:96657ms step_avg:287.67ms
step:347/500 train_loss:4.3695 train_time:96944ms step_avg:287.67ms
step:348/500 train_loss:4.4272 train_time:97229ms step_avg:287.66ms
step:349/500 train_loss:4.4182 train_time:97519ms step_avg:287.67ms
step:350/500 train_loss:4.3501 train_time:97803ms step_avg:287.66ms
step:351/500 train_loss:4.0434 train_time:98089ms step_avg:287.65ms w_mean:1.000 w_std:0.156 w_min:0.914 w_max:1.485
step:352/500 train_loss:4.3290 train_time:98377ms step_avg:287.65ms
step:353/500 train_loss:4.6702 train_time:98663ms step_avg:287.65ms
step:354/500 train_loss:4.2131 train_time:98949ms step_avg:287.64ms
step:355/500 train_loss:4.4573 train_time:99235ms step_avg:287.64ms
step:356/500 train_loss:4.3603 train_time:99522ms step_avg:287.64ms
step:357/500 train_loss:4.4583 train_time:99806ms step_avg:287.63ms
step:358/500 train_loss:4.4621 train_time:100094ms step_avg:287.63ms
step:359/500 train_loss:4.3697 train_time:100382ms step_avg:287.63ms
step:360/500 train_loss:4.6711 train_time:100666ms step_avg:287.62ms
step:361/500 train_loss:4.1063 train_time:100953ms step_avg:287.62ms
step:362/500 train_loss:4.5841 train_time:101240ms step_avg:287.61ms
step:363/500 train_loss:4.4830 train_time:101526ms step_avg:287.61ms
step:364/500 train_loss:4.3741 train_time:101812ms step_avg:287.60ms
step:365/500 train_loss:4.3066 train_time:102099ms step_avg:287.60ms
step:366/500 train_loss:4.4614 train_time:102384ms step_avg:287.60ms
step:367/500 train_loss:4.3952 train_time:102670ms step_avg:287.59ms
step:368/500 train_loss:4.3789 train_time:102956ms step_avg:287.59ms
step:369/500 train_loss:4.3835 train_time:103242ms step_avg:287.58ms
step:370/500 train_loss:4.2741 train_time:103526ms step_avg:287.57ms
step:371/500 train_loss:4.4260 train_time:103814ms step_avg:287.57ms
step:372/500 train_loss:4.3591 train_time:104100ms step_avg:287.57ms
step:373/500 train_loss:4.2370 train_time:104385ms step_avg:287.56ms
step:374/500 train_loss:4.4294 train_time:104670ms step_avg:287.56ms
step:375/500 train_loss:4.3562 train_time:104958ms step_avg:287.56ms
step:375/500 val_loss:4.3750 train_time:104959ms step_avg:287.56ms
step:376/500 train_loss:4.3555 train_time:105231ms step_avg:287.52ms
step:377/500 train_loss:4.4152 train_time:105523ms step_avg:287.53ms
step:378/500 train_loss:4.3098 train_time:106123ms step_avg:288.38ms
step:379/500 train_loss:4.3625 train_time:106408ms step_avg:288.37ms
step:380/500 train_loss:4.4382 train_time:107008ms step_avg:289.21ms
step:381/500 train_loss:4.4658 train_time:107292ms step_avg:289.20ms
step:382/500 train_loss:4.4156 train_time:107576ms step_avg:289.18ms
step:383/500 train_loss:4.3931 train_time:107865ms step_avg:289.18ms
step:384/500 train_loss:4.2968 train_time:108149ms step_avg:289.17ms
step:385/500 train_loss:4.3946 train_time:108434ms step_avg:289.16ms
step:386/500 train_loss:4.3087 train_time:108725ms step_avg:289.16ms
step:387/500 train_loss:4.4356 train_time:109008ms step_avg:289.15ms
step:388/500 train_loss:4.6322 train_time:109294ms step_avg:289.14ms
step:389/500 train_loss:4.3335 train_time:109580ms step_avg:289.13ms
step:390/500 train_loss:4.2922 train_time:109866ms step_avg:289.12ms
step:391/500 train_loss:4.4119 train_time:110150ms step_avg:289.11ms
step:392/500 train_loss:4.3413 train_time:110438ms step_avg:289.11ms
step:393/500 train_loss:4.4453 train_time:110726ms step_avg:289.10ms
step:394/500 train_loss:4.2721 train_time:111011ms step_avg:289.09ms
step:395/500 train_loss:4.4026 train_time:111296ms step_avg:289.08ms
step:396/500 train_loss:4.1859 train_time:111584ms step_avg:289.08ms
step:397/500 train_loss:4.3506 train_time:111869ms step_avg:289.07ms
step:398/500 train_loss:4.4389 train_time:112153ms step_avg:289.05ms
step:399/500 train_loss:4.3908 train_time:112440ms step_avg:289.05ms
step:400/500 train_loss:4.3153 train_time:112727ms step_avg:289.04ms
step:401/500 train_loss:4.3785 train_time:113010ms step_avg:289.03ms w_mean:1.000 w_std:0.151 w_min:0.914 w_max:1.485
step:402/500 train_loss:4.4139 train_time:113296ms step_avg:289.02ms
step:403/500 train_loss:4.3809 train_time:113584ms step_avg:289.02ms
step:404/500 train_loss:4.4747 train_time:113870ms step_avg:289.01ms
step:405/500 train_loss:4.2556 train_time:114155ms step_avg:289.00ms
step:406/500 train_loss:4.3064 train_time:114441ms step_avg:288.99ms
step:407/500 train_loss:4.5777 train_time:114727ms step_avg:288.99ms
step:408/500 train_loss:4.3402 train_time:115014ms step_avg:288.98ms
step:409/500 train_loss:4.3373 train_time:115302ms step_avg:288.98ms
step:410/500 train_loss:4.3894 train_time:115588ms step_avg:288.97ms
step:411/500 train_loss:4.2719 train_time:115873ms step_avg:288.96ms
step:412/500 train_loss:4.2886 train_time:116161ms step_avg:288.96ms
step:413/500 train_loss:4.6981 train_time:116446ms step_avg:288.95ms
step:414/500 train_loss:4.1579 train_time:116731ms step_avg:288.94ms
step:415/500 train_loss:4.5193 train_time:117018ms step_avg:288.93ms
step:416/500 train_loss:4.2966 train_time:117305ms step_avg:288.93ms
step:417/500 train_loss:4.2877 train_time:117590ms step_avg:288.92ms
step:418/500 train_loss:4.4718 train_time:117874ms step_avg:288.91ms
step:419/500 train_loss:4.2088 train_time:118167ms step_avg:288.92ms
step:420/500 train_loss:4.3054 train_time:118450ms step_avg:288.90ms
step:421/500 train_loss:4.2797 train_time:118736ms step_avg:288.90ms
step:422/500 train_loss:4.1679 train_time:119024ms step_avg:288.89ms
step:423/500 train_loss:4.2792 train_time:119310ms step_avg:288.89ms
step:424/500 train_loss:4.3886 train_time:119599ms step_avg:288.89ms
step:425/500 train_loss:4.1875 train_time:119886ms step_avg:288.88ms
step:426/500 train_loss:4.3543 train_time:120170ms step_avg:288.87ms
step:427/500 train_loss:4.2346 train_time:120455ms step_avg:288.86ms
step:428/500 train_loss:4.4133 train_time:120741ms step_avg:288.86ms
step:429/500 train_loss:4.3610 train_time:121027ms step_avg:288.85ms
step:430/500 train_loss:4.2768 train_time:121312ms step_avg:288.84ms
step:431/500 train_loss:4.2474 train_time:121597ms step_avg:288.83ms
step:432/500 train_loss:4.1960 train_time:121884ms step_avg:288.83ms
step:433/500 train_loss:4.2889 train_time:122170ms step_avg:288.82ms
step:434/500 train_loss:4.3650 train_time:122454ms step_avg:288.81ms
step:435/500 train_loss:4.2899 train_time:122742ms step_avg:288.80ms
step:436/500 train_loss:4.3370 train_time:123028ms step_avg:288.80ms
step:437/500 train_loss:4.3463 train_time:123313ms step_avg:288.79ms
step:438/500 train_loss:4.2289 train_time:123599ms step_avg:288.78ms
step:439/500 train_loss:4.2545 train_time:123886ms step_avg:288.78ms
step:440/500 train_loss:4.2213 train_time:124170ms step_avg:288.77ms
step:441/500 train_loss:4.4060 train_time:124460ms step_avg:288.77ms
step:442/500 train_loss:4.3060 train_time:124746ms step_avg:288.76ms
step:443/500 train_loss:4.2820 train_time:125030ms step_avg:288.75ms
step:444/500 train_loss:4.1789 train_time:125317ms step_avg:288.75ms
step:445/500 train_loss:4.4264 train_time:125604ms step_avg:288.74ms
step:446/500 train_loss:4.3472 train_time:125889ms step_avg:288.74ms
step:447/500 train_loss:4.3537 train_time:126176ms step_avg:288.73ms
step:448/500 train_loss:4.2700 train_time:126466ms step_avg:288.73ms
step:449/500 train_loss:4.3569 train_time:126751ms step_avg:288.73ms
step:450/500 train_loss:4.1916 train_time:127036ms step_avg:288.72ms
step:451/500 train_loss:4.2345 train_time:127324ms step_avg:288.72ms w_mean:1.000 w_std:0.153 w_min:0.913 w_max:1.483
step:452/500 train_loss:4.1245 train_time:127609ms step_avg:288.71ms
step:453/500 train_loss:4.2232 train_time:127896ms step_avg:288.70ms
step:454/500 train_loss:4.2003 train_time:128183ms step_avg:288.70ms
step:455/500 train_loss:4.1788 train_time:128468ms step_avg:288.69ms
step:456/500 train_loss:4.3829 train_time:128753ms step_avg:288.68ms
step:457/500 train_loss:4.2370 train_time:129039ms step_avg:288.68ms
step:458/500 train_loss:4.3264 train_time:129328ms step_avg:288.68ms
step:459/500 train_loss:4.3593 train_time:129613ms step_avg:288.67ms
step:460/500 train_loss:4.1628 train_time:129902ms step_avg:288.67ms
step:461/500 train_loss:4.3354 train_time:130187ms step_avg:288.66ms
step:462/500 train_loss:4.2342 train_time:130471ms step_avg:288.65ms
step:463/500 train_loss:4.2197 train_time:130759ms step_avg:288.65ms
step:464/500 train_loss:4.3128 train_time:131046ms step_avg:288.65ms
step:465/500 train_loss:4.2403 train_time:131331ms step_avg:288.64ms
step:466/500 train_loss:4.2422 train_time:131617ms step_avg:288.63ms
step:467/500 train_loss:4.3728 train_time:131906ms step_avg:288.63ms
step:468/500 train_loss:4.3749 train_time:132191ms step_avg:288.63ms
step:469/500 train_loss:4.3341 train_time:132475ms step_avg:288.62ms
step:470/500 train_loss:4.2443 train_time:132765ms step_avg:288.62ms
step:471/500 train_loss:4.3354 train_time:133050ms step_avg:288.61ms
step:472/500 train_loss:4.3797 train_time:133335ms step_avg:288.60ms
step:473/500 train_loss:4.2804 train_time:133624ms step_avg:288.60ms
step:474/500 train_loss:4.2554 train_time:133908ms step_avg:288.60ms
step:475/500 train_loss:4.1323 train_time:134196ms step_avg:288.59ms
step:476/500 train_loss:4.5531 train_time:134481ms step_avg:288.59ms
step:477/500 train_loss:4.3092 train_time:134767ms step_avg:288.58ms
step:478/500 train_loss:4.1169 train_time:135051ms step_avg:288.57ms
step:479/500 train_loss:4.3172 train_time:135339ms step_avg:288.57ms
step:480/500 train_loss:4.3017 train_time:135627ms step_avg:288.57ms
step:481/500 train_loss:4.4270 train_time:135911ms step_avg:288.56ms
step:482/500 train_loss:4.2579 train_time:136198ms step_avg:288.55ms
step:483/500 train_loss:4.0836 train_time:136485ms step_avg:288.55ms
step:484/500 train_loss:4.3483 train_time:136770ms step_avg:288.54ms
step:485/500 train_loss:4.1946 train_time:137056ms step_avg:288.54ms
step:486/500 train_loss:4.2219 train_time:137342ms step_avg:288.53ms
step:487/500 train_loss:4.1729 train_time:137629ms step_avg:288.53ms
step:488/500 train_loss:4.1967 train_time:137915ms step_avg:288.53ms
step:489/500 train_loss:4.4045 train_time:138204ms step_avg:288.53ms
step:490/500 train_loss:4.2594 train_time:138488ms step_avg:288.52ms
step:491/500 train_loss:4.1601 train_time:138772ms step_avg:288.51ms
step:492/500 train_loss:4.1658 train_time:139060ms step_avg:288.51ms
step:493/500 train_loss:4.2800 train_time:139347ms step_avg:288.50ms
step:494/500 train_loss:4.1222 train_time:139632ms step_avg:288.50ms
step:495/500 train_loss:4.2734 train_time:139920ms step_avg:288.49ms
step:496/500 train_loss:4.1917 train_time:140206ms step_avg:288.49ms
step:497/500 train_loss:4.1386 train_time:140491ms step_avg:288.48ms
step:498/500 train_loss:4.2826 train_time:140777ms step_avg:288.48ms
step:499/500 train_loss:4.3637 train_time:141067ms step_avg:288.48ms
step:500/500 train_loss:4.4191 train_time:141351ms step_avg:288.47ms
step:500/500 val_loss:4.2636 train_time:141353ms step_avg:288.47ms
peak memory consumption: 30603 MiB
