Command: torchrun --nproc_per_node=8 train_tw.py --seed=42 --num_iterations=500 --val_loss_every=125 --tw_enabled --tw_function=focal --tw_clamp_min=0.8 --tw_clamp_max=1.2 --tw_schedule=constant --tw_warmup_steps=1000 --tw_anneal_final=0.3 --tw_cyclical_period=500 --tw_focal_gamma=2.0 --tw_log_every=50 --tw_log_weights
Started: 2025-12-09T22:36:28.148613
============================================================

W1209 22:36:29.341000 76489 torch/distributed/run.py:774] 
W1209 22:36:29.341000 76489 torch/distributed/run.py:774] *****************************************
W1209 22:36:29.341000 76489 torch/distributed/run.py:774] Setting OMP_NUM_THREADS environment variable for each process to be 1 in default, to avoid your system being overloaded, please further tune the variable for optimal performance in your application as needed. 
W1209 22:36:29.341000 76489 torch/distributed/run.py:774] *****************************************
/root/ese-3060-project/tw_nano_experiments/train_tw.py:218: SyntaxWarning: invalid escape sequence '\s'
  """
/root/ese-3060-project/tw_nano_experiments/train_tw.py/root/ese-3060-project/tw_nano_experiments/train_tw.py:218: SyntaxWarning: invalid escape sequence '\s'
:218: SyntaxWarning: invalid escape sequence '\s'
    """
"""
/root/ese-3060-project/tw_nano_experiments/train_tw.py:218: SyntaxWarning: invalid escape sequence '\s'
  """
/root/ese-3060-project/tw_nano_experiments/train_tw.py:218: SyntaxWarning: invalid escape sequence '\s'
  """
/root/ese-3060-project/tw_nano_experiments/train_tw.py:218: SyntaxWarning: invalid escape sequence '\s'
/root/ese-3060-project/tw_nano_experiments/train_tw.py:218: SyntaxWarning: invalid escape sequence '\s'
  """
  """
/root/ese-3060-project/tw_nano_experiments/train_tw.py:218: SyntaxWarning: invalid escape sequence '\s'
  """
using device: cuda:5
using device: cuda:7
using device: cuda:2
using device: cuda:4
using device: cuda:6
using device: cuda:1
using device: cuda:3
using device: cuda:0
Random seed set to 42 (deterministic=False)
Training DataLoader: total number of tokens: 900000000 across 9 files
Validation DataLoader: total number of tokens: 100000000 across 1 files
Token Weighting: ENABLED
  function=focal, clamp=[0.8, 1.2], schedule=constant
step:0/500 val_loss:15.9787 train_time:265ms step_avg:nanms
step:1/500 train_loss:15.9775 train_time:73653ms step_avg:nanms w_mean:1.000 w_std:0.023 w_min:0.992 w_max:1.240
step:2/500 train_loss:9.3669 train_time:74719ms step_avg:nanms
step:3/500 train_loss:8.9265 train_time:74986ms step_avg:nanms
step:4/500 train_loss:8.7505 train_time:75254ms step_avg:nanms
step:5/500 train_loss:8.2532 train_time:75521ms step_avg:nanms
step:6/500 train_loss:7.7457 train_time:75796ms step_avg:nanms
step:7/500 train_loss:7.3319 train_time:76064ms step_avg:nanms
step:8/500 train_loss:7.5482 train_time:76337ms step_avg:nanms
step:9/500 train_loss:7.2888 train_time:76603ms step_avg:nanms
step:10/500 train_loss:7.1080 train_time:76873ms step_avg:nanms
step:11/500 train_loss:7.0903 train_time:267ms step_avg:nanms
step:12/500 train_loss:7.0281 train_time:541ms step_avg:nanms
step:13/500 train_loss:6.8373 train_time:808ms step_avg:269.27ms
step:14/500 train_loss:6.8353 train_time:1078ms step_avg:269.40ms
step:15/500 train_loss:6.7961 train_time:1345ms step_avg:269.06ms
step:16/500 train_loss:6.7206 train_time:1615ms step_avg:269.11ms
step:17/500 train_loss:6.7329 train_time:1882ms step_avg:268.81ms
step:18/500 train_loss:6.7589 train_time:2149ms step_avg:268.63ms
step:19/500 train_loss:6.5902 train_time:2418ms step_avg:268.61ms
step:20/500 train_loss:6.5870 train_time:2684ms step_avg:268.43ms
step:21/500 train_loss:6.2557 train_time:2953ms step_avg:268.49ms
step:22/500 train_loss:6.6484 train_time:3222ms step_avg:268.47ms
step:23/500 train_loss:6.8862 train_time:3488ms step_avg:268.30ms
step:24/500 train_loss:6.5203 train_time:3757ms step_avg:268.36ms
step:25/500 train_loss:6.6403 train_time:4028ms step_avg:268.55ms
step:26/500 train_loss:6.3592 train_time:4300ms step_avg:268.73ms
step:27/500 train_loss:6.2758 train_time:4565ms step_avg:268.54ms
step:28/500 train_loss:6.4496 train_time:4833ms step_avg:268.48ms
step:29/500 train_loss:6.1027 train_time:5101ms step_avg:268.47ms
step:30/500 train_loss:6.3849 train_time:5366ms step_avg:268.29ms
step:31/500 train_loss:6.2265 train_time:5637ms step_avg:268.41ms
step:32/500 train_loss:6.1953 train_time:5904ms step_avg:268.35ms
step:33/500 train_loss:6.0084 train_time:6171ms step_avg:268.29ms
step:34/500 train_loss:6.3474 train_time:6442ms step_avg:268.42ms
step:35/500 train_loss:6.2583 train_time:6709ms step_avg:268.35ms
step:36/500 train_loss:6.4241 train_time:6978ms step_avg:268.37ms
step:37/500 train_loss:6.3352 train_time:7246ms step_avg:268.39ms
step:38/500 train_loss:6.2288 train_time:7517ms step_avg:268.47ms
step:39/500 train_loss:6.1219 train_time:7782ms step_avg:268.35ms
step:40/500 train_loss:6.1786 train_time:8054ms step_avg:268.46ms
step:41/500 train_loss:6.0770 train_time:8321ms step_avg:268.43ms
step:42/500 train_loss:6.1199 train_time:8586ms step_avg:268.33ms
step:43/500 train_loss:5.9904 train_time:8857ms step_avg:268.40ms
step:44/500 train_loss:6.0684 train_time:9125ms step_avg:268.38ms
step:45/500 train_loss:6.0658 train_time:9395ms step_avg:268.43ms
step:46/500 train_loss:6.2475 train_time:9664ms step_avg:268.44ms
step:47/500 train_loss:6.0452 train_time:9934ms step_avg:268.49ms
step:48/500 train_loss:5.8835 train_time:10204ms step_avg:268.52ms
step:49/500 train_loss:6.1337 train_time:10472ms step_avg:268.51ms
step:50/500 train_loss:6.0011 train_time:10743ms step_avg:268.57ms
step:51/500 train_loss:6.1647 train_time:11010ms step_avg:268.53ms w_mean:1.000 w_std:0.002 w_min:1.000 w_max:1.250
step:52/500 train_loss:6.0213 train_time:11281ms step_avg:268.59ms
step:53/500 train_loss:5.8719 train_time:11549ms step_avg:268.58ms
step:54/500 train_loss:5.9919 train_time:11819ms step_avg:268.61ms
step:55/500 train_loss:5.9147 train_time:12085ms step_avg:268.55ms
step:56/500 train_loss:6.2234 train_time:12358ms step_avg:268.64ms
step:57/500 train_loss:5.9014 train_time:12625ms step_avg:268.62ms
step:58/500 train_loss:5.7829 train_time:12895ms step_avg:268.64ms
step:59/500 train_loss:5.9446 train_time:13163ms step_avg:268.64ms
step:60/500 train_loss:5.8789 train_time:13434ms step_avg:268.69ms
step:61/500 train_loss:5.9752 train_time:13704ms step_avg:268.70ms
step:62/500 train_loss:5.7698 train_time:13973ms step_avg:268.70ms
step:63/500 train_loss:5.8792 train_time:14244ms step_avg:268.75ms
step:64/500 train_loss:5.8406 train_time:14516ms step_avg:268.82ms
step:65/500 train_loss:5.7980 train_time:14783ms step_avg:268.77ms
step:66/500 train_loss:5.6735 train_time:15053ms step_avg:268.81ms
step:67/500 train_loss:5.8453 train_time:15324ms step_avg:268.84ms
step:68/500 train_loss:5.7063 train_time:15593ms step_avg:268.85ms
step:69/500 train_loss:5.9513 train_time:15863ms step_avg:268.86ms
step:70/500 train_loss:5.6194 train_time:16135ms step_avg:268.91ms
step:71/500 train_loss:5.6358 train_time:16405ms step_avg:268.93ms
step:72/500 train_loss:5.8461 train_time:16675ms step_avg:268.95ms
step:73/500 train_loss:5.7908 train_time:16943ms step_avg:268.94ms
step:74/500 train_loss:5.6754 train_time:17213ms step_avg:268.96ms
step:75/500 train_loss:5.7874 train_time:17484ms step_avg:268.99ms
step:76/500 train_loss:5.7484 train_time:17755ms step_avg:269.01ms
step:77/500 train_loss:5.7193 train_time:18023ms step_avg:269.00ms
step:78/500 train_loss:5.7978 train_time:18293ms step_avg:269.02ms
step:79/500 train_loss:5.8296 train_time:18564ms step_avg:269.05ms
step:80/500 train_loss:5.6783 train_time:18837ms step_avg:269.10ms
step:81/500 train_loss:5.7851 train_time:19105ms step_avg:269.09ms
step:82/500 train_loss:5.5398 train_time:19377ms step_avg:269.12ms
step:83/500 train_loss:5.7149 train_time:19646ms step_avg:269.12ms
step:84/500 train_loss:5.6749 train_time:19915ms step_avg:269.13ms
step:85/500 train_loss:5.6397 train_time:20186ms step_avg:269.15ms
step:86/500 train_loss:5.5068 train_time:20457ms step_avg:269.18ms
step:87/500 train_loss:5.7154 train_time:20726ms step_avg:269.17ms
step:88/500 train_loss:5.6204 train_time:20998ms step_avg:269.20ms
step:89/500 train_loss:5.6754 train_time:21267ms step_avg:269.20ms
step:90/500 train_loss:5.6587 train_time:21541ms step_avg:269.26ms
step:91/500 train_loss:5.5704 train_time:21809ms step_avg:269.24ms
step:92/500 train_loss:5.5797 train_time:22083ms step_avg:269.31ms
step:93/500 train_loss:5.6692 train_time:22355ms step_avg:269.34ms
step:94/500 train_loss:5.5265 train_time:22626ms step_avg:269.35ms
step:95/500 train_loss:5.5076 train_time:22896ms step_avg:269.36ms
step:96/500 train_loss:5.5338 train_time:23168ms step_avg:269.39ms
step:97/500 train_loss:5.4509 train_time:23441ms step_avg:269.44ms
step:98/500 train_loss:5.5213 train_time:23710ms step_avg:269.43ms
step:99/500 train_loss:5.4457 train_time:23982ms step_avg:269.46ms
step:100/500 train_loss:5.5709 train_time:24253ms step_avg:269.48ms
step:101/500 train_loss:5.5265 train_time:24525ms step_avg:269.50ms w_mean:1.000 w_std:0.001 w_min:1.000 w_max:1.250
step:102/500 train_loss:5.4343 train_time:24795ms step_avg:269.51ms
step:103/500 train_loss:5.5366 train_time:25064ms step_avg:269.51ms
step:104/500 train_loss:5.4985 train_time:25339ms step_avg:269.57ms
step:105/500 train_loss:5.3291 train_time:25607ms step_avg:269.54ms
step:106/500 train_loss:5.4390 train_time:25883ms step_avg:269.61ms
step:107/500 train_loss:5.6436 train_time:26156ms step_avg:269.65ms
step:108/500 train_loss:5.4287 train_time:26426ms step_avg:269.66ms
step:109/500 train_loss:5.1817 train_time:26696ms step_avg:269.65ms
step:110/500 train_loss:5.3887 train_time:26968ms step_avg:269.68ms
step:111/500 train_loss:5.3582 train_time:27242ms step_avg:269.72ms
step:112/500 train_loss:5.3318 train_time:27512ms step_avg:269.73ms
step:113/500 train_loss:5.4343 train_time:27784ms step_avg:269.74ms
step:114/500 train_loss:5.3647 train_time:28059ms step_avg:269.80ms
step:115/500 train_loss:5.2195 train_time:28331ms step_avg:269.82ms
step:116/500 train_loss:5.3949 train_time:28603ms step_avg:269.84ms
step:117/500 train_loss:5.2460 train_time:28874ms step_avg:269.85ms
step:118/500 train_loss:5.2349 train_time:29146ms step_avg:269.87ms
step:119/500 train_loss:5.3556 train_time:29418ms step_avg:269.89ms
step:120/500 train_loss:5.3426 train_time:29685ms step_avg:269.86ms
step:121/500 train_loss:5.2719 train_time:29957ms step_avg:269.88ms
step:122/500 train_loss:5.1645 train_time:30227ms step_avg:269.89ms
step:123/500 train_loss:5.2607 train_time:30501ms step_avg:269.92ms
step:124/500 train_loss:5.1296 train_time:30770ms step_avg:269.92ms
step:125/500 train_loss:5.4301 train_time:31045ms step_avg:269.95ms
step:125/500 val_loss:5.2545 train_time:31046ms step_avg:269.97ms
step:126/500 train_loss:5.2790 train_time:31317ms step_avg:269.98ms
step:127/500 train_loss:5.2545 train_time:31593ms step_avg:270.03ms
step:128/500 train_loss:5.3230 train_time:31869ms step_avg:270.08ms
step:129/500 train_loss:5.1770 train_time:32135ms step_avg:270.05ms
step:130/500 train_loss:5.4472 train_time:32409ms step_avg:270.07ms
step:131/500 train_loss:5.2379 train_time:32679ms step_avg:270.08ms
step:132/500 train_loss:5.2261 train_time:32953ms step_avg:270.11ms
step:133/500 train_loss:5.1764 train_time:33222ms step_avg:270.09ms
step:134/500 train_loss:5.2236 train_time:33493ms step_avg:270.11ms
step:135/500 train_loss:5.1491 train_time:33767ms step_avg:270.14ms
step:136/500 train_loss:5.2174 train_time:34038ms step_avg:270.14ms
step:137/500 train_loss:5.0223 train_time:34310ms step_avg:270.15ms
step:138/500 train_loss:5.1845 train_time:34578ms step_avg:270.14ms
step:139/500 train_loss:5.1376 train_time:34852ms step_avg:270.17ms
step:140/500 train_loss:5.1516 train_time:35123ms step_avg:270.18ms
step:141/500 train_loss:5.2014 train_time:35393ms step_avg:270.17ms
step:142/500 train_loss:5.1102 train_time:35664ms step_avg:270.18ms
step:143/500 train_loss:5.1798 train_time:35934ms step_avg:270.18ms
step:144/500 train_loss:4.9928 train_time:36207ms step_avg:270.20ms
step:145/500 train_loss:5.1444 train_time:36475ms step_avg:270.18ms
step:146/500 train_loss:5.0906 train_time:36749ms step_avg:270.22ms
step:147/500 train_loss:4.9977 train_time:37020ms step_avg:270.22ms
step:148/500 train_loss:5.1261 train_time:37292ms step_avg:270.23ms
step:149/500 train_loss:5.0959 train_time:37563ms step_avg:270.24ms
step:150/500 train_loss:5.1544 train_time:37833ms step_avg:270.24ms
step:151/500 train_loss:5.1676 train_time:38108ms step_avg:270.27ms w_mean:1.000 w_std:0.002 w_min:1.000 w_max:1.250
step:152/500 train_loss:5.0865 train_time:38380ms step_avg:270.28ms
step:153/500 train_loss:5.0631 train_time:38653ms step_avg:270.30ms
step:154/500 train_loss:5.1442 train_time:38922ms step_avg:270.29ms
step:155/500 train_loss:5.0771 train_time:39194ms step_avg:270.30ms
step:156/500 train_loss:5.0603 train_time:39466ms step_avg:270.32ms
step:157/500 train_loss:5.0699 train_time:39736ms step_avg:270.31ms
step:158/500 train_loss:5.2008 train_time:40010ms step_avg:270.34ms
step:159/500 train_loss:4.9843 train_time:40282ms step_avg:270.35ms
step:160/500 train_loss:5.0475 train_time:40553ms step_avg:270.35ms
step:161/500 train_loss:4.9014 train_time:40823ms step_avg:270.35ms
step:162/500 train_loss:5.0513 train_time:41095ms step_avg:270.36ms
step:163/500 train_loss:5.0912 train_time:41370ms step_avg:270.39ms
step:164/500 train_loss:5.0763 train_time:41643ms step_avg:270.41ms
step:165/500 train_loss:4.9036 train_time:41913ms step_avg:270.40ms
step:166/500 train_loss:5.0183 train_time:42184ms step_avg:270.41ms
step:167/500 train_loss:5.1685 train_time:42456ms step_avg:270.42ms
step:168/500 train_loss:4.9534 train_time:42727ms step_avg:270.42ms
step:169/500 train_loss:5.0368 train_time:42994ms step_avg:270.40ms
step:170/500 train_loss:4.9069 train_time:43266ms step_avg:270.41ms
step:171/500 train_loss:4.8438 train_time:43537ms step_avg:270.42ms
step:172/500 train_loss:4.9523 train_time:43811ms step_avg:270.44ms
step:173/500 train_loss:4.9257 train_time:44081ms step_avg:270.44ms
step:174/500 train_loss:4.9820 train_time:44353ms step_avg:270.44ms
step:175/500 train_loss:5.1188 train_time:44622ms step_avg:270.44ms
step:176/500 train_loss:5.0086 train_time:44894ms step_avg:270.45ms
step:177/500 train_loss:4.8414 train_time:45169ms step_avg:270.47ms
step:178/500 train_loss:4.8231 train_time:45440ms step_avg:270.47ms
step:179/500 train_loss:4.8667 train_time:45710ms step_avg:270.47ms
step:180/500 train_loss:4.9084 train_time:45981ms step_avg:270.47ms
step:181/500 train_loss:4.8959 train_time:46255ms step_avg:270.50ms
step:182/500 train_loss:5.0121 train_time:46525ms step_avg:270.50ms
step:183/500 train_loss:4.8948 train_time:46792ms step_avg:270.47ms
step:184/500 train_loss:4.8258 train_time:47066ms step_avg:270.49ms
step:185/500 train_loss:4.8611 train_time:47338ms step_avg:270.50ms
step:186/500 train_loss:4.9778 train_time:47610ms step_avg:270.51ms
step:187/500 train_loss:4.8610 train_time:47877ms step_avg:270.49ms
step:188/500 train_loss:5.1057 train_time:48151ms step_avg:270.51ms
step:189/500 train_loss:4.8952 train_time:48677ms step_avg:271.94ms
step:190/500 train_loss:4.8136 train_time:49215ms step_avg:273.42ms
step:191/500 train_loss:4.9724 train_time:49482ms step_avg:273.38ms
step:192/500 train_loss:4.8169 train_time:49750ms step_avg:273.35ms
step:193/500 train_loss:4.7376 train_time:50017ms step_avg:273.31ms
step:194/500 train_loss:4.9363 train_time:50293ms step_avg:273.33ms
step:195/500 train_loss:4.8762 train_time:50565ms step_avg:273.32ms
step:196/500 train_loss:5.0560 train_time:50831ms step_avg:273.29ms
step:197/500 train_loss:4.9491 train_time:51102ms step_avg:273.27ms
step:198/500 train_loss:4.7908 train_time:51376ms step_avg:273.28ms
step:199/500 train_loss:4.8352 train_time:51651ms step_avg:273.29ms
step:200/500 train_loss:4.7276 train_time:51919ms step_avg:273.26ms
step:201/500 train_loss:4.8119 train_time:52190ms step_avg:273.24ms w_mean:1.000 w_std:0.002 w_min:1.000 w_max:1.250
step:202/500 train_loss:4.7255 train_time:52464ms step_avg:273.25ms
step:203/500 train_loss:4.9621 train_time:52735ms step_avg:273.24ms
step:204/500 train_loss:4.8659 train_time:53006ms step_avg:273.23ms
step:205/500 train_loss:4.8388 train_time:53274ms step_avg:273.20ms
step:206/500 train_loss:4.9911 train_time:53551ms step_avg:273.22ms
step:207/500 train_loss:4.6625 train_time:53819ms step_avg:273.19ms
step:208/500 train_loss:4.8105 train_time:54096ms step_avg:273.21ms
step:209/500 train_loss:4.7644 train_time:54366ms step_avg:273.19ms
step:210/500 train_loss:4.9296 train_time:54635ms step_avg:273.17ms
step:211/500 train_loss:4.8565 train_time:54910ms step_avg:273.18ms
step:212/500 train_loss:4.7421 train_time:55181ms step_avg:273.17ms
step:213/500 train_loss:4.8691 train_time:55454ms step_avg:273.17ms
step:214/500 train_loss:4.7098 train_time:55724ms step_avg:273.16ms
step:215/500 train_loss:4.8015 train_time:55996ms step_avg:273.15ms
step:216/500 train_loss:4.6590 train_time:56270ms step_avg:273.15ms
step:217/500 train_loss:4.7768 train_time:56541ms step_avg:273.15ms
step:218/500 train_loss:4.7619 train_time:56811ms step_avg:273.13ms
step:219/500 train_loss:4.7339 train_time:57083ms step_avg:273.12ms
step:220/500 train_loss:4.7467 train_time:57355ms step_avg:273.12ms
step:221/500 train_loss:4.7752 train_time:57626ms step_avg:273.11ms
step:222/500 train_loss:4.8138 train_time:57896ms step_avg:273.09ms
step:223/500 train_loss:4.7540 train_time:58171ms step_avg:273.10ms
step:224/500 train_loss:4.7523 train_time:58444ms step_avg:273.10ms
step:225/500 train_loss:4.8793 train_time:58714ms step_avg:273.09ms
step:226/500 train_loss:4.6237 train_time:58987ms step_avg:273.09ms
step:227/500 train_loss:4.6559 train_time:59256ms step_avg:273.07ms
step:228/500 train_loss:4.6424 train_time:59528ms step_avg:273.06ms
step:229/500 train_loss:4.8053 train_time:59796ms step_avg:273.04ms
step:230/500 train_loss:4.6380 train_time:60069ms step_avg:273.04ms
step:231/500 train_loss:4.7876 train_time:60342ms step_avg:273.04ms
step:232/500 train_loss:4.6448 train_time:60612ms step_avg:273.03ms
step:233/500 train_loss:4.6163 train_time:60882ms step_avg:273.01ms
step:234/500 train_loss:4.8248 train_time:61155ms step_avg:273.01ms
step:235/500 train_loss:4.6571 train_time:61425ms step_avg:273.00ms
step:236/500 train_loss:4.6049 train_time:61694ms step_avg:272.98ms
step:237/500 train_loss:4.8420 train_time:61965ms step_avg:272.97ms
step:238/500 train_loss:4.7259 train_time:62233ms step_avg:272.95ms
step:239/500 train_loss:4.6471 train_time:62505ms step_avg:272.95ms
step:240/500 train_loss:4.7808 train_time:62776ms step_avg:272.94ms
step:241/500 train_loss:4.7665 train_time:63050ms step_avg:272.95ms
step:242/500 train_loss:4.6710 train_time:63319ms step_avg:272.93ms
step:243/500 train_loss:4.8201 train_time:63589ms step_avg:272.92ms
step:244/500 train_loss:4.6643 train_time:63861ms step_avg:272.91ms
step:245/500 train_loss:4.6730 train_time:64132ms step_avg:272.90ms
step:246/500 train_loss:4.7433 train_time:64401ms step_avg:272.89ms
step:247/500 train_loss:4.6973 train_time:64673ms step_avg:272.88ms
step:248/500 train_loss:4.6574 train_time:64949ms step_avg:272.89ms
step:249/500 train_loss:4.8353 train_time:65218ms step_avg:272.88ms
step:250/500 train_loss:4.5643 train_time:65489ms step_avg:272.87ms
step:250/500 val_loss:4.6689 train_time:65490ms step_avg:272.88ms
step:251/500 train_loss:4.6034 train_time:65762ms step_avg:272.87ms w_mean:1.000 w_std:0.003 w_min:1.000 w_max:1.250
step:252/500 train_loss:4.7366 train_time:66040ms step_avg:272.89ms
step:253/500 train_loss:4.7253 train_time:66314ms step_avg:272.90ms
step:254/500 train_loss:4.6027 train_time:66580ms step_avg:272.87ms
step:255/500 train_loss:4.6196 train_time:66850ms step_avg:272.86ms
step:256/500 train_loss:4.7593 train_time:67123ms step_avg:272.86ms
step:257/500 train_loss:4.7031 train_time:67399ms step_avg:272.87ms
step:258/500 train_loss:4.6756 train_time:67668ms step_avg:272.85ms
step:259/500 train_loss:4.6056 train_time:67938ms step_avg:272.84ms
step:260/500 train_loss:4.6203 train_time:68209ms step_avg:272.84ms
step:261/500 train_loss:4.6921 train_time:68482ms step_avg:272.84ms
step:262/500 train_loss:4.6995 train_time:68751ms step_avg:272.82ms
step:263/500 train_loss:4.6050 train_time:69021ms step_avg:272.81ms
step:264/500 train_loss:4.5528 train_time:69294ms step_avg:272.81ms
step:265/500 train_loss:4.6036 train_time:69565ms step_avg:272.80ms
step:266/500 train_loss:4.4576 train_time:69836ms step_avg:272.80ms
step:267/500 train_loss:4.5200 train_time:70105ms step_avg:272.78ms
step:268/500 train_loss:4.5607 train_time:70378ms step_avg:272.78ms
step:269/500 train_loss:4.5222 train_time:70652ms step_avg:272.79ms
step:270/500 train_loss:4.4894 train_time:70921ms step_avg:272.77ms
step:271/500 train_loss:4.7079 train_time:71193ms step_avg:272.77ms
step:272/500 train_loss:4.6423 train_time:71462ms step_avg:272.75ms
step:273/500 train_loss:4.5015 train_time:71738ms step_avg:272.77ms
step:274/500 train_loss:4.5487 train_time:72008ms step_avg:272.76ms
step:275/500 train_loss:4.6665 train_time:72279ms step_avg:272.75ms
step:276/500 train_loss:4.6846 train_time:72549ms step_avg:272.74ms
step:277/500 train_loss:4.8854 train_time:72820ms step_avg:272.73ms
step:278/500 train_loss:4.6276 train_time:73092ms step_avg:272.73ms
step:279/500 train_loss:4.7581 train_time:73361ms step_avg:272.72ms
step:280/500 train_loss:4.5982 train_time:73642ms step_avg:272.75ms
step:281/500 train_loss:4.6748 train_time:73907ms step_avg:272.72ms
step:282/500 train_loss:4.5615 train_time:74179ms step_avg:272.72ms
step:283/500 train_loss:4.6860 train_time:74449ms step_avg:272.71ms
step:284/500 train_loss:4.5011 train_time:74720ms step_avg:272.70ms
step:285/500 train_loss:4.6665 train_time:74993ms step_avg:272.70ms
step:286/500 train_loss:4.6586 train_time:75262ms step_avg:272.69ms
step:287/500 train_loss:4.6872 train_time:75536ms step_avg:272.69ms
step:288/500 train_loss:4.5543 train_time:75806ms step_avg:272.69ms
step:289/500 train_loss:4.6150 train_time:76080ms step_avg:272.69ms
step:290/500 train_loss:4.4769 train_time:76350ms step_avg:272.68ms
step:291/500 train_loss:4.4662 train_time:76620ms step_avg:272.67ms
step:292/500 train_loss:4.5990 train_time:76892ms step_avg:272.67ms
step:293/500 train_loss:4.4833 train_time:77162ms step_avg:272.66ms
step:294/500 train_loss:4.5352 train_time:77437ms step_avg:272.66ms
step:295/500 train_loss:4.5561 train_time:77708ms step_avg:272.66ms
step:296/500 train_loss:4.4247 train_time:77980ms step_avg:272.66ms
step:297/500 train_loss:4.4130 train_time:78252ms step_avg:272.65ms
step:298/500 train_loss:4.4451 train_time:78520ms step_avg:272.64ms
step:299/500 train_loss:4.5481 train_time:78792ms step_avg:272.64ms
step:300/500 train_loss:4.4320 train_time:79064ms step_avg:272.63ms
step:301/500 train_loss:4.6149 train_time:79338ms step_avg:272.64ms w_mean:1.000 w_std:0.002 w_min:1.000 w_max:1.250
step:302/500 train_loss:4.5838 train_time:79608ms step_avg:272.63ms
step:303/500 train_loss:4.5084 train_time:79880ms step_avg:272.63ms
step:304/500 train_loss:4.5701 train_time:80152ms step_avg:272.62ms
step:305/500 train_loss:4.5577 train_time:80422ms step_avg:272.62ms
step:306/500 train_loss:5.0401 train_time:80693ms step_avg:272.61ms
step:307/500 train_loss:4.5136 train_time:80963ms step_avg:272.60ms
step:308/500 train_loss:4.4177 train_time:81238ms step_avg:272.61ms
step:309/500 train_loss:4.6050 train_time:81507ms step_avg:272.60ms
step:310/500 train_loss:4.4023 train_time:81779ms step_avg:272.60ms
step:311/500 train_loss:4.6384 train_time:82052ms step_avg:272.60ms
step:312/500 train_loss:4.5507 train_time:82320ms step_avg:272.58ms
step:313/500 train_loss:4.4645 train_time:82593ms step_avg:272.58ms
step:314/500 train_loss:4.5907 train_time:82861ms step_avg:272.57ms
step:315/500 train_loss:4.7228 train_time:83139ms step_avg:272.59ms
step:316/500 train_loss:4.5537 train_time:83409ms step_avg:272.58ms
step:317/500 train_loss:4.4448 train_time:83681ms step_avg:272.58ms
step:318/500 train_loss:4.4583 train_time:83951ms step_avg:272.57ms
step:319/500 train_loss:4.4735 train_time:84222ms step_avg:272.56ms
step:320/500 train_loss:4.4259 train_time:84496ms step_avg:272.57ms
step:321/500 train_loss:4.5135 train_time:84769ms step_avg:272.57ms
step:322/500 train_loss:4.5279 train_time:85039ms step_avg:272.56ms
step:323/500 train_loss:4.4932 train_time:85311ms step_avg:272.56ms
step:324/500 train_loss:4.5636 train_time:85580ms step_avg:272.55ms
step:325/500 train_loss:4.5651 train_time:85853ms step_avg:272.55ms
step:326/500 train_loss:4.6222 train_time:86122ms step_avg:272.54ms
step:327/500 train_loss:4.4756 train_time:86397ms step_avg:272.55ms
step:328/500 train_loss:4.9221 train_time:86669ms step_avg:272.54ms
step:329/500 train_loss:4.6327 train_time:86941ms step_avg:272.54ms
step:330/500 train_loss:4.4240 train_time:87211ms step_avg:272.53ms
step:331/500 train_loss:4.3838 train_time:87484ms step_avg:272.53ms
step:332/500 train_loss:4.5394 train_time:87756ms step_avg:272.54ms
step:333/500 train_loss:4.4561 train_time:88028ms step_avg:272.53ms
step:334/500 train_loss:4.4449 train_time:88299ms step_avg:272.53ms
step:335/500 train_loss:4.4043 train_time:88569ms step_avg:272.52ms
step:336/500 train_loss:4.5993 train_time:88842ms step_avg:272.52ms
step:337/500 train_loss:4.5304 train_time:89112ms step_avg:272.51ms
step:338/500 train_loss:5.0818 train_time:89381ms step_avg:272.50ms
step:339/500 train_loss:4.5048 train_time:89655ms step_avg:272.51ms
step:340/500 train_loss:4.4718 train_time:89928ms step_avg:272.51ms
step:341/500 train_loss:4.4582 train_time:90199ms step_avg:272.50ms
step:342/500 train_loss:4.4004 train_time:90469ms step_avg:272.50ms
step:343/500 train_loss:4.3700 train_time:90741ms step_avg:272.50ms
step:344/500 train_loss:4.4390 train_time:91015ms step_avg:272.50ms
step:345/500 train_loss:4.5295 train_time:91287ms step_avg:272.50ms
step:346/500 train_loss:4.4253 train_time:91560ms step_avg:272.50ms
step:347/500 train_loss:4.3646 train_time:91832ms step_avg:272.50ms
step:348/500 train_loss:4.4264 train_time:92103ms step_avg:272.49ms
step:349/500 train_loss:4.4226 train_time:92376ms step_avg:272.49ms
step:350/500 train_loss:4.3477 train_time:92645ms step_avg:272.49ms
step:351/500 train_loss:4.0307 train_time:92917ms step_avg:272.48ms w_mean:1.000 w_std:0.001 w_min:1.000 w_max:1.250
step:352/500 train_loss:4.3268 train_time:93189ms step_avg:272.48ms
step:353/500 train_loss:4.6724 train_time:93460ms step_avg:272.48ms
step:354/500 train_loss:4.2052 train_time:93732ms step_avg:272.48ms
step:355/500 train_loss:4.4546 train_time:94002ms step_avg:272.47ms
step:356/500 train_loss:4.3668 train_time:94274ms step_avg:272.47ms
step:357/500 train_loss:4.4582 train_time:94542ms step_avg:272.46ms
step:358/500 train_loss:4.4721 train_time:94815ms step_avg:272.46ms
step:359/500 train_loss:4.3766 train_time:95085ms step_avg:272.45ms
step:360/500 train_loss:4.6877 train_time:95359ms step_avg:272.45ms
step:361/500 train_loss:4.1114 train_time:95631ms step_avg:272.45ms
step:362/500 train_loss:4.5878 train_time:95902ms step_avg:272.45ms
step:363/500 train_loss:4.4850 train_time:96174ms step_avg:272.45ms
step:364/500 train_loss:4.3670 train_time:96443ms step_avg:272.44ms
step:365/500 train_loss:4.3021 train_time:96713ms step_avg:272.43ms
step:366/500 train_loss:4.4602 train_time:96984ms step_avg:272.43ms
step:367/500 train_loss:4.3901 train_time:97258ms step_avg:272.43ms
step:368/500 train_loss:4.3782 train_time:97529ms step_avg:272.43ms
step:369/500 train_loss:4.3837 train_time:97800ms step_avg:272.42ms
step:370/500 train_loss:4.2749 train_time:98073ms step_avg:272.43ms
step:371/500 train_loss:4.4218 train_time:98342ms step_avg:272.42ms
step:372/500 train_loss:4.3602 train_time:98613ms step_avg:272.41ms
step:373/500 train_loss:4.2397 train_time:98882ms step_avg:272.40ms
step:374/500 train_loss:4.4298 train_time:99156ms step_avg:272.41ms
step:375/500 train_loss:4.3553 train_time:99427ms step_avg:272.40ms
step:375/500 val_loss:4.3758 train_time:99429ms step_avg:272.41ms
step:376/500 train_loss:4.3596 train_time:99699ms step_avg:272.40ms
step:377/500 train_loss:4.4163 train_time:99975ms step_avg:272.41ms
step:378/500 train_loss:4.3042 train_time:100497ms step_avg:273.09ms
step:379/500 train_loss:4.3601 train_time:100763ms step_avg:273.07ms
step:380/500 train_loss:4.4312 train_time:101294ms step_avg:273.77ms
step:381/500 train_loss:4.4661 train_time:101560ms step_avg:273.75ms
step:382/500 train_loss:4.4087 train_time:101829ms step_avg:273.74ms
step:383/500 train_loss:4.3886 train_time:102096ms step_avg:273.72ms
step:384/500 train_loss:4.2926 train_time:102375ms step_avg:273.73ms
step:385/500 train_loss:4.3953 train_time:102645ms step_avg:273.72ms
step:386/500 train_loss:4.3065 train_time:102914ms step_avg:273.71ms
step:387/500 train_loss:4.4365 train_time:103184ms step_avg:273.70ms
step:388/500 train_loss:4.6397 train_time:103457ms step_avg:273.69ms
step:389/500 train_loss:4.3300 train_time:103732ms step_avg:273.70ms
step:390/500 train_loss:4.2841 train_time:103997ms step_avg:273.68ms
step:391/500 train_loss:4.4186 train_time:104271ms step_avg:273.68ms
step:392/500 train_loss:4.3365 train_time:104545ms step_avg:273.68ms
step:393/500 train_loss:4.4466 train_time:104816ms step_avg:273.67ms
step:394/500 train_loss:4.2647 train_time:105086ms step_avg:273.66ms
step:395/500 train_loss:4.3982 train_time:105358ms step_avg:273.66ms
step:396/500 train_loss:4.1908 train_time:105635ms step_avg:273.66ms
step:397/500 train_loss:4.3464 train_time:105904ms step_avg:273.65ms
step:398/500 train_loss:4.4430 train_time:106172ms step_avg:273.64ms
step:399/500 train_loss:4.3987 train_time:106444ms step_avg:273.64ms
step:400/500 train_loss:4.3107 train_time:106719ms step_avg:273.64ms
step:401/500 train_loss:4.3768 train_time:106987ms step_avg:273.62ms w_mean:1.000 w_std:0.001 w_min:1.000 w_max:1.250
step:402/500 train_loss:4.4132 train_time:107256ms step_avg:273.61ms
step:403/500 train_loss:4.3847 train_time:107529ms step_avg:273.61ms
step:404/500 train_loss:4.4766 train_time:107797ms step_avg:273.60ms
step:405/500 train_loss:4.2590 train_time:108071ms step_avg:273.60ms
step:406/500 train_loss:4.3027 train_time:108339ms step_avg:273.58ms
step:407/500 train_loss:4.5846 train_time:108611ms step_avg:273.58ms
step:408/500 train_loss:4.3426 train_time:108878ms step_avg:273.56ms
step:409/500 train_loss:4.3343 train_time:109152ms step_avg:273.56ms
step:410/500 train_loss:4.3857 train_time:109424ms step_avg:273.56ms
step:411/500 train_loss:4.2737 train_time:109696ms step_avg:273.56ms
step:412/500 train_loss:4.2886 train_time:109966ms step_avg:273.55ms
step:413/500 train_loss:4.7100 train_time:110238ms step_avg:273.54ms
step:414/500 train_loss:4.1573 train_time:110509ms step_avg:273.54ms
step:415/500 train_loss:4.5172 train_time:110777ms step_avg:273.52ms
step:416/500 train_loss:4.2919 train_time:111051ms step_avg:273.53ms
step:417/500 train_loss:4.2886 train_time:111325ms step_avg:273.53ms
step:418/500 train_loss:4.4726 train_time:111596ms step_avg:273.52ms
step:419/500 train_loss:4.2070 train_time:111867ms step_avg:273.51ms
step:420/500 train_loss:4.3069 train_time:112137ms step_avg:273.50ms
step:421/500 train_loss:4.2769 train_time:112407ms step_avg:273.50ms
step:422/500 train_loss:4.1669 train_time:112678ms step_avg:273.49ms
step:423/500 train_loss:4.2729 train_time:112953ms step_avg:273.49ms
step:424/500 train_loss:4.3848 train_time:113223ms step_avg:273.49ms
step:425/500 train_loss:4.1875 train_time:113494ms step_avg:273.48ms
step:426/500 train_loss:4.3534 train_time:113766ms step_avg:273.48ms
step:427/500 train_loss:4.2335 train_time:114038ms step_avg:273.47ms
step:428/500 train_loss:4.4141 train_time:114308ms step_avg:273.46ms
step:429/500 train_loss:4.3587 train_time:114577ms step_avg:273.45ms
step:430/500 train_loss:4.2675 train_time:114851ms step_avg:273.46ms
step:431/500 train_loss:4.2518 train_time:115124ms step_avg:273.45ms
step:432/500 train_loss:4.1990 train_time:115395ms step_avg:273.45ms
step:433/500 train_loss:4.2814 train_time:115666ms step_avg:273.44ms
step:434/500 train_loss:4.3581 train_time:115936ms step_avg:273.43ms
step:435/500 train_loss:4.2913 train_time:116209ms step_avg:273.43ms
step:436/500 train_loss:4.3321 train_time:116476ms step_avg:273.42ms
step:437/500 train_loss:4.3453 train_time:116750ms step_avg:273.42ms
step:438/500 train_loss:4.2326 train_time:117017ms step_avg:273.40ms
step:439/500 train_loss:4.2464 train_time:117296ms step_avg:273.42ms
step:440/500 train_loss:4.2137 train_time:117564ms step_avg:273.41ms
step:441/500 train_loss:4.4030 train_time:117838ms step_avg:273.40ms
step:442/500 train_loss:4.3024 train_time:118107ms step_avg:273.40ms
step:443/500 train_loss:4.2814 train_time:118379ms step_avg:273.39ms
step:444/500 train_loss:4.1735 train_time:118652ms step_avg:273.39ms
step:445/500 train_loss:4.4262 train_time:118924ms step_avg:273.39ms
step:446/500 train_loss:4.3492 train_time:119195ms step_avg:273.38ms
step:447/500 train_loss:4.3479 train_time:119464ms step_avg:273.37ms
step:448/500 train_loss:4.2765 train_time:119738ms step_avg:273.37ms
step:449/500 train_loss:4.3534 train_time:120009ms step_avg:273.37ms
step:450/500 train_loss:4.1897 train_time:120277ms step_avg:273.36ms
step:451/500 train_loss:4.2325 train_time:120549ms step_avg:273.35ms w_mean:1.000 w_std:0.002 w_min:1.000 w_max:1.250
step:452/500 train_loss:4.1212 train_time:120818ms step_avg:273.34ms
step:453/500 train_loss:4.2164 train_time:121092ms step_avg:273.35ms
step:454/500 train_loss:4.1961 train_time:121364ms step_avg:273.34ms
step:455/500 train_loss:4.1746 train_time:121638ms step_avg:273.34ms
step:456/500 train_loss:4.3807 train_time:121906ms step_avg:273.33ms
step:457/500 train_loss:4.2316 train_time:122177ms step_avg:273.33ms
step:458/500 train_loss:4.3212 train_time:122450ms step_avg:273.33ms
step:459/500 train_loss:4.3582 train_time:122721ms step_avg:273.32ms
step:460/500 train_loss:4.1582 train_time:122992ms step_avg:273.31ms
step:461/500 train_loss:4.3294 train_time:123259ms step_avg:273.30ms
step:462/500 train_loss:4.2320 train_time:123534ms step_avg:273.31ms
step:463/500 train_loss:4.2143 train_time:123806ms step_avg:273.30ms
step:464/500 train_loss:4.3050 train_time:124077ms step_avg:273.30ms
step:465/500 train_loss:4.2411 train_time:124347ms step_avg:273.29ms
step:466/500 train_loss:4.2396 train_time:124617ms step_avg:273.28ms
step:467/500 train_loss:4.3661 train_time:124892ms step_avg:273.29ms
step:468/500 train_loss:4.3688 train_time:125163ms step_avg:273.28ms
step:469/500 train_loss:4.3337 train_time:125436ms step_avg:273.28ms
step:470/500 train_loss:4.2419 train_time:125705ms step_avg:273.27ms
step:471/500 train_loss:4.3305 train_time:125978ms step_avg:273.27ms
step:472/500 train_loss:4.3792 train_time:126250ms step_avg:273.27ms
step:473/500 train_loss:4.2815 train_time:126518ms step_avg:273.26ms
step:474/500 train_loss:4.2541 train_time:126793ms step_avg:273.26ms
step:475/500 train_loss:4.1287 train_time:127064ms step_avg:273.26ms
step:476/500 train_loss:4.5667 train_time:127338ms step_avg:273.26ms
step:477/500 train_loss:4.3092 train_time:127607ms step_avg:273.25ms
step:478/500 train_loss:4.1185 train_time:127877ms step_avg:273.24ms
step:479/500 train_loss:4.3190 train_time:128151ms step_avg:273.24ms
step:480/500 train_loss:4.2982 train_time:128422ms step_avg:273.24ms
step:481/500 train_loss:4.4251 train_time:128693ms step_avg:273.23ms
step:482/500 train_loss:4.2556 train_time:128963ms step_avg:273.23ms
step:483/500 train_loss:4.0670 train_time:129237ms step_avg:273.23ms
step:484/500 train_loss:4.3463 train_time:129507ms step_avg:273.22ms
step:485/500 train_loss:4.1957 train_time:129779ms step_avg:273.22ms
step:486/500 train_loss:4.2197 train_time:130053ms step_avg:273.22ms
step:487/500 train_loss:4.1699 train_time:130325ms step_avg:273.22ms
step:488/500 train_loss:4.1936 train_time:130596ms step_avg:273.21ms
step:489/500 train_loss:4.4046 train_time:130867ms step_avg:273.21ms
step:490/500 train_loss:4.2585 train_time:131136ms step_avg:273.20ms
step:491/500 train_loss:4.1560 train_time:131407ms step_avg:273.20ms
step:492/500 train_loss:4.1650 train_time:131680ms step_avg:273.19ms
step:493/500 train_loss:4.2749 train_time:131953ms step_avg:273.20ms
step:494/500 train_loss:4.1211 train_time:132225ms step_avg:273.19ms
step:495/500 train_loss:4.2708 train_time:132496ms step_avg:273.19ms
step:496/500 train_loss:4.1866 train_time:132768ms step_avg:273.19ms
step:497/500 train_loss:4.1374 train_time:133041ms step_avg:273.18ms
step:498/500 train_loss:4.2723 train_time:133311ms step_avg:273.18ms
step:499/500 train_loss:4.3631 train_time:133580ms step_avg:273.17ms
step:500/500 train_loss:4.4119 train_time:133855ms step_avg:273.17ms
step:500/500 val_loss:4.2623 train_time:133856ms step_avg:273.18ms
Checkpoint saving disabled; skipping state serialization.
peak memory consumption: 30603 MiB
